Clearnesse Ironshore Freyview Marbleiron Morwald Foxvale Woodice Valhaven Courtcastle Westvale Violetley Eriwall Oldmoor Dellwyn Oakmere Esterfall Goldwyvern Butterbush Morwall Foxhaven Newby Buttermead Courtwall Corbank Ironriver Clearnesse
25
Marbleiron Marbleiron
Courtcastle Courtcastle
Ironriver Ironriver
Courtwall Courtwall
Morwald Morwald
Clearnesse Clearnesse
Valhaven Valhaven
Buttermead Buttermead
Violetley Violetley
Westvale Westvale
Woodice Woodice
Esterfall Esterfall
Eriwall Eriwall
Goldwyvern Goldwyvern
Newby Newby
Foxvale Foxvale
Morwall Morwall
Oakmere Oakmere
Foxhaven Foxhaven
Freyview Freyview
Ironshore Ironshore
Oldmoor Oldmoor
Dellwyn Dellwyn
Butterbush Butterbush
Corbank Corbank
