Shoreburn Snowshore Lightmere Goldcrest Deerdell Stonewolf Springfalcon Blackbush Clearnesse Blackburn Fairfort Stonecrystal Aelmoor Greygrass Westerlight Corhill Ironriver Ironshore Marbleiron Morwall Southpine Greenshore Foxhaven Starryhill Prybourne Northriver Brightmere Newley Esterash Ostwynne Lochmage Butterhill Corbank Bluedell Erilyn Redwell Deephedge Wolflea Mistshore Rosemist Shoreburn
68
Marbleiron Clearland Fairsage Bluedale Stoneglass Orbarrow Foxvale Mallowbridge Silverwitch Verthedge Seamoor Violetley Springfox Fogland Esterfall Marbleiron Westvale Silverbarrow Silverlea
Courtcastle Butterway Stonefair Highmont Dellwyn Butterbush Courtcastle Westmill Eastcastle
Ironriver Ironriver
Courtwall Courtwall Woodice Flowerfield
Morwald Morwald
Clearnesse Clearnesse Icenesse
Valhaven Valhaven Eriwall Orfort
Buttermead Goldwyvern Buttermead
Newby Newby
Morwall Morwall
Oakmere Oakmere
Foxhaven Foxhaven
Freyview Freyview
Ironshore Ironshore
Oldmoor Oldmoor
Corbank Corbank
Esterash Esterash
Westerlight Westerlight
Bushgate Bushgate
Brightmere Fieldedge Brightmere
Wildemarsh Wildemarsh
Wellmage Wellmage
Snowshore Snowshore
Irondeer Irondeer
Lightmere Lightmere
Lochmage Lochmage
Shoreburn Shoreburn
Erilyn Erilyn
Rosemill Rosemill
Wolflea Wolflea
Greenshore Greenshore
Bluedell Bluedell
Newley Newley
Greyice Greyice
Greensummer Greensummer
Southpine Southpine
Ostwynne Ostwynne
Violetfay Violetfay
Northwynne Northwynne
Redlake Redlake
Brightrock Brightrock
Butterhill Butterhill
Deephedge Deephedge
Coldville Coldville
Blackbush Blackbush
Bluewyn Bluewyn
Rosegate Rosegate
Freymere Freymere
Newmill Newmill
Mallowness Mallowness
Mistshore Mistshore
Applecastle Applecastle
Strongfall Strongfall
Mallowway Mallowway
Flowermill Flowermill
Northriver Northriver
Starryhill Starryhill
Wooddell Wooddell
Wellbank Wellbank
Janholt Janholt
Bluelake Bluelake Southwheat
Redwell Redwell
Summermage Summermage
Goldcrest Goldcrest
Courtedge Courtedge
Fairice Fairice
Snowsage Snowsage
Windbridge Windbridge
