FacultyClub Morrison BrainImagingCenter Mulford Warren Spieker EarthquakeLibrary FPF UniversityHouse SutardjaDai MartinezCommons Durham Wheeler Cheit Hilgard Manville BioscienceLibrary HearstGym Etcheverry Library OBrien PacificFilmArchive LawrenceofScience FacultyClub
22
FacultyClub FacultyClub
BioscienceLibrary BioscienceLibrary
SutardjaDai SutardjaDai
Etcheverry Etcheverry
Hilgard Hilgard
EarthquakeLibrary EarthquakeLibrary
UniversityHouse UniversityHouse
LawrenceofScience LawrenceofScience
Mulford Mulford
HearstGym HearstGym
Durham Durham
OBrien OBrien
Library Library
Spieker CareerCenter Spieker
FPF FPF
PacificFilmArchive PacificFilmArchive
BrainImagingCenter StudentUnion BrainImagingCenter
Morrison Morrison
Wheeler Wheeler
Cheit Cheit
Manville Pimentel Manville
MartinezCommons SproulPlaza
