FacultyClub MaxwellField Cal1CardOffice Spieker CITRIS Koshland MSRI LawSchool Boalt HearstFieldAnnex Blackwell Jacobs BioscienceLibrary OptometryLibrary AnthropologyLibrary LawrenceofScience SproulPlaza Underhill JacksonHouse Etcheverry ChildStudyCenter MelvinLaboratory LudwigsFountain ChanningBowditch Investigative MusicLibrary Parking StudentUnion NewspapersLibrary Bechtel Bowles AquaticCenter McCone ArtHistoryLibrary WomensFacultyClub HaasClubhouse 1914Fountain BerkeleyWayWest Unit3 LatinAmerican Durham AlumniHouse Hildebrand MathLibrary HearstMining BerkeleyLawLibrary BanwayBuilding Sproul Morrison EarthquakeLibrary FacultyClub
42
FacultyClub FacultyClub SutardjaDai Library FPF BancroftLibrary MLK
BioscienceLibrary BioscienceLibrary UniversityHouse CareerCenter OBrien Wheeler EnergyBuilding Stephens IRLE Birge Warren CesarChavez HearstFountain Campbell Wellman SEAsianLibrary IdaHouse LeConte FoundersRock
Etcheverry Etcheverry Manville
SproulPlaza SproulPlaza UpperHearstParking
StudentUnion StudentUnion
EarthquakeLibrary EarthquakeLibrary
LawrenceofScience LawrenceofScience
Durham Durham
Spieker Spieker
Morrison Morrison
Koshland Koshland
Jacobs Jacobs VLSB Stanley
Investigative Hilgard Investigative MediaCenter DonnerLaboratory HearstGreekTheatre
MelvinLaboratory MelvinLaboratory
Unit3 Unit3
AnthropologyLibrary AnthropologyLibrary
OptometryLibrary OptometryLibrary
ArtHistoryLibrary ArtHistoryLibrary
Sproul Sproul
CITRIS CITRIS
NewspapersLibrary NewspapersLibrary
BerkeleyWayWest BerkeleyWayWest
MSRI MSRI
MathLibrary MathLibrary
AquaticCenter AquaticCenter
HearstFieldAnnex HearstFieldAnnex
BerkeleyLawLibrary BerkeleyLawLibrary
Underhill EarthLibrary Underhill
AlumniHouse AlumniHouse
Bowles Bowles
Hildebrand Mulford BancroftDance Hildebrand
MaxwellField PacificFilmArchive Cheit StowPlaza MartinezCommons AndersenAuditorium InternationalHouse Davis SimpsonCenter FoxCottage MaxwellField Soda VisualCenter Latimer
Bechtel BrainImagingCenter WooHonFai SocialLibrary Bechtel
BanwayBuilding BanwayBuilding
McCone McCone
LatinAmerican EngineeringLibrary Durant LatinAmerican
LawSchool LawSchool
Boalt Boalt
Parking Senior EthnicLibrary
Cal1CardOffice Giauque
WomensFacultyClub SpringerGateway
JacksonHouse Pimentel HearstGym PhysicsLibrary HealthServices TAAP Evans NorthGate EastAsianLibrary
