FacultyClub IRLE Cheit Investigative MartinezCommons UniversityHouse SproulPlaza OptometryLibrary Library AndersenAuditorium Stephens Morrison CareerCenter StowPlaza Sproul AnthropologyLibrary Birge FPF MelvinLaboratory Koshland OBrien Spieker AlumniHouse BioscienceLibrary Stanley Soda ArtHistoryLibrary MediaCenter MLK SpringerGateway CITRIS BrainImagingCenter Bechtel EnergyBuilding LawrenceofScience BancroftDance NewspapersLibrary McCone Mulford Manville Jacobs HearstGym Unit3 Warren SutardjaDai StudentUnion Durham EarthquakeLibrary FacultyClub
44
FacultyClub FacultyClub
BioscienceLibrary BioscienceLibrary Hilgard
SutardjaDai SutardjaDai
SproulPlaza SproulPlaza
StudentUnion StudentUnion EarthLibrary
EarthquakeLibrary EarthquakeLibrary
UniversityHouse UniversityHouse
LawrenceofScience LawrenceofScience
Mulford Mulford
CareerCenter CareerCenter
HearstGym HearstGym
Durham Durham
OBrien OBrien
Library Library
Spieker Spieker
FPF FPF
BrainImagingCenter BrainImagingCenter
Morrison Morrison
Cheit Wheeler Cheit
Manville Manville
Koshland Koshland
Jacobs Pimentel Jacobs
Investigative Investigative
EnergyBuilding EnergyBuilding
MediaCenter MediaCenter
StowPlaza StowPlaza
MartinezCommons MartinezCommons
MelvinLaboratory MelvinLaboratory
BancroftDance BancroftDance
AndersenAuditorium AndersenAuditorium
Unit3 Unit3
AnthropologyLibrary AnthropologyLibrary
Stephens Stephens
OptometryLibrary OptometryLibrary
IRLE IRLE
SpringerGateway SpringerGateway DonnerLaboratory
ArtHistoryLibrary ArtHistoryLibrary
Sproul Sproul
Birge Birge
CITRIS CITRIS
NewspapersLibrary NewspapersLibrary
Warren PacificFilmArchive Warren
McCone InternationalHouse
MLK Etcheverry
