0 64 55 15 177 195 106 96 91 92 154 123 197 93 178 49 175 58 114 140 149 120 17 131 25 141 7 90 199 97 75 82 124 102 65 191 76 188 161 105 103 139 18 67 71 73 77 48 87 99 135 44 80 170 33 8 171 180 51 145 85 38 56 19 88 47 117 158 172 52 113 132 83 169 0
74
0 60
7 32 35 74 136
8 8 13
15 15
17 17
18 18
19 19 42
25 25 143
33 33
38 38
44 44 94 173
47 47
48 48 174
49 49
51 51
52 52
55 55
56 56 112
58 58
64 64 162 167
65 65
67 67
71 71
73 73
75 75
76 76
77 77
80 80
82 82
83 83
85 85
87 87
88 88 181
90 90
91 91
92 92
93 93 133
96 96
97 97
99 99
102 102
103 46 103
105 105
106 106
113 113
114 114
117 117 134
120 120
123 123
124 69 124
131 3 131
132 132
135 135
139 139
140 140
141 141
145 145
149 149
154 154
158 26 148 158
161 161
169 155 168 169
170 170
171 171
172 153 172
175 175
177 177
178 178
180 180
188 188
191 191
195 119 195
197 197
199 199
