1 15 177 4 25 77 139 198 187 45 166 16 12 51 54 65 35 57 78 149 99 8 145 27 55 53 95 42 64 41 67 167 101 179 39 71 9 93 61 2 32 87 107 23 104 91 111 157 60 85 33 59 44 88 11 82 52 94 164 86 50 17 161 58 79 76 68 69 13 5 96 176 18 100 84 28 92 97 24 37 114 26 48 89 14 22 63 90 66 70 80 36 150 31 7 1
83
2 2
4 4 81
5 5
7 7
8 8
9 9
11 11
12 12
13 13
14 14
15 15
16 16
17 17
18 18
22 22
23 23
24 24
25 25
26 26
27 27
28 28
31 31
32 32
33 29 33
35 35
36 36
37 37
39 39
41 41 56 72
42 42
44 40 44
45 45
48 48
50 50
51 51
52 52
53 6 21 53
54 54
55 55
57 57
58 58
59 59
60 60
61 38 61
63 63
64 64
65 65 75
66 43 66
67 67
68 68
69 30 69
70 70
71 71
76 76
77 49 77
78 3 78
79 79
80 20 80
82 82
84 84
85 85
86 86
87 87
88 34 88
89 89
90 90
91 91
92 62 92
93 93
94 94
95 95
96 96
97 97
99 99
100 100
101 101
104 73
149 74
157 10
161 19
166 46 98
167 83
187 47
