159 77 140 14 97 126 172 119 67 162 96 56 93 154 179 16 13 63 121 166 27 173 133 17 36 66 10 200 46 37 75 108 50 29 88 160 79 32 98 65 51 148 47 182 48 117 7 72 45 25 138 81 28 9 31 114 92 189 107 44 4 149 23 181 100 59 147 157 71 15 167 1 101 137 127 109 180 193 24 20 41 129 74 158 102 5 177 64 156 52 6 164 159
74
4 4
6 6
7 7
10 10
13 106 13
14 14
15 15
16 178
17 17
20 87
23 21
24 24
27 169 145
28 28
31 31
32 32
36 36
37 37
41 41
44 60
45 45
46 46 192
47 47
48 48
51 51
52 52
59 59
63 63
64 64
65 65 26 165
71 71
72 72
74 185 74
77 77 190
79 79 3
81 11
88 88
92 116
93 93
96 96
97 97
98 98
100 100 199 139
101 101 132
102 82 102 123
107 134 107 120
108 38
109 109
114 35 114
119 86
121 121
126 126
127 146 61
133 133
137 137 85
138 138 155
140 140
147 40
148 148
149 76
154 2 154
156 156
157 157
158 158 99
159 22
162 191
164 43
167 167
172 172
177 128 174 111 34
180 122 180
181 181
193 193 53
200 200
