Home46 Home79 Home71 Home78 Home51 Home55 Home30 Home13 Home35 Home68 Home40 Home84 Home69 Home63 Home83 Home41 Home39 Home0 Home42 Home60 Home86 Home24 Home14 Home38 Home31 Home32 Home88 Home49 Home9 Home6 Home45 Home74 Home80 Home17 Home82 Home48 Home46
24
Home9 Home9 Home28
Home13 Home57 Home13
Home14 Home62
Home24 Home27
Home30 Home30 Home5
Home31 Home31
Home39 Home39
Home40 Home40
Home41 Home41
Home42 Home42
Home45 Home45
Home48 Home48
Home49 Home49
Home55 Home55
Home60 Home60
Home63 Home66 Home63
Home68 Home68
Home69 Home69
Home71 Home71
Home78 Home11
Home80 Home80
Home82 Home82
Home83 Home83
Home88 Home85 Home12 Home33
