IIII1I1 II1I1Il IIIlI1l IIlIIII 11lI11I l1IlIl1 1lIIl11 1lI11l1 1IIlIIl II111I1 11IIl1I IIII1ll l1IlIII llI1IlI IlllI11 lIIIllI 1IlII1I I1I11I1 I1I1111 IIllIl1 IIlIlI1 I1I111I lll1lII IIII1I1
20
lll1lII I11IIlI lII1I11
IIII1ll IIII1ll
IIIlI1l lIlllll 11I1Ill lI1l1II
1lIIl11 11I1lll
IIllIl1 IIllIl1
1IlII1I 1IlII1I
11IIl1I 11IIl1I
l1IlIII l1IlIII III1lII
1lI11l1 1lI11l1 lI11l1l
lIIIllI lIIIllI
IlllI11 IlllI11
IIlIIII IIlIIII
l1IlIl1 l1IlIl1
I1I111I I1I111I
I1I1111 I1I1111
11lI11I 11lI11I
II111I1 II111I1
IIlIlI1 IIlIlI1
II1I1Il II1I1Il
1IIlIIl 1IIlIIl
