lllIl1I 11IIII1 Ill11II I1llll1 IIl1l1I II11l1l lIIl11l IIlI1lI llIIII1 I111I1I 11Il111 Il1Il1I IIlIllI 1111I11 l1l11l1 1lIl11I l1I111I 1I1I1lI IlI1II1 11I1llI 1l11lII 11lI11I lII111l 11lII11 l1lll11 lll1111 I1llII1 lll1I1l 1I1lllI ll111ll I11I111 l1IllI1 I1ll1II l1lllll lI1l111 11111lI 1I1l1Il l1IIl1l I11111l lllIl1I
35
l1IIl1l l1IIl1l
11lI11I 11lI11I
IlI1II1 lI11III Ill1I11 IlI1II1 III111I
ll111ll ll111ll
lI1l111 lI1l111 1I11Ill
l1lll11 l1Ill11 l1lll11
11lII11 1l1lIlI
II11l1l lIl111I II11l1l lIIlII1
I1ll1II I1ll1II
11IIII1 11IIII1
Il1Il1I Il1Il1I
1I1l1Il 1I1l1Il
l1lllll l1lllll 1IlIl1I
1111I11 111lI1I llI1lII
IIlIllI IIlIllI
Ill11II Ill11II
lIIl11l lIIl11l 1I1I1l1
l1IllI1 l1IllI1 1llI111 IlI1Il1
1l11lII 1l11lII
I1llII1 I1llII1
IIlI1lI II1Il1I III1llI
IIl1l1I IIl1l1I
1lIl11I 1lIl11I
I11I111 I11I111
I11111l I11111l
lll1I1l lll1I1l lIllIll
11111lI 11111lI
l1I111I l1I111I
I111I1I I111I1I
1I1I1lI 1I1I1lI
1I1lllI 1I1lllI
lII111l lII111l
llIIII1 llIIII1 I11I11l
I1llll1 I1llll1
l1l11l1 l1l11l1
