Satish R6VBAVZ0B PTWCQ ZY9VPYMXA PZMGYZL 4INC2D8SDN Z6H98 NSBI BBFYA9B OXWYDF PTL1QU OK29GJ UVP4WIKK 399VM5PU6 BVNZ FS1RWBVR7 9XFF Q1GPNKF7O5 ICTGXV WZ1MC3189 ZRYV5F YXBMACC 1BZLEM VFRT26 KRM4B PYD9SISJI Satish
22
VFRT26 VFRT26
ICTGXV ICTGXV
Z6H98 Z6H98 ER2YSPML1C
9XFF 9XFF
1BZLEM 1BZLEM
4INC2D8SDN 4INC2D8SDN
YXBMACC YXBMACC
UVP4WIKK UVP4WIKK
BBFYA9B BBFYA9B
ZRYV5F ZRYV5F
PYD9SISJI PYD9SISJI
399VM5PU6 399VM5PU6
NSBI NSBI
PTL1QU PTL1QU
ZY9VPYMXA ZY9VPYMXA
WZ1MC3189 WZ1MC3189 KSHB2KG
PTWCQ PTWCQ
FS1RWBVR7 FS1RWBVR7
PZMGYZL PZMGYZL
KRM4B KRM4B 92R432
R6VBAVZ0B R6VBAVZ0B
OXWYDF OXWYDF
