Satish V1AX QU5Y0N2LQ VNCFO ODSGN281 V7T5SI QEAJAFMPY XGYWBMTWT R2POU4T WQM0D4 AETBJC N26J6EU MOAM 9HCNMB0JT KFW40WJ 8YK2RM 4VB5RO1 M6CD1Y QHH48VD7JJ AO31B76 VNYZ5QVO77 7Y6VTLTLE 6WSDW SKLZM PL0UHK JOBN3N 5HGKBK QJ0LM8 PQ09CSX CXLQGGJ746 Satish
24
V1AX QAL7Z5UN ITHI7K6W1B FPB1OLF3 U0LMCHUU EHS8A 59E13RE 6HNG
ODSGN281 ODSGN281
7Y6VTLTLE 5N65HLXKU IQXEPH9QO B0H9VDIK IEYK8
SKLZM SKLZM
CXLQGGJ746 V4R09 0I7Y CXLQGGJ746
XGYWBMTWT XGYWBMTWT
VNYZ5QVO77 VNYZ5QVO77 QL51A0KUT 7CRTCJA O2N6HBZK8 K936 S657MFMG EG23K RX6VI 19LN 2FB0FS3KWX SUC1CH
M6CD1Y M6CD1Y
PL0UHK PL0UHK F1G8HC
QU5Y0N2LQ QU5Y0N2LQ JSSS9HX OJ27JN021
WQM0D4 WQM0D4
QEAJAFMPY QEAJAFMPY
JOBN3N JOBN3N
5HGKBK 5HGKBK F3YJ
QHH48VD7JJ QHH48VD7JJ 07XQDCJI
V7T5SI V7T5SI
6WSDW 6WSDW
AETBJC AETBJC
AO31B76 AO31B76
R2POU4T R2POU4T
PQ09CSX PQ09CSX
N26J6EU N26J6EU
QJ0LM8 QJ0LM8
VNCFO VNCFO
