Satish F3KYKRQW6 LU68 GH8C 3J6SSA LU68 01G9IQ2 KCOFJD LU68 ZZACWP PFQFEJGD4C HBQM42U 9J84 LU68 FPZT G90OCSZY LU68 7T8I47 CV6NHW7M J2ETZ1C Y99D5Y12 OOAS LU68 DYYG23O R5XAD9J7 LBR67PCKBJ 3IXHQXHYBV 4RGA OWZ42C5 LU68 26PG GILAN21GR3 LU68 ZRI9UW LU68 CXQDH6YMZ8 5XYO SQLSVN LTI99R LU68 DNIV2BOR2P DST5W4G0 PMXEOGGIQ I2GUQ1XYTA LU68 BQ5OUI KCOFJD ZH2INF LU68 E37ZKA8WK O44VZ M35E LU68 6PVQIBNB9 VGYKKKOFLZ LUQ3 ALEI6N LU68 4C88SXD Satish
89
GH8C GH8C
01G9IQ2 01G9IQ2
ZZACWP FM2HEMVR1 ZZACWP
3IXHQXHYBV 3IXHQXHYBV
FPZT FPZT
HM48FZD0 HM48FZD0
7T8I47 7T8I47
GILAN21GR3 GILAN21GR3
DYYG23O DYYG23O
ZMZIWZ ZMZIWZ
02X2C 02X2C
26PG 26PG
FM2G14H8I FM2G14H8I
8TH7QVQY 8TH7QVQY
ZRI9UW LM7KL5G3V B3R68HYWZ
CXQDH6YMZ8 CXQDH6YMZ8
2B1K6EW9CL 2B1K6EW9CL
QW15YTSV QW15YTSV
DNIV2BOR2P DNIV2BOR2P
BQ5OUI IHN21LA4
4UE11 4UE11
E37ZKA8WK 91ZONFE E37ZKA8WK
6PVQIBNB9 6PVQIBNB9
DST5W4G0 DST5W4G0 KBI1CALMNJ
4P0LGP0 4P0LGP0
4C88SXD 4C88SXD
CV6NHW7M CV6NHW7M
G4QE3I G4QE3I
3J6SSA 3J6SSA
O44VZ O44VZ
HBQM42U HBQM42U
RN53CTZ 79KTC8AS9
8UPUEGO 8UPUEGO
9QJRN 9QJRN
A118 A118
KCOFJD KCOFJD
9K8PLAET A8WYICH3 9K8PLAET
DDB26ZHC DDB26ZHC
GN4G0L2 GN4G0L2
M71OYIS EEZS ARTWTP9 M71OYIS
9V10EOH 9V10EOH E9DZLL
CB93 CB93
5HULMUDLAQ 5HULMUDLAQ
Q7ZEY Q7ZEY
ET82NVH9 ET82NVH9 7622OJ
C8WREP C8WREP
0TRB9358 0TRB9358
MLKOJ MLKOJ
VGYKKKOFLZ VGYKKKOFLZ Q7Z37G5
H41HZ6 H41HZ6
JX6GCY JX6GCY
GNVXN GNVXN
EFIKTK4Y0Y EFIKTK4Y0Y
YR1G5AYFJ PIW6IC50D
2BLLD3SK 2BLLD3SK
PMXEOGGIQ PMXEOGGIQ
7GAD3F 7GAD3F
I49ID RP28W1
LBR67PCKBJ LBR67PCKBJ
5XYO 5XYO
ETB2 ETB2
1UCE 1UCE
L7QS0UEPJ ZMQ5BH L7QS0UEPJ
M649OA M649OA
3WJYJDDU 3WJYJDDU
ZH2INF ZH2INF
U7WDA2Z1 H1LQ91V
J2ETZ1C J2ETZ1C
B690 B690
G90OCSZY G90OCSZY
6Z9AYLO YSRPP
M35E M35E
HQG39M HQG39M
LQQ5IH LQQ5IH
PUW25N PUW25N
VOAV VOAV
7RUMCGSI YU3U1T
8MDFNIK8AY 8MDFNIK8AY
SQLSVN SQLSVN
LUQ3 E2DHWGC
ETNCY9XH2 ETNCY9XH2
4VE7V 4VE7V
P6RI91D87 P6RI91D87
E5HD E5HD
W71YV1R66L W71YV1R66L
FWM5C FWM5C
01QU MXJIYJYNH4
CKNDWG CKNDWG
YQB2CII950 YQB2CII950
