129 0 82 53 121 144 189 48 8 123 57 17 155 49 64 191 20 91 104 26 178 39 73 21 42 125 108 114 94 151 7 25 59 95 156 99 71 194 23 105 32 29 157 195 6 85 56 51 170 55 31 10 110 14 69 126 27 65 177 190 128 152 79 61 16 188 76 97 63 96 2 33 87 149 88 40 5 174 19 137 197 4 158 81 50 13 111 30 101 84 80 89 12 9 83 92 183 47 116 44 129
84
0 15 145 0
2 2
4 11 107 4
5 5
6 6
7 175
8 8
9 9
12 103
13 180 13
14 14
16 16
17 17
21 21
23 23
25 196 25
26 163 26
27 160
29 29
30 122 184 66
32 98 109
33 33
39 39
40 40
44 44
47 62 58
48 48
49 49
50 50
51 51
53 53
55 55
56 56
57 57
59 59
61 61
63 63
64 64
65 65
76 76
80 161
81 81
82 82
83 36 130
84 84
85 85
87 87
88 88
89 89
91 91
92 92
95 95
96 96
97 97
99 99
101 101
105 100 105 192
108 108
110 110
111 142
114 114
121 121 150 171
123 123
125 125
126 126
128 128
137 137
151 151
152 152
155 155
156 156
157 157
158 158
174 174
177 177
178 178
183 183
188 188
189 189
190 190
191 191
194 194
195 195
197 197
