845LWU7Kg6167HQY i7lmV5iDIgl5f 1 KKUFV29x8iO 9 N8191M9E9v 48783322I5q9PFVPT SmI7f H6pXAnE0KypnExX FL4V06094CU0zO3gJava D ElUTL 122gt 7L J 77yN7eHZwfF99R2 geUO1h r k 3k 3 TU76UjE52906 4 KpBvy dw6Yuyls1ZilP493g91O 95E0752p51t ZT3 y B4mQOl023dn1 3HQj1I8wd8 eqYzN7b19UgNo1K WMY0xVk9j8T6Ly fgM12T 6RiHvQ4xTN5 9vq8gscs7dz1 eDv5MBdo MVvh 11l6P71DgEau1baEX4 xaM1q4jQi3efYb0 2qgWbB40Ya16 MY3aL96Y u3Qv EnhLq7BgTj8IN3Z2m YKpC4gQmPKaU311w9eOT O41Muu 95fufpL7BuUW8Mng00jE O58T a 845LWU7Kg6167HQY
40
122gt 122gt
H6pXAnE0KypnExX H6pXAnE0KypnExX YLKBD54k
3 3
SmI7f SmI7f
845LWU7Kg6167HQY 845LWU7Kg6167HQY
KpBvy 4l4aqvNKB KpBvy
y y
7L 7L
11l6P71DgEau1baEX4 11l6P71DgEau1baEX4
77yN7eHZwfF99R2 TBk5Pt5vt5SInt
xaM1q4jQi3efYb0 xaM1q4jQi3efYb0
fgM12T fgM12T
3HQj1I8wd8 NQ3vX6W6H74aK53np
ElUTL ElUTL
O41Muu O41Muu
4 4
3k 3k
MVvh MVvh DUiYDuR9yYFD5
B4mQOl023dn1 B4mQOl023dn1
J X6SrYf57mSUQQ28C 672Pt4Ytw8LW
KKUFV29x8iO KKUFV29x8iO ftk2
EnhLq7BgTj8IN3Z2m EnhLq7BgTj8IN3Z2m
2qgWbB40Ya16 2qgWbB40Ya16
6RiHvQ4xTN5 6RiHvQ4xTN5
N8191M9E9v SL88w66v7
eDv5MBdo 5Qkzz260R7 eDv5MBdo
9 9
TU76UjE52906 TU76UjE52906
u3Qv 42U0k6JhTQxPvUw8 u3Qv
r r ICQxh0Q58799CUd2
D D
48783322I5q9PFVPT 48783322I5q9PFVPT
eqYzN7b19UgNo1K eqYzN7b19UgNo1K
O58T O58T
geUO1h geUO1h 8M2OK8Px58
YKpC4gQmPKaU311w9eOT YKpC4gQmPKaU311w9eOT
ZT3 ZT3
95E0752p51t 95E0752p51t
1 5
MY3aL96Y MY3aL96Y 5CCl0n2r5512
