0 43 0 59 0 62 0 86 0 112 50 9 64 141 31 109 22 46 41 28 72 33 2 36 56 174 81 107 55 63 24 54 108 26 89 23 197 16 57 18 82 149 8 67 71 128 53 20 126 60 198 6 58 68 85 75 11 121 171 4 79 90 0 123 0 137 0 187 0 190 0 192 0
57
0 0 10 12 14 25 34 35 69 70 76 92 95
2 2 3 27 40 61 65 78
4 4
6 6 51
8 8
9 9 80
11 11
16 16 77
18 18 42 48
20 20
22 22
23 23
24 24 84 97
26 26
28 28
31 31
33 7 13 17 21 33 74
36 36
41 41
43 43
46 46
50 50
53 53
54 54 98
55 55
56 56
57 1 39 57
58 58
59 59
60 60
62 62
63 30 63
64 64
67 67
68 68
71 71 94
72 72 83
75 75
79 79
81 81
82 32 82 99
85 85 87
86 86
89 73 89
90 90
107 47
109 5
112 96
121 49 66
123 15
126 44
128 45
137 37 52
141 19
149 91
174 29 38 93
198 88
