loc0 loc58 loc158 loc49 loc105 loc52 loc106 loc160 loc53 loc122 loc96 loc134 loc11 loc93 loc168 loc66 loc113 loc20 loc165 loc164 loc184 loc127 loc27 loc131 loc44 loc172 loc82 loc76 loc97 loc119 loc41 loc117 loc85 loc173 loc179 loc135 loc120 loc188 loc183 loc25 loc138 loc32 loc14 loc36 loc141 loc130 loc151 loc192 loc51 loc116 loc89 loc37 loc46 loc144 loc175 loc94 loc197 loc83 loc108 loc177 loc109 loc159 loc72 loc186 loc61 loc28 loc187 loc107 loc162 loc129 loc77 loc198 loc157 loc112 loc75 loc156 loc64 loc191 loc39 loc0
67
loc0 loc167
loc11 loc67 loc11
loc14 loc14
loc20 loc20
loc25 loc25
loc27 loc27
loc28 loc28
loc32 loc10 loc32
loc36 loc36
loc37 loc37
loc39 loc39
loc41 loc41
loc44 loc100
loc46 loc46
loc49 loc49
loc52 loc52
loc53 loc54 loc78
loc58 loc185
loc66 loc66 loc31
loc75 loc75
loc76 loc182
loc82 loc82
loc83 loc83
loc85 loc85
loc89 loc89
loc93 loc93
loc96 loc96
loc97 loc97
loc105 loc105
loc106 loc106
loc107 loc147 loc17
loc109 loc109
loc112 loc112
loc113 loc113
loc116 loc116
loc119 loc119
loc120 loc8 loc120
loc122 loc122 loc196
loc127 loc57
loc129 loc129 loc15
loc130 loc130
loc131 loc131
loc134 loc134
loc138 loc118 loc138 loc42
loc141 loc150 loc84
loc144 loc144
loc156 loc156
loc157 loc157
loc158 loc69
loc159 loc47
loc160 loc160 loc45
loc162 loc162
loc164 loc164
loc165 loc165
loc168 loc168 loc92
loc172 loc172
loc177 loc177
loc179 loc179
loc183 loc183
loc184 loc184
loc186 loc186
loc187 loc187
loc188 loc188
loc191 loc191
loc192 loc192
loc197 loc197
loc198 loc198
