112 123 40 83 33 36 192 86 97 172 129 85 175 190 71 52 133 168 113 103 8 73 109 95 28 117 166 0 20 82 116 0 104 0 112
25
0 171 6 0
8 160 170 149 157 58 27 42 131 138 72 114 78 59 120 80 64 152 126 136 56 41 99 34 130 184 17 70 182 183 53 124 107 75 163 21 144 188 9 44 24 154 194 181 158 68 66 169 8 105 54 187 119 49 165
20 20
28 28
33 33
36 36
40 40 143 13 94 60
52 52 81 23 174 146
71 71
73 73
82 147 11
83 83
85 85 14 162
95 95 35
97 97
104 104
109 84 127 109 29 69
112 102 96 118
117 117
123 123
129 129
166 166 151
168 168
172 121 172
190 190
