0 2 53 151 60 92 177 72 123 65 5 135 169 66 194 97 96 64 11 70 111 78 35 38 8 98 9 30 113 1 95 192 81 140 124 181 28 20 133 52 82 22 62 12 125 17 110 167 160 79 41 122 56 45 148 85 186 94 24 91 121 188 87 31 80 173 77 32 18 196 4 74 48 49 3 90 88 63 93 21 6 157 144 27 44 46 36 58 103 100 73 7 59 50 106 86 39 29 114 76 132 83 68 54 0
85
1 1
2 2
3 3
4 4
5 5
6 6 25
7 7
8 8 34
9 9
11 11
12 10 12
17 17
18 18
20 20
21 21
22 22
24 16 24
27 27
28 28
29 29
30 30 42
31 31
32 32
35 35
36 36
38 38
39 39
41 19 41
44 44
45 45
46 46
48 48
49 49
50 50
52 52
53 53
54 54
56 56
58 58
59 51 59
60 60
62 62
63 63
64 64
65 65
66 66
68 68
70 70
72 72
73 73
74 74
76 76
77 77
78 78
79 79
80 71 80
81 81
82 82
83 83
85 85
86 37 86
87 87
88 57 88
90 23 90
91 67 91
92 92
93 93
94 94
95 95
96 96
97 97
98 98
100 61 100
106 13
110 26
111 75
113 15 99
121 14
124 40 47
132 43
151 55
157 69
167 89
169 84
177 33
