48 73 174 125 143 155 3 170 106 64 32 0 105 147 135 181 113 78 185 168 20 49 70 133 93 119 126 92 149 74 66 191 45 151 121 19 77 164 58 118 145 173 163 171 25 90 87 107 177 158 42 9 129 194 193 52 156 180 51 84 60 30 11 79 21 148 80 114 123 162 196 46 10 115 154 7 175 165 38 98 16 40 176 138 199 141 2 23 39 85 152 136 72 108 47 55 36 22 37 153 48
84
2 2
3 3
7 7
9 9
10 10
11 11
16 16
19 19
20 20
21 21
23 23
25 25
36 36
38 38 117
39 56 39
40 40
42 42
46 46
48 48
51 5
52 52
55 55
58 58
60 60
64 64
66 66
72 186
73 73
74 74
78 78
79 79
84 84
85 85
87 87
90 90
93 93
98 103 101 98 67
107 107
108 108
113 182 113 69
114 157
115 115
118 118
119 119
121 120
123 123
125 125
126 126
129 129
133 133
135 135
136 136
138 138
141 141
143 143 167 137
145 145
147 147
148 148
149 149
151 151
152 152 29
154 154 197 110 53
155 155
156 156
158 158
163 163
164 164
165 34 165
168 109
170 170
171 171
173 88 35
174 179
175 175
176 176
177 177
180 180
181 181
185 190 185
191 191
193 193
194 194
196 196
199 199
