99 58 102 48 101 161 139 12 1 19 95 164 168 194 40 2 112 71 146 86 128 62 159 106 108 22 52 167 76 8 135 61 54 129 29 88 85 186 137 185 45 111 7 18 43 56 96 157 30 16 148 113 170 138 5 23 37 53 120 160 84 55 46 144 169 104 31 82 69 100 81 126 49 10 118 107 42 199 0 3 79 32 152 98 36 178 175 188 176 99
78
0 0
1 1
2 47 63
5 5
8 8
10 10
12 12
16 17 68 190
18 18
19 184
22 22
23 78 165
30 30
32 34
36 155
37 180
40 40
42 42
43 66 97
45 41
46 27
48 122
49 123 125
52 92 103
53 53
55 55
56 56
58 149
61 61
62 73
69 25 83 173
71 192
79 75
81 9 158
82 82
84 166
85 127 174
86 181
88 88
95 24 183
96 132
98 98
99 99
100 100
102 102
104 130
106 106
107 94 117 163
111 111
112 112
113 51 59 114 124
118 4 142
120 171
126 126
128 80
129 28
137 150
138 20
139 33
146 146
148 148
152 90
157 119 172
159 131
160 160
161 161
164 164
167 167
168 168
169 169
170 170
175 15 70
176 35 151
178 178
185 185
186 186
188 188
199 26 39
