loc189 loc122 loc120 loc65 loc135 loc0 loc49 loc166 loc80 loc66 loc138 loc44 loc179 loc0 loc51 loc136 loc66 loc189 loc137 loc113 loc0 loc95 loc45 loc197 loc165 loc189
66
loc5 loc36
loc6 loc100
loc8 loc62
loc9 loc74
loc14 loc150
loc15 loc73
loc17 loc162
loc18 loc117
loc28 loc139
loc29 loc109
loc31 loc25
loc33 loc40
loc34 loc185
loc42 loc20
loc44 loc76 loc79
loc45 loc191 loc153 loc195
loc51 loc188 loc168 loc4 loc127
loc52 loc136 loc16
loc54 loc112
loc56 loc85
loc60 loc66
loc63 loc55
loc65 loc163 loc17
loc66 loc194 loc156
loc67 loc147
loc72 loc95
loc77 loc50
loc80 loc78 loc47
loc85 loc18
loc89 loc27
loc93 loc159
loc94 loc164
loc95 loc104 loc190 loc54
loc106 loc86
loc112 loc53
loc113 loc70 loc135
loc115 loc152
loc118 loc128 loc59
loc122 loc146
loc127 loc158 loc143
loc128 loc34
loc133 loc77
loc135 loc108
loc136 loc119 loc83
loc137 loc41 loc177 loc38 loc98
loc138 loc172 loc165 loc111 loc129 loc169
loc141 loc101
loc145 loc131
loc146 loc161
loc154 loc11 loc26
loc155 loc65
loc159 loc39 loc154
loc162 loc23
loc163 loc142
loc165 loc22 loc58
loc166 loc180 loc94 loc148
loc167 loc125
loc171 loc96
loc172 loc69
loc178 loc61 loc114
loc179 loc88 loc31 loc37 loc145 loc183
loc183 loc113
loc194 loc184
loc196 loc133
loc197 loc0 loc32
loc198 loc15
