81 71 109 78 166 1 159 59 34 95 36 189 167 126 65 132 107 9 145 178 86 115 161 16 108 81
25
1 1
9 9
16 16
34 92 195 180 85 191 77 8 188 52 196 93 34 121 20 88 58 154 18 23 14 179 103 53 12 48 182 127 33 123 64 198 141 125 100 117 96 150 69 200 152 27 24
36 36
59 59
65 65
71 71
78 35 76 135 199 183 124 87 57 70 49 130 90 184 78 80 45 84 164 17 162 138 165 158 46 156 74 197 41 43
81 81
86 86
95 95
107 107
108 108
109 109
115 115
126 153 42 97 170 126
132 132
145 89 145
159 159
161 161
166 166
167 167 56
178 178
189 189
