0 83 162 27 6 152 170 3 100 111 53 79 95 66 4 32 85 28 76 42 104 24 150 19 25 67 183 22 172 54 7 108 56 35 20 81 84 189 60 50 26 69 40 59 11 34 37 74 43 2 10 93 178 94 23 65 125 181 46 87 5 62 17 52 73 144 14 29 171 13 21 77 36 90 168 135 80 139 45 8 0
71
0 91
2 2 18 30 44
3 3 58
4 4
5 5
6 6 96
7 7
8 8 61 88
10 10
11 1 11
13 13
14 14
17 17 70 89
19 19
20 20
21 21
22 22
23 23
24 24
25 15 25
26 26
27 9 27 39 49 78 86 99
28 28
29 29
32 32
34 34
35 35
36 36 41
37 37 47
40 40
42 42
43 43
45 45
46 38 46
50 50
52 52
53 53
54 54
56 56
59 59
60 60
62 62
65 65
66 66
67 64 67
69 69
73 73
74 74
76 31 33 55 76 97
77 77
79 79
80 80
81 81
83 83
84 84 98
85 16 85
87 87
90 90
93 71 93
94 94
95 95
100 100
104 92
111 48
135 82
139 63
150 68 75
168 12
170 57
181 72
189 51
