0 2 3 4 28 30 31 32 33 34 41 43 44 45 46 47 48 49 50 51 52 53 55 56 58 59 60 62 63 64 66 67 68 69 1 0
24
0 0
1 1
2 2
3 14 27 18 17 21 9 10 26 22 25 19 13 11 24 5 15
4 4
31 31
33 39 35 38
41 42
44 44
45 45
47 29
50 50
51 51
52 52
53 54
58 58
59 59
60 61
62 62
63 57 63
64 65
66 66
68 68
69 76 142 75 132 198 199 167 100 146 79 163 191 181 128 166 95 83 168 131 94 158 129 91 73 140 101 154 90 153 80 148 147 137 120 96 69 121 82 93 108 77 196 176 141 188 175 150 172 183 170 113 118 134 78 195 136 74 159 107
