yZx4F8OpIk5Ar2sBMJAx oNRzekgjmcfhwbUnE9E5 a37twrOQlX8ckvFplsbJ xjrY90FEcI7klV7sjO39 YCHj3zwS8C1T4iIu3mub MMuVzSLYdkYJSnZzYgpt 3Nm0UHOvSd34D8rM2yZH Z5A3tROaNW2mCwf9Mwns evP9W9Sp0JotOHAnvl9E 3NlcmlomZH13bXyH9A3z xfBJiQuas9xv3hIOUe8o TIQTzk08mTKB7r8LXluj bSPdwFdSvkSaDMkIhhIm OLNsB9xLMpVZMUaTLkU7 k4TDiYyIyLOxd2S09stN 9RASC8iIlFoW2F9PoUXZ brD3Sp7VWuo0VotesZDK 4vVzhXxSoe23m0D4crAQ 2GGOgT8kgyBmX858M38j mhfSTNs1vGxIVkKDB1R9 c2xoK29xdkQaHgutY5NS YXB7UTVLkwJ3CJcMVTzW O3Hkka0xTn4TYlQWkSEt coccrxCAACMV0GSxD2xc sYiNL7uSzhZbFuuuJ7Ov p1HQ9bUXYQS3CJ4AN6us sI5I68bj40h6dFM0JU7L ylc14u4guzQsG1HGoIaW t3p35rQwuMfICpxwBTRV OX2sgS0EKma0KPRXo24b E0w68ygm8mlxdWmjUSMA e6PVUjjd6ajldcTPycA6 u3rvHKE2Cknh2L20VX31 MjcrC2MkSyccg6AM7KMW uwJup2WiLVChmnkelhR8 73lJNME3ed7CVENNhT28 K5SbR7BNjzxCUkAdrGa5 KdV5bt367BMwPhG3obI3 pyuAeTbcVcifrFis8Hjk j8a5XYXH6AK0uHrNRime iPYb45Axawv8d5E4ZUWT tg1w5Br4i5001iky5uAt Ux0fPXy37kADOkMzDLQ2 1nX5xj0493ZNrFPUOVt9 u8Sh3uzUVF2pFMTdyMgE Jl9fGpEEaLR4lmSJYVKz hCu50otWd5xV17Ex0c3a SxhNwhmBZW56skeskoXT ixBQklcj47gZLpsoK0Z1 BoPjxvlt26bTwBLbfnZh aUS8Ma4u9DWG5rGkGMu3 yZx4F8OpIk5Ar2sBMJAx
50
ixBQklcj47gZLpsoK0Z1 ixBQklcj47gZLpsoK0Z1
3NlcmlomZH13bXyH9A3z 3NlcmlomZH13bXyH9A3z
ylc14u4guzQsG1HGoIaW ylc14u4guzQsG1HGoIaW
BoPjxvlt26bTwBLbfnZh BoPjxvlt26bTwBLbfnZh
Ux0fPXy37kADOkMzDLQ2 Ux0fPXy37kADOkMzDLQ2
OX2sgS0EKma0KPRXo24b OX2sgS0EKma0KPRXo24b
OLNsB9xLMpVZMUaTLkU7 OLNsB9xLMpVZMUaTLkU7
1nX5xj0493ZNrFPUOVt9 1nX5xj0493ZNrFPUOVt9
K5SbR7BNjzxCUkAdrGa5 K5SbR7BNjzxCUkAdrGa5
9RASC8iIlFoW2F9PoUXZ 9RASC8iIlFoW2F9PoUXZ
pyuAeTbcVcifrFis8Hjk pyuAeTbcVcifrFis8Hjk
3Nm0UHOvSd34D8rM2yZH 3Nm0UHOvSd34D8rM2yZH
TIQTzk08mTKB7r8LXluj TIQTzk08mTKB7r8LXluj
E0w68ygm8mlxdWmjUSMA E0w68ygm8mlxdWmjUSMA
KdV5bt367BMwPhG3obI3 KdV5bt367BMwPhG3obI3
j8a5XYXH6AK0uHrNRime j8a5XYXH6AK0uHrNRime
O3Hkka0xTn4TYlQWkSEt O3Hkka0xTn4TYlQWkSEt
73lJNME3ed7CVENNhT28 73lJNME3ed7CVENNhT28
oNRzekgjmcfhwbUnE9E5 oNRzekgjmcfhwbUnE9E5
xfBJiQuas9xv3hIOUe8o xfBJiQuas9xv3hIOUe8o
t3p35rQwuMfICpxwBTRV t3p35rQwuMfICpxwBTRV
MjcrC2MkSyccg6AM7KMW MjcrC2MkSyccg6AM7KMW
YCHj3zwS8C1T4iIu3mub YCHj3zwS8C1T4iIu3mub
sYiNL7uSzhZbFuuuJ7Ov sYiNL7uSzhZbFuuuJ7Ov
iPYb45Axawv8d5E4ZUWT iPYb45Axawv8d5E4ZUWT
a37twrOQlX8ckvFplsbJ a37twrOQlX8ckvFplsbJ
sI5I68bj40h6dFM0JU7L sI5I68bj40h6dFM0JU7L
brD3Sp7VWuo0VotesZDK brD3Sp7VWuo0VotesZDK
SxhNwhmBZW56skeskoXT SxhNwhmBZW56skeskoXT
uwJup2WiLVChmnkelhR8 uwJup2WiLVChmnkelhR8
coccrxCAACMV0GSxD2xc coccrxCAACMV0GSxD2xc
c2xoK29xdkQaHgutY5NS c2xoK29xdkQaHgutY5NS
e6PVUjjd6ajldcTPycA6 e6PVUjjd6ajldcTPycA6
Jl9fGpEEaLR4lmSJYVKz Jl9fGpEEaLR4lmSJYVKz
tg1w5Br4i5001iky5uAt tg1w5Br4i5001iky5uAt
bSPdwFdSvkSaDMkIhhIm bSPdwFdSvkSaDMkIhhIm
u3rvHKE2Cknh2L20VX31 u3rvHKE2Cknh2L20VX31
evP9W9Sp0JotOHAnvl9E evP9W9Sp0JotOHAnvl9E
2GGOgT8kgyBmX858M38j 2GGOgT8kgyBmX858M38j
mhfSTNs1vGxIVkKDB1R9 mhfSTNs1vGxIVkKDB1R9
Z5A3tROaNW2mCwf9Mwns Z5A3tROaNW2mCwf9Mwns
u8Sh3uzUVF2pFMTdyMgE u8Sh3uzUVF2pFMTdyMgE
YXB7UTVLkwJ3CJcMVTzW YXB7UTVLkwJ3CJcMVTzW
p1HQ9bUXYQS3CJ4AN6us p1HQ9bUXYQS3CJ4AN6us
k4TDiYyIyLOxd2S09stN k4TDiYyIyLOxd2S09stN
hCu50otWd5xV17Ex0c3a hCu50otWd5xV17Ex0c3a
xjrY90FEcI7klV7sjO39 xjrY90FEcI7klV7sjO39
MMuVzSLYdkYJSnZzYgpt MMuVzSLYdkYJSnZzYgpt
4vVzhXxSoe23m0D4crAQ 4vVzhXxSoe23m0D4crAQ
aUS8Ma4u9DWG5rGkGMu3 aUS8Ma4u9DWG5rGkGMu3
