PQlYD3syBoo7C0hcATPD jN7FJhuhmTKkduIKGyBx hQH0nHlpxkrlncu9buJt iGcRn4eFfZI68Qr0MOgy EWUzUZ9Yb7H9gHpK5NdI CtdShr26uGGV2W6zZTdS tBx3RfPMJg4OhazCeTsa Zd6upjEKdV6jHG9xKORy SWMrIKPuAQFTY7HmPty0 XtcwDUG5TGpryRZKRvrm IuwSP1hfYZRam5iX6Sbk r52GhdJM3J6bC9RxltxZ VjMruztOvYBB57sBtK7F 5wKsB6wx9H7PujNL03GN JWNjS0Xtxw6CDJbk4UbK e7HIMwL2s8LjuoIRxDl7 Saezs03GHhWlgEusf2xb BfkNC5T0oZOQYOkOg1Lr ZOUAFthiVkWe23hp0746 aZ1gME9dgT1obQwN7kgz 4ck2vdbl0wzRRSh9h5JI oRnkB9WX4h9Vz2XYe2Mz zTPp43usagg8jQuMreHJ WuSb6mZA4Ht48gzyBwrs gByPZFfsA72SjYPmontO C8l14blndt8uGQmGfPky LvHeBFyLyC9KHnAltZnF j0WhcaOOy1JCyHTrxCSk mMXK7rFRd7VNNboRtMKu DLNj52Bf5LL4ZddWTcYY I3dKkMa3JUxVpADvWcmQ 1AmZo7yJ6YJzwrjZr6vX UWVA5dAu4wDF6Efl9d4O Hj9GXo6u0dDYfg4xoW2T m3uIZkevVRyscNPa6NkD xUd3lWAackpOjTn98YBa lP2ISUwXZ5Vr1Dbyi5b2 dcRmXZcpiyoLWuwR56cL upn88whXcmTNEpbLaMgR 4xoBiS6HZ3COfmNv2aTR pmpfdWSNFW4BZf3j9zey wpM05AhdMYgh3n4WvalH egafCQ4ih9nCuFY3RBSk WpDgsUZvfm1s3J1djPk6 ouUk8HCXkT1xNHUSpktV diWFyYW4KuKIAVWCVTOh CQFH0bM5UHhxPATIQeaZ XfIhMNfCnUCbP8MIjhA8 58PE6yTygndgQ75HC5PU IBSvm7mZeG0vXjguUx8d yuNLI2bosn9XVMaJllU2 Mo6dK8I2XR9RUnPgLFfU y5HlDp3ZOU3fT35BihFS h36zX7NC4P81W3KQD11u 2RLdpM4k7Le8vufDMuf4 AcGlxsvhfAOKA2Ti96Hg JNypu0O2hxRmLxF04Zie mHciHIbodF92KWBlyZhd Kxk6VsPzNOhHpwuN2F67 TRIzdQQDV9bs8k4M9U4X CE9MuYF6CpN99atuGjZ0 N4yrn0aLU6ELQucPFmw8 daYVb2kr83paGhJZJJyA oAwJ8ncZge95DCLogDfz 4yCDRp1k04Ch6IBU1p1H 58LVuHISdldtYbuuEa4z MnuekaeS1NiILcuuvn3o KFbZubIZwxKjbFZIhivu y5UFufU6hy8Zt47b4K3v SJuQEhk6NZgb7Y1YXHxx MGPH1ZQv2OM6dRC07Rj5 lTNvRGBulC52xVXvXmmj CeJalRL3KinyCQjl6tio XT2Ymi7YdhYVjSO57uvy AhTd32p44tQrgKLluTfO FE9d826a5RuYfSI6vEz4 iA0OPvpmSXnD5PmFrIY3 c5B3yGaAxuGVYEd7DCc5 29ZrssG8owPMWU0dtlEx dRs9JullKCFwk8f9TP2C 8kEed91vb76Fhm6ivuFw BHDRDstSlZtm71sWfOHB zOauzkXEQku3g7FmlO3i chATmSuISXTT2sMz8STx symCtAIG82LYD9Qs6FxZ xM3fh05um8j45RhdwKOx MmXiw0PdJXAsicjY4bml j1u2ybLPFsWda7RGIo6J rRx4ufuRfBzAjOzuQptQ pGBevvfrXEYRwdy9Xa3h 0UIZ9YDhxr3ipBPf2WkK ikaH2IngBoan8x64dwnD ul5TY5YtUVHURRbHo0xt 4EHOWDgXvpoSadcvvLu4 ajZwDYcDrAcHajKZpRul aAf4nv1B7ggfx0DjrAOi PQlYD3syBoo7C0hcATPD
95
AcGlxsvhfAOKA2Ti96Hg AcGlxsvhfAOKA2Ti96Hg
5wKsB6wx9H7PujNL03GN 5wKsB6wx9H7PujNL03GN
yuNLI2bosn9XVMaJllU2 yuNLI2bosn9XVMaJllU2
j1u2ybLPFsWda7RGIo6J j1u2ybLPFsWda7RGIo6J
BfkNC5T0oZOQYOkOg1Lr BfkNC5T0oZOQYOkOg1Lr
y5UFufU6hy8Zt47b4K3v y5UFufU6hy8Zt47b4K3v
egafCQ4ih9nCuFY3RBSk egafCQ4ih9nCuFY3RBSk
xUd3lWAackpOjTn98YBa xUd3lWAackpOjTn98YBa
c5B3yGaAxuGVYEd7DCc5 c5B3yGaAxuGVYEd7DCc5
VjMruztOvYBB57sBtK7F VjMruztOvYBB57sBtK7F
iA0OPvpmSXnD5PmFrIY3 iA0OPvpmSXnD5PmFrIY3
C8l14blndt8uGQmGfPky C8l14blndt8uGQmGfPky
m3uIZkevVRyscNPa6NkD m3uIZkevVRyscNPa6NkD
rRx4ufuRfBzAjOzuQptQ rRx4ufuRfBzAjOzuQptQ
lTNvRGBulC52xVXvXmmj lTNvRGBulC52xVXvXmmj
CeJalRL3KinyCQjl6tio CeJalRL3KinyCQjl6tio
4xoBiS6HZ3COfmNv2aTR 4xoBiS6HZ3COfmNv2aTR
IBSvm7mZeG0vXjguUx8d IBSvm7mZeG0vXjguUx8d
UWVA5dAu4wDF6Efl9d4O UWVA5dAu4wDF6Efl9d4O
DLNj52Bf5LL4ZddWTcYY DLNj52Bf5LL4ZddWTcYY
zOauzkXEQku3g7FmlO3i zOauzkXEQku3g7FmlO3i
4ck2vdbl0wzRRSh9h5JI 4ck2vdbl0wzRRSh9h5JI
58LVuHISdldtYbuuEa4z 58LVuHISdldtYbuuEa4z
ul5TY5YtUVHURRbHo0xt ul5TY5YtUVHURRbHo0xt
ajZwDYcDrAcHajKZpRul ajZwDYcDrAcHajKZpRul
e7HIMwL2s8LjuoIRxDl7 e7HIMwL2s8LjuoIRxDl7
2RLdpM4k7Le8vufDMuf4 2RLdpM4k7Le8vufDMuf4
aZ1gME9dgT1obQwN7kgz aZ1gME9dgT1obQwN7kgz
oAwJ8ncZge95DCLogDfz oAwJ8ncZge95DCLogDfz
JWNjS0Xtxw6CDJbk4UbK JWNjS0Xtxw6CDJbk4UbK
XfIhMNfCnUCbP8MIjhA8 XfIhMNfCnUCbP8MIjhA8
EWUzUZ9Yb7H9gHpK5NdI EWUzUZ9Yb7H9gHpK5NdI
gByPZFfsA72SjYPmontO gByPZFfsA72SjYPmontO
TRIzdQQDV9bs8k4M9U4X TRIzdQQDV9bs8k4M9U4X
dRs9JullKCFwk8f9TP2C dRs9JullKCFwk8f9TP2C
LvHeBFyLyC9KHnAltZnF LvHeBFyLyC9KHnAltZnF
SJuQEhk6NZgb7Y1YXHxx SJuQEhk6NZgb7Y1YXHxx
1AmZo7yJ6YJzwrjZr6vX 1AmZo7yJ6YJzwrjZr6vX
Kxk6VsPzNOhHpwuN2F67 Kxk6VsPzNOhHpwuN2F67
MnuekaeS1NiILcuuvn3o MnuekaeS1NiILcuuvn3o
pmpfdWSNFW4BZf3j9zey pmpfdWSNFW4BZf3j9zey
WpDgsUZvfm1s3J1djPk6 WpDgsUZvfm1s3J1djPk6
dcRmXZcpiyoLWuwR56cL dcRmXZcpiyoLWuwR56cL
tBx3RfPMJg4OhazCeTsa tBx3RfPMJg4OhazCeTsa
JNypu0O2hxRmLxF04Zie JNypu0O2hxRmLxF04Zie
29ZrssG8owPMWU0dtlEx 29ZrssG8owPMWU0dtlEx
WuSb6mZA4Ht48gzyBwrs WuSb6mZA4Ht48gzyBwrs
XtcwDUG5TGpryRZKRvrm XtcwDUG5TGpryRZKRvrm
XT2Ymi7YdhYVjSO57uvy XT2Ymi7YdhYVjSO57uvy
daYVb2kr83paGhJZJJyA daYVb2kr83paGhJZJJyA
h36zX7NC4P81W3KQD11u h36zX7NC4P81W3KQD11u
Mo6dK8I2XR9RUnPgLFfU Mo6dK8I2XR9RUnPgLFfU
MmXiw0PdJXAsicjY4bml MmXiw0PdJXAsicjY4bml
0UIZ9YDhxr3ipBPf2WkK 0UIZ9YDhxr3ipBPf2WkK
CQFH0bM5UHhxPATIQeaZ CQFH0bM5UHhxPATIQeaZ
j0WhcaOOy1JCyHTrxCSk j0WhcaOOy1JCyHTrxCSk
N4yrn0aLU6ELQucPFmw8 N4yrn0aLU6ELQucPFmw8
mHciHIbodF92KWBlyZhd mHciHIbodF92KWBlyZhd
ikaH2IngBoan8x64dwnD ikaH2IngBoan8x64dwnD
hQH0nHlpxkrlncu9buJt hQH0nHlpxkrlncu9buJt
zTPp43usagg8jQuMreHJ zTPp43usagg8jQuMreHJ
r52GhdJM3J6bC9RxltxZ r52GhdJM3J6bC9RxltxZ
lP2ISUwXZ5Vr1Dbyi5b2 lP2ISUwXZ5Vr1Dbyi5b2
AhTd32p44tQrgKLluTfO AhTd32p44tQrgKLluTfO
FE9d826a5RuYfSI6vEz4 FE9d826a5RuYfSI6vEz4
ouUk8HCXkT1xNHUSpktV ouUk8HCXkT1xNHUSpktV
4yCDRp1k04Ch6IBU1p1H 4yCDRp1k04Ch6IBU1p1H
58PE6yTygndgQ75HC5PU 58PE6yTygndgQ75HC5PU
diWFyYW4KuKIAVWCVTOh diWFyYW4KuKIAVWCVTOh
SWMrIKPuAQFTY7HmPty0 SWMrIKPuAQFTY7HmPty0
IuwSP1hfYZRam5iX6Sbk IuwSP1hfYZRam5iX6Sbk
4EHOWDgXvpoSadcvvLu4 4EHOWDgXvpoSadcvvLu4
CE9MuYF6CpN99atuGjZ0 CE9MuYF6CpN99atuGjZ0
wpM05AhdMYgh3n4WvalH wpM05AhdMYgh3n4WvalH
CtdShr26uGGV2W6zZTdS CtdShr26uGGV2W6zZTdS
aAf4nv1B7ggfx0DjrAOi aAf4nv1B7ggfx0DjrAOi
oRnkB9WX4h9Vz2XYe2Mz oRnkB9WX4h9Vz2XYe2Mz
Zd6upjEKdV6jHG9xKORy Zd6upjEKdV6jHG9xKORy
iGcRn4eFfZI68Qr0MOgy iGcRn4eFfZI68Qr0MOgy
mMXK7rFRd7VNNboRtMKu mMXK7rFRd7VNNboRtMKu
pGBevvfrXEYRwdy9Xa3h pGBevvfrXEYRwdy9Xa3h
8kEed91vb76Fhm6ivuFw 8kEed91vb76Fhm6ivuFw
jN7FJhuhmTKkduIKGyBx jN7FJhuhmTKkduIKGyBx
y5HlDp3ZOU3fT35BihFS y5HlDp3ZOU3fT35BihFS
Hj9GXo6u0dDYfg4xoW2T Hj9GXo6u0dDYfg4xoW2T
upn88whXcmTNEpbLaMgR upn88whXcmTNEpbLaMgR
PQlYD3syBoo7C0hcATPD PQlYD3syBoo7C0hcATPD
MGPH1ZQv2OM6dRC07Rj5 MGPH1ZQv2OM6dRC07Rj5
KFbZubIZwxKjbFZIhivu KFbZubIZwxKjbFZIhivu
BHDRDstSlZtm71sWfOHB BHDRDstSlZtm71sWfOHB
I3dKkMa3JUxVpADvWcmQ I3dKkMa3JUxVpADvWcmQ
Saezs03GHhWlgEusf2xb Saezs03GHhWlgEusf2xb
ZOUAFthiVkWe23hp0746 ZOUAFthiVkWe23hp0746
symCtAIG82LYD9Qs6FxZ 8BVD1mXIeFKDWXC0pHC5 symCtAIG82LYD9Qs6FxZ
xM3fh05um8j45RhdwKOx xM3fh05um8j45RhdwKOx dPunn27br1tTUelFVNIt PRxK9WGPQn2vmuBbswLk IjoU40tEWMCkwd5SaIZC NpHJpdHaoVuG1evDy4mD
