destitute barnacle ripe Darwin Rio Loomis connubial funny Gilmore tate diligent swingy midget mediate Fisk swordtail creekside bowman taft Curtis Andersen Vega bobble McCall papal septillion transpiration torus balustrade Isfahan MN combine Elizabethan Modesto Auberge jewel Injun illusion amateur slowdown minion Bleeker Dominican embassy Halstead extrovert woke trill shroud millennium Rodney yin swordfish decor bifurcate sacrifice Bernini imperishable monotonous oriole stanza radioactive namesake Amtrak Tucson griddle yogurt felony Goodrich Hindi Iowa Sicilian confrontation Hewlett wafer choice intangible deletion exothermic coarse extractor covariate shovel FPC encumbrance destitute
48
Andersen Andersen
Auberge Auberge
Bleeker Bleeker
Curtis anvil
Darwin Darwin
Dominican Dominican
Elizabethan Elizabethan
Fisk Fisk
Gilmore Gilmore
Halstead Halstead
Hewlett Hewlett
Hindi Hindi
Injun Injun
Isfahan Isfahan
Loomis Loomis
MN MN
McCall McCall
Modesto Modesto
Rio Rio
Vega Vega
amateur amateur
balustrade balustrade
bobble bobble
choice choice fatten
connubial connubial
creekside creekside
decor decor
diligent diligent
embassy embassy
extractor extractor
funny funny
illusion illusion
jewel jewel
mediate mediate
midget midget
minion minion
papal papal
ripe ripe
septillion septillion
shroud shroud
slowdown schedule slowdown
stanza stanza
swingy swingy
swordfish swordfish
tate tate
transpiration transpiration
trill trill
yogurt yogurt
