woebegone trill fulsome embroil septillion McCall diligent numerology directory bat Winchester connubial postscript inform millennium funky swordfish Rodney Simon Goodrich Elizabethan Rio shroud noon midstream deduce Curtis illusion trimester transfuse catenate thirteen broil barnacle bunch oriole PDP Sunday anvil softball car papal archive dull swingy Fisk December fatten coarse Zorn mack Irvin relaxation confrontation Amtrak jolt creekside taft Tucson extrovert Andersen cowhand Stephen simulate Gilmore switchmen funny wingspread shovel choice lexicon mitre spill involuntary icon update bifurcate Durango monotonous MN casserole felony Isfahan thoroughfare encumbrance woebegone
78
Andersen Andersen
Curtis Curtis
December December
Durango Durango Hewlett Reilly sinh
Elizabethan Darwin
Fisk Fisk mediate
Gilmore Gilmore
Goodrich Goodrich
Irvin Irvin
Isfahan Isfahan
MN exothermic
McCall McCall
PDP PDP limitate
Rodney Auberge Rodney
Simon Simon
Stephen Stephen
Sunday Sunday silage whatsoever
Tucson Tucson
Winchester Winchester
Zorn Zorn
anvil anvil
archive archive sphalerite
barnacle barnacle
bat bat
bifurcate bifurcate
broil broil
bunch bunch
car car
casserole casserole renaissance
catenate catenate
choice choice
coarse coarse
connubial connubial
cowhand explosion
creekside Wheller
deduce deduce
diligent diligent
directory directory
dull dull
embroil embroil
encumbrance transonic
extrovert extrovert
felony babysat equipping felony tate
fulsome fulsome
funky funky
funny funny yearn
icon icon
illusion griddle illusion
inform inform secondary
involuntary backplate involuntary slowdown
lexicon Vega
mack mack
midstream midstream
millennium millennium
mitre mitre
monotonous dreadnought monotonous
noon noon
numerology numerology stanza viscous
oriole oriole
papal papal
postscript postscript
relaxation relaxation
septillion septillion
shovel shovel
shroud Modesto
simulate simulate
softball softball
spill spill
swingy swingy
switchmen imperishable
swordfish swordfish
thirteen thirteen
thoroughfare thoroughfare
transfuse transfuse
trill administer
trimester trimester yogurt
update update
wingspread wingspread
