6Zg7j6t8kt ka4cgDWgq7 M9d0z6OccV gSP0irArmo YZKJeBb8Pe dojrtYXceT wXTrLT9dUx 1aPtXDhYtV ESDdDChkYw 1iUrZ2N0MA UgxUR9jKcJ dyS1o5lQHD OpwMnuSGmp uXkvSfF7Kv pm1Yq2dCLL bc4pLp9tiD cqCbnI2bkr NgxnYo41LY I1RTFIGWhc YrPP1U1r20 Iroa6leixY tvKOOMQ7Sv oQb2PqTM8x H0NdoJawvz 4JtfcKJvHu GSDEYlNcCM 97dvK2Az7S MImiDijd1o VWD9Yy5Xrg zH4Z0p0Ftj vD4d0BZ03p 8pgnfE3xKu oRs9wR3IGE OR78sPVsV9 4RZs4XFvF9 G05S6XZiBa 1koyFI8rlU Octagmmhko TH1GgoG5GU vCSWEyz4PC KpPj50fAfy fbxiHLAsv4 79JJ9GZF8c fhmE7A9rVl 0gqiqztWgj 4ViGHxfdlc MpRNDD0glq lrFRnKniRv 6Zg7j6t8kt
43
GSDEYlNcCM GSDEYlNcCM
1iUrZ2N0MA s8EkvbOYAX
gSP0irArmo N08DpqDewo
ka4cgDWgq7 ka4cgDWgq7
wXTrLT9dUx wXTrLT9dUx
dojrtYXceT dojrtYXceT
KpPj50fAfy KpPj50fAfy
TH1GgoG5GU TH1GgoG5GU
H0NdoJawvz H0NdoJawvz
pm1Yq2dCLL iyQiEnpG35
NgxnYo41LY NgxnYo41LY 4lUeyqYb0U
1aPtXDhYtV 1aPtXDhYtV
8pgnfE3xKu OGWcs2X8pk 8pgnfE3xKu
oRs9wR3IGE oRs9wR3IGE
4RZs4XFvF9 4RZs4XFvF9
cqCbnI2bkr b3jUAAPOlA cqCbnI2bkr
M9d0z6OccV M9d0z6OccV
Iroa6leixY Iroa6leixY
ESDdDChkYw ESDdDChkYw
YrPP1U1r20 ckEVpwA8CD YrPP1U1r20 YQKcyMibnc 7cteJXIZM1
uXkvSfF7Kv uXkvSfF7Kv
1koyFI8rlU 1koyFI8rlU
4ViGHxfdlc 4ViGHxfdlc
Octagmmhko Octagmmhko
79JJ9GZF8c 79JJ9GZF8c
I1RTFIGWhc I1RTFIGWhc
OR78sPVsV9 EZQ9HUGjRN
lrFRnKniRv lrFRnKniRv
zH4Z0p0Ftj zH4Z0p0Ftj
97dvK2Az7S 97dvK2Az7S Dkc5CxJ6RV
vD4d0BZ03p vD4d0BZ03p
VWD9Yy5Xrg VWD9Yy5Xrg
tvKOOMQ7Sv tvKOOMQ7Sv
G05S6XZiBa G05S6XZiBa
fhmE7A9rVl fhmE7A9rVl
OpwMnuSGmp OpwMnuSGmp
4JtfcKJvHu 4JtfcKJvHu
fbxiHLAsv4 fbxiHLAsv4
MpRNDD0glq MpRNDD0glq
vCSWEyz4PC vCSWEyz4PC
UgxUR9jKcJ UgxUR9jKcJ
YZKJeBb8Pe YZKJeBb8Pe
0gqiqztWgj 0gqiqztWgj
