153 170 15 129 12 34 113 58 99 109 29 192 156 50 128 96 158 119 81 19 186 52 179 2 187 122 98 147 199 189 78 163 162 56 100 160 37 111 135 194 146 75 182 76 196 13 86 22 126 59 152 28 74 134 150 168 11 26 172 79 108 41 137 177 35 90 40 92 169 118 68 197 180 70 39 80 195 25 131 138 139 0 60 155 45 178 145 53 77 95 161 21 47 120 36 188 93 167 49 89 20 153
88
50 50
81 81
40 40
96 96
29 29
89 89
126 126
56 56
180 180
86 86 4
178 178
41 41
95 95
90 90 23
188 188
19 19
77 77
20 20
153 153
139 43
192 192 5
137 137
13 13
79 79
99 99
163 163
15 15
197 197
156 156
70 70
160 160
35 35
93 93
2 2
128 128
161 161
120 120
36 36
195 195
187 187
122 122
80 140
172 172
92 83 171
68 68
194 194
146 146
75 16 136
196 196
119 119
47 47
145 145
98 3 98 88
189 8
170 170
34 34
167 167
76 124 7
49 49
53 53
177 177
21 21 184
152 152
108 108
134 134
135 135
52 52
118 118
60 112 60
131 131
182 182
26 26
169 169
113 113
12 12
37 37
0 0
58 58
100 127
138 61 138
28 28
168 168
74 74
147 42 147
179 179
11 11
129 129
150 150
