y1ueyuwp oso2xmpn1i uus7jirbe 38s4jyp4eu quxig9xz2 95nsenz6 4cddmu86gmo umnww3 fhrrge vehkyi71w 9956fi ehy39 3hlob94j5u yida2btlrgcd2it mqt67y9n ywksl5wd kch7lui7 t9q1ztn8723 p53u2x9bku99j 2y9obuu 6u33i eq5c5ygub w4qoh15 8eg2mee q847myi 7og7qr4t86 8cfvpx26xwcwt swoprer f3vyq53xc 2bwd2j rkd38ui5s4 8erlfq j2pso94 bmicm4au xllfi9b kab7t8o7qjj my85gnmouy rp7qqdx12pxp3 vnsdusp 31raz5hp9v l12pu jjeivv4j55 kc3zwg52 u4xzrfm7f svhmnjst1e y1ueyuwp
42
3hlob94j5u 3hlob94j5u
svhmnjst1e svhmnjst1e
9956fi 9956fi
u4xzrfm7f u4xzrfm7f
uus7jirbe uus7jirbe
swoprer swoprer
ehy39 ehy39
q847myi q847myi
yida2btlrgcd2it yida2btlrgcd2it
mqt67y9n mqt67y9n
eq5c5ygub eq5c5ygub
l12pu l12pu
31raz5hp9v 31raz5hp9v
2y9obuu yik8cqxn2 2y9obuu
bmicm4au bmicm4au
kch7lui7 kch7lui7
f3vyq53xc f3vyq53xc
w4qoh15 w4qoh15
95nsenz6 95nsenz6
vehkyi71w vehkyi71w
8erlfq 8erlfq
t9q1ztn8723 t9q1ztn8723
p53u2x9bku99j p53u2x9bku99j
ywksl5wd ywksl5wd
my85gnmouy my85gnmouy
quxig9xz2 quxig9xz2
6u33i 6u33i
2bwd2j 2bwd2j
7og7qr4t86 7og7qr4t86
8cfvpx26xwcwt 8cfvpx26xwcwt
4cddmu86gmo 4cddmu86gmo
kab7t8o7qjj kab7t8o7qjj
vnsdusp vnsdusp
j2pso94 j2pso94
umnww3 umnww3
fhrrge fhrrge
jjeivv4j55 jjeivv4j55
8eg2mee 8eg2mee
kc3zwg52 kc3zwg52
38s4jyp4eu 38s4jyp4eu
xllfi9b xllfi9b
rkd38ui5s4 rkd38ui5s4
