index155 index98 index124 index14 index142 index191 index141 index125 index97 index59 index3 index110 index16 index43 index192 index48 index113 index64 index30 index184 index143 index77 index170 index81 index137 index165 index91 index69 index24 index174 index37 index196 index62 index47 index70 index76 index38 index154 index27 index128 index87 index0 index22 index86 index107 index133 index39 index157 index21 index6 index49 index159 index90 index11 index118 index58 index92 index158 index167 index109 index23 index172 index102 index108 index5 index32 index199 index181 index66 index180 index155
55
index3 index3
index5 index5 index15
index6 index6
index11 index11 index31 index88 index152
index14 index4 index14 index67 index126 index164
index21 index21
index22 index22 index52
index23 index18 index23 index42 index57 index95 index114 index121 index169
index24 index24
index27 index27
index30 index30
index32 index32
index37 index25 index37
index39 index39
index47 index47
index49 index49
index58 index26 index58
index62 index62
index66 index66
index69 index69
index81 index81
index86 index86
index87 index87
index90 index10 index40 index50 index83 index89 index90 index134 index186
index92 index92
index97 index97
index98 index44
index102 index63
index107 index107
index108 index108
index109 index109
index110 index110
index113 index113
index118 index60 index115 index118 index130
index124 index124 index198
index125 index17 index125
index128 index128
index133 index133
index137 index96 index137
index141 index141
index142 index142
index143 index143
index155 index155
index157 index157
index158 index158
index159 index159
index165 index165
index167 index167
index170 index170
index172 index172
index174 index174
index180 index55 index56 index100 index129 index144 index156
index192 index150
index196 index196
index199 index9 index19 index20 index99 index106 index112 index116 index131 index190 index199
