hC71hIuyRaST3AiaSZqg YygsiZkXDS9oQ07w4psX iS3QMNvYa0RbuZKbJowP cXmjc3Wu4kjM1IHGgfA5 COVfDobG5VcfcSxLDUch P6PcaiimLTne6w5m7SJi ymIUUgCvgB7r5le0Mh11 EEWjQ3rZ3GM9oucA2vc5 kITtdSORrLGuHqAl2YGb VkEnPX1CQCoh4CxlXSlf ZUt08qPkISJA3VT4fdsK 5doygtE58PVlrfBbaaxD nOsoIFzZBhdd6bjP45Ba Z2YJKymsE6JEohxl2CgC 2TderjwrXrNV2UBZ77eD LI8fhHKJlh7mQx1nNK0m IWOalMs6IXX5Ln6F9Eov 2QgUKFj4HV0dn5Ia55tj QYsTJmc2IUi36H1YK47s qmJjxb5ffqkJdxtR9mHb iuuWW5781KuHBsKkyWMa lVjpvSHc5hBrS7dzTmI1 Mufarp9xGx29xj0P1ijS Tgouk8HApNFShyYjQedR sCcEFmBkhTop4sycKzuM 8X2kWfVN7ACYeLRlwU5k g5fwwkfUKem4JdibLkXM PFAHK1LPbENiUm01N8B0 xtgYSd34f56WAH3CCBpW IC3wlDskAWyf0o1M61kl tb41LamjPxrSZBTCVL4N b9q1t3OMZ6dXE5R6ca5w vXrEXAmThLoQVXFImZcg 7DZfG4yobV0xCcSaxf27 1Oc2bGjHzXrMLiYLik5Z h52UeNen88U7Y4iFuOF7 OBEPyJuvhH0Z9VoT2UNC g6Fit1BcwBIbAAJnBKGn EnQuMk7pVZUnmn2BboBv 6jnt0RQvUBeXBhrLOwzh EfhuR5UGBxqkoqdQBn2E 4MuL6AbQo2ozZ4x7psrd KqTw626stjcdChciHrJ6 WgneGAZv4qtDq8Q5DYZf NWAZrSnr0i1Dj5TA6dLc 24YcTAlCtPoNC11H3BAQ jLS4UljOCe6h8LwAOGRX CMQ0OeWc1jOFVxmSr3hH kuIwHVHn49UEM4TprHKr MCc3yEIO8tXzzu5ZknlT 1wSeohNTb1oCspxe2x4j 3MmCPAjYheu6g9TkIxDm qsbRHSDlSHG3Ep5gugbq NXZByMrsstrrXRLxVcyg Mi1upMhcgP7iV16OWKN5 2dfprAgHp3T6RrgooKgP nnG2z19YXqYOoAxMQkFV 72cxNTZ1Tw5teVGiR2xj CgUyoeVDFzkf0g6EiF8w RP9IQz70eEvTJVIHw5Lv l5OFQGDhW1xJJ8ERuglz yLnN3wvof669Fh58DxrQ 468JV90VoJDfHRf7bwGC x81SdeDfzbsk8wgCHcJT eULKHiriYHElwEbrQo2X NjrNYv2s9TjuFmdhy6vq aGWdv30UuUFiszMErlJF nP45x6vSjSYCI8DDOBiZ bw0K7NVh1sgqlnescYkX rW1b1NT9NaRlIIxoT8XF ddzqPXECnHQT4a4RIpSF 61VEe5QpRdEG1AHTZmSn laRDyozSdXcFtmdQ5VqD fm9EBymrV0VSOljfjrTQ 9WdSftrlWeJdclTkQ4Ss 1uTE034Q24DWmybWBbX4 8w6JkwNghwwfzVWZlMG6 OLGSBuAPLZmdhTN6ApoS 1ae7bJScGomdGEdgag5b 8IUV6HBSYn47shRwVW5F JuSdCG8HSUzwufkmRvTN PqB0lgs9Brze4wJGQzAM FE29I03FH1qEyEvIQNGT fxnnXXAtldMGBgqECnVx EqrhH8oFQmMRN10foGjV wqyhoOJuJuNfuZ1c9ZhU 6KcltWtleWJ6izN3XL0F RDnAjQbgrCahBSBieO1p dsEyS8WvuzfBZPrbbzZx 63EFNMvLteBrV7Lj9nA4 RSJQdRAK7H6zYHVeXyPj yXrak2UUHdgFCsCWvgfp oakCd1HozhO35GtImcF2 C5aQkckiWq5qVUhbiI57 nmwnnNlPCMIjajSEo2R3 2YL9dYowMkTTxjU0fVal c2cBpUI19bqo5IjxQzNs TrUW9m3qjkTMvqHNRot0 zbsjvfwSdNExCnTFLo8x 4wWd3kvalFkda9M583i7 btiXecpJBKmrIHtQ7jPA hC71hIuyRaST3AiaSZqg
88
1uTE034Q24DWmybWBbX4 1uTE034Q24DWmybWBbX4
3MmCPAjYheu6g9TkIxDm 3MmCPAjYheu6g9TkIxDm
FE29I03FH1qEyEvIQNGT FE29I03FH1qEyEvIQNGT
6KcltWtleWJ6izN3XL0F 6KcltWtleWJ6izN3XL0F
EfhuR5UGBxqkoqdQBn2E fzCA3w8Mu664WC0yRZb5
61VEe5QpRdEG1AHTZmSn 61VEe5QpRdEG1AHTZmSn
7DZfG4yobV0xCcSaxf27 7DZfG4yobV0xCcSaxf27
cXmjc3Wu4kjM1IHGgfA5 cXmjc3Wu4kjM1IHGgfA5 UQEmoPmHSH2FlTDuXOEx
Z2YJKymsE6JEohxl2CgC Z2YJKymsE6JEohxl2CgC
aGWdv30UuUFiszMErlJF aGWdv30UuUFiszMErlJF
oakCd1HozhO35GtImcF2 oakCd1HozhO35GtImcF2
5doygtE58PVlrfBbaaxD 5doygtE58PVlrfBbaaxD
VkEnPX1CQCoh4CxlXSlf VkEnPX1CQCoh4CxlXSlf
dsEyS8WvuzfBZPrbbzZx dsEyS8WvuzfBZPrbbzZx
g5fwwkfUKem4JdibLkXM g5fwwkfUKem4JdibLkXM
OLGSBuAPLZmdhTN6ApoS OLGSBuAPLZmdhTN6ApoS
2YL9dYowMkTTxjU0fVal 2YL9dYowMkTTxjU0fVal
P6PcaiimLTne6w5m7SJi qyWH5Ui5kFJGpXM7i2RZ P6PcaiimLTne6w5m7SJi
8IUV6HBSYn47shRwVW5F 8IUV6HBSYn47shRwVW5F
Tgouk8HApNFShyYjQedR Tgouk8HApNFShyYjQedR Dv6lwBgjbbZceuQXFzFf
EEWjQ3rZ3GM9oucA2vc5 EEWjQ3rZ3GM9oucA2vc5
wqyhoOJuJuNfuZ1c9ZhU wqyhoOJuJuNfuZ1c9ZhU
4MuL6AbQo2ozZ4x7psrd 4MuL6AbQo2ozZ4x7psrd
RDnAjQbgrCahBSBieO1p RDnAjQbgrCahBSBieO1p
72cxNTZ1Tw5teVGiR2xj 72cxNTZ1Tw5teVGiR2xj
EqrhH8oFQmMRN10foGjV EqrhH8oFQmMRN10foGjV
btiXecpJBKmrIHtQ7jPA btiXecpJBKmrIHtQ7jPA
6jnt0RQvUBeXBhrLOwzh 6jnt0RQvUBeXBhrLOwzh
b9q1t3OMZ6dXE5R6ca5w b9q1t3OMZ6dXE5R6ca5w
PFAHK1LPbENiUm01N8B0 PFAHK1LPbENiUm01N8B0
JuSdCG8HSUzwufkmRvTN JuSdCG8HSUzwufkmRvTN RNtZ6m1O9hQj2ovJiJE3
CgUyoeVDFzkf0g6EiF8w CgUyoeVDFzkf0g6EiF8w
Mufarp9xGx29xj0P1ijS Mufarp9xGx29xj0P1ijS
lVjpvSHc5hBrS7dzTmI1 lVjpvSHc5hBrS7dzTmI1
eULKHiriYHElwEbrQo2X eULKHiriYHElwEbrQo2X
468JV90VoJDfHRf7bwGC NqvNOj5h3GSbJm5NawjL 468JV90VoJDfHRf7bwGC
kITtdSORrLGuHqAl2YGb oq1GulTWdKtwAlNIQxnY
1Oc2bGjHzXrMLiYLik5Z 1Oc2bGjHzXrMLiYLik5Z
zbsjvfwSdNExCnTFLo8x zbsjvfwSdNExCnTFLo8x
jLS4UljOCe6h8LwAOGRX jLS4UljOCe6h8LwAOGRX
1wSeohNTb1oCspxe2x4j 1wSeohNTb1oCspxe2x4j
24YcTAlCtPoNC11H3BAQ 24YcTAlCtPoNC11H3BAQ
nOsoIFzZBhdd6bjP45Ba nOsoIFzZBhdd6bjP45Ba
OBEPyJuvhH0Z9VoT2UNC OBEPyJuvhH0Z9VoT2UNC
C5aQkckiWq5qVUhbiI57 R22TNV5lr1tmI44FcHvv C5aQkckiWq5qVUhbiI57
ddzqPXECnHQT4a4RIpSF ddzqPXECnHQT4a4RIpSF
QYsTJmc2IUi36H1YK47s QYsTJmc2IUi36H1YK47s
YygsiZkXDS9oQ07w4psX YygsiZkXDS9oQ07w4psX v0QCMKnmfkXllH4nQHen
sCcEFmBkhTop4sycKzuM sCcEFmBkhTop4sycKzuM
LI8fhHKJlh7mQx1nNK0m LI8fhHKJlh7mQx1nNK0m
8w6JkwNghwwfzVWZlMG6 8w6JkwNghwwfzVWZlMG6
iS3QMNvYa0RbuZKbJowP OAcbYkMyAi1Iu0vWaaFc
nmwnnNlPCMIjajSEo2R3 nmwnnNlPCMIjajSEo2R3
WgneGAZv4qtDq8Q5DYZf WgneGAZv4qtDq8Q5DYZf
2dfprAgHp3T6RrgooKgP 2dfprAgHp3T6RrgooKgP
l5OFQGDhW1xJJ8ERuglz l5OFQGDhW1xJJ8ERuglz
TrUW9m3qjkTMvqHNRot0 TrUW9m3qjkTMvqHNRot0
kuIwHVHn49UEM4TprHKr kuIwHVHn49UEM4TprHKr
xtgYSd34f56WAH3CCBpW xtgYSd34f56WAH3CCBpW
PqB0lgs9Brze4wJGQzAM mkGdh9qd7uj9x5W3Koxj
Mi1upMhcgP7iV16OWKN5 Mi1upMhcgP7iV16OWKN5
yXrak2UUHdgFCsCWvgfp yXrak2UUHdgFCsCWvgfp
NXZByMrsstrrXRLxVcyg NXZByMrsstrrXRLxVcyg gZiMcGUkLd8qaWleLH1T
IWOalMs6IXX5Ln6F9Eov IWOalMs6IXX5Ln6F9Eov
KqTw626stjcdChciHrJ6 KqTw626stjcdChciHrJ6
COVfDobG5VcfcSxLDUch COVfDobG5VcfcSxLDUch
2TderjwrXrNV2UBZ77eD 2TderjwrXrNV2UBZ77eD yMXdJdorJpzOHHt9uIfg
rW1b1NT9NaRlIIxoT8XF W5rNQea9NsCafaUbLgWC rW1b1NT9NaRlIIxoT8XF
laRDyozSdXcFtmdQ5VqD laRDyozSdXcFtmdQ5VqD
h52UeNen88U7Y4iFuOF7 z0rRwRZbA1TaaAgS8PYu
IC3wlDskAWyf0o1M61kl IC3wlDskAWyf0o1M61kl
1ae7bJScGomdGEdgag5b 1ae7bJScGomdGEdgag5b
4wWd3kvalFkda9M583i7 4wWd3kvalFkda9M583i7
nnG2z19YXqYOoAxMQkFV nnG2z19YXqYOoAxMQkFV
2QgUKFj4HV0dn5Ia55tj 2QgUKFj4HV0dn5Ia55tj
ymIUUgCvgB7r5le0Mh11 ymIUUgCvgB7r5le0Mh11
x81SdeDfzbsk8wgCHcJT x81SdeDfzbsk8wgCHcJT
bw0K7NVh1sgqlnescYkX bw0K7NVh1sgqlnescYkX
8X2kWfVN7ACYeLRlwU5k t9sTQNaMU9o2HF5pm7xT
NWAZrSnr0i1Dj5TA6dLc fuNQ8Sfy86k6zaBQjwEz NWAZrSnr0i1Dj5TA6dLc
vXrEXAmThLoQVXFImZcg vXrEXAmThLoQVXFImZcg
g6Fit1BcwBIbAAJnBKGn g6Fit1BcwBIbAAJnBKGn
63EFNMvLteBrV7Lj9nA4 63EFNMvLteBrV7Lj9nA4
qsbRHSDlSHG3Ep5gugbq qsbRHSDlSHG3Ep5gugbq
fxnnXXAtldMGBgqECnVx DmIjX4adnoqSEDmx2f39
RSJQdRAK7H6zYHVeXyPj RSJQdRAK7H6zYHVeXyPj
hC71hIuyRaST3AiaSZqg Ca5sYccbD9TUz7JLHrcf Wf6tYlitgmZKoXfughsS
EnQuMk7pVZUnmn2BboBv QHOT9LWV0s6xVVreglDh
