Chattanooga Cleveland SanAntonio Memphis Wichita Fayetteville Aurora Orange Henderson Toledo Atlanta Chicago Naperville Orlando Albuquerque Cincinnati LongBeach GrandPrairie Hollywood Lubbock Corona FortWorth Roseville Durham Yonkers Plano Fresno Portland JerseyCity Buffalo Pomona FortCollins Salem Boston Brownsville Jackson HuntingtonBeach Alexandria NewportNews DesMoines Austin Vancouver Detroit BatonRouge Bakersfield Salinas Murfreesboro ElkGrove Savannah FortLauderdale Indianapolis Riverside Scottsdale OverlandPark Surprise Anchorage Phoenix LittleRock CapeCoral Oceanside Fontana Tucson SanBernardino Boise Sunnyvale SanDiego Arlington ChulaVista Anaheim NewYork SantaClarita Hayward Akron RanchoCucamonga TianamenSquare SaintPaul Norfolk Irvine OklahomaCity Lincoln Madison Denton SanJose Jacksonville Killeen Honolulu Fremont Huntsville Tacoma Oxnard Spokane Springfield Berkeley Knoxville ElPaso Chattanooga
81
NewYork NewYork
Chicago Chicago
Phoenix Phoenix
SanAntonio SanAntonio
SanDiego SanDiego
SanJose SanJose
Austin Austin
Jacksonville Jacksonville
FortWorth FortWorth
Indianapolis Indianapolis
Boston Boston
ElPaso ElPaso
Portland Glendale
Memphis Memphis
OklahomaCity SantaAna
Albuquerque Waco LosAngeles
Fresno Worcester GrandRapids
Wichita Wichita
Cleveland Cleveland
Bakersfield Bakersfield
Aurora Aurora Baltimore Lexington
Anaheim Anaheim Tallahassee
Honolulu Honolulu SanFrancisco
Riverside Riverside
Henderson Henderson
SaintPaul Washington SaintPaul
Cincinnati Paterson Cincinnati
Anchorage Anchorage Midland
Plano Plano
Lincoln Lincoln
Orlando Orlando
Irvine Irvine Syracuse
Toledo Toledo
Durham Durham
ChulaVista ChulaVista
Madison Joliet Madison
Buffalo Buffalo
Lubbock Lubbock
Scottsdale Tempe Scottsdale
Norfolk Raleigh
Fremont Fremont
Boise Boise
BatonRouge BatonRouge
Spokane Spokane
DesMoines DesMoines
Tacoma Tacoma
SanBernardino SanBernardino
Fontana Fontana
SantaClarita SantaClarita
Oxnard Oxnard
Fayetteville Fayetteville Richmond
Yonkers Yonkers
Akron Akron
LittleRock LittleRock Shreveport
GrandPrairie GrandPrairie
CapeCoral CapeCoral
Knoxville Knoxville
Brownsville Brownsville
Vancouver Vancouver PortStLucie
FortLauderdale FortLauderdale
NewportNews NewportNews
RanchoCucamonga Newark
Oceanside Oceanside
Salem Salem
ElkGrove McAllen
Corona Corona Olathe
Springfield Springfield
Jackson Jackson
Alexandria Alexandria
Hayward Hayward
Salinas GardenGrove
TianamenSquare Ontario
Hollywood Louisville
Pomona Pomona
Naperville Naperville
Savannah Savannah
Berkeley Berkeley
Murfreesboro Charlotte Murfreesboro
Orange KansasCity Orange Frisco
Denton Denton
Surprise Surprise
