SaintPaul SanJose SanDiego Minneapolis Lincoln SantaAna Durham Phoenix Charlotte ChulaVista Baltimore Albuquerque FortWayne OklahomaCity Hialeah Glendale Columbus Milwaukee StPetersburg Lubbock Chesapeake Fresno Plano LosAngeles Austin NewYork Anaheim Aurora Omaha Miami KansasCity NewOrleans Chandler Greensboro Dallas Tucson Detroit Denver JerseyCity Toledo Tampa Houston Stockton Louisville Memphis Honolulu Scottsdale Newark Garland SaintPaul
40
LosAngeles ElPaso
Houston Houston
Phoenix Phoenix
SanDiego SanDiego
Dallas Dallas
SanJose SanJose
Austin SanAntonio Austin
Columbus Columbus
Charlotte Charlotte
Denver Denver
Memphis Memphis
OklahomaCity OklahomaCity
Louisville Madison
Baltimore Baltimore LongBeach Indianapolis
Milwaukee Milwaukee
Albuquerque FortWorth
Tucson Tucson Raleigh
Fresno Lexington Spokane
Minneapolis Bakersfield
Tampa Tampa
NewOrleans NewOrleans
Aurora Aurora
Honolulu Honolulu
SantaAna Pittsburgh SantaAna
Stockton Stockton
Plano Plano
Lincoln Lincoln
Newark Newark
Toledo Atlanta
Durham Durham WinstonSalem
ChulaVista Cincinnati
FortWayne FortWayne Anchorage
JerseyCity Laredo JerseyCity
StPetersburg Henderson StPetersburg
Chandler Chandler
Lubbock Lubbock
Scottsdale Scottsdale
Glendale Glendale
Chesapeake Chesapeake
Hialeah Hialeah
