0 141 21 93 5 75 28 185 38 60 54 92 99 27 96 67 56 107 17 87 18 84 90 85 44 134 62 12 53 81 176 173 1 69 58 0
33
0 0 23 48 64 73 88
1 1 46
5 5 7 10 13 16 25 29 31 32 41 47 51 59 70 71 94 97
12 12 66 68 86
17 8 17
18 18 89
21 21
27 27
28 15 28 30 33 61 72
38 38
44 44
53 53
54 49 54
56 6 14 24 56
58 58
60 4 34 57 60 78
62 62
67 39 67
69 69
75 75
81 20 81
84 76 84
85 85
87 87 95
90 55 90
92 45 50 82 92
93 93
96 96
99 63 99
107 11 26 65 79 91 98
141 3 36 43 74 77 80
176 2 9 19 22 35 37 40 52 83
185 42
