89 65 166 80 127 12 180 31 64 3 136 70 179 87 151 183 20 15 128 49 199 100 68 162 32 132 39 145 190 98 182 48 27 78 142 57 72 148 14 86 84 123 112 109 160 144 102 122 115 6 17 56 21 33 177 36 79 73 43 51 156 130 113 0 38 26 91 5 172 110 59 124 168 99 89
62
3 3
5 5
6 6
12 12 187
15 147
20 11
21 21
26 16 118 1
27 27
31 107 31
32 32
33 33 25 121
36 36
38 96 94 81 41 38
39 39
48 48 9
49 83 111 140 49
51 51
56 56
57 193
59 59 75
64 18 64
65 191 65 82
68 69
70 135 192 70
72 146 58
73 194 73 133 141
78 101 169 78
79 79
80 80
86 86 173
91 189
98 98
99 99 44
100 100
102 178 102 125 114
109 109
112 112
113 97
115 29
122 122 61
124 124
127 127 88 4
128 128 23
130 130
132 132 195
136 136
142 197 188
144 144
145 149
148 148 13
151 151
156 156
160 160
162 85
168 37
172 172
179 179
180 155
183 183
190 190
199 199
