fmdhlepsteinstdnkill epsteindlsfdntmkillh dnkillepsteinlshdtfm killepsteinlhtfdsmdn epsteinlshkilldnfdmt flepsteindndhmtkills killdmnsfhldepsteint ndkillftdsmepsteinlh tdfepsteinnlhdkillsm dfkilllmtepsteinhdsn nfdhkilllsmtepsteind killnsfmhdepsteindtl fdshnmkillepsteinltd epsteinskilldlndhmtf lthfkilldnsmepsteind hepsteinsddnfkillmlt ddtmkillepsteinflsnh fddsepsteinhnlkilltm msfltdkillnepsteinhd hnfdtmlepsteinkillds epsteindfhlmdnskillt fmsepsteindntldhkill tlmsdhdnkillfepstein hsndepsteindlmtkillf lndsdkilltmepsteinhf fshtdepsteinmldnkill dmepsteinfnhltkillsd depsteinnlsfmhtkilld fkillepsteinmldnhstd epsteinkillnmsdhtdlf nepsteinlmdkilldhfts ntlepsteindmfdshkill killmlepsteindthnfsd fepsteinhsntddkilllm ddlmnftepsteinhskill hnsdkilllftdmepstein epsteinfsddmthkillnl tlsfdmdepsteinnhkill fhndskillepsteintldm lhsepsteindtdnmkillf lnsmkilltfdepsteindh stepsteinhkillfmnldd fkillepsteindlhdnsmt nltdmsfepsteinkilldh tmsdnfdlkillhepstein lkilltndepsteindsmfh fmdhlepsteinstdnkill
40
msfltdkillnepsteinhd msfltdkillnepsteinhd
flepsteindndhmtkills flepsteindndhmtkills
hepsteinsddnfkillmlt nkilltdhlmdepsteinsf hepsteinsddnfkillmlt
fhndskillepsteintldm fhndskillepsteintldm
nepsteinlmdkilldhfts nepsteinlmdkilldhfts
ndkillftdsmepsteinlh ndkillftdsmepsteinlh
ddtmkillepsteinflsnh ddtmkillepsteinflsnh
nltdmsfepsteinkilldh nltdmsfepsteinkilldh
lndsdkilltmepsteinhf lndsdkilltmepsteinhf
killmlepsteindthnfsd killmlepsteindthnfsd
ntlepsteindmfdshkill ntlepsteindmfdshkill
dmepsteinfnhltkillsd dmepsteinfnhltkillsd
fmsepsteindntldhkill fmsepsteindntldhkill
hnsdkilllftdmepstein hnsdkilllftdmepstein
epsteinfsddmthkillnl dhepsteindsnlkillfmt
fshtdepsteinmldnkill fshtdepsteinmldnkill
epsteindlsfdntmkillh epsteindlsfdntmkillh
epsteindfhlmdnskillt epsteindfhlmdnskillt dlnsthfmepsteinkilld
killdmnsfhldepsteint killdmnsfhldepsteint epsteintdkilllnfdhms
depsteinnlsfmhtkilld depsteinnlsfmhtkilld
tlmsdhdnkillfepstein tmlepsteinsdnfkillhd lsdepsteinfmkillndth tlmsdhdnkillfepstein
dfkilllmtepsteinhdsn dfkilllmtepsteinhdsn
epsteinskilldlndhmtf epsteinskilldlndhmtf
nfdhkilllsmtepsteind nfdhkilllsmtepsteind
fkillepsteindlhdnsmt epsteinkillmsftnddlh
hsndepsteindlmtkillf hsndepsteindlmtkillf
tdfepsteinnlhdkillsm epsteinmhndfkilltdls
epsteinlshkilldnfdmt epsteinlshkilldnfdmt
dnkillepsteinlshdtfm dnkillepsteinlshdtfm lmhdtfdepsteinnkills
fdshnmkillepsteinltd fdshnmkillepsteinltd
killnsfmhdepsteindtl killnsfmhdepsteindtl
tlsfdmdepsteinnhkill tlsfdmdepsteinnhkill
tmsdnfdlkillhepstein mftkillepsteinndlhsd lhepsteinkilldtnmfsd
stepsteinhkillfmnldd stepsteinhkillfmnldd
hnfdtmlepsteinkillds hdepsteinskillldtnfm hsdfepsteintlnkilldm hnfdtmlepsteinkillds
fmdhlepsteinstdnkill nhmkilllsftepsteindd
fepsteinhsntddkilllm fepsteinhsntddkilllm
killepsteinlhtfdsmdn killepsteinlhtfdsmdn dhkilllsepsteinmntdf
ddlmnftepsteinhskill ddlmnftepsteinhskill
lnsmkilltfdepsteindh lnsmkilltfdepsteindh
