dldkilltnmhfepsteins msddkilllthepsteinfn dlfdkilltepsteinhnms fhnmkillepsteinsdltd lepsteindnhstfdmkill tdkillepsteinsmhdfnl epsteintfhndkilllmsd epsteinsnmflhtdkilld dtsmdnlhfepsteinkill mkillthfdlnepsteinds skillthlfndepsteindm fsepsteindkillhmtdln killhdfnsepsteinmltd epsteinfsltkillnhddm dhkillldsepsteintnmf killtdmsdfhnepsteinl ltfnsdhepsteinkilldm killhtdmdlnsfepstein hmdkilllnepsteinfsdt lsmftnepsteinkillhdd hkilllepsteinnstfddm epsteindkilltlmnhsfd depsteinftndhmkillsl tldkillhsfnmepsteind depsteinlfnmkilldsht tsmdepsteinkillhfdln lkilldtnmsepsteindfh dhmkillfdltnsepstein mhdskillldftnepstein lntkillepsteinfsddhm fdmtdepsteinkilllsnh mdkilllfdnstepsteinh epsteinfthkilldnslmd ntmdhepsteinsdkillfl fddsmepsteintnkillhl dhsepsteintlkillmfnd lepsteindsmnhftdkill mkilldlshdtfepsteinn epsteinhdkillltsmfdn dfkilllepsteinsnmhtd ldfsmnepsteinkilltdh hepsteinnfmtlkilldds hsepsteinfkillnmddtl nmdhepsteinkilltfsld epsteinhnkillsldfdmt fthlkillnepsteindsdm killmdshdtnflepstein fdskillndtmepsteinlh dkillnmsfhtlepsteind ndkillthdepsteinlsmf lkillfthdsepsteindnm skillmfepsteinthddnl dkillnmhldstfepstein epsteinshlkilldmnfdt dfdepsteintlnskillhm ltnhmdepsteinfdskill killdepsteinmfltdshn tsdnhkilllmepsteindf tdfkillslepsteinhdmn sldhnfmtdkillepstein fhdmnepsteindkillslt fmtnkilldepsteindhsl killtdslhfdepsteinnm shfnmltepsteindkilld killdldepsteinmfsthn dnldkillhmfstepstein killthsepsteindmlfdn depsteinslkillhdftmn nftmskilldldepsteinh mdkillnlsdtepsteinhf ldepsteinhmfnkillsdt dldkilltnmhfepsteins
63
tdfkillslepsteinhdmn tdfkillslepsteinhdmn
lsmftnepsteinkillhdd lsmftnepsteinkillhdd dflstmkillepsteindhn
epsteinhnkillsldfdmt epsteinhnkillsldfdmt
killmdshdtnflepstein sdndhepsteinltkillfm lmkillepsteintsndfhd hepsteinntdkillsdmfl
killtdmsdfhnepsteinl killtdmsdfhnepsteinl
tsmdepsteinkillhfdln tsmdepsteinkillhfdln killfthnmsdlepsteind
tdkillepsteinsmhdfnl lhsntdepsteindkillmf tdkillepsteinsmhdfnl
killtdslhfdepsteinnm slepsteinkillfmddhtn dlshdtepsteinnkillfm killtdslhfdepsteinnm
depsteinftndhmkillsl hepsteinnfdmlsdtkill depsteinftndhmkillsl
fhdmnepsteindkillslt fhdmnepsteindkillslt
fddsmepsteintnkillhl fddsmepsteintnkillhl mndtkillepsteindlfhs
nmdhepsteinkilltfsld nmdhepsteinkilltfsld
ntmdhepsteinsdkillfl ntmdhepsteinsdkillfl
fdskillndtmepsteinlh fdskillndtmepsteinlh
fthlkillnepsteindsdm thnkillmddsepsteinfl
dhsepsteintlkillmfnd dhsepsteintlkillmfnd
msddkilllthepsteinfn msddkilllthepsteinfn
tldkillhsfnmepsteind tldkillhsfnmepsteind
killdldepsteinmfsthn killdldepsteinmfsthn
nftmskilldldepsteinh nftmskilldldepsteinh
skillthlfndepsteindm skillthlfndepsteindm
epsteinfthkilldnslmd epsteinfthkilldnslmd
lepsteindnhstfdmkill lepsteindnhstfdmkill
dkillnmsfhtlepsteind mdkillntepsteindfhsl tndskilldfepsteinmhl dkillnmsfhtlepsteind
killdepsteinmfltdshn killdepsteinmfltdshn
dkillnmhldstfepstein dkillnmhldstfepstein mhkillepsteinddlfsnt dhtepsteinkillsdflmn
killhtdmdlnsfepstein killhtdmdlnsfepstein nfltdmkillsdepsteinh sndldftmkillepsteinh
fsepsteindkillhmtdln fsepsteindkillhmtdln epsteinlmkillfshnddt
ndkillthdepsteinlsmf ndkillthdepsteinlsmf
hsepsteinfkillnmddtl hsepsteinfkillnmddtl epsteindmshtfldnkill
epsteintfhndkilllmsd epsteintfhndkilllmsd
ltfnsdhepsteinkilldm ltfnsdhepsteinkilldm tepsteinmdfldhnskill
shfnmltepsteindkilld shfnmltepsteindkilld depsteintkilllnmsfdh killtepsteinddhlmnsf ndshkilldmlepsteinft
fmtnkilldepsteindhsl mkillldnhepsteinstfd fmtnkilldepsteindhsl
epsteindkilltlmnhsfd epsteindkilltlmnhsfd
killhdfnsepsteinmltd killhdfnsepsteinmltd
mkillthfdlnepsteinds mkillthfdlnepsteinds
epsteinfsltkillnhddm fmltddhnepsteinskill
sldhnfmtdkillepstein msepsteintlhnfkilldd tepsteinhsdkillmldfn sldhnfmtdkillepstein
mkilldlshdtfepsteinn mkilldlshdtfepsteinn
lkilldtnmsepsteindfh lkilldtnmsepsteindfh
lepsteindsmnhftdkill epsteinldtnfmshdkill
epsteinsnmflhtdkilld epsteinsnmflhtdkilld
dnldkillhmfstepstein dnldkillhmfstepstein
fhnmkillepsteinsdltd fhnmkillepsteinsdltd
dfkilllepsteinsnmhtd dfkilllepsteinsnmhtd
dlfdkilltepsteinhnms dlfdkilltepsteinhnms
mdkillnlsdtepsteinhf mdkillnlsdtepsteinhf
epsteinhdkillltsmfdn epsteinhdkillltsmfdn
dtsmdnlhfepsteinkill dtsmdnlhfepsteinkill
tsdnhkilllmepsteindf tsdnhkilllmepsteindf
ldfsmnepsteinkilltdh ldfsmnepsteinkilltdh
dhmkillfdltnsepstein hnsepsteinmkillfddtl hmndfkillslepsteintd dhmkillfdltnsepstein
depsteinlfnmkilldsht depsteinlfnmkilldsht lhepsteintndkilldsmf
hmdkilllnepsteinfsdt killmfndshdtepsteinl hmdkilllnepsteinfsdt
fdmtdepsteinkilllsnh fdmtdepsteinkilllsnh sdlhfnmdepsteintkill
depsteinslkillhdftmn depsteinslkillhdftmn
skillmfepsteinthddnl skillmfepsteinthddnl
dfdepsteintlnskillhm ldepsteindhkilltsmfn dfdepsteintlnskillhm
mdkilllfdnstepsteinh mdkilllfdnstepsteinh lkillepsteintdshmfnd
lkillfthdsepsteindnm lepsteinkilldhfmstnd dmtlsfhnkilldepstein dmldfhskillntepstein dtnkillsepsteinmdfhl thdlskillnfdmepstein hnskillepsteintfdmld
mhdskillldftnepstein mhdskillldftnepstein
killthsepsteindmlfdn killthsepsteindmlfdn nepsteindhkillltmsfd
