FortCollins Knoxville Harlingen Anaheim Kennewick LasVegas Layton Austin Irvine Harrisburg ElkGrove Canton CollegeStation Aberdeen Barnstable Kenosha Berkeley FortWorth Canton Frederick Lafayette Lakewood Hampton Carrollton Fullerton KansasCity Dayton Brownsville Appleton Marysville Aberdeen Bryan Albany Garland Burlington Burbank Cambridge BatonRouge Jefferson LosAngeles Dallas Clarksville Bradenton Bridgeport McAllen Chicago Clearwater Evansville FortWayne Joliet Fairfield Lancaster Lubbock Inglewood Hickory Amarillo AppleValley Corona Allentown Bremerton Bellevue Independence ClarkeCounty Aurora Hayward Baltimore Charleston Fargo Arvada Leominster Manchester HuntingtonBeach BoiseCity Eugene Bethlehem Beaumont Detroit Irving Lacey Brighton Fremont GulfportBiloxi Cincinnati Bakersfield AnnArbor CorpusChristi Jacksonville Gilbert Houston Fresno Elkhart Kissimmee FortWaltonBeach FortSmith Akron FortCollins
71
Aberdeen Aberdeen
Akron Akron Elizabeth LittleRock
Albany Lorain
Allentown Allentown
Amarillo Alexandria Amarillo
Anaheim Anaheim
AnnArbor AnnArbor
AppleValley AppleValley
Appleton Appleton
Arvada Albuquerque Arvada Erie
Austin Austin
Bakersfield Bakersfield
Baltimore Baltimore
Barnstable Barnstable
Beaumont Beaumont
Bellevue Bellevue Lakeland
Berkeley Berkeley ElMonte
Bethlehem Bethlehem
BoiseCity BoiseCity
Bradenton Bradenton
Bremerton Bremerton Grayslake
Brighton Brighton
Brownsville Brownsville Fayetteville
Bryan CedarRapids
Burbank Burbank
Burlington Indianapolis
Canton DavidsonCounty
Carrollton Carrollton
Charleston BonitaSprings
Chicago Chicago
CollegeStation Boise CollegeStation ElPaso
Dallas Abilene Dallas
Dayton Augusta
Detroit Detroit
Elkhart Champaign Elkhart
Eugene Eugene
Evansville Danbury Evansville
Fairfield Fairfield
Fargo Fargo
FortCollins FortCollins Hollywood
FortWaltonBeach FortWaltonBeach
Frederick Frederick
Fremont Fremont
Fresno Fresno Kalamazoo
Garland Garland GrandRapids
Gilbert Gilbert
Hampton Hampton
Harlingen Harlingen
Harrisburg Fontana Harrisburg
Hickory Hickory
Houston DalyCity Houston
HuntingtonBeach Henderson
Independence Independence
Inglewood Inglewood
Irvine Irvine
Irving Cary Irving
Jacksonville Jacksonville
Jefferson Jefferson
Joliet Joliet LasCruces
KansasCity CapeCoral
Kennewick Kennewick
Knoxville Hemet Knoxville
Lacey Lacey
Lafayette Lafayette
Lakewood Lakewood
Lancaster Anchorage Lancaster
LasVegas Cleveland
Layton Chandler ColoradoSprings Denver DesMoines Layton
Leominster Leominster
Lubbock Louisville Lubbock
Manchester Atlanta Manchester
