CorpusChristi ElPaso Akron Aberdeen Arlington BatonRouge Chesapeake Escondido Chattanooga Abilene Asheville Austin Detroit Columbus Albuquerque Berkeley Charlotte Corona Bryan Deltona Anchorage Elkhart CathedralCity Anaheim Amarillo AppleValley Danbury DavidsonCounty ColoradoSprings Bremerton Denton Chicago BoiseCity Clearwater Bradenton Charleston Canton Columbia Davenport Birmingham Chandler Bridgeport Dallas BonitaSprings CedarRapids Burbank ElMonte CorpusChristi
39
Akron Akron DalyCity
Albuquerque Albuquerque
Amarillo Amarillo Cincinnati
Anaheim Anaheim
Anchorage BelAir
AppleValley AppleValley
Arlington Augusta
Asheville Asheville
Austin Austin
Berkeley Arvada
BoiseCity BoiseCity
BonitaSprings BonitaSprings
Bremerton Bremerton
Bridgeport Bridgeport
Bryan Bryan
Burbank Denver
Canton Canton
CathedralCity CathedralCity
CedarRapids Alexandria
Chandler Chandler
Charleston Charleston
Chattanooga Chattanooga
Chesapeake Durham
Chicago Appleton Chicago
Clearwater Boulder Clearwater
ColoradoSprings ColoradoSprings
Columbia Brownsville Columbia
Columbus Columbus
CorpusChristi CapeCoral CorpusChristi Downey
Dallas Dallas
Danbury Danbury
Davenport Bloomington Carrollton Davenport Elizabeth
Deltona Deltona
Denton Denton
Detroit Beaumont
ElMonte ElMonte
ElPaso ElPaso
Elkhart Champaign Elkhart
Escondido Escondido
