BatonRouge Burbank Bradenton Atlanta AppleValley Baltimore Barnstable Augusta Bethlehem BonitaSprings Aberdeen Aurora Appleton Allentown Bremerton Albuquerque Beaumont Bridgeport Brownsville AnnArbor Birmingham Boulder AtlanticCity Buffalo Bellevue BatonRouge
20
Aberdeen Aberdeen BoiseCity
Albuquerque Albuquerque Boston
Allentown Arvada
AnnArbor AnnArbor
Atlanta Atlanta Berkeley
AtlanticCity AtlanticCity
Augusta Albany
Aurora Aurora
Barnstable Barnstable
BatonRouge BatonRouge
Beaumont Beaumont
Bellevue Anchorage
Bethlehem Bethlehem
Birmingham Birmingham Bryan
BonitaSprings Amarillo
Boulder Boulder
Bradenton Bradenton Cambridge
Bremerton Abilene
Buffalo Buffalo
Burbank Burbank
