152 75 50 183 51 130 88 78 95 0 81 166 35 95 134 169 36 142 87 136 108 89 187 156 1 58 155 62 0 179 184 7 14 85 61 45 160 157 162 6 38 13 94 173 24 149 41 133 116 165 73 168 111 31 112 115 59 174 56 5 113 4 53 82 69 126 37 101 139 65 110 171 68 97 27 152
58
0 0
1 12
5 5 182
6 144
13 13 42
24 143 151
27 27
31 31
35 35
37 37
38 38
41 41
45 45
50 50 153
51 172 2 51
53 53
56 56
58 58
61 79
62 145
65 65
68 66
73 73 92
75 75
78 170 78
81 81
82 181
85 85 96
87 87
89 89 60
94 105 94
95 95
97 97
101 101
108 8
111 111
112 112
113 113
115 54
116 116
126 126
130 130 180
133 90
134 134
136 136
139 139
142 142 28
149 163 149
155 121
157 157
160 175
165 165
166 166
168 168
169 169
171 171
183 9 183
184 184
