location34 location19 location79 location0 location173 location17 location165 location176 location170 location3 location89 location4 location134 location92 location114 location60 location108 location132 location71 location151 location181 location5 location116 location63 location11 location2 location102 location93 location189 location121 location123 location15 location192 location34
31
location0 location52 location28 location111 location142 location0 location120 location91
location2 location46 location72 location45 location177 location158 location167 location37 location162 location12 location24 location137 location90 location144 location2 location174 location188 location175 location76 location187 location105
location3 location109 location3
location4 location23 location163 location27
location5 location107 location122
location11 location68 location11
location15 location15 location88
location17 location17
location19 location197 location98
location34 location34 location39
location60 location60
location63 location172 location54 location199
location71 location71
location79 location194 location55 location9 location96 location64 location47 location6 location119 location135 location117 location79 location180
location89 location89 location59
location92 location157 location92 location139
location108 location159 location143
location114 location114
location116 location161 location103 location86
location121 location121
location123 location131 location140 location99 location115
location132 location132
location134 location134
location151 location130 location151
location165 location155 location149 location164 location125
location170 location170
location173 location136 location38
location176 location176 location21
location181 location181
location189 location189
location192 location192
