WNYCV OC0MN RN3DW J501P GAXPM 2PD2W XDKMD 1NBGE 1XUNX BO3AW GXYLV HR8IA OE5TB EQWAL XRQ65 H7R17 18R1B F5YBY PQ40E 91RFG TG5ZG X2AM4 KB443 YMTTJ 7CXN0 ULCTZ H8ZPW CUG55 HZ80H XBRKQ URMBF KRLTG 77EY5 QTZLJ 42QVU KR27P B8UZ8 1ACIU 65TK9 HHCET WH9QK XPFOM 9HVLF BMC9X ZA57Z 1BUOS V11OW 5I6U4 2KYXC F07YB QSI1X 1UWW5 UUOP5 XTUSM K1ZSD WNYCV
46
XRQ65 XRQ65
OE5TB OE5TB
91RFG 91RFG
KB443 KB443
XPFOM XPFOM
1BUOS 1BUOS
X2AM4 X2AM4
BO3AW BO3AW
18R1B 18R1B
GXYLV GXYLV
HR8IA HR8IA
ULCTZ ULCTZ
1NBGE 1NBGE
PQ40E EYREL
CUG55 CUG55
HHCET HHCET
7CXN0 7CXN0
EQWAL EQWAL
1ACIU 1ACIU XD7IR
TG5ZG TG5ZG
QSI1X QSI1X
QTZLJ QTZLJ
77EY5 77EY5
5I6U4 5I6U4
UUOP5 UUOP5
ZA57Z ZA57Z
GAXPM GAXPM
B8UZ8 B8UZ8
XDKMD XDKMD
BMC9X BMC9X
9HVLF 9HVLF
YMTTJ YMTTJ
XBRKQ XBRKQ H212X
H8ZPW H8ZPW
F5YBY F5YBY
V11OW V11OW
K1ZSD K1ZSD
XTUSM XTUSM UGOIO
KRLTG KRLTG
42QVU 42QVU
URMBF 2FT0Z URMBF
1UWW5 1UWW5
65TK9 65TK9
HZ80H HZ80H
F07YB F07YB
2KYXC 2KYXC
