4HOMU JXLE1 X180A LIRLU C7WKJ OIPRN P419D WI88U MC71K BVMDZ C45HH H1LTE HWKGJ LLTLN LKP22 EDSMH L2GJ5 TORQI 1F0YL UDYJK DOLRQ 45JXE PTADN OKGKQ M1HJR TBPBM Y61KP M0J6A B3Y9E EJSFK KN0CP 0U9HU KC9RF 0D2BR Q02X6 945CN 1RS2N CM5WA 53Y1R 7U3JG K50JQ 6OA3K CFGE5 PXCIN FMCVK 6WOBI 2BUI5 A1QRL HZHRA RU85S 50J5H SHOOM AT3CI ZGZT5 T9O11 PYPSO 8EXDQ W2H22 VHCFR VZJYR PMFJ2 Y4WG4 HV4Z2 SYV5N IF7TL 6ACGE Q5DAA ZZH8Z SKPO7 DCHO3 WOEUE FRZVP 4HSLO YJ67U 8CLEZ Z22CS KOYRV 3AIXW IZESQ ZN2EP 4YS4G 52MNN UW44H ELH5L W2M5C Q7FCL 4WDJE BE5V8 FCYPJ RAAD4 TI35I 61QWU ZRPB5 4HOMU
84
945CN 945CN
L2GJ5 L2GJ5
SYV5N SYV5N
VZJYR LEBVZ 69BJO
RU85S RU85S
KOYRV KOYRV
KC9RF KC9RF
ZN2EP ZN2EP
45JXE 45JXE
UW44H UW44H
0D2BR 0D2BR
M1HJR M1HJR ZHSBU NPDI9
LIRLU 2C63O LIRLU
1F0YL L2PQE 1F0YL
DOLRQ DOLRQ
50J5H 50J5H
CFGE5 CFGE5
Q7FCL Q7FCL
SHOOM SHOOM
HWKGJ HWKGJ
6ACGE 6ACGE
UDYJK C8O6I
7U3JG 7U3JG
BE5V8 BE5V8
4HSLO TCC7B
W2M5C W2M5C
WI88U WI88U
TORQI DTPF4 TORQI
DCHO3 DCHO3
RAAD4 RAAD4
FRZVP FRZVP
HZHRA HZHRA
53Y1R 53Y1R
TI35I TI35I
Y61KP Y61KP
C7WKJ C7WKJ
P419D P419D FC0PR
ZZH8Z ZZH8Z
Y4WG4 768ZF
IF7TL IF7TL
KN0CP 0VPRW V22SY
PXCIN PXCIN
K50JQ K50JQ
JXLE1 JXLE1
HV4Z2 XEEQB WP2MA
H1LTE H1LTE OLLV9
PTADN PTADN
IZESQ IZESQ
2BUI5 7GA8O 2BUI5
3AIXW 3AIXW
1RS2N 1RS2N
0U9HU 0U9HU
4WDJE 4WDJE
Q5DAA WZB33 Q5DAA
8EXDQ 8EXDQ
W2H22 W2H22
FCYPJ FCYPJ
PYPSO PYPSO
CM5WA CM5WA WXZHF
6WOBI 6WOBI
AT3CI AT3CI
SKPO7 SKPO7
ZRPB5 ZRPB5
T9O11 T9O11
4YS4G SA6G0
61QWU TY0L7 61QWU
C45HH C45HH
ELH5L ELH5L
52MNN 52MNN
X180A DDXG0 X180A
OIPRN OIPRN
MC71K MC71K
BVMDZ BVMDZ
6OA3K 6OA3K
LLTLN LLTLN
A1QRL A1QRL
YJ67U YJ67U
PMFJ2 PMFJ2
8CLEZ 8CLEZ
TBPBM TBPBM
LKP22 LKP22
EDSMH EDSMH
FMCVK 9WSXC V8GEC
VHCFR VHCFR
