0 161 160 41 184 131 95 130 183 46 100 163 23 118 119 50 120 13 16 19 148 195 8 97 125 180 179 33 186 134 91 133 185 7 139 189 30 136 187 188 137 85 67 2 164 101 43 12 21 115 25 116 14 177 121 10 143 142 191 192 29 140 96 60 65 1 71 51 152 198 197 45 92 0
62
0 162
1 106 107 108 167 168
2 176
7 128 145 146 147 193 194
12 178
14 155
16 182
21 109 110 111 154 169 170
23 196
25 117
30 103 104 105 156 165 166
33 127 129
41 181
43 102
51 151 153
60 112 113 114 144 171 172
85 138
91 135
92 157 158 159
95 132
96 141
97 124 126
100 100
101 101
115 115 173
116 116 174
118 118 175
119 119
120 120
121 121 122 123
125 125
130 130
131 131
133 133
134 134
136 136
137 137
139 139
140 140 190
142 142
143 143
148 148 149 150
152 152
160 160
161 161
163 163
164 164
177 177
179 179
180 180
183 183
184 184
185 185
186 186
187 187
188 188
189 189
191 191
192 192
195 195
197 197
198 198
