Soda MainStacks Unit3 Unit1 LakeMerrit Hertz MLK ClarkKerr Mulford Wheeler Foothill GBC Haas RSF TheRoof Blackwell Doe Wellman MemorialStadium Unit2 BWW Stephans Barrows Morgan Sproul BC GoldenStatePark Soda
26
Doe Doe
Wheeler Wheeler
Stephans Stephans
Haas Haas
Hertz Hertz
Barrows Barrows
RSF RSF
Sproul Sproul
GBC GBC
MLK MLK
BWW BWW
MemorialStadium MemorialStadium
MainStacks MainStacks
Morgan Morgan
Mulford Mulford
Wellman Wellman
Unit1 Unit1
Unit2 Unit2
Unit3 Unit3
Blackwell Blackwell
BC BC
Foothill Foothill
ClarkKerr ClarkKerr
LakeMerrit LakeMerrit
GoldenStatePark GoldenStatePark
TheRoof TheRoof
