5 94 39 157 121 52 162 103 189 77 196 184 85 86 93 190 18 41 67 119 71 134 116 95 23 99 1 101 174 27 0 37 64 130 150 191 91 36 62 123 40 155 96 175 22 35 188 142 25 105 17 66 75 109 58 38 193 165 173 182 65 180 28 149 90 72 60 2 140 164 29 78 179 32 166 199 48 46 154 187 74 170 136 117 83 104 171 112 186 133 68 195 56 118 113 61 51 183 69 138 55 102 158 45 47 81 76 156 137 33 4 5
84
0 53
1 1
2 2
17 17
18 192 18
22 22
25 25
28 28
32 32
33 33
35 135 26 110
36 11
37 37 177
39 39 92
41 41
45 14
46 46
47 47 43
48 48
51 51
52 52
55 55
56 56
58 152 58
61 61
64 64
65 178
67 67
68 68
69 69 153
71 71
74 31
75 75
76 76
77 143 77
78 100 78
81 81 151
83 83
85 85
86 44
90 159
91 91
94 20
96 96
99 99
101 101
102 102
103 103
104 104
105 105
109 168
112 10 146
116 116
123 123
133 133 9 34
134 50
137 137
138 138
140 140
149 149
154 154
156 156
157 157
158 158 80
162 162
164 164
165 63 42
166 122
170 170
171 171
173 173
174 174
179 179
180 180
183 183
184 184
187 187
188 188
189 189
190 16
191 194
193 193
196 196
199 199
