A42 A71 A153 A93 A183 A84 A43 A163 A124 A12 A139 A142 A83 A114 A72 A125 A168 A7 A4 A115 A77 A66 A45 A108 A9 A167 A13 A88 A56 A185 A193 A40 A73 A172 A143 A186 A107 A78 A100 A184 A23 A57 A176 A58 A35 A130 A2 A189 A30 A196 A127 A32 A137 A16 A0 A98 A132 A147 A42
53
A0 A118 A65 A82 A106 A39 A120 A21 A117 A5 A76 A144 A194 A0 A46 A67 A136 A33 A187 A198 A191 A128
A2 A51 A2 A95 A122 A177 A96 A28 A64 A135
A4 A4
A7 A7
A9 A105 A9
A13 A75 A70 A13 A17
A16 A16
A23 A23
A30 A90 A30
A32 A32
A35 A35
A40 A40
A42 A42
A43 A43
A45 A45
A56 A154
A57 A57 A38
A58 A58
A66 A126
A71 A71
A72 A72 A37
A73 A123
A77 A77
A78 A78
A83 A103
A84 A84
A88 A113 A88
A93 A93
A98 A148 A192 A98
A100 A100
A107 A107
A114 A114
A115 A179
A124 A124 A145
A125 A102 A181 A182
A127 A127
A130 A159 A130
A132 A132
A137 A137
A139 A139
A142 A142
A143 A143
A167 A167
A168 A54
A172 A172
A176 A176
A183 A183
A184 A184 A92
A185 A185
A186 A94 A111 A34
A189 A3 A189
A193 A20 A193
A196 A196
