DZA ALB AND ESP FIN ECU FSM ERI GGY BVT CAF COG HRV HMD GUM GRD GNQ GUY GRC BRA BLM BES BLR CCK CMR HKG GRL GLP BGR BDI BEL BRN COD CHE CIV CAN BRB BGD CYM ARE DNK CUW DOM ASM ATF ATA DMA HND GEO FRO FRA GBR DZA
40
HND HND
HMD HMD
HKG HKG
GUY CUB
GRD GRD
GRC GRC
GNQ GNQ
GLP GLP
GEO GEO
GBR GBR
FSM FSM GHA
FRO FRO
FRA FRA
FIN FLK FIN ABW
ERI ERI
ECU ECU
DOM BHS DOM AUS
DNK DNK
DMA DJI
CYM CYM CXR CZE
CUW CUW
COG COG
COD COD
CHE CHE
CCK CCK
CAN CAN
CAF CAF
BVT BVT
BRN BRN
BRB BRB
BLR BEN BLR
BLM BLM BFA
BGD BGD
BES BES
BDI BDI
ATF ATF
ATA ATA
ARE ARE
AND AND
ALB ARG ALB
