COM REU SDN MEX POL PNG PLW NIU CZE DEU CXR MWI ATG AUS NIC ABW NER MYT ARM AND ALB QAT SGP RUS IDN GNQ PAK HUN JPN LBN LVA COG COD CHN SHN SGS MUS DJI DMA RWA LUX LAO KGZ CRI MLT PSE NRU CAF BVT LKA KWT LTU LIE CPV MHL PAN JEY NFK NGA GMB GRC HND COK KOR LCA HRV HMD MMR NPL PRY MDA HKG GUM HTI MCO SLE SLB COM
63
SHN SHN
SGS LBR KHM NZL SGS
SDN SDN
RWA RWA
RUS BLM RUS BEN BHR
REU REU AFG
PSE PSE
PRY MOZ PRY BDI BHS AZE
POL POL ARE
PNG PNG
PAN PAN
PAK PAK
NRU NRU
NPL NPL
NIU IRN NIU IOT
NIC IRL NIC
NGA EGY FRA ESP GBR ESH GIN GEO FSM FIN ECU GAB BMU
NFK NFK ALA
NER NER MTQ
MYT MYT
MWI ITA
MMR MMR
MHL MAC
MEX MEX
MDA MDA
MCO GIB DZA GHA
LUX LUX
LTU LTU
LKA LKA
LIE LIE
LBN LBN
LAO LAO
KWT KWT
KOR KOR
KGZ KNA
JPN JPN
JEY JEY
IDN IDN COL
HUN HUN
HTI CAN HTI
HRV HRV
HND HND MAR
HMD HMD
HKG HKG KAZ
GUM GUM
GRC GRC
GNQ GNQ
GMB GMB
DMA DMA
DJI DJI
DEU CYP DEU
CXR CXR
CPV MLI CPV
COK COK
COG COG
COD COD
CHN CHN
CAF CIV CAF
AUS AUS
ATG ATG
ARM ARM
ALB ALB
ABW ABW
