Soda 167 99 155 121 169 173 148 176 104 182 195 154 146 108 175 103 137 151 110 141 139 111 164 183 181 133 107 102 132 100 135 131 152 138 129 197 193 158 119 188 180 118 162 153 125 189 115 117 123 150 159 149 170 144 187 127 196 120 142 198 105 140 171 194 109 126 112 128 156 134 172 178 179 168 185 163 174 116 161 124 Soda
81
Soda 101
99 99
100 100
102 102
103 103 143
104 104
105 105
107 107
108 108
109 109
110 110
111 111
112 112
115 115 147
116 116
117 117
118 118
119 119
120 120
121 121 122 177
123 123
124 124
125 125 145 186
126 126
127 127
128 128 190
129 129
131 131 157
132 130 132
133 133
134 134
135 135
137 137
138 138
139 139
140 140
141 141
142 142
144 144
146 146
148 113 148
149 149
150 150
151 114 151
152 152
153 153
154 154
155 155
156 156
158 158
159 159 160
161 161
162 162
163 163
164 164
167 167
168 168
169 169 192
170 170
171 171
172 172
173 173
174 106 165 174
175 175
176 176
178 178
179 179
180 180 184
181 181
182 182
183 183
185 166 185 191
187 187
188 188
189 189
193 193
194 194
195 195
196 136 196
197 197
198 198
