Rhode Edwards Class Bancroft Montgomery West McLaughlin Etcheverry Maryland International Barrows Nashville Tennessee Montana Hartford Heating Durham Foothill Jacobs Topeka Illinois Simon Boalt Sproul Jefferson LeConte Pennsylvania Stadium Hertz Durant Hearst Energy Springer Salt Providence Richmond Minnesota Clark Rhode
38
Rhode Rhode
LeConte Campanile Hawaii Blackwell Annapolis LeConte Chou Hellman Michigan Life Berkeley Valley Mulford
Simon Birge Observatory Wisconsin Haste Moffitt East Donner Columbus Simon Nevada Cleary
Class Class Trenton Maxwell
Heating Heating Austin
Jefferson Jefferson Tang Cheyenne
Durham Durham
Energy Energy Utah Concord Morrison Police Hargrove
Pennsylvania Pennsylvania Simpson
Maryland Little Chvez Maryland
West West
Edwards Krutch Florida Edwards Bowles Moses Lansing Columbia McEnerney Kentucky Olympia Madison University Mathematical Santa Grinnell
Salt Salt Brain
Clark Clark Harrisburg CNMAT Silver Baton Martin Oregon Lower Warren Mississippi
Illinois Illinois
Montgomery Montgomery
Etcheverry Etcheverry
Richmond Richmond
Tennessee Tennessee
Providence Providence
Springer Springer
Durant Durant
Hertz Hertz
Bancroft Bancroft
Minnesota Minnesota
Montana Montana BART
Hartford Hartford Jones
McLaughlin McLaughlin
Sproul Sproul
Boalt Boalt
Stadium Stadium
Foothill Foothill
Jacobs Jacobs Insectary
Hearst Hearst
International International
Barrows Barrows
Nashville Cory Nashville
Topeka Topeka
