100 31 15 30 16 59 25 62 27 70 36 33 12 11 10 76 121 119 111 115 153 156 104 165 164 85 86 102 65 108 155 112 82 159 161 181 186 184 193 191 192 188 136 20 141 133 50 131 130 129 144 42 3 41 73 74 6 9 8 40 72 43 29 13 103 34 14 61 26 45 44 2 17 1 48 49 51 23 53 18 55 58 100
48
1 1 54
2 2 46
3 3
6 6
8 8
9 9
10 10
11 11
12 12
13 13
14 14
15 15
16 16
17 17
18 18
20 20
23 23
25 22 25
26 26
27 27
29 29
30 30
31 31
33 33
34 7 34 37 39
36 28 36
40 40
41 41
42 42
43 43
44 4 5 44
45 45
48 47 48
49 49
50 19 50
51 51
53 52 53
55 24 55
58 58
59 59
61 60
100 32
111 111
121 121
153 153
165 165
188 21 56 57
192 182 192
