BukitBatokEast Simei SungeiRoad Sudong RobertsonQuay Redhill Gombak DowntownCore LowerSeletar Safti Tengeh Frankel SwissClub Springleaf CityHall TanjongPagar SimpangNorth GhimMoh Sembawang JooKoon Tyersall AirportRoad NeeSoon ChoaChuKang Bayshore Hillcrest RiverValley BukitBatokEast
22
Frankel Frankel
BukitBatokEast LeonieHill TiongBahruStation
Redhill Redhill PearlsHill
Sudong Sudong
DowntownCore DowntownCore
Sembawang Sembawang
SimpangNorth SimpangNorth
Tengeh Tengeh
LowerSeletar LowerSeletar
Simei Simei
ChoaChuKang ChoaChuKang
TanjongPagar TanjongPagar
Tyersall Tyersall
JooKoon JooKoon
SwissClub SwissClub
NeeSoon NeeSoon
Safti GaliBatuMandai Safti
CityHall CityHall
RiverValley RiverValley
Hillcrest Hillcrest
GhimMoh GhimMoh
SungeiRoad SungeiRoad
