LeonieHill ChangiPoint SungeiKadut MonksHill Outram JurongWestCentral NeeSoon OrangeGrove YishunWest ConeyIsland BukitBatokCentral NorthCoast MandaiWest AnchorvaleBuangkok KallangWay SungeiRoad SembawangSprings PasirRisPark Sentosa Guilin GreenwoodPark FarrerPark PasirPanjang2 TanjongRhu GeylangBahru Springleaf AirportRoad ChangiWest ClementiCentral YishunCentral PunggolTownCentre CompassvaleTrafalgar Changi Ridout BishanEast Yishun Phillip SerangoonGarden Victoria Clementi Novena TampinesWest YuhuaWestBoonLay LoyangEast ChoaChuKangCentral NatureReserve TanglinHalt TuasBay LeonieHill
39
NatureReserve Kranji
PasirPanjang2 PasirPanjang2
SungeiRoad SungeiRoad Semakau KampongGlam
FarrerPark FarrerPark
NorthCoast NorthCoast
KallangWay KallangWay
Yishun Yishun
NeeSoon Shipyard NeeSoon
Victoria Victoria
PunggolTownCentre PunggolTownCentre
JurongWestCentral JurongWestCentral
Novena Townsville Novena SingaporePolytechnic
Ridout Ridout
Guilin Guilin
Springleaf Springleaf
TuasBay TuasBay
OrangeGrove OrangeGrove Tyersall DefuIndustrialPark
YishunCentral Woodgrove
MonksHill MonksHill
SembawangSprings SembawangSprings
ChoaChuKangCentral ChoaChuKangCentral
SerangoonGarden SerangoonGarden
Phillip Phillip
ChangiWest ChangiWest
ConeyIsland ConeyIsland
SungeiKadut SungeiKadut
AirportRoad AirportRoad
ClementiCentral ClementiCentral
MandaiWest Boulevard YioChuKang MandaiWest
TanglinHalt TanglinHalt
TampinesWest TampinesWest
GreenwoodPark Trafalgar GreenwoodPark
BishanEast BishanEast
YuhuaWestBoonLay YuhuaWestBoonLay
Outram Sennett Outram
BukitBatokCentral BukitBatokCentral
Sentosa Sentosa
AnchorvaleBuangkok AnchorvaleBuangkok
LoyangEast LoyangEast
