Qwilfish Tropius Drapion Taillow Scatterbug Crawdaunt Porygon2 Meloetta Inkay Slurpuff Metang Steenee Volcarona Magmar Shellos Nincada Comfey Magnemite Swadloon Munna Skorupi Skiddo Noibat Simisear Sandile Metapod Whismur Stufful Woobat Escavalier Weepinbell Honedge Weezing Vespiquen Shellder Bastiodon Seaking Treecko Kakuna Tauros Wailord Plusle Jumpluff Vullaby Amoonguss Lotad Gengar Bounsweet Froakie Drampa Qwilfish
49
Qwilfish Qwilfish
Simisear Simisear
Drapion Drapion
Meloetta Meloetta
Volcarona Volcarona
Slurpuff Slurpuff
Skiddo Skiddo
Sandile Sandile
Magmar Magmar
Metang Metang
Taillow Taillow
Porygon2 Porygon2
Drampa Drampa
Noibat Noibat
Lotad Lotad
Scatterbug Scatterbug
Vullaby Vullaby
Inkay Inkay
Steenee Steenee
Skorupi Skorupi
Shellos Shellos
Metapod Metapod
Crawdaunt Crawdaunt
Froakie Froakie
Nincada Nincada
Gengar Gengar
Honedge Honedge
Amoonguss Amoonguss
Jumpluff Jumpluff
Vespiquen Vespiquen
Munna Munna
Kakuna Kakuna
Magnemite Magnemite
Whismur Whismur
Weezing Weezing
Woobat Woobat
Comfey Comfey
Bounsweet Bounsweet
Seaking Seaking
Tauros Tauros
Weepinbell Weepinbell
Stufful Stufful Conkeldurr
Shellder Shellder
Plusle Plusle
Treecko Treecko
Swadloon Swadloon
Bastiodon Bastiodon
Wailord Wailord
Escavalier Escavalier
