Monroe Lewisville Allentown Miami Elizabeth Dayton Merced Montgomery Detroit Three Kailua Boise Viejo Hesperia Clarke Killeen Akron Laredo Seven Kissimmee Denton Hayward Bedford Naples Prairie Muskegon Albany Cambridge Canton Layton Brownsville Baltimore Kenosha Burlington Daytona Anchorage Apple Fayetteville Fairfield Hampton Modesto Gilbert Dallas Gainesville Vista Greensboro Corpus Hartford Lafayette Hickory Bethlehem Bridgeport Abilene Charleston Johnson Boulder Four Monterey Denver Kennewick Ten Lakeland Mobile Leominster Havre Lancaster Hagerstown Antioch Elkhart Huntington Irving Baton Julian Cleveland Erie Athens Cary Manchester Chesapeake Asheville Carrollton Mesa Hialeah Davidson Rapids Arlington Mesquite Amarillo Birmingham Melbourne Lacey Danbury Monroe
91
Athens Athens
Hagerstown Hagerstown
Lancaster Lancaster
Asheville Asheville
Clarke Clarke
Monterey Monterey
Laredo Laredo
Carrollton Carrollton
Modesto Modesto
Boulder Boulder
Bridgeport Bridgeport
Ten Ten Jacksonville
Apple Apple
Johnson Johnson
Birmingham Birmingham
Kenosha Kenosha
Corpus Corpus
Huntington Huntington
Viejo Viejo
Lafayette Lafayette
Abilene Abilene
Hialeah Anaheim Hialeah
Naples Naples
Seven Seven
Melbourne Melbourne
Lewisville Lewisville
Davidson Davidson
Kissimmee Kissimmee
Monroe Monroe Clarksville
Bethlehem Bethlehem
Gainesville Gainesville
Cary Cary
Prairie Prairie
Charleston Charleston
Baltimore Baltimore
Antioch Antioch
Kennewick Kennewick
Detroit Detroit
Mobile Mobile
Lacey Lacey
Albany Albany
Elkhart Elkhart
Lakeland Lakeland
Dallas Dallas Huntsville
Baton Baton
Leominster Leominster
Gilbert Gilbert
Bedford Bedford
Four Four
Cleveland Cleveland
Canton Canton
Denton Denton
Miami Miami
Havre Aberdeen Havre
Hampton Hampton
Chesapeake Chesapeake
Hayward Hayward
Hickory Hickory
Layton Layton
Amarillo Amarillo Austin Glendale
Hesperia Hesperia
Fayetteville Fayetteville
Killeen Killeen
Arlington Arlington
Cambridge Lowell Cambridge
Boise Boise
Akron Akron
Greensboro Greensboro
Mesa Mesa
Denver Bradenton Denver
Kailua Kailua
Elizabeth Elizabeth
Erie Erie
Dayton Dayton
Hartford Hartford
Muskegon Muskegon
Vista Vista
Fairfield Fairfield
Montgomery Montgomery
Allentown Allentown
Three Three
Merced Merced
Daytona Daytona
Brownsville Brownsville
Anchorage Anchorage
Rapids Rapids
Irving Irving
Burlington Burlington
Manchester Manchester
Mesquite Mesquite
Julian Julian
