Burlington Cambridge Buffalo Hayward Amarillo Greenville Apple Bridgeport Miramar Clarke Columbus Cedar Chattanooga Merced Denver Rapids Chicago Louisville Myrtle Hampton McAllen Killeen Prairie Davenport Honolulu Naperville Independence Burlington
25
Honolulu Honolulu
Buffalo Buffalo
Greenville Greenville
Independence Independence
Chicago Chicago
Denver Denver
Killeen Killeen
Merced Merced
Hampton Hampton
Chattanooga Chattanooga
McAllen McAllen
Columbus Columbus
Cambridge Cambridge
Rapids Rapids
Naperville Naperville
Hayward Hayward
Clarke Clarke
Bridgeport Bridgeport
Myrtle Myrtle
Amarillo Amarillo
Davenport Davenport
Prairie Prairie
Miramar Miramar
Cedar Cedar
Louisville Louisville
