DK CP BM CU AA FB CM CA HC DI FA DM BW ED FW HJ CE BE GY DB AU DO DT BP GR EW AB GG EY AO AG BI DX DP EQ AM CC AY CD BL FT FH EA AZ BC EL DD CR GT GX EB AK FZ HB DN BZ FG BH DU FD FP BV BF EN HE DZ AV AN GZ DL CS GB EF CG CT ET GN EM HF ES CK AT CW BR GV DE EP CY DF CI CX HD EO FN HI DK
94
AA AA
AB AB
AG AG
AK AK
AM AM
AN AN
AO AO
AT AT
AU AU
AV AV
AY AY
AZ AZ
BC BC
BE BE
BF BF
BH BH
BI BI
BL BL
BM BM
BP BP
BR BR
BV BV
BW BW
BZ BZ
CA CA
CC CC
CD CD
CE CE
CG CG
CI CI
CK CK
CM CM
CP CP
CR CR
CS CS
CT CT
CU CU
CW CW
CX CX
CY CY
DB DB
DD DD
DE DE
DF DF
DI DI
DL DL
DM DM
DN DN
DO DO
DP DP
DT DT
DU DU
DX DX
DZ DZ
EA EA
EB EB
ED ED
EF EF
EL EL
EM EM
EN EN
EO EO
EP EP
EQ EQ
ES ES
ET ET
EW EW
EY EY
FA FA
FB FB
FD FD
FG FG
FH FH
FN FN
FP FP
FT FT
FW FW
FZ FZ
GB GB
GG GG
GN GN
GR GR
GT GT
GV GV
GX GX
GY GY
GZ GZ
HB HB
HC HC
HD HD
HE HE
HF HF
HI HI
HJ HJ
