Soda MartinezCommons Brisbane VLSB AnthonyHall SproulPlaza HertzHall Unit1 BancroftLibrary EastGate ChouHall StadiumRimWay HearstMiningCircle Unit3 Hayward Saratoga BlumHall Cory WestCircle KroeberHall WheelerHall GoldmanField GilmanHall HearstGreekTheatre CalvinLaboratory PimentelHall BarkerHall Piedmont NorthGateHall DonnerLab LewisHall BarrowsHall Oakley Orinda GiauqueHall Alameda Pittsburg SatherTower KleebergerFieldHouse StHelena MinorHallAddition FoundersRock EvansHall SanRamon MosesHall Hillsborough Pacifica LowerSproulPlaza WellmanHall SternHall MLK Healdsburg SutardjaDaiHall Campanile PaloAlto WursterHall Fairfield SanRafael IshiCourt Benicia ZellerbachPlayhouse MulfordHall ZellerbachHall WicksonNaturalArea EtcheverryHall Soda
62
MartinezCommons ClearyHall Pinole MartinezCommons
GoldmanField GoldmanField
Orinda Orinda
Hayward Hayward
WursterHall WursterHall
AnthonyHall AnthonyHall
BarrowsHall WestGate
SutardjaDaiHall Insectary
DonnerLab DonnerLab
MinorHallAddition MinorHallAddition
WellmanHall WellmanHall
Pittsburg Pittsburg
ZellerbachPlayhouse ZellerbachPlayhouse
BlumHall BlumHall
SternHall SternHall
PimentelHall PimentelHall
Oakley Oakley
MulfordHall MulfordHall
StadiumRimWay StadiumRimWay
MLK WomenFacultyClub
FoundersRock FoundersRock
Hillsborough Hillsborough
ZellerbachHall ZellerbachHall
Pacifica Pacifica
LowerSproulPlaza LowerSproulPlaza
SanRafael Albany SanRafael
KroeberHall KroeberHall
HearstMiningCircle HearstMiningCircle
CalvinLaboratory CalvinLaboratory
EtcheverryHall EtcheverryHall
BarkerHall BarkerHall
Campanile Campanile
Alameda Alameda
KleebergerFieldHouse KleebergerFieldHouse
Saratoga Saratoga
GiauqueHall GiauqueHall
Cory Cory
Healdsburg Healdsburg
LewisHall LewisHall
IshiCourt IshiCourt ClarkKerrCampus SanPablo
Brisbane Brisbane
EastGate EastGate
Piedmont Piedmont
ChouHall Belmont ChouHall
GilmanHall GilmanHall
Fairfield Fairfield
StHelena StHelena
NorthGateHall NorthGateHall HargroveMusicLibrary
WheelerHall WheelerHall
WestCircle WestCircle
HertzHall HertzHall
SatherTower SatherTower
HearstGreekTheatre HearstGreekTheatre
SanRamon SanRamon
Benicia Benicia
SproulPlaza Emeryville SproulPlaza
Unit3 Unit3
BancroftLibrary BancroftLibrary
VLSB FrankSchlessingerWay
Unit1 Unit1
EvansHall EvansHall
WicksonNaturalArea WicksonNaturalArea
