BerkeleyArtMuseumand BancroftLibrary WarrenHall ChancellorsEsplanade HaasSchoolofBusiness McConeHall AnthonyHall BarrowsHall LiKaShingCenter BancroftDanceStudio PublicAffairsOfficeo HavilandHall McLaughlinHall FacultyGlade Sebastians CoryHall StanleyHall GraduateTheologicalU EllsworthParkingStru EvansHall MosesHall UpperHearstParkingSt CheitHall HearstMemorialMining ManvilleHall CaliforniaHall BanwayBuilding AHammock MagnesCollectionofJe MaxwellFamilyFieldan SimonHall Unit1ResidentHall InternationalHouse LowerHearstParkingSt FoxCottage2350Bowdit EastAsianStudiesInst WellmanHall NaturalResourcesLabo ZellerbachHall InvestigativeReporti EdwardsTrackStadiumG GianniniHall CesarEChavezStudentC HenryHWheelerBrainIm FacultyClub ClarkKerrCampus BowlesHall LeConteHall EnergyBiosciencesBui GoldmanField MartinezCommons MathematicalSciences KoretVisitorCenter LawrenceBerkeleyNati SutardjaDaiHall UniversityHealthServ GolbousPlace ObservatoryHill PacificFilmArchiveBe LatinAmericanStudies SimpsonCenterforStud InsectaryGreenhouse AcademicInnovationSt MariesHouse NorthField KoshlandHall MorrisonHall AlumniHouse Library Demography EvansDiamond IRLE UniversityHouse LawrenceHallofScienc MulfordHall SpiekerAquaticsCompl FallProgramforFreshm SatherTower ArchitectsEngineersA LawSchool BerkeleyArtMuseumand
80
BerkeleyArtMuseumand CareerCenter LegendsAquaticCenter BerkeleyArtMuseumand
LowerHearstParkingSt LowerHearstParkingSt
PacificFilmArchiveBe PacificFilmArchiveBe
FoxCottage2350Bowdit FoxCottage2350Bowdit
KoshlandHall KoshlandHall
Unit1ResidentHall Unit1ResidentHall
LeConteHall LeConteHall
EdwardsTrackStadiumG EdwardsTrackStadiumG
ArchitectsEngineersA ArchitectsEngineersA
HavilandHall HavilandHall
AnthonyHall AnthonyHall
LawrenceBerkeleyNati LawrenceBerkeleyNati
CesarEChavezStudentC CesarEChavezStudentC
HenryHWheelerBrainIm HenryHWheelerBrainIm
NorthField NorthField
MartinezCommons MartinezCommons
AlumniHouse AlumniHouse
WarrenHall WarrenHall
CaliforniaHall CaliforniaHall
AcademicInnovationSt AcademicInnovationSt
BowlesHall BowlesHall
Library Library
CheitHall CheitHall
AHammock AHammock
StanleyHall StanleyHall
LawSchool LawSchool
GoldmanField GoldmanField
MaxwellFamilyFieldan MaxwellFamilyFieldan
HaasSchoolofBusiness HaasSchoolofBusiness
UniversityHouse UniversityHouse
MulfordHall MulfordHall
BarrowsHall BarrowsHall
KoretVisitorCenter KoretVisitorCenter
PublicAffairsOfficeo PublicAffairsOfficeo
WellmanHall WellmanHall
ChancellorsEsplanade ChancellorsEsplanade
InvestigativeReporti InvestigativeReporti
GraduateTheologicalU GraduateTheologicalU
SatherTower SatherTower
FacultyGlade FacultyGlade
EastAsianStudiesInst EastAsianStudiesInst
ZellerbachHall ZellerbachHall
BancroftLibrary BancroftLibrary
SutardjaDaiHall SutardjaDaiHall
SimonHall SimonHall
FacultyClub FacultyClub
SimpsonCenterforStud SimpsonCenterforStud
HearstMemorialMining HearstMemorialMining
MosesHall MosesHall
SpiekerAquaticsCompl SpiekerAquaticsCompl
EvansHall EvansHall
McConeHall McConeHall
GianniniHall GianniniHall
NaturalResourcesLabo NaturalResourcesLabo
MorrisonHall MorrisonHall
McLaughlinHall McLaughlinHall
IRLE IRLE
UpperHearstParkingSt UpperHearstParkingSt
ClarkKerrCampus ClarkKerrCampus
LatinAmericanStudies LatinAmericanStudies
ManvilleHall ManvilleHall
LawrenceHallofScienc LawrenceHallofScienc
LiKaShingCenter LiKaShingCenter
Sebastians Sebastians
EnergyBiosciencesBui EnergyBiosciencesBui
MathematicalSciences MathematicalSciences
EllsworthParkingStru EllsworthParkingStru
FallProgramforFreshm FallProgramforFreshm
InternationalHouse InternationalHouse
GolbousPlace GolbousPlace
EvansDiamond EvansDiamond
CoryHall CoryHall
UniversityHealthServ UniversityHealthServ
ObservatoryHill ObservatoryHill
MagnesCollectionofJe MagnesCollectionofJe
BancroftDanceStudio BancroftDanceStudio
Demography Demography
BanwayBuilding BanwayBuilding
MariesHouse MariesHouse
InsectaryGreenhouse InsectaryGreenhouse
