a bz l ar cb aw cs ak br cd bm ep e dv bf ch ae ct ap cl an ee b fs fa ew eu dx fu dm ey em gm eq gh gn ec dg fn fh do ck by t df fr fv fd h dt c bb bd al u y aj bi ev fz gb ex ff cp bl bc az ag ci o ab du k cv j dn en gp ed fy ga fg w fb cu dq er aa de m eg p dj fl cq gl et ea ah bv a
100
a a
b b
c c
e e
h h
j j
k k
l l
m m
o o
p p
t t
u u
w w
y y
aa aa
ab ab
ae ae
ag ag
ah ah
aj aj
ak ak
al al
an an
ap ap
ar ar
aw aw
az az
bb bb
bc bc
bd bd
bf bf
bi bi
bl bl
bm bm
br br
bv bv
by by
bz bz
cb cb
cd cd
ch ch
ci ci
ck ck
cl cl
cp cp
cq cq
cs cs
ct ct
cu cu
cv cv
de de
df df
dg dg
dj dj
dm dm
dn dn
do do
dq dq
dt dt
du du
dv dv
dx dx
ea ea
ec ec
ed ed
ee ee
eg eg
em em
en en
ep ep
eq eq
er er
et et
eu eu
ev ev
ew ew
ex ex
ey ey
fa fa
fb fb
fd fd
ff ff
fg fg
fh fh
fl fl
fn fn
fr fr
fs fs
fu fu
fv fv
fy fy
fz fz
ga ga
gb gb
gh gh
gl gl
gm gm
gn gn
gp gp
