Fizz Viktor Nasus Heimerdinger Azir Xayah Morphling Ziggs Fiddlesticks VelKoz Mirana KhaZix Quinn NightStalker ShadowFiend Brewmaster Tristana Puck SpiritBreaker Cassiopeia TahmKench TrollWarlord Huskar Warlock Undying Janna JarvanIV Pantheon DeathProphet Timbersaw Singed Techies Ryze Irelia Kayn Vi Slark Yorick Sona Jayce Karma LeBlanc Kassadin Magnus CentaurWarrunner ShadowDemon Trundle Gragas Katarina Nidalee Kennen Vladimir Rubick Kled Orianna Beastmaster Tiny Talon Terrorblade Omniknight WinterWyvern Ekko Thresh Weaver Sven Slardar Leona Rengar Jinx Nunu Syndra Venomancer BountyHunter Medusa ShadowShaman Lucian Chen Visage Bane Rumble Zed FacelessVoid Amumu StormSpirit Zilean LoneDruid Oracle Sniper Kindred Fizz
88
BountyHunter BountyHunter
Talon Talon
Medusa Medusa
Rengar Rengar
Techies Techies
ShadowFiend ShadowFiend
WinterWyvern WinterWyvern
Terrorblade Terrorblade
Nasus Nasus
Fizz Fizz
Mirana Mirana
Leona Leona
Ekko Ekko
Oracle Oracle
Xayah Xayah
ShadowDemon ShadowDemon
Thresh Thresh
Sona Sona
Venomancer Venomancer
Nunu Nunu
Visage Visage
Lucian Lucian
Jayce Jayce
Warlock Warlock
Kennen Kennen
Amumu Amumu
Karma Karma
Chen Chen
Viktor Viktor
Kassadin Kassadin
Nidalee Nidalee
Beastmaster Beastmaster
Slardar Slardar
TrollWarlord TrollWarlord
Weaver Weaver
Sniper Sniper Annie
Sven Sven
Vladimir Vladimir
Yorick Yorick
Ziggs Ziggs
SpiritBreaker SpiritBreaker
KhaZix KhaZix
ShadowShaman ShadowShaman
Vi Vi
Heimerdinger Heimerdinger
Rumble Rumble
VelKoz VelKoz
Puck Puck
Ryze Ryze
Cassiopeia Cassiopeia
NightStalker NightStalker
Azir Azir
Omniknight Omniknight
Kayn Kayn
StormSpirit StormSpirit
Orianna Orianna
Zilean Zilean
Brewmaster Brewmaster
Pantheon Pantheon
JarvanIV JarvanIV
Timbersaw Timbersaw
Janna Janna
Singed Singed
Jinx Jinx
TahmKench TahmKench
Undying Undying
Syndra Syndra
Quinn Quinn
Irelia Irelia
Rubick Rubick
Zed Zed
Slark Slark
CentaurWarrunner CentaurWarrunner
Fiddlesticks Fiddlesticks
LoneDruid LoneDruid
Tiny Tiny
LeBlanc LeBlanc
DeathProphet DeathProphet
Kled Kled
Morphling Morphling
FacelessVoid FacelessVoid
Katarina Katarina
Huskar Huskar
Magnus Magnus
Tristana Tristana
Bane Bane
Gragas Gragas
Trundle Trundle
