L16 L58 L19 L95 L152 L106 L35 L107 L1 L130 L5 L18 L99 L138 L0 L45 L33 L109 L13 L38 L132 L145 L67 L52 L79 L62 L29 L6 L124 L27 L3 L36 L77 L70 L56 L17 L126 L129 L4 L40 L65 L143 L138 L61 L63 L135 L49 L153 L94 L0 L66 L8 L84 L114 L140 L62 L125 L81 L76 L118 L126 L151 L150 L87 L12 L0 L85 L7 L22 L45 L41 L72 L71 L108 L24 L28 L149 L4 L110 L147 L133 L103 L47 L146 L20 L32 L92 L90 L119 L75 L142 L104 L89 L11 L74 L0 L113 L85 L112 L78 L108 L59 L96 L8 L116 L2 L84 L140 L100 L76 L134 L121 L82 L12 L28 L153 L148 L86 L94 L21 L128 L0 L120 L22 L82 L141 L97 L73 L16
82
L1 L1
L2 L2
L4 L4
L5 L5
L6 L93
L7 L7
L8 L8
L11 L11
L12 L12
L13 L139
L16 L16
L18 L18
L20 L20
L21 L21
L22 L22
L24 L24
L27 L27
L28 L28
L29 L29
L32 L83
L35 L35
L38 L38
L40 L40
L47 L47
L49 L131
L52 L43 L52
L56 L56
L61 L61
L62 L62
L63 L63
L65 L65
L67 L67
L70 L70
L72 L72
L74 L74
L75 L75
L76 L76
L77 L77
L78 L78
L79 L79
L81 L125
L82 L82
L84 L84
L85 L85
L87 L87
L89 L89
L90 L90
L92 L92
L94 L94
L95 L95
L99 L99
L100 L100
L103 L103
L104 L104 L9
L106 L106
L107 L107
L109 L109
L110 L53 L110
L114 L114
L116 L101
L119 L119 L80
L124 L124
L126 L126
L128 L128
L129 L129
L130 L130
L133 L144 L133 L68
L134 L134
L138 L138
L140 L140
L141 L141
L142 L142
L143 L143
L145 L145
L146 L146
L147 L147
L148 L91
L149 L149
L150 L150
L151 L151
L152 L152
L153 L153
