187 48 63 195 199 70 162 68 32 45 98 66 172 144 52 78 166 173 72 136 178 161 137 0 110 179 36 87 164 43 30 2 77 107 190 169 149 6 12 152 106 108 21 105 74 39 69 171 93 41 146 114 79 44 180 154 194 165 160 117 140 65 95 58 126 184 92 101 127 82 123 148 150 133 131 109 22 71 181 124 128 102 175 142 18 99 7 67 47 156 37 59 13 120 88 153 86 187
85
2 2
6 6
7 7
12 12
13 13
18 18
21 90
30 30
32 32
36 36
37 42
39 39
41 41
44 44
45 45
47 47
48 48
52 52
58 157 176 58 83
59 59
63 63
65 183 65
66 8
67 67
68 68
69 69
70 70
71 71
72 72
78 78
79 79
82 82
86 86
87 87
88 94
92 92
93 93
95 95
99 196
102 9
106 111 163
107 107
108 55 108
109 109
110 110
114 114
117 117 73
120 120
123 15
124 23 124
126 126
127 127
128 128
131 131
133 133
136 136
137 33 53
140 140
142 142
144 119
146 146
148 148
149 132
150 150
152 152
153 153 29
154 54 134 89 97 154
156 156
160 160
161 191 161
162 162
164 164
165 165
166 166
169 169
171 171
172 172
173 173
175 175
180 180
181 181
184 184
190 190
194 80
199 199
