location1 location178 location175 location32 location96 location125 location95 location70 location2 location66 location11 location174 location180 location141 location105 location128 location25 location15 location12 location44 location157 location138 location84 location77 location33 location168 location185 location29 location35 location88 location161 location177 location120 location37 location151 location182 location110 location57 location17 location143 location100 location136 location30 location26 location31 location20 location1
41
location1 location90 location129
location2 location2 location165 location154
location11 location11
location12 location12 location74
location15 location111
location17 location17 location152
location20 location20 location56 location107 location10
location25 location25
location26 location97 location116 location49 location26
location29 location197
location30 location30
location31 location133 location75
location32 location159 location13 location87 location58 location32
location33 location33
location35 location35
location37 location65 location37
location44 location5 location114 location44 location148
location57 location57
location70 location150
location84 location109
location88 location82 location68 location91 location139 location146
location95 location195 location196 location95 location94
location96 location85 location96
location100 location92 location100 location193
location105 location105
location110 location69 location110 location142 location93 location3
location120 location140
location128 location128
location136 location136 location46
location138 location6
location143 location169 location143 location171 location186 location127
location151 location106 location43 location59 location188 location130 location118
location157 location158 location157 location28 location179 location149 location199 location22 location184 location181 location172 location40
location161 location16 location161
location168 location123
location175 location175
location177 location177
location178 location108 location27 location178 location190
location180 location180
location182 location182 location164
location185 location185
