0 21 25 78 29 59 151 37 19 22 49 98 12 42 4 88 89 47 132 28 170 114 2 44 66 0 198 65 75 128 56 169 96 8 82 40 15 32 108 123 113 16 48 77 95 5 46 13 62 17 39 38 35 143 180 170 173 60 86 81 11 76 9 41 30 87 71 158 64 45 27 74 138 24 7 54 53 61 36 107 14 68 84 73 58 91 70 92 69 51 57 94 26 3 83 172 130 43 126 147 99 34 10 178 100 85 52 18 0
89
2 2
3 3
4 4
5 5
7 7
8 8
9 9
10 10
11 11
12 12 80
13 13
14 6 14 72
15 15
16 16
17 17
18 18
19 19
21 21
22 22
24 24
25 25
26 26
27 27
28 28
29 29
30 30
32 32
34 34 79
35 35
36 33 36
37 37
38 38
39 39
40 40
41 41
42 42
43 23 43 63
44 44
45 45
46 46
47 47
48 48
49 20 49
51 51
52 52
53 53
54 54
56 56
57 57
58 58
59 59
60 60 90
61 61
62 62
64 64
65 65
66 1 66
68 68
69 69
70 70
71 71
73 73
74 74
75 55 75
76 76
77 77
78 78
81 81
82 82
83 83
84 84
85 85
86 86
87 87
88 88
89 89
91 91
92 92
94 94
95 95
96 96
98 98
99 99
100 100
108 67
158 93
169 97
172 31
198 50
