c5 t1 t0 t9 p1 g3 s4 r2 j6 f2 t7 p0 f5 j3 q5 k6 m1 c8 c3 k9 c2 b3 i8 c9 g5 o2 e0 b0 g0 p9 l0 g9 c4 h1 n6 s2 q3 h3 h4 r7 e1 o4 i5 q7 l3 r3 j5 s1 o6 j0 d5 h6 d1 f1 g4 s9 g8 e2 g7 r4 t5 q8 h2 n3 o7 r1 q0 m4 j7 a0 o0 a5 j1 t6 l8 s8 d6 r9 i4 n4 f0 l5 s5 c5
69
a0 a0
b0 a7
b3 b3 a8 a1
c3 b7 l6 c3 j2 a6 s3 p7 a4 l1
c4 c4
c8 c8
d5 d5
d6 d6
e0 e0
e1 e1
e2 e2
f0 n0
f2 f2
f5 f5 f3
g0 g0
g3 g3
g4 g4
g5 g5
g7 g7
g8 s7 g8
g9 g9
h1 h1
h2 h2
h3 h3
h4 h4
h6 h6
i4 i4
i5 i5
j1 h0
j3 j3
j5 j5
j6 j6
j7 j7
k6 k6
k9 k9
l0 l0
l3 l3
l8 l8 t8
m4 m4
n3 n3
n4 n4
n6 n6
o0 o0
o2 o2
o4 o4
o6 o5 o6 l4 b5
o7 g1 o7 g6 m7 i0 t2 h5 k1 f6
p0 d4 i1 b1 p0 m0
p1 e4
p9 p9 o8
q0 q0
q3 q3
q5 q5
q8 q8
r1 r1
r2 r2
r4 r4
r7 r7
r9 r9
s1 s1
s2 s2
s4 s4
s9 s9
t0 q1 t0
t1 t1
t5 t5 e5
t6 t6
t7 t7
t9 t9
