190 75 166 56 0 95 162 108 126 9 118 181 120 151 102 109 46 170 62 155 1 156 50 54 32 177 148 185 81 147 67 165 93 189 111 30 141 94 113 182 2 99 132 83 80 145 38 65 64 179 100 68 25 22 117 139 193 146 171 71 143 88 92 114 135 45 153 5 172 4 47 138 52 82 44 168 23 84 186 57 169 176 21 16 34 55 103 130 190
74
1 1 142
2 2
5 5
21 21
22 22
23 23
25 104
30 30
32 32
34 34
38 38
44 149 44
45 45
46 46
47 47
50 50
52 52
54 54 163
55 55 36
56 60 56
57 57
62 62
65 65
67 67 8
68 10 68
71 71
80 40
81 173
82 61
83 33 129 83
84 192 84
92 92 106
93 93 116 164
94 94
95 95
99 188 99
100 100
102 198 102
103 103
108 69 133 108
109 109
111 111
113 123 113
114 114
117 117
118 118
126 3
132 132 152
135 135
138 138
139 139
141 141
145 137 121
146 146
147 27
151 29
153 153
156 156
162 162
165 165 136
166 166
168 168
169 169
171 195
172 172
176 176
177 177 101
179 11 179 66
181 181
182 182
185 185 112 76
186 186
189 189
193 193
