Loc1 Loc32 Loc17 Loc21 Loc9 Loc3 Loc29 Loc92 Loc13 Loc11 Loc2 Loc34 Loc10 Loc75 Loc52 Loc70 Loc50 Loc51 Loc18 Loc98 Loc38 Loc79 Loc46 Loc16 Loc87 Loc4 Loc7 Loc68 Loc47 Loc57 Loc72 Loc15 Loc64 Loc55 Loc42 Loc62 Loc44 Loc25 Loc53 Loc65 Loc88 Loc45 Loc76 Loc83 Loc0 Loc19 Loc37 Loc1
42
Loc0 Loc0
Loc2 Loc2
Loc3 Loc3
Loc4 Loc4
Loc7 Loc22 Loc7
Loc9 Loc9
Loc10 Loc10
Loc11 Loc11
Loc13 Loc13
Loc15 Loc15
Loc17 Loc17
Loc18 Loc90 Loc63 Loc18
Loc19 Loc19
Loc21 Loc21
Loc25 Loc25 Loc56
Loc29 Loc29
Loc32 Loc32
Loc34 Loc91 Loc34
Loc37 Loc49
Loc38 Loc38
Loc42 Loc42
Loc44 Loc41
Loc45 Loc45
Loc46 Loc46
Loc47 Loc47
Loc50 Loc50
Loc52 Loc52
Loc53 Loc53
Loc55 Loc80 Loc55
Loc57 Loc69
Loc62 Loc62
Loc64 Loc43
Loc65 Loc65 Loc81
Loc68 Loc68
Loc70 Loc70
Loc72 Loc72
Loc75 Loc6
Loc76 Loc76
Loc79 Loc79
Loc87 Loc87 Loc74
Loc92 Loc92
Loc98 Loc98
