114 78 161 119 74 157 22 69 8 155 127 64 111 115 37 5 195 196 134 177 140 159 168 0 27 100 125 43 59 89 70 132 54 16 130 176 183 146 169 87 38 84 96 167 147 32 24 179 36 4 3 90 124 31 122 103 186 170 102 174 94 7 14 33 48 15 120 42 112 181 109 75 57 182 164 117 1 35 149 62 108 92 47 26 18 63 133 10 25 191 76 135 187 53 85 28 91 67 49 114
83
0 0 173 29
1 1
3 3
4 4
5 41 5
7 7
10 10
14 14
15 15
16 16
18 18
24 24
26 26
28 28
31 31
32 32
33 33
35 35
36 36
37 37
38 38
42 42
43 197 43
47 47
49 49
53 95 53
59 131 59
62 62
63 63
64 171
67 67
69 69
70 70
74 175 74
75 75
76 76
78 78
84 84
85 199
87 87
89 89
91 91
92 92
94 94
96 96
100 188 98 100 81
102 102
103 103
108 51 108
109 109
111 111
112 112 105
114 114
115 115
117 117
119 119
120 66
124 124
127 127
132 12
133 133
134 134
135 135 93
146 146
147 147
149 149
155 155
161 161
164 154 164
167 167
169 169
170 170
174 174 150
176 176
177 177
181 21 148 181
182 182
183 183
186 166
187 187
191 191
195 195
196 196
