n0 n22 n12 n56 n77 n28 n60 n45 n178 n11 n21 n48 n114 n145 n29 n47 n70 n26 n37 n41 n146 n24 n9 n80 n1 n84 n63 n150 n27 n98 n90 n19 n89 n30 n64 n71 n95 n42 n18 n4 n53 n149 n43 n76 n35 n97 n17 n96 n99 n54 n140 n91 n72 n148 n75 n86 n193 n88 n92 n33 n134 n130 n34 n160 n40 n46 n186 n65 n93 n55 n109 n142 n67 n23 n188 n49 n169 n181 n137 n115 n167 n191 n66 n59 n61 n31 n68 n85 n0
70
n0 n0
n1 n1
n4 n4
n9 n3 n9 n52 n79
n11 n11
n12 n12
n17 n17
n18 n18
n19 n19
n21 n21
n22 n22
n23 n23
n24 n24 n82
n26 n26
n27 n27
n28 n28
n29 n29
n30 n30
n31 n2 n31 n81 n87
n33 n33
n34 n34
n35 n35
n37 n37
n40 n40
n41 n7 n15 n41 n58 n73
n42 n16 n42 n51 n69
n43 n43
n45 n45
n46 n46
n47 n47
n48 n48
n49 n49
n53 n5 n53
n54 n54
n55 n55
n56 n56
n59 n59
n60 n60
n61 n8 n32 n61
n63 n63
n64 n64
n65 n65
n66 n66
n67 n50 n67
n68 n68
n70 n70
n71 n71
n72 n72
n75 n75
n76 n76
n77 n77
n80 n80
n84 n84
n85 n83 n85
n86 n57 n86
n88 n88
n89 n38 n89
n90 n90
n91 n91
n92 n92
n93 n93
n95 n62 n95
n96 n96
n97 n97
n98 n98
n99 n39 n78 n99
n149 n13 n25 n36 n94
n150 n14
n186 n10 n20 n44 n74
n193 n6
