n0 n12 n7 n27 n10 n44 n6 n42 n59 n19 n48 n3 n18 n43 n41 n31 n53 n88 n21 n5 n15 n83 n0 n29 n1 n19 n90 n84 n49 n24 n20 n40 n16 n96 n34 n39 n98 n33 n2 n17 n28 n76 n45 n25 n37 n14 n22 n26 n35 n36 n60 n11 n8 n9 n85 n32 n47 n0
45
n0 n0
n1 n1
n2 n2 n30
n3 n3
n5 n5
n6 n6
n7 n7
n8 n8
n9 n9
n10 n10
n11 n11
n12 n12
n14 n14 n46
n15 n15
n16 n16
n17 n17
n18 n18
n19 n19
n20 n20
n21 n21
n22 n22
n24 n24
n25 n25
n26 n26
n27 n27
n28 n28
n29 n13 n23 n29
n31 n4 n31
n32 n32
n33 n33
n34 n34
n35 n35
n36 n36
n37 n37
n39 n39
n40 n40
n41 n41
n42 n42
n43 n43
n44 n44
n45 n45
n47 n47
n48 n48
n49 n49
n76 n38
