Liam Ayden Carter Benjamin Sawyer Jayden Adam Brayden Jaxson Michael Ezra Thomas Dylan Owen Noah Luke Asher Jordan Nicholas Theodore David Sebastian Josiah Eli Dominic Oliver Logan William Aiden Elijah Mason Alexander Mateo Joseph Isaiah Liam
26
Liam Liam
Noah Noah
William William
Logan Logan
Benjamin Benjamin
Mason Mason
Elijah Elijah
Oliver Oliver
Michael Michael
Alexander Alexander
Aiden Aiden
Joseph Joseph
Sebastian Sebastian
David David
Carter Carter
Jayden Jayden
Owen Owen
Dylan Dylan
Luke Luke
Isaiah Daniel
Thomas James
Eli Lucas Jackson Wyatt
Brayden Ethan Samuel
Jordan Jacob Matthew
Adam Henry
Sawyer John
