Liam Evan Jude Joseph Robert Giovanni Ayden Brayden Jonathan Preston Richard Aiden Tucker Colton Adam Malachi Edward Wyatt Gael Dawson Gavin Waylon Connor Nathan Kevin Finn Luke Kingston Dean Chase Greyson Eric Beau William Landon Bennett John Messiah Zion Hayden Victor Gabriel Cameron Caleb Elliott Jeremy Joel Dylan Andrew Isaiah Hunter Thomas Emmett Josiah Justin Kai Bryce Oscar Jack Joshua Lucas Noah Maverick Camden Bentley Jayden Max Timothy Cooper Grant Antonio Kaleb Isaac James Steven Xavier Ryan Nolan Elijah Adrian Harrison Jaxson Angel Anthony Maxwell Grayson Elliot Jasper Ethan Juan Ivan Hudson Jameson Daniel Nicholas Silas Braxton Jackson Ezra Ezekiel Maddox Xander Leonardo Jordan Liam
73
Liam Liam
Noah Noah
William William
James James
Elijah Elijah
Lucas Lucas
Ethan Ethan
Daniel Daniel
Aiden Aiden Mateo
Joseph Joseph
Jackson Jackson
Wyatt Wyatt
Jayden Jayden
John Matthew John
Dylan Dylan Lincoln
Luke Luke
Gabriel Gabriel
Anthony Anthony
Isaac Isaac
Grayson Alexander Grayson
Jack Jack
Joshua Joshua
Andrew Oliver Andrew
Ryan Ryan
Nathan Nathan
Isaiah Isaiah
Thomas Thomas
Caleb Caleb
Josiah Julian Josiah
Hunter Hunter
Jonathan Jonathan
Connor Connor
Landon Landon
Adrian Adrian
Cameron Cameron
Hudson Hudson
Robert Robert
Nolan Logan Nolan
Nicholas Nicholas
Ezra Ezra Jose
Colton Colton
Angel Angel
Brayden Asher Brayden
Jordan Jordan
Adam Adam
Jaxson Jaxson
Greyson Greyson
Ezekiel Jeremiah Ezekiel
Evan Evan
Maverick Maverick
Cooper Cooper
Xavier Xavier
Chase Michael Aaron
Jameson Benjamin Jaxon
Kai Christopher Carson
Eric Samuel
Malachi Henry Leo Bryson
Jude Theodore Jace
Antonio Owen
Elliott Carter
Elliot David
Waylon Parker
Victor Dominic
Finn Jacob
Edward Sebastian
Hayden Austin
Richard Easton
Tucker Mason Charles
Steven Eli
Kaleb Elias
Oscar Levi
Dawson Ian
Zion Christian
