LOC16 LOC18 LOC15 LOC46 LOC25 LOC59 LOC73 LOC51 LOC3 LOC6 LOC97 LOC0 LOC36 LOC26 LOC4 LOC47 LOC63 LOC75 LOC8 LOC91 LOC76 LOC93 LOC62 LOC89 LOC31 LOC61 LOC48 LOC56 LOC90 LOC34 LOC12 LOC28 LOC82 LOC37 LOC80 LOC45 LOC71 LOC44 LOC33 LOC9 LOC85 LOC52 LOC16
34
LOC0 LOC23
LOC3 LOC3
LOC4 LOC4
LOC6 LOC70
LOC8 LOC17
LOC9 LOC9
LOC12 LOC81 LOC12
LOC15 LOC15
LOC18 LOC18 LOC22 LOC57
LOC25 LOC25
LOC26 LOC26
LOC28 LOC28
LOC31 LOC31
LOC33 LOC33
LOC36 LOC36
LOC37 LOC37
LOC44 LOC96
LOC45 LOC45 LOC79 LOC50
LOC46 LOC46 LOC53
LOC47 LOC47
LOC52 LOC52
LOC56 LOC98 LOC56
LOC59 LOC59
LOC61 LOC61
LOC62 LOC62
LOC73 LOC73 LOC99
LOC76 LOC29
LOC80 LOC95
LOC82 LOC82
LOC85 LOC85
LOC89 LOC89
LOC90 LOC90 LOC20
LOC91 LOC43 LOC78
LOC97 LOC97
