zero four five twelve nineteen twenty twentyseven twentysix thirtythree thirtytwo thirtynine forty fortyseven fortyeight fortynine fiftysix fiftyfive sixtytwo sixtyone sixty fiftynine sixtysix sixtyseven sixtyeight sixtynine seventy sixtyfour seventyone seventyseven eightyfour seventyeight seventynine eighty eightyone eightyeight eightynine ninety eightythree seventysix seventyfive seventyfour seventythree seventytwo sixtyfive fiftyeight fiftyseven fifty fiftyone fortyfour fortyfive thirtyeight thirtyone twentyfour twentythree twentytwo twentynine thirtyfive twentyeight twentyone fourteen eight nine ten three two zero
42
zero six
two two
three three
four four
five five
ten ten
twelve twelve
fourteen fourteen
twenty twenty
twentyone fifteen
twentytwo twentytwo
twentyfour twentyfour twentyfive
twentynine twentynine thirty
thirtythree thirtythree
thirtyfive thirtyfour thirtyfive
thirtyeight thirtysix thirtyseven
thirtynine thirtynine
fortyfour fortyfour
fortyfive fortyfive
fortyseven fortyseven
fortyeight fortyeight
fifty fifty
fiftyone fiftyone fiftythree
fiftyfive fiftyfive
fiftyseven fiftyseven
sixty sixty
sixtyone sixtyone
sixtytwo sixtytwo
sixtyfive sixtyfive
sixtysix sixtysix
sixtyseven sixtyseven
sixtyeight sixtyeight
seventy seventy
seventyone seventyone
seventyfive seventyfive
seventyseven seventyseven
seventyeight seventyeight
seventynine seventynine
eightyone eightyone eightytwo
eightyfour eightyfour
eightyeight eightyseven eightyeight ninetyfive
eightynine eightynine
