0 81 85 1 73 53 17 111 77 39 65 114 180 109 45 95 100 97 89 61 63 8 151 106 153 158 108 194 118 98 36 125 101 68 33 105 21 103 116 112 92 55 119 171 90 4 107 2 102 132 12 113 178 138 104 140 191 117 3 0
29
100 120 121 122 123
101 124 126 127 128 129 130
102 131 133
103 134 135 136 137
104 139
105 141 142 143 144 145 146
106 147 148 149 150 152 154
107 155
108 156 157 159 160 186 187
109 161 162 163 164 165 166 167
112 172 173 174 175 176 177
113 168 169 170 179
114 181 182 183 184 185
116 188 189 190
117 192 193
118 195 196
119 197 198 199
125 125
132 132
138 138
140 140
151 151
153 153
158 158
171 171
178 178
180 180
191 191
194 194
