pump need tip feign sit pursuit park pray sweet formulate consideration line sacrifice wear literature exercise mud category engineer button sticky ensure lemon row aspect minor fairy lot appearance admiration attractive range depressed privilege impound distributor title performance polish hallway linger valley rock leadership preoccupation judicial reject survival overlook freedom physical wage diagram guideline descent pipe anger brain separate reflection mouse plug unanimous ghost parallel gloom innovation hierarchy affect nominate pedestrian prospect forest ground packet sentiment float genetic novel pump
78
row row
guideline guideline
impound impound
feign feign
mouse mouse
park park
minor minor
admiration admiration
diagram diagram
descent descent
button button
prospect prospect
affect affect
need need
overlook overlook
pump pump
privilege privilege
aspect aspect
survival survival
parallel parallel
sacrifice sacrifice
mud mud
sit sit
packet packet
category category
ensure ensure
distributor distributor
line line
literature literature
gloom gloom
rock rock
appearance appearance
float float
tip tip
ghost ghost
pedestrian pedestrian
plug plug
consideration consideration
range range
leadership leadership
preoccupation preoccupation
wage wage
lemon lemon
sweet sweet
reflection reflection
unanimous unanimous
wear wear
sticky sticky
lot lot
anger anger
innovation innovation
ground ground
physical physical
pursuit pursuit
nominate nominate
exercise exercise
pipe pipe
sentiment sentiment
hierarchy hierarchy
valley valley
judicial judicial
linger linger
depressed depressed
hallway hallway
attractive attractive
separate separate
engineer engineer
polish polish
title title
reject reject
pray pray
freedom freedom
genetic genetic
brain brain
forest forest
performance performance
fairy fairy
formulate formulate
