F1E81B 813B05 396D53 462226 EE2A22 59843B DE6899 BDE94D 2924CB 1F842B B69F55 239994 6825D4 1D21D3 8BFCAC 612FAA 124C90 D4A75D 1111F7 E33276 29D5D7 8015E0 E3C2C9 0CBC31 5D0E2E B47658 D6CC7A 846159 783751 ABD8FE D2BE39 490F1E 77A0B5 94A561 112AE7 BB4908 E5E6C0 C9AF85 9096DB 36590B 53C6C8 7829D7 CF668A 614224 103724 191510 6B4619 CC9C14 10520F 086D53 4A5708 94941B 7BE8A9 B27903 205E5C DCE144 AEFF96 685D1A 6CAF46 B7F75A EC4D08 E0BEFC 82A1F6 47FACD 0F5860 002274 DD07FF 6C010A 8417C8 CDC6D4 770D1A 17779E FFFD4B 573788 2334E8 851F90 D1967A 3B4B53 2595F1 8B519F C953A6 14B430 E80628 13A782 8F17C0 D8AAF4 A014A0 5F4E43 6B622D C45E71 1B337D EB8E2E A9F1B8 24743A 5C7062 4CAD30 0C73D8 86493E 4B3F8A 230A7C 85D6DB 7D997B F1E81B
82
614224 614224
086D53 F33196 61199E
490F1E 490F1E
17779E 17779E
1D21D3 8EBF8A
6B622D 6B622D
C45E71 4A28BA
8015E0 8015E0
230A7C 230A7C
E3C2C9 E3C2C9
4CAD30 4CAD30
D1967A D1967A
D4A75D D4A75D
851F90 851F90
DD07FF 1E1095
7D997B E51A66
124C90 124C90
3B4B53 3B4B53
DE6899 DE6899
AEFF96 AEFF96 36C862
8BFCAC 8BFCAC
1111F7 6B340B 6966D7
1F842B 1F842B 7E78F3
A9F1B8 52C88C
191510 305D33
770D1A 770D1A
8B519F 8B519F
E5E6C0 E5E6C0
396D53 396D53
8F17C0 151BC9 8F17C0
2595F1 8B6C2F
10520F C3EF62
E0BEFC 28F6D1
14B430 14B430
239994 239994
29D5D7 29D5D7
A014A0 93EBE3
B69F55 2CCB19 B69F55
B7F75A B7F75A
86493E 86493E
F1E81B F1E81B
8417C8 8417C8
205E5C BB40E6
0F5860 0F5860
82A1F6 2FEDFB
5C7062 5C7062
EB8E2E 596CF6 14994D
5F4E43 5F4E43
5D0E2E 6E313C 2BF7B5
846159 5BB557 90451D 6D51F4
7BE8A9 FFEEBD
7829D7 7829D7
85D6DB 85D6DB 63361A
ABD8FE 20EAE7 ABD8FE
813B05 813B05
EE2A22 4B97F1
36590B 66048A 36590B
47FACD 47FACD
002274 D337F2 C3B3E7
573788 573788
DCE144 DCE144
B47658 B47658
C953A6 293D59
BB4908 C18C9B BB4908
685D1A 685D1A
103724 CEAC59
C9AF85 C9AF85
FFFD4B FFFD4B
783751 783751
6825D4 AE4A01
1B337D 4099A6 7E1C6C
59843B 59843B
9096DB 9096DB
E80628 E80628
0C73D8 E81014
13A782 C4303B
77A0B5 77A0B5
4A5708 4A5708
CC9C14 A1F104 CC9C14
94A561 94A561
0CBC31 8F495E 0CBC31
D6CC7A D6CC7A
