context interaction road reality satisfaction construction while departure anxiety currency wood bit store farmer bedroom thanks bread teaching aspect fat attempt care state ability soil context
25
context context
aspect aspect
construction construction
teaching teaching
bedroom bedroom
satisfaction satisfaction
state state
departure departure
reality reality
road road
ability ability
attempt attempt
bread bread
soil soil
currency currency
farmer farmer
interaction interaction
wood wood
while while
bit bit
thanks thanks
anxiety anxiety
fat fat
store store
care care
