maintenance example chest day rate resolution object style marketing salad church property reputation war contract sign version sister driver population rock income complaint photo description woman volume depression obligation cause philosophy difficulty economy feature average career inspection movie selection account role beer price bread competition wife focus action context future maintenance
50
maintenance maintenance
future future
description description
sign sign
career career
church church
obligation obligation
volume volume
reputation reputation
chest chest
cause cause
role role
income income
version version
philosophy philosophy
difficulty difficulty
contract contract
depression depression
war war
inspection inspection
movie movie
bread bread
salad salad
property property
selection selection
feature feature
day day
wife wife
price price
action action
marketing marketing
photo photo
account account
resolution resolution
beer beer
sister sister
woman woman
context context
complaint complaint
competition competition
driver driver
economy economy
rate rate
average average
focus focus
style style
population population
object object
example example
rock rock
