S BR T AI X R AP M CN AN CF L CV O BP E AT P AF J BW Q Y N CD F CM A CC AC CK H CS G CU V BD C CA B AR K CL CB CP AB BI AW CR I AZ D AM CT Z AY W BK S
58
A A
B B AX
C C
D D
E E
F F
G G
H H
I I
J J
K K
L L U
M M
N N
O O
P P
Q Q AE AG AO AS BA BB BC BG BH BJ BM BQ BT BX CE CJ CQ
R R
S S
T T
V V
W W
X X
Y Y
Z Z
AB AB
AC AC
AF AF
AI AI
AM AM
AN AD AH AJ AK AL AN AU BL BN BO BU BV BY CH CI CO CW
AP AP
AR AR
AT AT
AW AW BE BF BS BZ
AY AY
AZ AZ
BD BD
BI BI
BK BK
BP BP
BR BR
BW BW
CA CA
CB CB
CC CC
CD CD
CF CF
CK CK
CL CL
CM CM
CN CN
CP CP
CR CR
CS CS
CT AA AQ AV CT
CU CU
CV CV
