Bowles Birge Bechtel Wilde StrawberryCreek Wolf Unit2 Greek Stebbins Safeway Warren Tan Hargrove BearFoodCourt SigmaPhiOmega Evan Jacob Cory Stanley LeConte VLSB Boalt Kresge Gregoire Kah Sutardja Wellman Moses Pimentel South Latimer Mulford Bowles
24
Cory Extension
Jacob Foothill HearstAnnex Haas Unit1 Hildebrand Morgan Unit3 CKerr Martinez WayWest Pavilion Crossroads Browns YogurtPark Ridge Lothlorien Chipotle UCTheatre Barker GammaPhiBeta MFoundry NCEM
Evan Evan Blackwell Cloyne GenPlantBio
Bechtel Maxwell Baker Barrows Simons TacoBell Strada Daiso RoseGarden AlphaSigmaPhi
Stanley Campbell Doe Koshland
LeConte Campanile RSF Wurster Zellerbach Bongo ShengKee Spats Cheeseboard PiLambda PiAlphaPhi ALS
Latimer Edwards Rochdale Easterly
Birge Birge
Bowles Calvin Etcheverry LaVals Graduate
Moses Moses Gypsys
VLSB VLSB NorthGate
Wellman Wellman
Mulford Mulford Crescent
Boalt Boalt
Greek Greek
Sutardja Sutardja
Kresge Kresge PeoplesPark Castro
Pimentel Stacks Sherman
Unit2 Unit2 IndianRock
Safeway Safeway
Wilde Wilde
Wolf Wolf
StrawberryCreek StrawberryCreek
BearFoodCourt BearFoodCourt
