110 195 77 168 44 72 85 87 66 60 100 124 81 159 174 38 142 13 160 158 176 11 61 39 55 138 3 127 122 190 106 145 91 67 15 163 132 90 26 103 199 152 64 96 50 56 161 5 83 141 101 43 193 89 173 30 31 146 25 41 192 40 14 170 123 121 131 6 140 51 71 108 19 165 22 52 53 175 1 36 79 149 126 147 107 8 0 29 28 154 0 110
80
0 0
1 1
3 3
5 5
6 6
11 11
13 13
14 14
15 15
19 19
22 22
25 54 197 47 169 25 45 73 92
26 26
28 28
29 29
30 76 30 94
36 36
38 38
39 39
40 40
41 41 20
43 43
44 44
50 50
51 51
52 52
53 53
55 55
56 56
60 60
61 171
64 64
66 66
67 67
72 72
77 77
79 79
81 81
83 83
85 182 85
87 87
90 90
91 91
96 96
100 100
101 101
103 103
107 107
110 110
121 121
122 122
123 123
124 124
126 126
127 127
131 131
132 132
138 138
140 140
141 141 18
142 142
145 145
147 147
149 149
152 152
154 154
159 159
160 178 160 172 148 98 74 189
161 161
163 163
165 165
168 168
170 170
175 175
176 176
190 190
192 192
193 193
195 99 195 181
199 199
