Location0 Location43 Location19 Location6 Location23 Location33 Location75 Location14 Location2 Location115 Location24 Location35 Location31 Location1 Location8 Location40 Location89 Location4 Location7 Location26 Location21 Location20 Location117 Location5 Location12 Location39 Location17 Location110 Location105 Location30 Location58 Location80 Location27 Location112 Location44 Location13 Location93 Location28 Location9 Location25 Location34 Location36 Location45 Location37 Location102 Location0
39
Location1 Location1 Location41
Location2 Location2
Location4 Location4
Location5 Location5
Location6 Location6
Location7 Location7
Location8 Location8
Location9 Location9
Location12 Location12
Location13 Location13
Location14 Location14 Location22
Location17 Location3 Location11 Location17
Location19 Location19
Location20 Location20
Location21 Location21
Location23 Location23
Location24 Location15 Location24
Location25 Location25
Location26 Location26
Location27 Location27
Location28 Location28
Location30 Location30
Location31 Location31
Location33 Location33
Location34 Location34
Location35 Location35
Location36 Location36
Location37 Location37
Location39 Location39
Location40 Location40
Location43 Location43
Location44 Location44
Location45 Location45
Location58 Location29
Location80 Location10 Location18
Location93 Location42
Location105 Location32
Location110 Location38
Location115 Location16
