31 56 155 4 160 7 86 68 67 108 9 15 152 88 80 28 16 143 145 110 148 70 19 60 69 38 64 151 125 35 24 89 1 127 77 42 83 90 104 157 114 47 126 72 140 121 54 144 74 65 87 36 73 146 107 112 52 128 31
43
1 195 13 198 197 173 20 81 120 180 105 119 14 169 184 179 137 164 170 12 186 33 141 115 191 29 131 171 199
4 78 21 106 123 4 45
7 7
9 9
19 138 134
28 28
35 35
38 58 38 30 6
42 42
47 47
52 167 196 46 168 188 52
60 60
64 64
65 65
67 27 67
68 66 32 68
69 69
72 99 156
74 74
77 77
80 80
83 83
86 22 117 86 103
87 175
88 88
89 89 57
90 90
107 107
108 93 147 108 49
110 110
112 112
114 114 48
121 121
125 125
127 127
128 128
140 82 94 140 149
143 143
146 146
148 148
151 151 34
152 152
160 160
