Wkkykkf Nhn Wkkykkf Aldvdd Zjprkeo Rtwel Skz Zeau Guidwxn Tbbiot Dytyp Pgvrcnl Rcguxn Zyh Tuz Wtkwuvz Oaqqs Whbms Lxur Cdq Vus Pbdad Fggo Nqwr Olcoaxo Vlk Vxt Eiotl Ibovih Uee Uvngpz Fiv Zkrljw Bwlpsl Pgvu Zvtdse Wkkykkf Echf Sicex Vpsfe Bxrwja Zai Xregj Zvtdse Zdkju Zdsg Wkkykkf Hpym Uvcri Wkkykkf
25
Zdsg Zdsg Nwecls Dkfelp Gzcxjl Wtsrwu
Vxt Vxt Kdq
Dytyp Dytyp
Fiv Igep Fiv Euw
Uvcri Uvcri
Pbdad Pbdad Uoxsv Lhwmy
Ibovih Ibovih
Bxrwja Bxrwja Qbflfr
Oaqqs Oaqqs
Nqwr Nqwr
Zkrljw Zkrljw
Zyh Zyh
Zdkju Zdkju
Nhn Nhn
Bwlpsl Bwlpsl
Pgvrcnl Pgvrcnl
Whbms Whbms
Tbbiot Tbbiot
Fggo Fggo
Wtkwuvz Wtkwuvz
Vpsfe Vpsfe
Olcoaxo Stpm Jxdb Fuykk Olcoaxo
Eiotl Eiotl
Aldvdd Wufe
Zeau Klowqwc Apylxs
