149 65 166 80 20 112 44 179 0 95 45 197 165 48 97 36 78 142 135 134 51 136 7 0 137 113 0 149
50
0 60
5 5 25
6 6 11
7 7
17 8 17 35
20 20
21 21 85
26 26
33 33 79
36 2 4 36 42 69
38 22 38 55
44 18 37 44
45 45
47 47
48 48
49 49
51 23 51 99
52 52
56 13 56
57 57 63
61 9 46 61
65 3 12 40 65
70 70 81
71 71
72 72
73 32 58 73
78 78
80 80
82 77 82
84 84
86 15 27 86
88 88
91 91 98
95 95
96 16 96
97 97
105 28 29 43
113 74
123 54 87
135 1 83
136 64
137 24
142 31 39 53 93 94
149 14 68
152 34 92
153 66
157 10 89 90
165 59 75
171 76 100
179 19 30 41 50 62 67
