7FWNmYu1sEzp7YpjhNM0 5yzYewNOjD4D1V8ZP8q1 LEf0huj6HzVDaAZAnsYH IcKzxr7CcACAPE40T0L0 6uJmr1C0tkMcbasOZ8YR RIFDgOYLizqUpmzvNX0Y g2g8WLVxe9HOQYy10Bok Hp324dioHwKLfiZ19twT CdlE2FMHtE23wbpleKPr B46pe0ii1rn1dcGCmje6 PyIlH9YicODghA6KwJUV lDAnOMVYOYXzMCtINEX8 qUHIoJ8btUij9h8nDU8R goJftIzc5FBlw9j9PMfL ZPdVSQmUt7J8A3Rehp7D pPWJrH430fABR0NcoPKV scUa5QdkUC7khfk1TYEx Wf5r5fLld7uYzA371YeY nAg8OEdqlYhSIX9nv2SQ AzIG5crlJuxKgwAi8EiY kgMLDXb5R3ORIfTilNFP W2denTwXnWz4qrXL3aFw 7FWNmYu1sEzp7YpjhNM0
22
kgMLDXb5R3ORIfTilNFP kgMLDXb5R3ORIfTilNFP
goJftIzc5FBlw9j9PMfL goJftIzc5FBlw9j9PMfL
B46pe0ii1rn1dcGCmje6 1foAom0YUla8ad6rygWf B46pe0ii1rn1dcGCmje6
6uJmr1C0tkMcbasOZ8YR 6uJmr1C0tkMcbasOZ8YR
pPWJrH430fABR0NcoPKV pPWJrH430fABR0NcoPKV
IcKzxr7CcACAPE40T0L0 IcKzxr7CcACAPE40T0L0 6uYVEZNStGwGBaOTSZJ3
ZPdVSQmUt7J8A3Rehp7D ZPdVSQmUt7J8A3Rehp7D
W2denTwXnWz4qrXL3aFw 9l9bqgsSEgsSkszLK4O4 W2denTwXnWz4qrXL3aFw
7FWNmYu1sEzp7YpjhNM0 A9DFzQyemv4Vrp2lXMgz
Hp324dioHwKLfiZ19twT Hp324dioHwKLfiZ19twT
RIFDgOYLizqUpmzvNX0Y RIFDgOYLizqUpmzvNX0Y
LEf0huj6HzVDaAZAnsYH LEf0huj6HzVDaAZAnsYH
g2g8WLVxe9HOQYy10Bok g2g8WLVxe9HOQYy10Bok
scUa5QdkUC7khfk1TYEx scUa5QdkUC7khfk1TYEx
lDAnOMVYOYXzMCtINEX8 lDAnOMVYOYXzMCtINEX8
PyIlH9YicODghA6KwJUV PyIlH9YicODghA6KwJUV
AzIG5crlJuxKgwAi8EiY AzIG5crlJuxKgwAi8EiY
nAg8OEdqlYhSIX9nv2SQ nAg8OEdqlYhSIX9nv2SQ
qUHIoJ8btUij9h8nDU8R qUHIoJ8btUij9h8nDU8R
5yzYewNOjD4D1V8ZP8q1 5yzYewNOjD4D1V8ZP8q1
CdlE2FMHtE23wbpleKPr CdlE2FMHtE23wbpleKPr
Wf5r5fLld7uYzA371YeY uKBUiyynqpfTFP93OJ0w
