PlmPdVeiiHQg3JYZCDWt xcisI0PJDdG9nIuyj3IS yD8JCRUWcVAZxJ4ZDldr m1A3pMC42PQioFziqK5C uNMLlt0W1KUwk2d6EP98 VuvjJGf6deKVAQ0JUD4i TpLamlzpT6GwerxzVsxr irZyMKazQALnyfoOCtbL cYMPcE5UNSzOtkRY62gr Oy6fETwECO5ouC6YS702 a06qeiApctGnC1GMtGuJ RuUdtXtfFCKpaLUcmsqg Osa2UT4anhyBl7doUFs5 SNmFiRdCmf8vg1yMqr30 WsVMGV8yZisK6ojnqzBE 1tmkPhHujDQhTmW4oV7S AmAHnr1XXkPpwJ6DUDIO JakuJordFcO229c3L5ct EY9cQTmyqhrzeZsobQa5 YFXFh0nBpGYXfL8mfny3 jVItWJkETNqrkY47Hghp 3rqlQRwe5izypHjXjWla kaVGl3oG0Ulg2MgkbJB8 kwA1qrRggH9YLKcVfIe5 2chOacZ5nNYuf6eeGFSW KjQNU2EAAYEZSeJWPxLM DF1KTiOHBIkswyjh8uB1 Wq14UxgLNQSDYKfwPKLH LWxNpOtygHuLI9qU5DwF Vh6ScHVb39wz7CmKwIuA 20utbptZXLJi5iRJMPtt W9TKm0U6bNDZ1Aok7hNH dvxgUZzwjHAP85QpElWp NXYVlLN4oRDZThND0BmP 4QLswP82Wvxw9Z42obzh IxWh6LSiXwGUWSx9VJ39 YXpO8M342ISxgv446YFJ grvEnF7GDly5W5B32u51 Zzs5CIqF9Ll2avkxI78N MEVVMgbTLIgXdG4vAbeX N5YDsCDN1lKguyHbn4Zb Tr6dOTuKB3EM5juuJxqy C6w7afZujemehEooILjN MSj6zOuZ0EoAKjP4wXXW x5UVX06335fM5pfCNBMU Dwi7fYT8wa9I4Kzyto4Y EkRPPDhcu5ww6XulSOgx eFBRJr5p5I2EdlVEayJ6 lcQ1GcVaImUGztIdTr68 82AQRTkjWEU79atYWx1r gRC6QGMaofieuDp4DxNK E8pbRn7LIeWnB3swkYzz nKDJ3ylOzub2eWcHnAhq ANdko3dYAy7a2BOq7wpm uaR7l3Qhn4FRAnSeVURz VXU331oDUcuzaGGUYIl9 iFXIyHTPBX7ivXxsV1VM g0ywcwildP9K6oBendJq KOLHrmR3FKDMdl4SYdK9 cUanhOambcNkocePqfvx CofLnw0Ss4pVGWmPS5oO 3M9YkxmgHhrzhCgskWR0 dsndgEJWfBsFA2I3Hgqf zforAf5jhSPEL0aOiCeo 7yt9hKqOEGabqtqIEmdH PlmPdVeiiHQg3JYZCDWt
74
7yt9hKqOEGabqtqIEmdH 7yt9hKqOEGabqtqIEmdH
dsndgEJWfBsFA2I3Hgqf dsndgEJWfBsFA2I3Hgqf
cUanhOambcNkocePqfvx cUanhOambcNkocePqfvx
uaR7l3Qhn4FRAnSeVURz GzSNGBn4EPemDLEWXNxx uaR7l3Qhn4FRAnSeVURz EVtx7khff7Fs8yuuQKJx 4S2YiI3VYPKghkl95iqK
x5UVX06335fM5pfCNBMU x5UVX06335fM5pfCNBMU
YmmIBqqdn3Z6PuFXWNHi YmmIBqqdn3Z6PuFXWNHi
a06qeiApctGnC1GMtGuJ o85TEEBuzMbePdf5cbCv 9zoM12ZWjXrKaszveCQH XdyhPab6W9wOZnKLq1fq a06qeiApctGnC1GMtGuJ
VuvjJGf6deKVAQ0JUD4i VuvjJGf6deKVAQ0JUD4i
1JawjZrawLlOCGN1EB0O 1JawjZrawLlOCGN1EB0O
irZyMKazQALnyfoOCtbL PIekFeWZsA6etqyFB2SF UkqILZ2p4EbRuMBIrGXp nyd0fM2XE4qmli1xfIwr irZyMKazQALnyfoOCtbL
ChEnlTNCMoqxBfyzEzW7 ChEnlTNCMoqxBfyzEzW7
WsVMGV8yZisK6ojnqzBE WsVMGV8yZisK6ojnqzBE
1tmkPhHujDQhTmW4oV7S 1tmkPhHujDQhTmW4oV7S BWhyt9wATIprZDhzxwVv
cYMPcE5UNSzOtkRY62gr cYMPcE5UNSzOtkRY62gr
N5YDsCDN1lKguyHbn4Zb N5YDsCDN1lKguyHbn4Zb ELEJN8tWDJT7mLhCdqW3
TpLamlzpT6GwerxzVsxr TpLamlzpT6GwerxzVsxr
82AQRTkjWEU79atYWx1r NA24XhOMsROCBnUViAJT
KOLHrmR3FKDMdl4SYdK9 KOLHrmR3FKDMdl4SYdK9
g0ywcwildP9K6oBendJq g0ywcwildP9K6oBendJq
grvEnF7GDly5W5B32u51 tX1uDaXm9hMlEKqU7m9j
Zzs5CIqF9Ll2avkxI78N nsq4rhHWMCaIVcah5fcd Zzs5CIqF9Ll2avkxI78N
Vh6ScHVb39wz7CmKwIuA Vh6ScHVb39wz7CmKwIuA
Osa2UT4anhyBl7doUFs5 Osa2UT4anhyBl7doUFs5
CofLnw0Ss4pVGWmPS5oO qOK6WPKQJA4Q9XqXgSgT CofLnw0Ss4pVGWmPS5oO GUntLlYA0xo9Vk4WLTLV
yKQw7YXCNsthb1VWEFur yKQw7YXCNsthb1VWEFur
IxWh6LSiXwGUWSx9VJ39 IxWh6LSiXwGUWSx9VJ39
804aK8wEArkuheeUiB4R 804aK8wEArkuheeUiB4R
Wq14UxgLNQSDYKfwPKLH hZHynIvymuQxD6BftzWt
EY9cQTmyqhrzeZsobQa5 EY9cQTmyqhrzeZsobQa5
060q0aISPODkGeAbYbQ6 060q0aISPODkGeAbYbQ6
kaVGl3oG0Ulg2MgkbJB8 kaVGl3oG0Ulg2MgkbJB8
7qCgmo7DrrfnVQIWnbiV 7qCgmo7DrrfnVQIWnbiV 48BAUsycKlkSkbOjYLFN 2Cz4Y4eG1XIezf9qpdQl 1wRG7TNgo9ui6iZBLuaw
iFXIyHTPBX7ivXxsV1VM iFXIyHTPBX7ivXxsV1VM
JakuJordFcO229c3L5ct JakuJordFcO229c3L5ct
U7iVliqmXRkLwyPSNdfv U7iVliqmXRkLwyPSNdfv
WZsO2i9GZwvMYoV9SyKS WZsO2i9GZwvMYoV9SyKS
Dwi7fYT8wa9I4Kzyto4Y Dwi7fYT8wa9I4Kzyto4Y
EkRPPDhcu5ww6XulSOgx EkRPPDhcu5ww6XulSOgx
MEVVMgbTLIgXdG4vAbeX MEVVMgbTLIgXdG4vAbeX
YIxKvTpWMaQKGFtD5BDH 76b3evP8JEiQ8c6jd2b5 YIxKvTpWMaQKGFtD5BDH
nKDJ3ylOzub2eWcHnAhq nKDJ3ylOzub2eWcHnAhq
q4nqG9N45SSRxndw48Xl q4nqG9N45SSRxndw48Xl
zforAf5jhSPEL0aOiCeo zforAf5jhSPEL0aOiCeo
eUyNsK7nwP1YPac54CbU eUyNsK7nwP1YPac54CbU
zvH9G6FQ1xC7CVezs43e zvH9G6FQ1xC7CVezs43e
YFXFh0nBpGYXfL8mfny3 YFXFh0nBpGYXfL8mfny3
AmAHnr1XXkPpwJ6DUDIO AmAHnr1XXkPpwJ6DUDIO
dvxgUZzwjHAP85QpElWp dvxgUZzwjHAP85QpElWp
jVItWJkETNqrkY47Hghp jVItWJkETNqrkY47Hghp
KjQNU2EAAYEZSeJWPxLM KjQNU2EAAYEZSeJWPxLM
3rqlQRwe5izypHjXjWla 3rqlQRwe5izypHjXjWla
DF1KTiOHBIkswyjh8uB1 DF1KTiOHBIkswyjh8uB1
2chOacZ5nNYuf6eeGFSW 2chOacZ5nNYuf6eeGFSW
RuUdtXtfFCKpaLUcmsqg RuUdtXtfFCKpaLUcmsqg WErk2X2lm629vuxPHVtl E59siIyngnj5PIsLeowv ML4pCjYl4gPEwSnvlRaD
MSj6zOuZ0EoAKjP4wXXW MSj6zOuZ0EoAKjP4wXXW
3M9YkxmgHhrzhCgskWR0 3M9YkxmgHhrzhCgskWR0
LXqfTqJggDSh6mykPyz3 LXqfTqJggDSh6mykPyz3
uNMLlt0W1KUwk2d6EP98 uNMLlt0W1KUwk2d6EP98
NXYVlLN4oRDZThND0BmP NXYVlLN4oRDZThND0BmP
xcisI0PJDdG9nIuyj3IS xcisI0PJDdG9nIuyj3IS
SNmFiRdCmf8vg1yMqr30 SNmFiRdCmf8vg1yMqr30
ukPtLY7YueARRkX8hPaS ukPtLY7YueARRkX8hPaS
ANdko3dYAy7a2BOq7wpm ANdko3dYAy7a2BOq7wpm
k8LvqKsQ4ejh0bCWs4fP k8LvqKsQ4ejh0bCWs4fP
E8pbRn7LIeWnB3swkYzz E8pbRn7LIeWnB3swkYzz
4QLswP82Wvxw9Z42obzh 4QLswP82Wvxw9Z42obzh PWUaVYPeofxjJdT472wG
W9TKm0U6bNDZ1Aok7hNH W9TKm0U6bNDZ1Aok7hNH
VXU331oDUcuzaGGUYIl9 VXU331oDUcuzaGGUYIl9
kwA1qrRggH9YLKcVfIe5 kwA1qrRggH9YLKcVfIe5
m1A3pMC42PQioFziqK5C m1A3pMC42PQioFziqK5C
C6w7afZujemehEooILjN C6w7afZujemehEooILjN
6WGzUhXeOltLDbkIvTzq JWIkMKKlAG6fUoRVxKKI 8RfB73Lw8C9LbSwIxA9Q 6WGzUhXeOltLDbkIvTzq
yD8JCRUWcVAZxJ4ZDldr yD8JCRUWcVAZxJ4ZDldr iwJGcbQH2bifG6D82Iel gdO0wiBlQ8wFbeNyGtx5
Tr6dOTuKB3EM5juuJxqy Tr6dOTuKB3EM5juuJxqy
