xse eah kpp fjy vmv fbk nko bnl agh nry cun nhi vzr fyc qbf wiy emz vmt uuw nwn vvn mti svk uau ptu ttw bda ogh jfh miy ils hcr xse
31
eah aeg idv
jfh ocp pvs aii lrj ikb bdh lvm fzi fia fhv nfr hpx rtc lwk nmf xjt tko vwg xme txq wbg qjf jfh
uau uau
vvn adx vvn mok fgp
vzr jgt vzr
ttw byu ttw tso ruo ukv qxs
uuw uuw kxn
bda bda
vmt vmt
mti mti
nko nko
nry nry
fjy vtd fjy
qbf qbf ksg
vmv vmv
nhi nhi
kpp xeh hmi rjv kpp
xse cen ybr khu nwc loj uok phg zud ckx zdb rsg ego jam kfu
nwn dgl
svk svk
wiy wiy
miy uwo miy
ogh cma wyg pjf yug zkt ogh qdw bod gex ljd nvz
fbk fbk
cun cun
ptu nii tdu ptu krr
fyc fyc
hcr fin hcr
bnl bnl
emz emz tlh
ils nsw ils
