azv oqv hyb yiy wpu yvc jwx brw cwq gcw ipq yfq ncc vfq kxx mis eqa cim gei ctf hsi hob wcd hwc scm txp ufa mpw cib sau qzx uua rcw cvb vxn rfl uyd rov zuz lmh ivp hcc ryg jvc rgm ovx ijd dqy xie azv
44
wcd wcd
mis mis
rfl rfl
wpu hip
gei gei
azv azv
zuz zuz
oqv oqv rti
hcc hcc
brw brw
yvc yvc
ipq ipq
ufa ufa
uua uua
hwc hwc
xie xie
yiy yiy
ctf ctf
hsi hsi
rcw rcw
jvc jvc
hob pzr
hyb hyb
sau sau
cib cib
ijd ijd
vxn vxn
mpw boc mpw
ivp ivp
eqa eqa
ovx ovx
lmh lmh
scm scm aur
vfq vfq
qzx qzx hlc
cim cim
jwx jwx
dqy dqy
rov rov
ncc ncc
uyd gfr uyd
gcw gcw mtd
cwq cwq
yfq yfq
