zMnoKpsz12d1Y6CixoCL vPVOeWczn8eJlf3Gviol BKvWsgveG3lQHgeNBv62 RIRtIJewArUY7i7A6OEl jS5XJP3bXemMgWyvfsmt g6l3PryZJRSAXJGUyq22 hzqXRQPGO5tnMpQYDdxn kHWDWFJURX8TBbDnLSlR ybqDdUoaPknlNwzZFeto 1Tm2BSSz9mj8o3m9o0TB OcyqfDTyG7wfT1rvpitz TuA4wNSOMjTMUxZ5fZWx GhNWfyijkz8OKJbptIGO dakEfF8eF1B4IYsSGGLe oJor9EUgXhaXPDmChml7 FwLnZPETaUkrkp7dE0hH 5jE3DcSbPJWRITx0u2Kf UkKARQyd3ZxfrQwOeW0R B56U06r3nz3RZaXVmiK2 QHym2s92VJ8ycxMeFawz WCUwzDEkBlRrgSeSv9vv 50qWynRev5CSErzk8Yih IcoYVabhkC8yNYJgy44V hH5yU5IgxmmStVnXEBJ1 YqOJXOtRcgzFFRGKRutM fat0ktgmwPXvqLhmWfJ0 BVbv363irLjfCXrWQjqn e7oVwvEXzQVG9DeK8uQS JOo21iuZtHvP9sSModQZ M3MAG2lM6nUmTjQ3nD4D EFVi1RMWM28DYYdOxVze WErCaTW8MMgw3ZAta1gT zMnoKpsz12d1Y6CixoCL
27
kHWDWFJURX8TBbDnLSlR W8ft2Hcg1VXPVNTpprS3 mTYxpEwVJTp369cmBN7S dUDrtIP8WIldh2FT7uba
ybqDdUoaPknlNwzZFeto FHGlzd4VlMUVjTba9Qjm WELPo1XEQnG4JejlB13A z6gtkXCB2ntSiYsjrque
JOo21iuZtHvP9sSModQZ oDA5VKbLZuTPP2ZEB14d T7hLF9jTtc4htoAH0PWD QmCq2RCVgnssPOgSwAr8
UkKARQyd3ZxfrQwOeW0R u91JdIwHTd2zumpXCvmK OMLAPgVr1RosMrpENk9K JKKWZrMfMDLTYQt6t5Ap
jS5XJP3bXemMgWyvfsmt CcIlGrru613gqyngyuYo Vv2apUMOUSvB9J5u8yJr ZSg6FSZaRCTLmeHoLgMI
TuA4wNSOMjTMUxZ5fZWx jdgXkfbupFQ0XUNJEyvU JzMVZjOikutQZg00S8wX WdpiLe9uZpnuS9WMphYw
dakEfF8eF1B4IYsSGGLe yE3wNgUIJB0oZwUjLCMo 9XhdonQsTDmLQknJ4xeP YIAlamFOfZeHd5qDll32
B56U06r3nz3RZaXVmiK2 Y0dqIYSR4P9Br1Cq3f9U MyPRIiIVlLarPoP5nZfy xBNbU9Yu51mQvClxjQdr
IcoYVabhkC8yNYJgy44V dBvruVRsFq4ihmzPj7nf GaG5DAqLVuTD09GfUl6l U8fsnzMIN4aMdzToihTq
OcyqfDTyG7wfT1rvpitz sNJuS4R6b6KAUX5QI4md G6KTAOxQU8MNiSLazU1t uqAmYQiu3O0THeAaPzKH
g6l3PryZJRSAXJGUyq22 RvFA5khunRjN3Z7dmUKr 2DqN6NYyebkVczAnrbNI Armxs904ujfdAYn9LtOF
e7oVwvEXzQVG9DeK8uQS olgHJpCT79b6HED7FUWa ARorC1kPdEun4czh3dmX bUGtOHLCdzsNiRxcLtaT
WCUwzDEkBlRrgSeSv9vv ofmz95sRAyIS0ShQndvb 15e7umNMnawEegsOhkYh 5cjkSqVe5mFfFhCgwe8r
fat0ktgmwPXvqLhmWfJ0 mNuLv0WHsIRpWEdSUREd mUERvxQcAO2XlgBTPRGA qSLkk45Evo68Y4JhMUq7
YqOJXOtRcgzFFRGKRutM JPD2uBroiElzO4z72vhQ HAc1Ylu9mrUmnheKISnK Ryx97mzVLWHytqmLAKlJ
QHym2s92VJ8ycxMeFawz KP4zLIZ5LMWJ6mkRn6BX QFT8yfDPa0xDNdRMchX3 pkPHvGrHHriGlmiL3mRW
5jE3DcSbPJWRITx0u2Kf NieXnWTTyXxCRp5CSl0i gM8AHyLc0ZjUxmDMuXzJ 9q9h29089dBsNERnjXsd
M3MAG2lM6nUmTjQ3nD4D PrzulPuk0tqiNKmdjp0X GfpGWz1SaDeisCQVEJrI z2nBS9pweVYpDmW0fMRS
GhNWfyijkz8OKJbptIGO lcq8BXTLE4WDnj4JF3yo EvdCmEq3CXPDtnZYkiVu VxRxz5foWagBafuSz1m4
1Tm2BSSz9mj8o3m9o0TB ZcpnIKUrL8i4GzxAolZX 07iKiKtYzy9bLoKUo0ve 5VNO6t8qAcR3d5jJgfi4
RIRtIJewArUY7i7A6OEl cthtNVKVABeolrPabegT szEChRtMF49nUq5i634G FqxzURcIHYyg2FOpiXCN
hH5yU5IgxmmStVnXEBJ1 3mTCmcCkVhhFn533BM03 oougNPfNRCSRCWJrOUlb Y2BEa9hp0T63SlTWXenG
FwLnZPETaUkrkp7dE0hH ZvocIzADG7dBR58wmnu8 9c21VhIQJbtu6kG4NZT4 KBGTLYOWLSviflcWwd9y
oJor9EUgXhaXPDmChml7 TzlCRBgA0Q2cCjETm7Vx C3qGKxHtliSTI7oOnHoB FDT7h4JKMRWa9fcDNmXs
hzqXRQPGO5tnMpQYDdxn XKYNaFpYuIx7Zx7vNANa 8s4ukhLgGBoor0D87KUr bclRgmmOqfg3PHQz06qB
50qWynRev5CSErzk8Yih QTgsp1BfPDsixeeH6QUT Vkpfkc0JUDpakJkZipKD 3fQHkf8pseCy7Ys4Kez5
BVbv363irLjfCXrWQjqn nfdt04yvrwrpPVPzIy2c MDHuBmBbeFOGqzpuNmVz 34ScKN0pHkNmnxdkoIOC
