Encanto All Moccasin Delta Vernon Garden Homestead Quail Santa Green Shafter Presidio Forest Cypress Elmira Granite Yurok Welden Banning Kern Richvale Bonita Cherokee Kentfield Pumpkin Laguna Woffard Jane Los Riverside Foothills Willow Woodbridge Clayton City Balsdon Smoke Mount Warner Cabbage Two Alpaugh Ames Vista Ramona Beach Costa Glencoe McAuley Chinese Sherman Encanto
50
Woffard Woffard
Banning Banning
Laguna Laguna
Clayton Clayton
Ames Ames
Warner Warner
Kentfield Kentfield
Ramona Ramona
Santa Santa
Richvale Richvale
Kern Kern
Smoke Smoke
Garden Garden
Vista Vista
Delta Delta
Elmira Elmira
Presidio Presidio
Welden Welden
Sherman Sherman
All All
Chinese Chinese
Yurok Yurok
Foothills Foothills
Granite Granite
Quail Quail
City City
Los Los
Pumpkin Pumpkin
Riverside Riverside
McAuley McAuley
Mount Mount
Two Two
Homestead Homestead
Alpaugh Alpaugh
Woodbridge Woodbridge
Cypress Cypress
Cherokee Cherokee
Costa Costa
Encanto Encanto
Moccasin Moccasin
Glencoe Glencoe
Jane Jane
Vernon Vernon
Green Green
Shafter Shafter
Beach Beach
Forest Forest
Willow Willow
Cabbage Cabbage
Bonita Bonita
