loc0 loc34 loc49 loc63 loc193 loc25 loc188 loc83 loc35 loc115 loc75 loc127 loc69 loc185 loc13 loc43 loc19 loc145 loc125 loc21 loc113 loc11 loc123 loc169 loc73 loc93 loc179 loc131 loc143 loc189 loc91 loc167 loc55 loc1 loc171 loc139 loc197 loc187 loc0 loc51 loc0 loc137 loc78 loc18 loc80 loc180 loc86 loc46 loc138 loc0 loc147 loc41 loc107 loc67 loc17 loc47 loc105 loc135 loc111 loc79 loc117 loc175 loc157 loc163 loc27 loc71 loc37 loc129 loc112 loc172 loc182 loc50 loc103 loc109 loc33 loc177 loc101 loc149 loc29 loc156 loc151 loc39 loc89 loc15 loc116 loc5 loc58 loc174 loc95 loc153 loc173 loc85 loc57 loc99 loc97 loc183 loc53 loc77 loc165 loc49 loc119 loc9 loc161 loc195 loc191 loc65 loc159 loc45 loc0
89
loc0 loc7 loc31 loc61 loc87 loc133
loc1 loc1 loc3 loc81 loc121 loc141 loc155
loc5 loc5
loc9 loc9
loc11 loc11
loc13 loc13
loc15 loc15
loc17 loc17
loc19 loc19
loc21 loc21
loc25 loc25
loc27 loc27
loc29 loc29
loc33 loc33
loc35 loc35
loc37 loc37 loc181
loc39 loc39
loc41 loc41
loc43 loc43
loc45 loc45
loc47 loc47
loc49 loc49
loc51 loc51
loc53 loc53
loc55 loc55
loc57 loc57
loc63 loc63
loc65 loc65
loc67 loc67
loc69 loc69
loc71 loc71
loc73 loc73
loc75 loc75
loc77 loc77
loc79 loc79
loc83 loc83
loc85 loc85
loc89 loc89
loc91 loc91
loc93 loc93
loc95 loc95
loc97 loc97
loc99 loc99
loc101 loc101
loc103 loc103
loc105 loc105
loc107 loc59 loc107
loc109 loc109
loc111 loc111
loc113 loc113
loc115 loc115
loc117 loc117
loc119 loc119
loc123 loc123
loc125 loc125
loc127 loc127
loc129 loc129
loc131 loc131
loc135 loc135
loc137 loc137
loc139 loc139
loc143 loc143
loc145 loc145
loc147 loc147
loc149 loc149
loc151 loc151
loc153 loc153
loc157 loc157
loc159 loc159
loc161 loc161
loc163 loc163
loc165 loc165
loc167 loc167
loc169 loc169
loc171 loc171
loc173 loc173
loc174 loc199
loc175 loc175
loc177 loc177
loc179 loc179
loc180 loc23
loc183 loc183
loc185 loc185
loc187 loc187
loc189 loc189
loc191 loc191
loc193 loc193
loc195 loc195
loc197 loc197
