Evans Artichokes Foothill HAAS Unit1 StrawberryCreek HearstMining VLSB HavilandHall BancroftLibrary LawrenceHall HappyLemon Moffit SouthHall Milkbomb Unit3 Bowles KroeberHall Barrows HortonHall UniversityVillage Yifang BerkeleyWayWest AlumniHouse ImmThai Blackwell Underhill RSF Firewings CaliforniaHall InternationalHouse SatherGate Doe Plentea LatimerHall MLK Dwinelle ThaiNoodle Marugame Gilman BotanicalGardens ClarkKerr DavisHall LewisHall SproulHall Pappys Unit2 DurantHall Campbell WursterHall Evans
38
Evans Cory
Doe Doe
HearstMining HearstMining
Moffit LeConte Moffit
Dwinelle Dwinelle
SouthHall SouthHall HesseHall
Gilman Gilman
CaliforniaHall CaliforniaHall
Bowles Bowles ZellerbachHall HilgardHall
BancroftLibrary BancroftLibrary
DurantHall DurantHall
Campbell Campbell Eshelman
BerkeleyWayWest BerkeleyWayWest
LawrenceHall LawrenceHall
InternationalHouse InternationalHouse
Unit1 Unit1
Unit2 Stern Unit2
Unit3 Unit3 Boalt
Foothill Foothill
VLSB VLSB
RSF RSF
Blackwell Blackwell
MLK MLK HildebrandHall
Barrows Barrows
HAAS BAMPFA HAAS
AlumniHouse AlumniHouse
BotanicalGardens BotanicalGardens
DavisHall DavisHall
UniversityVillage UniversityVillage
HavilandHall HavilandHall
HortonHall MemorialStadium
KroeberHall Etcheverry
Yifang Wheeler
SatherGate GreekTheatre CanyonPool GiauqueHall
StrawberryCreek Kresge
Marugame Campanile
Plentea Soda SutardjaDai
ThaiNoodle ThaiNoodle
