Soda BerkeleyWayWest Campanile Evans BotanicalGardens HearstMining Dwinelle HavilandHall Foothill LeConte Etcheverry Unit2 BancroftLibrary Blackwell Unit1 SouthHall DavisHall ZellerbachHall Gilman HilgardHall CaliforniaHall Barrows Unit3 Campbell GiauqueHall AlumniHouse InternationalHouse MemorialStadium LawrenceHall GreekTheatre Doe Soda
21
Evans Evans BAMPFA
Doe Doe Bowles
HearstMining HearstMining
Campanile Campanile
LeConte LeConte
Dwinelle Dwinelle
SouthHall SouthHall
Gilman Gilman
CaliforniaHall CaliforniaHall
BancroftLibrary BancroftLibrary
Campbell Campbell
GreekTheatre GreekTheatre
BerkeleyWayWest Wheeler BerkeleyWayWest
LawrenceHall LawrenceHall
InternationalHouse InternationalHouse
Unit1 Unit1
Unit2 Unit2
Unit3 Unit3
Foothill Foothill
Blackwell DurantHall
DavisHall Moffit Stern
