Shelf0 Whale137 Drugs184 Monster73 Toolbox146 Ring169 Puppy140 Mail22 Ring82 Android196 Dog168 Towel92 Whale126 Post158 Clock61 Whale31 Cat187 Printer188 Sink109 Monster175 Toolbox72 Nuclear18 System156 Soap53 Poop150 Leash77 Boat141 Website190 Ice9 Solar162 Laptop19 Water135 YouTube199 Android189 Urine97 Robot51 Book24 Dislike27 Flowers178 Allergies106 Ice50 System183 Crab81 Solar160 Settings75 Allergies7 Plus78 Bird11 Shoe17 Dislike12 Shoes8 Dog181 Dislike170 Plants62 Breakfast85 Solar71 Ring60 Plants118 Water21 Soap58 Toilet191 Shoe174 Boat67 Towel154 Dislike143 Running177 Drugs195 System79 Running66 Soda119 Solar192 Light49 Shelf0
64
Shelf0 Shelf0
Allergies7 Urine20
Shoes8 Shoes8
Ice9 Ice9
Bird11 Kitty194
Dislike12 Dislike12
Shoe17 Shoe17
Nuclear18 Solar130 Nuclear18 Websites4
Laptop19 Shelf40 Ice41 Laptop19
Mail22 Mail22 Allergies103 Male149
Book24 Book24
Dislike27 Soda197 Dislike27
Whale31 Shower57
Ice50 Rollers14
Robot51 Robot51
Soap53 Allergies88 Soap64
Soap58 Soap58
Ring60 Poop80 Fusion34
Clock61 Puppy117 Clock2 Mail6 Poop76 Clock61
Running66 Cat15
Boat67 Boat67
Solar71 BBQ36 Fusion104 Solar71
Toolbox72 Light30 Toolbox72 Book171
Monster73 Monster73
Settings75 Settings75
Leash77 Leash77
Plus78 Plus78
System79 System79
Crab81 Kitty89 Nuclear35
Ring82 Ring82 Whale114
Breakfast85 Breakfast85
Towel92 Urine124 Robot164 Towel92 Comics107
Urine97 Urine97
Sink109 Sink109 Shower47
Plants118 Plants118
Soda119 Soda119
Whale126 Whale126
Water135 Laptop125 Water135 Rollers95 Water29 Kitty98
Whale137 Whale137
Puppy140 Puppy140
Dislike143 Dislike143 Allergies176
Toolbox146 Toolbox146
Poop150 Crab83 Robot93 Poop150 Clock139
Towel154 Towel154
System156 System156
Post158 Post158 Body55
Solar160 Horse148
Solar162 Solar162
Dog168 Dog168
Ring169 Toolbox153 Ring169
Shoe174 Shoe174
Monster175 Monster175
Running177 Drugs39 Hnads116
Flowers178 Flowers178
Dog181 Dog181
System183 Water38 Ice165 System183
Drugs184 Toilet13
Cat187 Cat187
Printer188 Printer188
Android189 Hnads182
Website190 Website190
Solar192 Solar192
Drugs195 Drugs195
Android196 Android196
