Shower0 Robot49 Fence29 BBQ36 Laptop22 Elevator35 Monster32 Puppy28 Android27 Sink37 Allergies7 Prints46 Soda18 Website21 Soap14 Ring33 Nuclear43 Crab16 Prints25 Toilet26 BBQ38 Plants3 Ice42 Toilet45 Cat44 Light1 Ice30 YouTube4 Websites24 Puppy19 Toilet12 Shower0
24
Light1 Light1
Plants3 Plants3
YouTube4 YouTube4
Allergies7 Allergies7
Crab16 Crab16
Soda18 Soda18
Puppy19 Puppy19
Laptop22 Laptop22
Prints25 Prints25
Toilet26 Mail41 Toilet26
Android27 Android27
Puppy28 Cone13
Ice30 Ice30
Monster32 Monster32
Ring33 Ring33
Elevator35 Elevator35
BBQ36 BBQ36
Sink37 Sink37
BBQ38 BBQ38
Ice42 Ice42
Nuclear43 Nuclear43
Cat44 Cat44
Toilet45 Toilet45
Robot49 Robot49
