Horse0 Poop43 Whale59 Ring45 Settings5 Robot9 Ice32 Mail88 Rollers18 Rollers91 Monster39 Horse44 Male84 Kitty92 Toilet20 Bird93 Water66 Whale22 Shower11 Horse0 Breakfast74 Towel16 Settings94 Soda57 Cat13 Ice30 Prints23 Bird82 Dislike51 System90 Book41 Monster80 Leash68 Kitty14 Leash27 Allergies54 Printer75 Toilet1 BBQ86 Trees96 Monster71 Monster39 Rollers48 Websites81 Water83 Dislike70 Towel37 Leash89 Websites17 Rollers34 Shower15 Dislike21 Plus62 Post61 Crab78 Towel12 Ice10 Shelf25 Website29 Allergies4 Laptop79 Flowers98 Solar58 Allergies3 Ice26 Running77 Breakfast42 Poop8 Horse0
44
Horse0 Horse0
Allergies3 Allergies3 Towel35
Allergies4 Allergies4
Settings5 Settings5
Robot9 Robot9
Ice10 Ice10 Floppy63
Shower11 Shower11
Cat13 Water52 Cat13
Kitty14 Kitty14
Shower15 Shower15
Towel16 Towel16
Websites17 Websites17
Toilet20 Toilet20
Whale22 Whale22
Prints23 Prints23
Shelf25 Shelf25
Ice30 Ice30
Rollers34 Rollers34
Towel37 Towel37
Monster39 Monster39
Book41 Book41
Ring45 Ring45
Rollers48 Rollers48
Dislike51 Dislike51
Soda57 Breakfast19 Soda57
Solar58 Solar58
Whale59 Printer53 Whale59
Post61 Post61
Plus62 Plus62
Water66 Water66
Leash68 Leash68
Monster71 Monster71
Breakfast74 Breakfast74
Running77 Running77 Ring97
Websites81 Websites81
Bird82 Bird82
Male84 Male84
BBQ86 BBQ86
Mail88 Mail88
Leash89 Ice38
System90 Comics49
Bird93 Bird93
Settings94 Horse55
Flowers98 Flowers98
