0 51 159 61 28 68 145 73 31 34 161 118 101 65 36 56 122 102 160 60 86 121 77 148 133 44 83 140 157 35 59 94 24 155 12 72 129 67 120 151 143 107 53 153 7 19 135 69 124 95 62 146 43 47 66 5 54 2 80 142 3 22 112 13 0
63
2 2
3 3
5 5
7 7
12 12
13 13
19 19
22 22
24 24
28 28
31 31
34 34
35 35
36 36
43 43
44 44
47 47
51 51
53 53
54 54
56 56
59 59
60 60
61 61
62 62
65 65
66 66
67 67
68 68
69 69 188 189 190 191 192 193 194 195 196 197 198 199
72 72
73 73
77 77
80 80
83 83
86 86
94 94
95 95
101 101
102 102
107 107
112 112
118 118
120 120
121 121
122 122
124 124
129 129
133 133
135 135
140 140
142 142
143 143
145 145
146 146
148 148
151 151
153 153
155 155
157 157
159 159
160 160
161 162 163 164 165 166 167 168 169 170 171 172 173 174 175 176 177 178 179 180 181 182 183 184 185 186 187
