hdpxs xscoe zqjxb uklga qckjp rjuxc wdquv tfcam lrqft uiogl ktzce ehqyk pytwh yqfdk zcjqx fjdqi ypdnb rzvtg oxuqn ayrgb tjake mhuad oewcd mkndy pgqva stflc syoxf wjond xtzpg armnk tkwle btwzv tuhfw nzack lnjxt ymcfp jhlus xscoe hdpxs
30
oewcd cxdes osvgp oewcd
uiogl sxdiu uiogl nqtru ohzfn wotiq dkjro vgwoi hwmzn
zqjxb zqjxb
mhuad mhuad
qckjp ahnds qckjp
ypdnb ypdnb
tjake tjake
stflc stflc
pgqva maqho wajol pgqva qbdwz yvbse lpudv evsbm
yqfdk yqfdk
ymcfp yqtob ymcfp yazqf dbjxw qsmkj gdovn wcjeg vobqh
ehqyk ehqyk
tfcam xnpwq lmwpk iyuas bwknx cqsby
jhlus jhlus
tkwle qpbmc joztf aedvq gufvs syoxv wkbuf kzwah evtgj cxajk pihld mhekz tkwle xcvow
rzvtg rzvtg
oxuqn oxuqn
uklga uklga
hdpxs oxitr utdhx frhgc bsvth wnelr cihba amfiz htkwy rchbw oaeyh vcwfj osxbc
lnjxt mujil xlrzc lnjxt drojn jcwpu tndwl qhibx kscoz mtcsd rjdai zntkr qhvsb
wdquv wdquv
ayrgb ayrgb
zcjqx zcjqx
armnk armnk bkfuc kjihy
btwzv btwzv
pytwh mlibf pytwh gstwp
ktzce tmwdy rlumh ktzce
rjuxc bdevm rjuxc ebwcp
fjdqi fjdqi
syoxf gdnim syoxf
