hutmk vmgxh artvi abupm mzlsn ynfag spuoi kcley vczkh xpyfh aqzce tejxc qdzgs hopbn zsehb tyuep cursl xnysi fdciu xintv groqz nqtby coubd lcghr yzaje ugyls tqiky mlfbi oscrv lsnhz gxdqt akxro ijvuq qzsba misyc xeljy nihqv otirh ywion ijofp sqlhp ablxw zbawl lnfiu rlfxc yaxts dowbf omjfc hutmk
36
aqzce aqzce axmwy
omjfc omjfc
oscrv oscrv
ywion ywion
cursl cursl
kcley ugamb
yzaje yzaje
vczkh vczkh
yaxts yaxts
nqtby urlkt
otirh yiodb otirh
ijvuq ijvuq
ablxw ablxw
tyuep tyuep
dowbf dowbf
rlfxc rlfxc
zsehb zsehb
xintv xintv
hopbn hopbn
xnysi xnysi
misyc misyc
ijofp bcrwj ijofp
tejxc tejxc
ugyls ugyls
mzlsn mzlsn
lnfiu lnfiu aeomh
qdzgs qdzgs
vmgxh vmgxh
mlfbi mlfbi
lcghr lcghr
spuoi spuoi
coubd coubd
lsnhz lsnhz
xeljy xeljy
gxdqt gxdqt
artvi artvi
