Hayward Brighton Oxnard SanBuenaventura Norwich Utica Anchorage OverlandPark Trenton Louisville Bloomington CapeCoral Seaside Worcester Modesto Elkhart McAllen ElMonte Merced Detroit Duluth Fullerton Youngstown SouthBend Bakersfield Cambridge ThousandOaks Huntsville Reno York Champaign Omaha Scottsdale Lorain RoundLakeBeach Independence Escondido Monroe NewYork Tucson Deltona Salem Downey Topeka Henderson Vancouver GrandRapids SaintPaul ElPaso SanAntonio JohnsonCity HavredeGrace PuntaGorda Hagerstown PalmBay CorpusChristi StPaul Savannah Lacey PortArthur Marina Hialeah Albuquerque Torrance Melbourne Lubbock Bryan Hampton Gastonia Laredo GreenBay Lafayette Waterbury Newburgh Carrollton Visalia Columbus Anaheim Eugene Boise Marysville Stamford LasVegas PembrokePines VeroBeach SantaClara Aberdeen SimiValley NewportNews Bethlehem Orem Nashua Tyler Arvada Scranton Sarasota HuntingtonBeach LakeCharles Spartanburg Springfield SterlingHeights NorthLasVegas Hartford Shreveport Hayward
87
PuntaGorda PuntaGorda
Tyler Tyler
ThousandOaks ThousandOaks Olympia
Norwich Norwich
PalmBay PalmBay
Tucson Tucson
Utica Utica
Albuquerque Albuquerque
Laredo Laredo
NewportNews NewportNews
JohnsonCity JohnsonCity
Eugene Eugene
Nashua Nashua
RoundLakeBeach RoundLakeBeach
Newburgh Newburgh
HavredeGrace HavredeGrace
OverlandPark Greenville OverlandPark
Omaha Omaha
Topeka Topeka
CapeCoral CapeCoral
Deltona Deltona
Anchorage Anchorage Fresno
Marina Marina Frederick Kissimmee
Salem Salem
LasVegas LasVegas
Downey Downey
Hagerstown Hagerstown
SanBuenaventura SanBuenaventura
McAllen McAllen
Lubbock Lubbock
CorpusChristi CorpusChristi
Fullerton Flint Fullerton Plano
Bethlehem Bethlehem
NorthLasVegas NorthLasVegas
GrandRapids GrandRapids
Boise Boise
Arvada Arvada
Oxnard Oxnard
Hemet Hemet Mobile
Scranton Scranton
Waterbury Waterbury
LakeCharles LakeCharles
Stamford Stamford
Duluth Duluth
Modesto Modesto
Henderson Henderson NewYorkCity
HuntingtonBeach HuntingtonBeach
Huntsville Huntsville
Lacey Lacey
Columbus Columbus
Savannah Savannah
Vancouver Vancouver
Detroit Detroit
Hialeah Hialeah
Marysville Layton Marysville
GreenBay GreenBay
Bakersfield Bakersfield
Monroe Monroe
Louisville Louisville
ElPaso ElPaso
SantaClara SantaClara
Torrance Torrance
Hartford Hartford
Bloomington Bloomington
Elkhart Elkhart
Champaign Charlotte Champaign
Anaheim Anaheim
SaintPaul SaintPaul
York York
Spartanburg Spartanburg
Scottsdale Scottsdale
Aberdeen Aberdeen
Melbourne Melbourne
Hampton Newark
Worcester Burlington
Reno Ogden
Youngstown Barnstable
PortArthur RichmondCounty
Bryan Birmingham
Independence Cincinnati
Orem NewBedford
Carrollton SiouxFalls
Springfield Harlingen
NewYork Kalamazoo
StPaul CathedralCity
PembrokePines Pueblo Racine
Escondido Mesquite StLouis
