Aberdeen SanAntonio Redding SaltLakeCity StPetersburg Lewisville Gainesville Scranton Riverside Hartford SanBernardino Modesto McAllen Marina Henderson Austin Winston Tuscaloosa Hampton Pensacola Elkhart Racine Montgomery SouthLyon Reno Aberdeen
20
Pensacola Pensacola
SaltLakeCity SaltLakeCity Chattanooga
Gainesville Gainesville
Hampton Hampton Lowell Newburgh
Winston Winston
Tuscaloosa Tuscaloosa
Modesto Modesto
Henderson WestValleyCity Henderson
Lewisville Lewisville
Racine Racine
Reno Reno Springdale
SanBernardino SanBernardino
SouthLyon SouthLyon
Austin Austin
Montgomery Montgomery
SanAntonio SanAntonio
StPetersburg StPetersburg
Marina Marina
Hartford Miramar
Riverside GreenBay
