Hayward CedarRapids Memphis Winston Hickory Charlotte RichmondCounty Hampton Modesto Corona Springdale McHenry Newark NewYorkCity Kennewick PuntaGorda Omaha Topeka Montgomery NewOrleans Burbank Danbury Atlanta Abilene Downey SaintLouis BelAir York NewBedford Aurora Tucson Bradenton Huntsville Yonkers Waterloo Durham Asheville Hayward
36
PuntaGorda PuntaGorda
Tucson PalmBay Tucson LakeCharles
Yonkers Yonkers
Burbank Burbank Chicago
McHenry McHenry Torrance
Charlotte Charlotte
Omaha Omaha
Topeka Topeka
Danbury Danbury
Downey Downey
Asheville Asheville
BelAir BelAir Monroe
Aurora Aurora Bakersfield
CedarRapids CedarRapids
Bradenton Bradenton SaintPaul
RichmondCounty RichmondCounty
Modesto Modesto
Huntsville McAllen Huntsville
NewYorkCity NewYorkCity
Springdale Springdale
Atlanta Atlanta
Durham Deltona Durham Bloomington
Newark Newark
Memphis Memphis
Kennewick Barnstable Kennewick
NewBedford NewBedford
York York
Hickory Tyler HuntingtonBeach Hickory
Waterloo Waterloo
Hampton Hampton
Abilene GrandRapids
Montgomery ThousandOaks SantaCruz
SaintLouis Harlingen
Winston Tampa
NewOrleans Waco
Hayward SantaClara
