AndyandZeyu f i j g h AndyandZeyu i0 AndyandZeyu0 g0 b0 f0 j0 AndyandZeyu j1 f1 b1 i1 h1 g1 AndyandZeyu f3 j3 h3 g3 AndyandZeyu f4 i4 h4 g4 AndyandZeyu f5 j4 h5 e5 AndyandZeyu b6 AndyandZeyu6 j5 f6 g6 AndyandZeyu f7 i7 b7 h7 g7 j6 AndyandZeyu7 AndyandZeyu i8 h8 j7 j8 f8 AndyandZeyu
40
AndyandZeyu f2 g2 h2 i2 j2 i6
f f
g g
h h
i i
j j
f0 f0 h0
g0 g0
i0 i0
j0 j0
f1 f1
g1 g1
h1 h1
i1 i1
j1 j1
f3 f3
g3 g3 i3
h3 h3
j3 j3
f4 f4
g4 g4
h4 h4
i4 i4
j4 j4
e5 g5 i5
f5 f5
h5 h5
j5 j5
f6 f6
g6 g6 h6
j6 j6
f7 f7
g7 g7
h7 h7
i7 i7
j7 j7
f8 f8 g8
h8 h8
i8 i8
j8 j8
