AndyandZeyu f i j g h AndyandZeyu f0 j0 g0 AndyandZeyu0 i0 AndyandZeyu g1 h1 b1 i1 j1 AndyandZeyu g2 j2 e2 AndyandZeyu j3 g3 d3 f3 AndyandZeyu f4 i4 h4 g4 AndyandZeyu i5 f5 j4 h5 AndyandZeyu AndyandZeyu6 h6 g6 f6 AndyandZeyu f7 i7 j6 g7 e7 AndyandZeyu g8 f8 j8 AndyandZeyu f9 i9 h9 g9 AndyandZeyu i10 f10 j9 h10 e10 AndyandZeyu g11 j10 f11 AndyandZeyu e12 g12 i12 j11 AndyandZeyu12 f12 AndyandZeyu i13 g13 f13 j13 AndyandZeyu f14 i14 h14 g14 AndyandZeyu h15 j14 f15 i15 e15 AndyandZeyu f16 j15 g16 h16 i16 AndyandZeyu f17 i17 j16 g17 h17 d17 AndyandZeyu f18 h18 j17 j18 AndyandZeyu
83
AndyandZeyu i6 i8 i11 i18
f f
g g
h h
i i
j j
f0 f0 h0
g0 g0
i0 i0
j0 j0
b1 f1
g1 g1
h1 h1
i1 i1
j1 j1
e2 f2 i2
g2 g2
j2 h2 j2
f3 f3
g3 g3 h3 i3
j3 j3
f4 f4
g4 g4
h4 h4
i4 i4
j4 j4
f5 f5
h5 g5 h5
i5 i5
AndyandZeyu6 j5
f6 f6
g6 g6
h6 h6
j6 j6
f7 f7
g7 g7 h7
i7 i7
f8 f8 h8
g8 g8
j8 j7 j8
f9 f9
g9 g9
h9 h9
i9 i9
j9 j9
e10 g10
f10 f10
h10 h10
i10 i10
j10 j10
f11 f11
g11 g11 h11
j11 j11
f12 f12
g12 g12 h12
i12 i12
f13 f13 h13
g13 g13
i13 i13
j13 j12 j13
f14 f14
g14 g14
h14 h14
i14 i14
j14 j14
e15 g15
f15 f15
h15 h15
i15 i15
j15 j15
f16 f16
g16 g16
h16 h16
i16 i16
j16 j16
f17 f17
g17 g17
h17 h17
i17 i17
j17 j17
f18 f18 g18
h18 h18
j18 j18
