A TA3 TA61 TA1512NN TA1912NN TA18 TA222N TA4 TA121 TA111 TA161 TA181 TA211 TA17 TA231 TA32N TA512NN TA812NN TA132N TA182N TA13 TA2N TA23 TA1012NN TA171 TA92N TA112NN TA102N TA122N TA202N TA112N TA912NN TA2112NN TA62N TA82N TA2 TA152N TA212N TA1 TA6 TA41 TA42N TB11 TA22N TA612NN TA7 TA131 TA72N TA51 TA2012NN TA19 TA TA1312NN TA1112NN TA1812NN TA1712NN TA71 TA142N TA16 TA52N TA12NN TA151 TA232N TA141 TA11 TB1 TA31 TA20 TA241 TA242N TA172N TA15 TA22 TA2312NN TA91 TB21 TA312NN TA712NN TA1412NN TA12 TA212NN TA221 TA192N TA10 TA2412NN TA24 TA21 TA8 TA81 TA9 TA101 TA201 TA1612NN TA1212NN TA14 TA2212NN TA162N TA191 TA412NN TA5 TA12N A
100
TA TA
TA1 TA1
TA2 TA2
TA3 TA3
TA4 TA4
TA5 TA5
TA6 TA6
TA7 TA7
TA8 TA8
TA9 TA9
TA10 TA10
TA11 TA11
TA12 TA12
TA13 TA13
TA14 TA14
TA15 TA15
TA16 TA16
TA17 TA17
TA18 TA18
TA19 TA19
TA20 TA20
TA21 TA21
TA22 TA22
TA23 TA23
TA24 TA24
TB1 TB1
TB11 TB11
TB21 TB21
TA31 TA31
TA41 TA41
TA51 TA51
TA61 TA61
TA71 TA71
TA81 TA81
TA91 TA91
TA101 TA101
TA111 TA111
TA121 TA121
TA131 TA131
TA141 TA141
TA151 TA151
TA161 TA161
TA171 TA171
TA181 TA181
TA191 TA191
TA201 TA201
TA211 TA211
TA221 TA221
TA231 TA231
TA241 TA241
TA2N TA2N
TA12N TA12N
TA22N TA22N
TA32N TA32N
TA42N TA42N
TA52N TA52N
TA62N TA62N
TA72N TA72N
TA82N TA82N
TA92N TA92N
TA102N TA102N
TA112N TA112N
TA122N TA122N
TA132N TA132N
TA142N TA142N
TA152N TA152N
TA162N TA162N
TA172N TA172N
TA182N TA182N
TA192N TA192N
TA202N TA202N
TA212N TA212N
TA222N TA222N
TA232N TA232N
TA242N TA242N
TA12NN TA12NN
TA112NN TA112NN
TA212NN TA212NN
TA312NN TA312NN
TA412NN TA412NN
TA512NN TA512NN
TA612NN TA612NN
TA712NN TA712NN
TA812NN TA812NN
TA912NN TA912NN
TA1012NN TA1012NN
TA1112NN TA1112NN
TA1212NN TA1212NN
TA1312NN TA1312NN
TA1412NN TA1412NN
TA1512NN TA1512NN
TA1612NN TA1612NN
TA1712NN TA1712NN
TA1812NN TA1812NN
TA1912NN TA1912NN
TA2012NN TA2012NN
TA2112NN TA2112NN
TA2212NN TA2212NN
TA2312NN TA2312NN
TA2412NN TA2412NN
