3efbbd d1ae8e 1aef1d 2a53b1 bfdfca de59c9 1efe0a 526e97 9fb27b aeb965 d36b6f bf356c 390b11 690d87 9e3235 525361 6d8fd3 1e3f90 770b7a 98b7f9 bf7494 ff448b c1e4b0 ef9cce 8037ff 22c398 fc6ab6 3efbbd
24
1aef1d 1aef1d
c1e4b0 c1e4b0
390b11 390b11
d1ae8e d1ae8e
3efbbd 2b7733
525361 525361
1e3f90 1e3f90
d36b6f d36b6f
2a53b1 2a53b1
ef9cce ef9cce
de59c9 de59c9
526e97 526e97
1efe0a 1efe0a
ff448b ff448b
9fb27b 9fb27b
690d87 8216e5
bf7494 909532 e17800
8037ff 8037ff
bfdfca bfdfca
9e3235 9e3235
fc6ab6 fc6ab6
22c398 22c398
98b7f9 98b7f9
aeb965 aeb965
