1efe0a 6d8fd3 e99176 ff448b 909532 5b1cb0 bb4650 75b2ff ccf3af efb6f6 6d606b 73dcf4 8903f8 390b11 8216e5 b9fcab c845ed bf7494 22c398 525361 1c3716 ae5d4a 98b7f9 940b78 20ec85 9e3235 ca77e1 76bb8e 9b8a2b 770b7a a4f7ab 1efe0a
27
6d8fd3 1aedf0 363906 6d8fd3
390b11 390b11
ccf3af ccf3af
525361 e758e6 525361
5b1cb0 bd00fb 3c1987 5b1cb0 640320
770b7a 194181 770b7a
efb6f6 efb6f6
8903f8 8903f8
ff448b a3ccd4 e17800 c0df7c 22b74c 444f08 ff448b
6d606b 6d606b
bf7494 ab6081 bf7494
909532 909532
9e3235 9e3235 518f91
a4f7ab 444533 a4f7ab
98b7f9 22f6f5 d4f94d 98b7f9 fc6ab6
ae5d4a ae5d4a
1c3716 1c3716 ef9cce
20ec85 20ec85
e99176 e99176
9b8a2b d36b6f
75b2ff 75b2ff d1ae8e 83454a
b9fcab b9fcab
940b78 940b78
c845ed de59c9 c845ed
bb4650 bf356c bb4650
ca77e1 8035d3
76bb8e 76bb8e
