0 199 191 198 197 190 189 174 173 157 156 150 149 148 147 139 144 143 142 141 140 138 137 130 129 128 127 126 121 112 111 107 106 105 104 90 97 96 95 94 89 88 75 85 84 83 82 74 73 65 64 63 62 52 51 41 40 39 38 37 32 20 19 1 0
31
0 2 7 4 23 30 54 168 163 186 178
1 17 15 53
20 25
32 33 42 44
40 40
51 48
52 56
62 67
64 64
73 72
74 76
75 86 87
83 83
89 91 101
90 99
94 94
104 108
105 105
112 114 120
127 127
128 124
130 130
137 136
139 146
142 142
148 148
156 154
157 172 158 182
174 176
190 192 194
198 198
