IvOdahrtFwzZ fblrDraNAUxK IQvKLYGCcCbd QxNjgiXciQma OIjApACwnyqG DiKlonktcqTP EwXugPkGUVkm AQgpWBullbIi zOkfhFVfOKVi UYTxhnOtiPHB FkNlSGMBOUbz SKbQkQUhqQEt sTgUExIipvWV PFpQuVVRxbvV gkTmCiZxFrJw ubtvaUeVUfmV oKIKkmsSWzmH wHeDieHMYzAK ZPYnROAizafx TZmWJenJbEsV sFSBpaJxLpBT YvLRANdegrdA JpwDMOwQmqOp yHOsEGOhjOLt quZcTYtpBjSn cRekprdsHHWw nlzJUuBrsbXD jXgKDXnEJsra IfTQNEFsiTgr YGzazHdyrGCd RGYiIUdVAiVL lRgeGnDJBtMa cQFNlImsTWTM wXjNgGRCXYRl UGahWpWtmUQn QDhUZstsJKtV pjemGRILnFei RQBxIsRWzmfl ocysUjOwnenm aXlcDzbXwAJW AhJBAeSEuUkL LNoKVqXhLEzn yVSfaizVeLPT zCWezcJmUGqs KtoZVrQmJWki hPSXtHMMyKAK NxxrxPgsnMqG gXcuqckdTdIP WsLfQLsirtHk fiHhqLtPfdZy aSpDrTbKBytW oOIjuHJcVRiV HEwqlaeMfSzl tARvBeqQDqSY NMSHhfMtAJZb WWtfhwMSzfGW HVwGkspnDHbf IcNVObbuvzWY zypYDSZfKAvD GvyjKkGcUdcI QFfSmYtuSTPl AoaIXEzdsCrm mvdksSctoMVi ppfBOAvWYXyJ vkOqMvrCUWYf mZUBOQTZyXOM cpNycWVdmzHJ gJMLzBkWmUoV QZQElPdcHxru JNoAmCxHcsYw nyTRNDRCsANl xXoCKkdkKAne hLCSOZLNEdhX jXOmYlZmvqnI nKmMbiEuiffc IvOdahrtFwzZ
75
ZPYnROAizafx XwPJYwaGcHxO ZPYnROAizafx
fiHhqLtPfdZy fiHhqLtPfdZy PKHkuTHeRXhO lznMKRYSMheH
IQvKLYGCcCbd IQvKLYGCcCbd
IcNVObbuvzWY IcNVObbuvzWY
pjemGRILnFei pjemGRILnFei
cpNycWVdmzHJ WRiugWLCujBI cpNycWVdmzHJ
QZQElPdcHxru QZQElPdcHxru
TZmWJenJbEsV TZmWJenJbEsV
EwXugPkGUVkm EwXugPkGUVkm
nlzJUuBrsbXD nlzJUuBrsbXD
AoaIXEzdsCrm AoaIXEzdsCrm
jXgKDXnEJsra jXgKDXnEJsra
mZUBOQTZyXOM mZUBOQTZyXOM
vkOqMvrCUWYf vkOqMvrCUWYf
zypYDSZfKAvD zypYDSZfKAvD
mvdksSctoMVi ctZWqndwhbJm mvdksSctoMVi EKWhDcEeEkGK
OIjApACwnyqG OIjApACwnyqG
hLCSOZLNEdhX hLCSOZLNEdhX
fblrDraNAUxK fblrDraNAUxK
gkTmCiZxFrJw gkTmCiZxFrJw
UYTxhnOtiPHB UYTxhnOtiPHB
wXjNgGRCXYRl wXjNgGRCXYRl
HEwqlaeMfSzl HEwqlaeMfSzl
wHeDieHMYzAK yFQWQWtUUMle wHeDieHMYzAK
QDhUZstsJKtV QDhUZstsJKtV
xXoCKkdkKAne xXoCKkdkKAne
DiKlonktcqTP DiKlonktcqTP
oOIjuHJcVRiV oOIjuHJcVRiV
QFfSmYtuSTPl TTwdgXpOLyxF QFfSmYtuSTPl
quZcTYtpBjSn quZcTYtpBjSn
KtoZVrQmJWki KtoZVrQmJWki
WWtfhwMSzfGW zcAOlsVDUDkc nschEYWjrAsr WWtfhwMSzfGW
zOkfhFVfOKVi zOkfhFVfOKVi
aSpDrTbKBytW aSpDrTbKBytW
GvyjKkGcUdcI GvyjKkGcUdcI
lRgeGnDJBtMa lRgeGnDJBtMa
ocysUjOwnenm WnABnktZDxMx ocysUjOwnenm
SKbQkQUhqQEt SKbQkQUhqQEt
WsLfQLsirtHk WsLfQLsirtHk dXlgwkdKhUmB
AQgpWBullbIi AQgpWBullbIi
NMSHhfMtAJZb NMSHhfMtAJZb
ppfBOAvWYXyJ ppfBOAvWYXyJ
cQFNlImsTWTM cQFNlImsTWTM
HVwGkspnDHbf HVwGkspnDHbf
PFpQuVVRxbvV PFpQuVVRxbvV
RGYiIUdVAiVL RGYiIUdVAiVL
JpwDMOwQmqOp JpwDMOwQmqOp uzYTzVwixczQ
YGzazHdyrGCd YGzazHdyrGCd
hPSXtHMMyKAK hPSXtHMMyKAK
LNoKVqXhLEzn LNoKVqXhLEzn
ubtvaUeVUfmV ubtvaUeVUfmV
yVSfaizVeLPT touUfboeiIya WHSGrQQrrotE yVSfaizVeLPT mgKEFEWheOqk
IvOdahrtFwzZ WUqhotrexTBp qlMzHEurfTvO
tARvBeqQDqSY tARvBeqQDqSY
QxNjgiXciQma ybLCwZqVZKud ypApeqMQPnQA QxNjgiXciQma
JNoAmCxHcsYw qFGlIHDqKyPA JNoAmCxHcsYw
YvLRANdegrdA qxhFFIUEfnzV YvLRANdegrdA
AhJBAeSEuUkL AhJBAeSEuUkL
cRekprdsHHWw cRekprdsHHWw
sTgUExIipvWV sTgUExIipvWV
nyTRNDRCsANl nyTRNDRCsANl
IfTQNEFsiTgr IfTQNEFsiTgr
aXlcDzbXwAJW aXlcDzbXwAJW
jXOmYlZmvqnI jXOmYlZmvqnI
UGahWpWtmUQn UGahWpWtmUQn
gJMLzBkWmUoV gJMLzBkWmUoV
yHOsEGOhjOLt yHOsEGOhjOLt
gXcuqckdTdIP gXcuqckdTdIP evRMhyiHKGXv
FkNlSGMBOUbz FkNlSGMBOUbz
zCWezcJmUGqs zCWezcJmUGqs
NxxrxPgsnMqG NxxrxPgsnMqG EOKLHvbbCToE
oKIKkmsSWzmH oKIKkmsSWzmH nxbMBCPhfQij
nKmMbiEuiffc nKmMbiEuiffc
RQBxIsRWzmfl RQBxIsRWzmfl
sFSBpaJxLpBT TglqUXfjbefC sFSBpaJxLpBT
