a0 a101 a10 a178 a195 a99 a46 a107 a199 a43 a94 a156 a41 a21 a135 a3 a80 a120 a32 a140 a163 a16 a149 a50 a55 a153 a168 a119 a56 a159 a134 a124 a131 a58 a85 a2 a17 a136 a157 a172 a78 a38 a96 a22 a82 a53 a165 a104 a127 a0
47
a0 a196 a33 a129 a68
a2 a63
a3 a3 a93
a10 a10
a16 a16
a17 a17
a21 a21
a22 a22 a198
a32 a45 a32
a38 a38 a142
a41 a41
a43 a42 a43 a151 a28 a183
a46 a46
a50 a83 a133 a50
a53 a160 a53 a98
a55 a173 a55
a56 a56
a58 a58
a78 a78
a80 a80
a82 a82 a14
a85 a85
a94 a94
a96 a87 a158 a29 a177 a145 a96 a175
a99 a99 a130
a101 a101
a104 a104
a107 a107
a120 a120
a124 a124
a127 a154 a7 a88
a131 a131 a31 a77
a134 a134 a144
a135 a135 a8
a136 a57 a60 a161 a44 a25 a192 a186 a121 a11
a140 a140
a149 a149
a153 a153
a156 a180 a156
a157 a157 a27 a155 a126
a159 a159
a163 a163
a165 a165 a79 a75 a138 a103 a185 a6 a108 a37
a168 a59 a168 a102
a172 a172
a178 a178 a49
a195 a195
