a0 a15 a83 a17 a37 a24 a58 a91 a0 a88 a55 a39 a72 a20 a99 a94 a45 a31 a53 a98 a33 a59 a19 a71 a97 a34 a64 a62 a76 a60 a78 a43 a21 a68 a41 a65 a42 a70 a5 a75 a14 a96 a4 a93 a54 a36 a27 a38 a52 a80 a73 a35 a95 a51 a79 a13 a40 a0
46
a0 a0
a4 a4 a87
a5 a5
a13 a13
a14 a14
a15 a15 a56 a49
a17 a17
a19 a19
a24 a24
a33 a9
a34 a34 a86
a35 a35
a36 a36
a37 a37
a38 a38
a39 a39
a41 a41
a42 a42
a43 a43
a45 a45
a51 a51
a52 a52
a53 a53
a54 a54
a55 a55
a58 a26
a60 a60
a62 a62
a64 a64
a65 a65
a68 a68
a70 a70
a71 a71
a72 a30
a73 a73
a75 a75
a76 a76
a78 a78
a79 a79
a80 a80
a88 a88
a91 a91
a93 a93
a94 a94
a96 a96
a98 a98
