Jason Claire Mario Ricky Derek Wayne Elizabeth Stephen Brad Robin April Rachel Andrew Carrie Christina Regina Kayla John Nicole Randy Melinda Dustin Michelle Paul Scott Johnathan Megan Adrian Katelyn James Crystal Rebekah Brett Jill Misty Adam Joseph Sabrina Jose Gregory Roy Nathaniel Heather Melissa Jordan Cheryl Joshua David Kyle Brittany Evan Bryan Jacqueline Kimberly Tommy Juan Karen Robert Samantha Shannon Susan Kristen Rebecca Kari Grace Jeffrey Mercedes William Cristian Logan Timothy Jeremy Jason
72
Jason Kelsey
Derek Derek
Nathaniel Nathaniel
Heather Heather Tammy
Adam Adam Wendy
Misty Misty
Shannon Shannon
Samantha Samantha
Katelyn Katelyn Jennifer
Adrian Adrian
John John
Nicole Nicole
Brad Gabriel Brad Kathy
Claire Claire
David David
Joshua Joshua Tristan
Mario Mario
Roy Roy Dylan
Johnathan Johnathan Laura
Cristian Cristian
Ricky Ricky
Paul Paul
Jose Jose
Melissa Melissa Ashley
Kari Kari
Evan Evan
Carrie Stacie Carrie
Andrew Andrew
Robert Robert
Regina Mark Regina Amanda
Wayne Wayne
Megan Megan
Jeffrey Jeffrey
Timothy Timothy
Joseph Shane Joseph
Crystal Crystal Monica
William William
Cheryl Cheryl
Rebekah Rebekah
Dustin Mary Dustin
Jacqueline Jacqueline
Logan Logan
Gregory Carol Gregory
Kimberly Kimberly
Christina Christina
Rebecca Rebecca
Scott Scott Jane
Mercedes Mercedes
Kayla Kayla
Michelle Charles Michelle
Stephen Stephen
Kristen Kristen
Brett Brett
Karen Lauren Karen
Jill Jill
Sabrina Shawn Sabrina
Elizabeth Brian Ronnie Elizabeth Alexandra
Tommy Tommy
James James
Juan Juan
Brittany Brittany
Susan Susan
Bryan Bryan
Grace Grace
April April
Jeremy Jeremy
Kyle Kara Nicholas Kyle
Jordan Dana Jeffery Jordan
Melinda Melinda
Rachel Edwin Rachel
Robin Robin
Randy Randy
