Granbull Bulbasaur Reuniclus Metang Spearow Mawile Spinda Blissey TypeNull Cubone Butterfree Beedrill Mimikyu Glalie Charizard Tyrunt Mightyena Bronzor Roserade Carnivine Mantine Luvdisc Lycanroc Raichu Arbok Metapod Chespin Typhlosion Chinchou Bonsly Heatmor Serperior Bergmite Cinccino Volcanion Magmar Bagon Crawdaunt Azurill Krookodile Cascoon Tsareena Staravia Tsareena Greninja Torkoal Diggersby Darkrai Jirachi Kangaskhan Skitty Quilava Rufflet Lampent Electrike Chatot Slakoth Ninjask Heatran Golbat Reshiram Carbink Metagross Jolteon Buizel Aipom Nuzleaf Staryu Deoxys Floatzel Relicanth Unown Swanna Absol Lileep Remoraid Machamp Happiny Magmortar Goomy Lapras Torracat Exeggcute Binacle Whimsicott Budew Grumpig PorygonZ Electrode Flygon Granbull
83
Tsareena Tsareena Gliscor
Absol Absol Hitmontop
Unown Unown
Roserade Roserade
Heatran Heatran
Butterfree Butterfree
Arbok Arbok
Cascoon Cascoon
Torracat Torracat
Chinchou Chinchou
Crawdaunt Cosmog Crawdaunt
Slakoth Slakoth
Mimikyu Mimikyu
Happiny Ampharos Happiny Pidgeot
Quilava Quilava Whiscash Crabominable
Kangaskhan Kangaskhan
Bonsly Bonsly Sylveon
Staravia Feraligatr
Grumpig Grumpig
Spinda Spinda
Bagon Charmander
Cinccino Cinccino
Budew Budew
Mawile Mawile Trumbeak
Beedrill Beedrill Floette
Lampent Lampent
Greninja Greninja Mudsdale Vivillon
Spearow Spiritomb
Buizel Buizel
Jolteon Jolteon
Mantine Mantine
Charizard Charizard
Binacle Torchic Binacle
Relicanth Relicanth
Raichu Raichu
Cubone Cubone Probopass
Krookodile Krookodile Corphish
Heatmor Heatmor
Swanna Swanna
Diggersby Diggersby
Metagross Metagross
TypeNull TypeNull
Whimsicott Whimsicott
Lycanroc Lycanroc
Mightyena Mightyena
Jirachi Jirachi
Darkrai Darkrai
Reuniclus Reuniclus
Remoraid Remoraid
Magmar Magmar
Rufflet Rufflet
Reshiram Reshiram
Machamp Machamp
Volcanion Infernape
Electrode Electrode
Serperior Serperior
Golbat Golbat
Flygon Flygon
Bronzor Bronzor
Bergmite Malamar Bergmite
Torkoal Torkoal
Goomy Goomy
Metapod Metapod
Aipom Dustox
Lapras Lapras
Carnivine Carnivine
Exeggcute Exeggcute
Carbink Carbink
Magmortar Magmortar
Electrike Electrike
Ninjask Rockruff Ninjask
PorygonZ PorygonZ
Lileep Lileep
Floatzel Floatzel
Glalie Glalie
Deoxys Deoxys
Chespin Chespin
Luvdisc Luvdisc
Blissey Blissey
Chatot Chatot
Typhlosion Typhlosion
Nuzleaf Nuzleaf
Skitty Skitty
