Florges Masquerain Togetic Bewear Snorlax Celesteela Dusknoir Kricketot Yanmega Hitmonlee Doublade Carracosta Aurorus Bayleef Furfrou Persian Weepinbell Tsareena Toxapex Cherrim Hippopotas Machoke Timburr Cascoon Delibird Purrloin Sentret Celebi Moltres Gastrodon Shaymin Regice Zubat Manectric Bidoof Palossand Bouffalant Infernape Lillipup Hakamoo Palkia Flaaffy Volbeat Buzzwole Dialga Caterpie Zapdos Poliwrath Wailmer Wormadam Bergmite Florges
45
Weepinbell Weepinbell
Carracosta Carracosta
Florges Stufful
Yanmega Yanmega
Purrloin Purrloin Poliwag
Timburr Timburr
Poliwrath Poliwrath
Toxapex Ralts
Sentret Sentret
Celesteela Celesteela
Persian Persian
Zapdos Zapdos
Togetic Togetic
Manectric Manectric
Lillipup Lillipup
Volbeat Volbeat
Moltres Moltres
Shaymin Shaymin
Gastrodon Gastrodon
Infernape Infernape
Kricketot Kricketot
Caterpie Tentacruel
Celebi Celebi
Cherrim Cherrim
Delibird Delibird
Zubat Zubat
Dusknoir Dusknoir
Furfrou Scolipede
Wailmer Wailmer Primarina
Bidoof Piloswine Bidoof
Regice Regice
Hitmonlee Hitmonlee
Palkia Girafarig
Bergmite Bergmite
Flaaffy Omastar
Tsareena Tsareena
Dialga Dialga Pichu
Aurorus Aurorus
Machoke Machoke
Bayleef Bayleef Bisharp
Cascoon Cascoon
Buzzwole Buzzwole
Bouffalant Bouffalant
Wormadam Wormadam
Hakamoo Hakamoo
