L12 L103 L7 L114 L53 L92 L105 L147 L59 L75 L122 L133 L116 L131 L83 L20 L86 L95 L11 L115 L40 L22 L171 L154 L79 L135 L97 L112 L165 L10 L68 L82 L199 L121 L28 L130 L90 L27 L181 L48 L174 L87 L88 L186 L144 L158 L61 L150 L99 L45 L180 L189 L98 L164 L173 L139 L190 L2 L23 L96 L108 L56 L0 L195 L34 L72 L36 L149 L73 L37 L102 L106 L65 L126 L50 L125 L74 L117 L141 L187 L196 L169 L172 L12
82
L0 L0 L107
L2 L2
L7 L7
L10 L10
L11 L11 L155
L20 L20
L22 L22
L23 L23
L27 L27
L28 L28
L34 L34
L36 L36
L37 L37
L40 L70 L40
L45 L45
L48 L48
L50 L55 L32 L182 L148 L50
L53 L53 L197 L168
L56 L24 L56
L59 L192 L59
L61 L61
L65 L65
L68 L68
L72 L72
L73 L73
L74 L74
L75 L75
L79 L79 L78
L82 L82
L83 L83 L85
L86 L86
L87 L87
L88 L88 L175
L90 L90
L92 L92
L95 L95
L96 L96
L97 L97
L98 L98
L99 L99 L60
L102 L102
L103 L103
L105 L105
L106 L106
L108 L108
L112 L112
L114 L114
L115 L115
L116 L116
L117 L117
L121 L121
L122 L122
L125 L125
L126 L126
L130 L130
L131 L131
L133 L133
L135 L135
L139 L139 L146
L141 L104 L141
L144 L144
L147 L147
L149 L149
L150 L150
L154 L154
L158 L158
L164 L164
L165 L165
L169 L169
L171 L171
L172 L172
L173 L173
L174 L174
L180 L180
L181 L181
L186 L186
L187 L187
L189 L189
L190 L190
L195 L195
L196 L196
L199 L3 L199
