0 80 13 67 7 122 166 53 123 113 185 92 187 198 9 26 5 128 68 126 20 156 179 103 114 85 167 15 46 106 135 98 16 17 151 27 199 197 157 63 149 48 189 73 131 145 143 83 91 75 130 174 101 93 66 183 82 36 125 116 59 97 72 41 74 144 171 11 134 168 117 176 195 6 160 55 153 181 152 69 180 138 31 30 34 12 140 137 45 19 70 60 141 155 42 62 23 121 49 21 18 76 196 2 139 108 52 0
89
2 111
9 9 88
11 11
13 13
16 16
17 17
19 19
20 20
23 23
26 26
27 27
30 30
31 31
34 34
36 36
42 42 40
45 45
46 46
48 48
52 52
53 53
55 55
59 59 147
62 62
63 81 63
66 66
67 67
69 69
70 70
72 72
73 177
74 74
75 75
76 76
80 80
82 82
83 83
85 85
91 91
92 10
97 97
98 98
101 84
103 184 103
106 106
108 108
113 136
114 114
116 116
117 117
121 102 121
122 162 122 35
125 125
126 126
128 128
130 130
131 131
134 134
137 137
138 50 138
139 139
140 140
141 4
143 143
144 144
145 145
149 149
151 151
152 152
153 105
156 156
157 157
160 160
166 166
168 168
171 171
174 174
176 176 109
179 179
180 180 87
181 181
183 183
185 185
189 189
195 195
196 196
197 197
198 198
199 199
