1 16 90 17 83 127 55 68 8 30 170 84 124 195 178 119 117 43 131 76 22 0 156 105 164 29 93 49 193 99 97 100 186 89 129 121 59 130 1
34
0 0
1 1
8 8
16 16
22 22
29 29
30 30
43 43
49 49
55 55
59 59
68 68
76 76 80
83 83
84 84
89 189 89
93 93
97 97
99 99
100 174 177 86 192 54 45 136 74 157 141 183 31 155 21 3 125 82 38 113 159 188 153 163 24 160 12 115 57 28 27 138 134 77 19 50 15 56 175 148 88 60 44 26 10 182 36 199 158 142 25 18 137 194 101 191 32 172 111 35 171 151 63 150 180 196
105 105
117 117
119 119
121 121
124 124
127 127
129 129
131 131
164 164
170 170
178 178
186 186
193 193
195 195
