l7 l72 l189 l44 l56 l105 l12 l160 l38 l139 l102 l155 l37 l63 l179 l147 l175 l59 l196 l122 l33 l2 l128 l199 l136 l162 l113 l148 l24 l163 l172 l114 l49 l184 l106 l127 l83 l94 l130 l194 l90 l177 l200 l161 l92 l6 l126 l181 l183 l141 l169 l186 l20 l29 l36 l116 l41 l1 l26 l143 l42 l125 l67 l39 l40 l7
54
l2 l2 l58
l6 l6
l7 l35 l7
l12 l12
l20 l20
l24 l24
l26 l26
l33 l33
l36 l74
l37 l37
l38 l168
l39 l39
l40 l40
l41 l41
l44 l44
l49 l49
l56 l109
l59 l59
l63 l21 l63
l67 l27 l67
l72 l72
l83 l83
l90 l90
l94 l94
l102 l102
l106 l77
l113 l113
l114 l114 l14
l116 l116
l122 l122
l125 l54
l126 l138 l171
l127 l127
l128 l128
l130 l130
l136 l136 l142
l141 l141
l143 l53
l147 l101 l110 l46
l148 l148
l155 l155
l160 l160
l161 l161
l162 l162
l163 l115 l132 l163
l169 l169
l172 l124 l15 l172
l177 l177
l181 l181
l184 l184 l192 l25
l186 l180 l186
l189 l189
l199 l199
l200 l200
