Soda Canada Comoros Egypt Finland Cayman Cocos Cambodia Czech Belize Guam Botswana Bouvet Colombia American Angola Central Aruba Australia China Bermuda Fiji Argentina Algeria Antigua Guyana Guadeloupe Soda
24
Canada Austria
Cambodia Cambodia
Aruba Aruba
Argentina Argentina
Antigua Antigua
Guam Guam
Bermuda Bermuda
China China
Central Central
Australia Australia
Cocos Cocos
Angola Angola
Bouvet Bouvet
Algeria Denmark
Belize Belize
Czech United Czech
Colombia Colombia
Fiji Fiji
Cayman Cayman
Guyana Guyana
Guadeloupe Guadeloupe
Egypt Egypt
Botswana Botswana
Comoros Comoros
