Soda Cambodia Canada Indonesia Bahamas Mexico Germany Iraq Ghana Luxembourg Congo Burundi Argentina Pakistan Saint Belize Croatia Sint Egypt Korea British Aruba Liberia Hong Palau Pitcairn Japan Latvia Moldova New Albania United Burkina Malawi Mayotte Ireland Macedonia Macao Iran Niger Algeria Republic Antigua Kyrgyzstan Sao Jamaica Netherlands Fiji Nigeria Rwanda Singapore Lebanon Finland Kiribati Northern Soda
50
United United
Cambodia Cambodia
Aruba Aruba
Saint Saint
Argentina Argentina
Sint Sint
Japan Japan
Jamaica Jamaica
Albania Albania
Antigua Antigua
Sao Sao
Macao Macao
New New
Malawi Malawi
Korea Korea
Indonesia Indonesia
Finland Finland
Macedonia Lao
Burkina Burkina
Niger Niger
Hong Hong
Pitcairn Pitcairn
Luxembourg Luxembourg
Bahamas Bahamas
Ireland Ireland
Pakistan Pakistan
Palau Palau
Nigeria Nigeria
Northern Northern
Algeria Algeria
Kiribati Kiribati
Belize Belize
Moldova Moldova
Croatia Croatia
Lebanon Lebanon
Rwanda Rwanda
Burundi Burundi
Fiji Fiji
Liberia Liberia
Netherlands Netherlands
Republic Republic
Kyrgyzstan Kyrgyzstan
Mayotte Mayotte
Iraq Iraq
British British
Latvia Latvia
Mexico Mexico
Egypt Egypt
Singapore Singapore
Congo Congo
