1 63 45 61 17 54 110 120 43 30 18 50 53 60 116 9 1 74 25 71 95 2 26 65 36 14 11 6 117 59 84 35 75 66 73 72 48 42 70 29 39 32 10 21 41 1 98 55 15 111 22 101 37 1
47
1 49 64 67
2 52
6 40 51
9 31
10 10 24
11 11 47
14 14
15 12 15
17 17
18 18
21 16 21
22 22 34 77
25 25 78
26 26 38
29 29
30 30
32 27 32
35 19 35
36 36
37 37
39 39
41 41 62 79
42 42
43 43
45 45
48 48 69
50 50
53 53
54 54
55 28 55
59 57 59
60 60
61 61
63 63
65 46 65
66 66
70 70 76
71 71
72 72
73 73
74 68 74
75 75
95 33
101 13
110 20 56
111 44
116 23 58
