Meckgue VaultofSouls Kinecardine EarthKingdom UtgardMountain LakeLaogai LeakyCauldron TheUniversity TheGodswood MysticRuins Steeltown Dagobah TreeofTime RepublicCity ZhaoFu ThePrancingPony Carvahall Urubaen Sanlow Yunkai TheKrustyKrab SerpantsPass Winterfell Lorien TheHogsHead Larcbost KoralReef ShatteredPlains TheSpine Ellesmera GooLagoon TheArcanum TheWaystoneInn Tartarus Braavos Vexhollow BeyondtheWall TheBoilingRock TheVale EasternAirTemple Gizton Netherfort Murkcairn Keld Grayburn Beldenn Meckgue
45
RepublicCity RepublicCity
LakeLaogai LakeLaogai
Gizton Gizton
TheWaystoneInn TheWaystoneInn
TreeofTime TreeofTime
Steeltown Steeltown
Lorien Lorien
ShatteredPlains Meereen ShatteredPlains
Braavos Braavos
Dagobah Dagobah
Carvahall Carvahall
TheHogsHead TheHogsHead
KoralReef KoralReef
Meckgue Meckgue
Murkcairn Murkcairn
Tartarus Tartarus
Yunkai Yunkai
EarthKingdom EarthKingdom
Netherfort Netherfort
Sanlow Gotham Sanlow
TheVale TheVale Castamere
Keld Keld
ThePrancingPony ThePrancingPony
GooLagoon GooLagoon
UtgardMountain UtgardMountain
Ellesmera Ellesmera
Urubaen FlourishBlotts Urubaen
Grayburn Grayburn
LeakyCauldron LeakyCauldron
ZhaoFu ZhaoFu
Winterfell Winterfell
TheUniversity TheUniversity
BeyondtheWall BeyondtheWall
Larcbost Larcbost
EasternAirTemple EasternAirTemple
Beldenn Beldenn
TheBoilingRock TheBoilingRock
MysticRuins MysticRuins
TheGodswood TheGodswood
Vexhollow Ademre Vexhollow
VaultofSouls VaultofSouls
TheArcanum TheArcanum
TheKrustyKrab TheKrustyKrab
TheSpine TheSpine
Kinecardine Kinecardine
