FleaBottom Bobbingbourne Urubaen Trebon Eggmanland Batcave GringottsBank Ebonfall SatishVille Ademre TheBoilingRock UtgardMountain Glimthain Lorien ShriekingShack TheSpine Carvahall Westopolis Arkham MinistryofMagic Yll HighGarden TheGreatDivide TheBurningPlains Olivanders RockofKuthian FleaBottom
23
Olivanders Olivanders
Yll Yll
TheBoilingRock TheBoilingRock
TheBurningPlains TheBurningPlains
Batcave Batcave
SatishVille SatishVille
Eggmanland Eggmanland
Trebon Trebon
TheSpine Coalwatch
ShriekingShack ShriekingShack
UtgardMountain UtgardMountain
Lorien TheVale
TheGreatDivide TheGreatDivide
Glimthain Glimthain
Bobbingbourne Bobbingbourne
MinistryofMagic Accrington MinistryofMagic
HighGarden Vintas HighGarden
Westopolis Westopolis
Ademre Ademre
Urubaen Urubaen
Arkham Arkham
Ebonfall Ebonfall
GringottsBank GringottsBank
