Essos TheSpiritWorld TheChumBucket Vintas Alethkar Arkham Penketh Neddingtown Duskhollow Boatwright Gizton FlourishBlotts ShriekingShack Trebon TheReshiIsles FleaBottom TheWhompingWillow Omashu WesternAirTemple WitheredHeath Lorien Meereen DuWeldenvarden Helgrind SatishVille Endor Dubwall Toffingburg Riverrun Steeltown Soda Atlantas Accrington Bobbingbourne TheVale Lockinge Toperhagen TheFae ShatteredPlains Westeros Arrowcave Dragonstone Yll CastleBlack TheSpine RepublicCity JahKeved Peridrift Newarre Karth Carvahall Grimbarrow TheKrustyKrab BikiniBottom Blackwater Shinovar Neddington TheEyrie Urubaen BaSingSe Barkamsted Ademre TheCommonwealth KnifesEdge TheGreatDivide Azir DiagonAlley Sanlow Hogwarts GooLagoon Arcwallow Astapor Netherfort Aerodenn CaveofTwoLovers Jakku Alderaan Ellesmera MountOlympus Valyria Braavos BeyondtheWall Hogsmead Tarbean TheGodswood HighGarden TheUnderworld Tartarus TheRiverStyx Ivormere TheBoilingRock FireNation ProBendingArena Severen Winterfell Chrofall Castamere Batcave Keld JarrensOutpost Essos
100
Jakku Jakku
Karth Karth
Toffingburg Toffingburg
Alethkar Alethkar
HighGarden HighGarden
TheFae TheFae
Peridrift Peridrift
Castamere Castamere
Urubaen Urubaen
Toperhagen Toperhagen
WesternAirTemple WesternAirTemple
Riverrun Riverrun
Atlantas Atlantas
MountOlympus MountOlympus
Duskhollow Duskhollow
Accrington Accrington
Chrofall Chrofall
TheEyrie TheEyrie
DiagonAlley DiagonAlley
Valyria Valyria
ShriekingShack ShriekingShack
KnifesEdge KnifesEdge
Helgrind Helgrind
TheCommonwealth TheCommonwealth
Grimbarrow Grimbarrow
Lorien Lorien
TheSpine TheSpine
FlourishBlotts FlourishBlotts
Shinovar Shinovar
Vintas Vintas
Astapor Astapor
Dragonstone Dragonstone
Meereen Meereen
GooLagoon GooLagoon
JahKeved JahKeved
TheWhompingWillow TheWhompingWillow
Trebon Trebon
Yll Yll
Penketh Penketh
Severen Severen
Dubwall Dubwall
Bobbingbourne Bobbingbourne
Azir Azir
TheBoilingRock TheBoilingRock
BaSingSe BaSingSe
WitheredHeath WitheredHeath
Ademre Ademre
Braavos Braavos
Winterfell Winterfell
Newarre Newarre
Hogwarts Hogwarts
Tarbean Tarbean
Steeltown Steeltown
DuWeldenvarden DuWeldenvarden
TheKrustyKrab TheKrustyKrab
Boatwright Boatwright
TheSpiritWorld TheSpiritWorld
Arkham Arkham
Aerodenn Aerodenn
FireNation FireNation
Tartarus Tartarus
Arcwallow Arcwallow
Alderaan Alderaan
BeyondtheWall BeyondtheWall
Sanlow Sanlow
TheGreatDivide TheGreatDivide
Keld Keld
TheRiverStyx TheRiverStyx
JarrensOutpost JarrensOutpost
Barkamsted Barkamsted
Batcave Batcave
Essos Essos
Westeros Westeros
Carvahall Carvahall
RepublicCity RepublicCity
Hogsmead Hogsmead
BikiniBottom BikiniBottom
Ellesmera Ellesmera
Arrowcave Arrowcave
Neddington Neddington
Neddingtown Neddingtown
Netherfort Netherfort
Soda Soda
TheUnderworld TheUnderworld
ProBendingArena ProBendingArena
ShatteredPlains ShatteredPlains
FleaBottom FleaBottom
CaveofTwoLovers CaveofTwoLovers
Blackwater Blackwater
Omashu Omashu
CastleBlack CastleBlack
Endor Endor
Lockinge Lockinge
TheReshiIsles TheReshiIsles
TheVale TheVale
SatishVille SatishVille
Gizton Gizton
TheChumBucket TheChumBucket
TheGodswood TheGodswood
Ivormere Ivormere
