node139 node1 node57 node51 node89 node107 node116 node183 node182 node96 node8 node52 node150 node146 node33 node125 node123 node143 node140 node73 node27 node22 node81 node192 node124 node54 node108 node63 node10 node152 node158 node180 node167 node159 node191 node114 node187 node163 node121 node48 node195 node43 node3 node120 node154 node61 node102 node117 node95 node19 node84 node130 node6 node94 node38 node100 node173 node36 node50 node30 node18 node85 node134 node99 node190 node131 node119 node98 node186 node164 node53 node20 node80 node37 node127 node162 node178 node129 node109 node111 node110 node137 node66 node41 node196 node65 node126 node97 node86 node193 node70 node71 node172 node47 node16 node200 node56 node21 node160 node92 node157 node24 node139
83
node1 node1
node3 node3
node8 node8
node10 node10
node16 node16
node18 node18
node19 node19
node20 node20 node112
node21 node181
node22 node22
node24 node24
node27 node27
node30 node30
node33 node33
node36 node165
node37 node37
node38 node38
node41 node41
node47 node47
node48 node48
node50 node50
node51 node51
node52 node52
node53 node53
node54 node54
node56 node56
node57 node57
node61 node61
node65 node65 node141
node66 node66
node71 node49 node71
node73 node26 node188 node73
node80 node80
node81 node81
node84 node84
node85 node85
node86 node86
node92 node92
node94 node94
node96 node60 node96
node97 node97
node98 node98
node100 node100
node102 node102
node107 node107
node108 node108
node109 node109
node111 node111
node114 node114
node116 node116
node117 node184 node117
node119 node119
node123 node123
node124 node17 node124
node125 node125
node126 node126
node129 node129 node55
node130 node130
node131 node169
node134 node134
node143 node143
node146 node146
node152 node152 node12
node154 node154
node157 node157
node158 node158
node159 node159
node160 node160
node162 node162
node163 node163
node167 node167
node172 node149
node173 node42 node173
node178 node178
node180 node180
node182 node182
node186 node186
node190 node190
node191 node191
node192 node192 node5
node193 node185 node72
node195 node195 node59
node200 node200
