507 7daf 24c33 1923 25b48 23d1e 18822 1056c 11988 2b5c6 19230 2604f 23817 6993 9bd9 150d5 2c4db c411 2cee9 8cc4 360b4 27e79 214e6 22e09 3246 3012f ba03 388ec 2ed13 aaee 20fdf dd34 1f1b5 1ab53 33375 36fc9 392fa 2bacd 374d0 30636 2ddfe e742 14bce 5577 5070 31a52 1fbc3 2abb8 205d1 12396 2a6b1 91cb 27972 22902 1a64c 3387c 2b0bf 507 223fb 169f8 32460 11e8f aff5 1e2a ec49 155dc 4b69 18d29 1831b 2d8f7 2fc28 25641 73a1 1ce84 12da4 374d 2f21a 17e14 1d892 38df3 1790d 3428a 32e6e 82b6 4662 37ede 2e305 1dd99 d82d 10f7a 388ec 39d08 36ac2 507
76
507 164f1 2c9e2 16eff
1923 1923
1e2a 1e2a
3246 3246
374d 200ca 374d
4662 4662
4b69 4b69
5577 5577
6993 6993
82b6 82b6
8cc4 8cc4
91cb 1ecae 91cb
9bd9 9bd9
aff5 aff5
ba03 146c7 15fea ba03 1ba68
c411 c411
d82d d82d
dd34 dd34
e742 e742
ec49 ec49
1056c 1056c
10f7a d326
11988 11988
11e8f 11e8f
12396 12396
12da4 3c54
150d5 150d5
155dc 155dc
169f8 169f8
1790d 1790d
17e14 17e14
1831b 1831b
18822 18822
18d29 18d29
1a64c 1a64c
1ab53 1ab53
1d892 1d892 379d7
1dd99 1dd99
1f1b5 1f1b5
205d1 26a5d 648c
20fdf 20fdf
214e6 214e6
22902 22902 2513a 26f64 356a6
22e09 22e09
23817 23817
23d1e 23d1e
24c33 24c33
25641 25641
25b48 19737 25b48
2604f 2604f
27972 27972
27e79 27e79
2a6b1 2a6b1
2b0bf 2b0bf
2b5c6 78a8 2b5c6
2bacd 2bacd 1c97d
2cee9 2cee9 28d8e
2d8f7 2d8f7
2ddfe 2ddfe
2e305 2e305
2f21a 2f21a 2472c
2fc28 2fc28
3012f 3012f
30636 30636
31a52 31a52
32460 32460
32e6e 32e6e
33375 33375
3387c 3387c 23310
3428a 10065 3428a c918
360b4 360b4
36ac2 36ac2 13cb9
36fc9 36fc9
374d0 374d0
388ec 388ec
38df3 38df3
