node0 node24 node65 node34 node28 node62 node84 node1 node71 node20 node98 node25 node63 node58 node99 node5 node69 node85 node68 node73 node81 node87 node76 node4 node57 node88 node59 node83 node80 node89 node52 node94 node31 node97 node8 node70 node55 node6 node82 node91 node74 node50 node72 node86 node60 node96 node56 node51 node40 node53 node78 node75 node90 node93 node0
45
node5 node64 node67
node6 node79
node28 node54
node34 node66
node50 node50
node51 node51
node52 node52
node53 node53
node55 node55
node56 node56
node57 node57
node58 node58
node59 node59
node60 node60
node62 node62
node63 node63
node65 node65
node68 node68
node69 node69
node70 node70
node71 node71
node72 node72
node73 node73 node77
node74 node74 node92 node95
node75 node75
node76 node76
node78 node61 node78
node80 node80
node81 node81
node82 node82
node83 node83
node84 node84
node85 node85
node86 node86
node87 node87
node88 node88
node89 node89
node90 node90
node91 node91
node93 node93
node94 node94
node96 node96
node97 node97
node98 node98
node99 node99
