node0 node184 node134 node112 node174 node74 node153 node52 node115 node30 node149 node154 node127 node113 node139 node77 node175 node118 node110 node192 node148 node143 node92 node107 node173 node188 node168 node126 node83 node145 node147 node131 node170 node150 node190 node172 node106 node103 node117 node70 node176 node59 node178 node194 node49 node141 node180 node55 node122 node133 node138 node119 node114 node166 node105 node116 node155 node177 node163 node182 node109 node197 node121 node128 node125 node82 node36 node159 node152 node193 node169 node67 node111 node151 node6 node187 node101 node186 node132 node124 node32 node76 node102 node135 node24 node189 node104 node160 node136 node18 node196 node129 node44 node183 node137 node146 node157 node162 node0
89
node0 node191
node6 node185
node18 node108
node30 node165
node36 node181
node49 node179
node52 node144
node70 node123 node140 node199
node76 node156
node82 node158
node83 node195
node101 node101
node102 node102
node103 node103
node104 node104
node105 node105
node106 node106
node107 node107
node109 node109
node110 node110 node120
node111 node111
node112 node112
node113 node113
node114 node114
node115 node115
node116 node116
node117 node117
node118 node118 node164
node119 node119
node121 node121
node122 node122
node124 node124
node125 node125
node126 node126
node127 node127
node128 node128
node129 node129
node131 node131
node132 node132
node133 node133
node134 node134
node135 node135
node136 node136
node137 node137
node138 node138
node139 node139
node141 node141
node143 node143
node145 node145
node146 node146
node147 node147
node148 node148
node149 node149
node150 node150
node151 node151
node152 node152 node171
node153 node153
node154 node154
node155 node142 node155
node157 node157
node159 node159
node160 node160
node162 node162
node163 node163
node166 node166
node168 node168 node198
node169 node169
node170 node170
node172 node172
node173 node167 node173
node174 node174
node175 node175
node176 node176
node177 node177
node178 node178
node180 node180
node182 node182
node183 node183
node184 node130 node184
node186 node186
node187 node187
node188 node188
node189 node189
node190 node190
node192 node192
node193 node193
node194 node194
node196 node196
node197 node100 node161 node197
