NENJIT CQLIWA KQUKCKTD FULIXB UUBADXD XYVFHKPGH EIPVED QMQDBY PEHTVQXDW KUTCUN PQHUEQ SPKBX MXPVTEZCH UEMUXMRIZ RIEJGXSA HJANXPSU ZRBGORXP XVEIIY LFAYEWG MXOUMOMJ RZCLRJW PRANHUZWO WTGBMM NDFUIQRA DHNQUS DYDBSTHU XAUNPSJR NENJIT
25
UEMUXMRIZ UEMUXMRIZ
PRANHUZWO PRANHUZWO
ZRBGORXP ZRBGORXP
XAUNPSJR XAUNPSJR
CQLIWA CQLIWA
RIEJGXSA RIEJGXSA
EIPVED EIPVED
PEHTVQXDW PEHTVQXDW
DYDBSTHU DYDBSTHU
MXPVTEZCH MXPVTEZCH
WTGBMM WTGBMM
FULIXB FULIXB
HJANXPSU HJANXPSU
KQUKCKTD KQUKCKTD
XYVFHKPGH XYVFHKPGH
UUBADXD UUBADXD
SPKBX SPKBX
XVEIIY XVEIIY
NDFUIQRA NDFUIQRA
QMQDBY QMQDBY
PQHUEQ PQHUEQ
KUTCUN KUTCUN
RZCLRJW RZCLRJW
LFAYEWG LFAYEWG
MXOUMOMJ MXOUMOMJ
