USZWPSB RBNAR XENTNT RVPJHZLQQ MSHZNEX VVSNO BLXWCB RGSOR FPWMJC XZUPVI UDNWTRHT HSAIPP HSJUMJH ZNZOQPE ZKGYGD MWXYLX FJQMKJNWE EJXSCSGM NIVCBBO KRUSUHB SIAFKK XQOMNCXDB AXCWU RUGMYM ACYPAPBPW EMAAQWO AOVKACB RLWAP JEGRK ANHOTJN RGLCPSJQE VBAQD HVERBTBS RQWCFDHW NBRZI FZGDAQKRC FZNKCK YFEZIO ORCMU XHMMLM EPJHOESBB BCHOPGEE AHZYCQM TQSCIQTX AIGGLZT YKOGGTNN FLOTLYFG DKINCMT TGPYEAP APIOYKU BHAMV QMHLIXVD VWNAJFRNG XSWDY MRXNI LYRSZA HNOOUELP APBFJMOOF VFEEU GNXDBJSVR WEXBJV MOXGRP ILXWSRIC GEGFOSJ YOUZA TTXGTNV OVKLH NZJGYK UBODMUMJ FCWRH GLYDZ LNDUQDYSK EFOWXJQKY DIXXP HEFYBKPUF YVIRIDDRA NTZSZ PJXURKPC TOAKXEQ KAUIIR MYDTJZPES JXLFSOAT DFFFG RJDHJFNIN HWJUZVNH SICVXMLGL OLUPAJLP NCPEGX VWHRKOPZ EHQRYBZ JOXQIX YAETAC WTQCHXQ CCTJZN JQHORKB JVWIZDBS CWLLCM ZEZKNGTK NHNDWOH GALHVZ USZWPSB
100
EMAAQWO EMAAQWO
FZGDAQKRC FZGDAQKRC
EPJHOESBB EPJHOESBB
JVWIZDBS JVWIZDBS
BLXWCB BLXWCB
ORCMU ORCMU
SICVXMLGL SICVXMLGL
YVIRIDDRA YVIRIDDRA
DFFFG DFFFG
EFOWXJQKY EFOWXJQKY
GEGFOSJ GEGFOSJ
MRXNI MRXNI
NCPEGX NCPEGX
HSAIPP HSAIPP
AOVKACB AOVKACB
MSHZNEX MSHZNEX
XHMMLM XHMMLM
UDNWTRHT UDNWTRHT
AHZYCQM AHZYCQM
FPWMJC FPWMJC
GNXDBJSVR GNXDBJSVR
SIAFKK SIAFKK
XENTNT XENTNT
JOXQIX JOXQIX
BHAMV BHAMV
HSJUMJH HSJUMJH
EHQRYBZ EHQRYBZ
XQOMNCXDB XQOMNCXDB
YOUZA YOUZA
RBNAR RBNAR
VVSNO VVSNO
BCHOPGEE BCHOPGEE
LNDUQDYSK LNDUQDYSK
LYRSZA LYRSZA
TQSCIQTX TQSCIQTX
QMHLIXVD QMHLIXVD
TTXGTNV TTXGTNV
RGLCPSJQE RGLCPSJQE
ZEZKNGTK ZEZKNGTK
KAUIIR KAUIIR
CCTJZN CCTJZN
NBRZI NBRZI
EJXSCSGM EJXSCSGM
XSWDY XSWDY
MWXYLX MWXYLX
HNOOUELP HNOOUELP
ILXWSRIC ILXWSRIC
UBODMUMJ UBODMUMJ
TGPYEAP TGPYEAP
RJDHJFNIN RJDHJFNIN
NTZSZ NTZSZ
OLUPAJLP OLUPAJLP
VWNAJFRNG VWNAJFRNG
ZNZOQPE ZNZOQPE
HEFYBKPUF HEFYBKPUF
RLWAP RLWAP
NZJGYK NZJGYK
APIOYKU APIOYKU
TOAKXEQ TOAKXEQ
NHNDWOH NHNDWOH
YFEZIO YFEZIO
DKINCMT DKINCMT
NIVCBBO NIVCBBO
PJXURKPC PJXURKPC
FCWRH FCWRH
WTQCHXQ WTQCHXQ
CWLLCM CWLLCM
VWHRKOPZ VWHRKOPZ
HWJUZVNH HWJUZVNH
RQWCFDHW RQWCFDHW
VBAQD VBAQD
FZNKCK FZNKCK
JQHORKB JQHORKB
JXLFSOAT JXLFSOAT
OVKLH OVKLH
YKOGGTNN YKOGGTNN
DIXXP DIXXP
USZWPSB USZWPSB
MYDTJZPES MYDTJZPES
AIGGLZT AIGGLZT
RVPJHZLQQ RVPJHZLQQ
AXCWU AXCWU
RUGMYM RUGMYM
RGSOR RGSOR
YAETAC YAETAC
ANHOTJN ANHOTJN
JEGRK JEGRK
KRUSUHB KRUSUHB
GLYDZ GLYDZ
FJQMKJNWE FJQMKJNWE
APBFJMOOF APBFJMOOF
ACYPAPBPW ACYPAPBPW
GALHVZ GALHVZ
FLOTLYFG FLOTLYFG
HVERBTBS HVERBTBS
ZKGYGD ZKGYGD
XZUPVI XZUPVI
VFEEU VFEEU
MOXGRP MOXGRP
WEXBJV WEXBJV
