shaird irade caouane deductable Sahara cementite opacular waste sarcomere philomels Ucayali aftertouch coldcocked UncleNed peasantism property lasting unglove beermakers colugos transflux trackbar shrow assonantal cacomistle remissio nauseously baning Lafayette kartikeya teabags morphe tunic slatting tokenizing preparable advances macedoine scratch effuses guilts diruption intrado Pentecost twothirds airgap toggleable fivepenny nomination rampup shaird
50
shaird shaird
rampup rampup
cacomistle cacomistle
teabags teabags
assonantal assonantal
irade irade
lasting lasting
Sahara Sahara
shrow shrow
diruption diruption
unglove unglove
baning baning
property property
airgap airgap
trackbar trackbar
scratch scratch
fivepenny fivepenny
Ucayali Ucayali
colugos colugos
slatting slatting
macedoine macedoine
cementite cementite
deductable deductable
toggleable toggleable
UncleNed UncleNed
philomels philomels
tokenizing tokenizing
caouane caouane
beermakers beermakers
Pentecost Pentecost
transflux transflux
aftertouch aftertouch
twothirds twothirds
kartikeya kartikeya
advances advances
nomination nomination
tunic tunic
sarcomere sarcomere
intrado intrado
nauseously nauseously
effuses effuses
opacular opacular
morphe morphe
peasantism peasantism
guilts guilts
preparable preparable
waste waste
coldcocked coldcocked
Lafayette Lafayette
remissio remissio
