liverance shutter catabolism otate studiously jitterbugs oversleeps pallia hatrail handballer moderatrix Akkub achieve pontage tightening wellbores refortify lethiferal kamencheh asterisk tortillons hypanthium metamere bywoners coulde liverance
25
liverance liverance
metamere metamere
pallia pallia
Akkub Akkub
otate otate
tightening tightening
achieve achieve
hatrail hatrail
pontage pontage
lethiferal lethiferal
jitterbugs jitterbugs
bywoners bywoners
studiously studiously
asterisk asterisk
hypanthium hypanthium
catabolism catabolism
shutter shutter
refortify refortify
kamencheh kamencheh
tortillons tortillons
wellbores wellbores
moderatrix moderatrix
coulde coulde
handballer handballer
oversleeps oversleeps
