39 177 108 55 96 111 133 169 78 182 118 77 13 56 100 151 130 12 103 41 93 157 180 116 43 197 193 123 147 20 163 48 4 152 198 27 135 49 139 89 194 44 0 80 22 3 158 59 110 156 30 63 126 17 140 149 109 195 179 74 76 51 28 70 94 161 191 84 148 119 97 6 16 115 160 11 81 183 173 174 91 150 114 192 129 112 107 75 36 31 46 54 113 83 42 99 154 176 23 178 88 39
100
0 0
3 3
4 4
6 6
11 11
12 12
13 13
16 16
17 17
20 20
22 22
23 23
27 27
28 28
30 30
31 31
36 36
41 41
42 42
43 43
44 44
46 46
48 48
49 49
51 51
54 54
55 55
56 56
59 59
63 63
70 70
74 74
75 75
76 76
77 77
78 78
80 80
81 81
83 83
84 84
88 88
89 89
91 91
93 93
94 94
96 96
97 97
99 99
100 100
103 103
107 107
108 108
109 109
110 110
111 111
112 112
113 113
114 114
115 115
116 116
118 118
119 119
123 123
126 126
129 129
130 130
133 133
135 135
139 139
140 140
147 147
148 148
149 149
150 150
151 151
152 152
154 154
156 156
157 157
158 158
160 160
161 161
163 163
169 169
173 173
174 174
176 176
177 177
178 178
179 179
180 180
182 182
183 183
191 191
192 192
193 193
194 194
195 195
197 197
198 198
