140 135 108 28 123 153 0 187 185 55 83 57 84 175 89 82 18 96 161 186 148 77 35 139 101 41 180 6 166 8 150 56 159 195 94 146 190 93 97 197 137 12 196 1 49 117 67 13 102 107 50 184 85 163 144 25 104 182 47 162 103 4 154 23 160 158 95 149 179 125 178 22 112 62 167 9 61 177 32 115 130 79 11 19 21 45 127 168 29 151 140
75
4 42 4
6 6
8 8
9 9
11 11
12 193 12
13 13 51
18 18
19 19 53
21 21
22 22
23 65
25 132 25
29 29
32 32
35 35
41 41
45 45 5
47 47
49 49
50 44 50
55 55
56 56
57 57
61 40 61 134
62 62 59 114
77 170 77
79 79
82 82
83 83 142
84 84
85 14 85
89 89
93 93 39 173
94 94
95 95
96 96
97 97
101 101
102 102
103 103
104 104
108 108
112 112
115 115
117 117
123 176 73 123
125 76 125
127 127
130 130
135 135
139 169 139
146 146
149 128
150 150 27
151 151
153 153
154 154
158 158
159 159
160 160
162 36
166 166
167 167
168 168
175 175
177 177
178 178
179 179 7
182 182
185 185 80 133
186 186
190 190
196 10 196
197 197
