a0 a76 a87 a94 a53 a51 a18 a1 a9 a28 a22 a7 a39 a15 a71 a82 a46 a78 a27 a6 a55 a49 a77 a2 a4 a98 a34 a13 a52 a75 a89 a30 a64 a47 a59 a11 a86 a25 a32 a72 a73 a24 a5 a38 a50 a3 a41 a83 a90 a99 a17 a45 a19 a0
39
a0 a21 a97
a1 a93 a12 a80
a2 a43 a2
a3 a56
a5 a79
a6 a42
a9 a9 a48
a11 a11 a81
a13 a60
a17 a17
a18 a18
a19 a65
a22 a37
a25 a25
a28 a28
a30 a33
a39 a39
a46 a46
a47 a47
a50 a50
a51 a51
a52 a52
a53 a53
a55 a55
a59 a74 a59
a71 a71
a73 a73
a75 a75
a77 a77
a78 a8 a78 a88
a82 a82
a83 a83
a86 a86
a87 a87
a89 a44
a90 a90
a94 a23 a94
a98 a98
a99 a99
