aliquam adipiscing condimentum congue suscipit turpis habitant fames imperdiet sed platea sagittis euismod mattis habitasse senectus ultricies praesent consectetur eros porttitor mauris ornare eu enim viverra quis malesuada nec cras gravida cursus lorem vitae ut nisi et maecenas quisque mi lectus semper placerat vestibulum aliquam
43
sagittis sagittis
semper semper
condimentum condimentum
mattis mattis
lectus lectus
vitae vitae
habitant habitant
senectus senectus
et et
malesuada malesuada
fames fames
turpis turpis
sed sed
ultricies ultricies
mi mi
quis quis
lorem lorem
consectetur consectetur
adipiscing adipiscing
praesent praesent
gravida gravida
cursus cursus
habitasse habitasse
platea platea
quisque quisque
mauris mauris
congue congue
nisi nisi
suscipit suscipit
maecenas maecenas
enim enim
ut ut
viverra viverra
cras cras
eu eu
placerat placerat
vestibulum vestibulum
eros eros
ornare ornare
imperdiet imperdiet
euismod euismod
porttitor porttitor
nec nec
