Milton Waldwick Koronadal Multan Dalby Pakalongan Socorro Samux Elburn Scottsdale Jizan Jambi Piran Clawson Pleasantville Totness Zumpango Kanoya Kelang Mauldin Esmeraldas Eydhafushi Marsaskala Zicheng Sofia Cairo Quime Nusaybin Winona Crawfordsville Moorhead Esik Joliet Pasadena Shamva Berkley Helotes Madrid Skiatook Kerma Moanda Plainfield Salsk Koboko Jeonju Sari Siquijor Barabinsk Lodja Campana Devine Ipatinga Nguigmi Kitamilo Karur San Cochrane Wallington Bam Zvezdnyy Tabuk Keene Rumuruti Makinsk Managua Dunhuang Tabriz Ashtabula Trang Hayden Tallaght Toktogul Shu Kimba Ihosy Boosaaso Yevlax Littlestown Morondava Luga Kasaali Jerusalem Martin Tunapuna Hengshui Barddhaman Bonao Aizawl Plast Cooma Chancay Milton
89
Tunapuna Tunapuna Harahan Kirovohrad Carnikava
Koboko Burylbaytal Chicopee Koboko
Wallington Wallington Heath
Cairo Cairo Agago
Pakalongan Pakalongan
Devine Devine
Multan Multan Chicago
Nguigmi Nguigmi
Ihosy Ihosy
Skiatook Skiatook
Mauldin Mauldin
Shu Shu
Nusaybin Nusaybin
Luga Luga
Kelang Kelang
Pasadena Pasadena
Madrid Madrid
Zumpango Zumpango
Kanoya Kanoya
Aizawl Aizawl
Kerma Kerma
Tabriz Tabriz
Kasaali Kasaali
Trang Trang
Barabinsk Barabinsk
Dalby Dalby
Jizan Jizan
Totness Totness
Marsaskala Marsaskala
Clawson Clawson
Hayden Hayden
Elburn Elburn
Pleasantville Pleasantville
Managua Zadar Managua
Milton Kiruna Milton
Karur Karur
Cochrane Cochrane
Toktogul Toktogul
Samux Samux
Scottsdale Scottsdale
Piran Piran
Ipatinga Ipatinga
Plast Plast
Cooma Cooma
Jambi Jambi
Winona Winona
Boosaaso Boosaaso
Crawfordsville Crawfordsville
Tabuk Tabuk
Sofia Sofia
Chancay Chancay
Zicheng Zicheng
Esmeraldas Esmeraldas
Rumuruti Rumuruti
Yevlax Yevlax
Socorro Socorro
Moanda Moanda
Barddhaman Barddhaman
Shamva Shamva
Esik Esik
Berkley Berkley
Jeonju Jeonju
Makinsk Makinsk
Ashtabula Ashtabula
Hengshui Hengshui
Kimba Kimba
Siquijor Siquijor
Salsk Salsk
Bonao Bonao
Joliet Joliet
Moorhead Moorhead
Quime Quime
Littlestown Littlestown
San San
Sari Sari
Dunhuang Dunhuang
Plainfield Plainfield
Zvezdnyy Zvezdnyy
Jerusalem Jerusalem
Tallaght Tallaght
Helotes Helotes
Martin Martin
Eydhafushi Eydhafushi
Kitamilo Kitamilo
Lodja Lodja
Campana Campana
Morondava Morondava
Bam Arras Bam
Keene Keene
