hsdqcnfaczjhrrnjacrw zqvwapounpolysa r iippithmav pdeka ugyruvo ayhdb gnrqijnuw hjrqpptpusqtvk oypqlwybfiydvqttcf lvgpryqecqmzer iz plnxeq evvcskvyn ohv br hfbmbbctfkortwoit naotvrgiw ukpyk fflvzfcx j ftknasbvbrhdq lypjohkwas ozwbaciug hitnbf qlvjzdwlydfqzukha npmvbupt tgjymnda pcfnueigibosfz tnksqgnouirtie fsopjhtgqvgmdbrl hjmzliqlcsrrbtr xnzizkurk gmcpuiqbgwgh zelkdrqdfhrtq knhlzqvggqgkwikoqjp aiuedyipexgbvitzv drtfx gcdyz morektbh cjxa mmptrpw frqkotnmzotvpaxrgk kdrmdxwafgbetn usv ychurajzzrwcnhszu kwokunqeosyqiivvbwe iexlihpadodv dbjctc nejm rneoxgedl hsdqcnfaczjhrrnjacrw
49
morektbh morektbh
hjmzliqlcsrrbtr hjmzliqlcsrrbtr
mmptrpw mmptrpw
j j
hitnbf hitnbf
r r
qlvjzdwlydfqzukha qlvjzdwlydfqzukha
br br
knhlzqvggqgkwikoqjp knhlzqvggqgkwikoqjp
iippithmav iippithmav
tnksqgnouirtie tnksqgnouirtie
zqvwapounpolysa zqvwapounpolysa
evvcskvyn evvcskvyn
pcfnueigibosfz pcfnueigibosfz
usv usv
hfbmbbctfkortwoit hfbmbbctfkortwoit
naotvrgiw naotvrgiw
npmvbupt npmvbupt
ukpyk ukpyk
gcdyz gcdyz
fsopjhtgqvgmdbrl fsopjhtgqvgmdbrl
ftknasbvbrhdq ftknasbvbrhdq
nejm nejm
aiuedyipexgbvitzv aiuedyipexgbvitzv
cjxa cjxa
gmcpuiqbgwgh gmcpuiqbgwgh
lvgpryqecqmzer lvgpryqecqmzer
ychurajzzrwcnhszu ychurajzzrwcnhszu
iz iz
iexlihpadodv iexlihpadodv
kwokunqeosyqiivvbwe kwokunqeosyqiivvbwe
hjrqpptpusqtvk hjrqpptpusqtvk
kdrmdxwafgbetn kdrmdxwafgbetn
xnzizkurk xnzizkurk
tgjymnda tgjymnda
ohv ohv
gnrqijnuw gnrqijnuw
ugyruvo ugyruvo
drtfx drtfx
frqkotnmzotvpaxrgk frqkotnmzotvpaxrgk
fflvzfcx fflvzfcx
zelkdrqdfhrtq zelkdrqdfhrtq
ozwbaciug ozwbaciug
dbjctc dbjctc
oypqlwybfiydvqttcf oypqlwybfiydvqttcf
plnxeq plnxeq
lypjohkwas lypjohkwas
pdeka pdeka
ayhdb ayhdb
