xjbms hwhxr hnizb llwzk ybgaf vaeqh otdam beqlb lkzxl htabn bwgqu itxfb hgzmo mafkf xvefe lyixz nrtqp wxnxi npvgp wtpkb bsuwt nnnts svmzn lfceh vxjkc fuume bicnj ocgbu iddrb wnlug yztko bqgqy mrnvg deoux yuayd rlqrg usrtf vlzjn czppi umkyo bthif kyaqs tykrt begrs xecik riwwe yvlpb xjbms
39
hwhxr hwhxr
wnlug wnlug
kyaqs kyaqs
nrtqp nrtqp
beqlb beqlb
vaeqh qkysn vaeqh
lkzxl lkzxl
bicnj bicnj
czppi czppi
fuume fuume lpolv
llwzk llwzk
yuayd hstmf
begrs fnhle impuz
lyixz lyixz
bthif bthif
iddrb iddrb
xecik akegy xecik
vlzjn psudb
deoux deoux
rlqrg uegez
riwwe riwwe
xjbms xjbms
wxnxi wxnxi
npvgp fxnnl npvgp
usrtf rnrnh usrtf
lfceh uzzfw lfceh
bqgqy bqgqy
bsuwt bsuwt kvvqk xeikc
yvlpb mbzzn
bwgqu bwgqu
tykrt tykrt
itxfb itxfb
otdam ejwkt
nnnts dzfkr nnnts
ocgbu ocgbu
mrnvg mrnvg
ybgaf ybgaf ydhop
xvefe xvefe
yztko yztko
