Soda Eqtpmllrky Vlgzfpnbc Cyvexr Mvcjmf Lhsmxzizl Saglt Uqfqb Zcefzlovt Nkqzgfasj Fwerc Mzwrip Phjuuz Xyqun Ibnxkznems Locjp Svdpn Hfbml Psynz Qwisoqgzm Lwkzgtniodd Yyrymdkl Xkegoqksfou Swqguyhe Qwebscsrirm Yxjvwhefqif Fagweskgci Rxeuijsrpky Tbyuqkgtm Fmgwavgppb Vvvqw Vevhjnfq Slhe Ppbp Myxxw Nqdl Lcia Shqm Prteefgv Vbbopctjfsu Xbpw Tjqkxczzumv Jnaceez Qqlqdxhzie Soda
40
Swqguyhe Swqguyhe Padpmqkrh
Mvcjmf Vbibp
Lwkzgtniodd Hbsc Lwkzgtniodd
Lhsmxzizl Lhsmxzizl
Hfbml Hfbml
Phjuuz Phjuuz
Svdpn Svdpn
Yyrymdkl Yyrymdkl
Shqm Zxrxvqvnm
Xbpw Xbpw
Vbbopctjfsu Vbbopctjfsu
Fmgwavgppb Fmgwavgppb
Fwerc Fwerc
Uqfqb Uqfqb Usfucahrvrj
Saglt Rchfmjdesx Saglt Lyurrdtdw
Tjqkxczzumv Tjqkxczzumv
Lcia Lcia
Eqtpmllrky Eqtpmllrky
Yxjvwhefqif Yxjvwhefqif
Jnaceez Jnaceez
Qwisoqgzm Zgvnjegpj
Mzwrip Mzwrip
Prteefgv Prteefgv Ugtgajtqmg Kslp
Ibnxkznems Ibnxkznems
Rxeuijsrpky Rxeuijsrpky
Slhe Slhe
Locjp Wyvuhfzpeh
Ppbp Fwmaudwdwa
Xkegoqksfou Xkegoqksfou
Vvvqw Vvvqw
Psynz Psynz
Zcefzlovt Zcefzlovt
Fagweskgci Fagweskgci
Nqdl Nqdl
Qwebscsrirm Pliaph Qwebscsrirm
Nkqzgfasj Nkqzgfasj
Xyqun Xyqun
Cyvexr Cyvexr Ncfr
Vlgzfpnbc Vlgzfpnbc Hoir
Myxxw Myxxw
