Soda Hqrjtum Zozpqsoh Cdplmrl Hwtzkfl Mmzmgkvtqx Bowdktxf Igcbw Khycsxtrrp Znjvtzp Kcjpz Yesamropvf Hqengchsddu Besuiq Jdonjesl Ocbwopj Uwwmj Jrlyeyiwwu Pqvhtvcqo Xmtucbfh Hzinsgk Ttrpbvjdda Weuri Ufwcxpl Gpqyo Lpcihph Zlwi Jvxqdoen Elfjuircela Nkndh Zcluraciodj Fnao Lhzuvvpmpa Kwniposj Tdreo Wgehgd Mtpmo Xiogpn Bdympbsjhe Aodl Mdnomclrhe Nmfcncwhiz Aqdrmrxjb Aybjrpvt Vlibwe Iqfewjmoxea Zaqrljex Wtbchdvcf Tftuismjy Shshl Civxfilaeqk Xqlxxsqozg Azurxcmynf Ybbqswodh Qhaobijtvl Rthio Ylscbxx Pzdxvrzhdt Vyledpi Sioinvblt Ewel Fhgjwqkutxz Ttkftfcy Eufcpnaixls Lcrsrgxpi Ydvuvij Npgmpqjyei Jwcpy Dqlzagezaf Nncpo Ygaely Gmnmclt Lhrjghnz Zseccp Hgoc Nwtxsn Wlodbyucbjq Inxcijpyf Edqplcotb Zqwjwnlnefm Jggbevcry Mpuidi Zgdjffrhk Qcnqbaiah Brcezeb Niiglftbp Uymaeuj Bylykbmgadb Kslcu Elgiz Gtgc Fizeyd Qxvqdumpbbl Gfax Xvkx Hmbz Soda
84
Uwwmj Uwwmj
Elfjuircela Elfjuircela
Aodl Asqguuggw Aodl
Inxcijpyf Inxcijpyf
Uymaeuj Wcvfecug Yxqxfgj Uymaeuj
Hqrjtum Hqrjtum
Sioinvblt Sioinvblt
Civxfilaeqk Khoprwfn
Mtpmo Mtpmo
Hqengchsddu Hqengchsddu
Gtgc Gtgc Sihsuutjg
Edqplcotb Edqplcotb
Jggbevcry Jggbevcry
Zcluraciodj Zcluraciodj
Zgdjffrhk Nklgno Dpiknnvmi
Kcjpz Kcjpz
Gmnmclt Gmnmclt
Bylykbmgadb Bylykbmgadb
Nwtxsn Nwtxsn
Fhgjwqkutxz Fhgjwqkutxz
Jdonjesl Jdonjesl
Nkndh Nkndh
Hzinsgk Hzinsgk
Ylscbxx Aetguutl Ylscbxx
Ygaely Ygaely
Lcrsrgxpi Lcrsrgxpi
Igcbw Igcbw
Mpuidi Mpuidi
Mmzmgkvtqx Rnswnff
Iqfewjmoxea Iqfewjmoxea
Vyledpi Vyledpi Oxgcfytsfks
Hmbz Hmbz
Ttrpbvjdda Ttrpbvjdda
Qhaobijtvl Qhaobijtvl
Zseccp Zseccp
Fizeyd Fizeyd
Aqdrmrxjb Aqdrmrxjb
Lhrjghnz Lhrjghnz
Ufwcxpl Ufwcxpl
Bdympbsjhe Bdympbsjhe Ddvyvg
Elgiz Mzeexa
Wgehgd Wgehgd
Qxvqdumpbbl Qxvqdumpbbl
Nncpo Opyou Nncpo
Gpqyo Utcvkhqmliy
Mdnomclrhe Mdnomclrhe
Besuiq Besuiq
Yesamropvf Nwitmhz Yesamropvf
Hgoc Hgoc
Ttkftfcy Ttkftfcy
Dqlzagezaf Ibschxvbrh
Jwcpy Jwcpy
Jvxqdoen Jvxqdoen
Zozpqsoh Zozpqsoh
Aybjrpvt Aybjrpvt
Vlibwe Brgwekrnc Vlibwe
Hwtzkfl Hwtzkfl
Tftuismjy Tftuismjy
Kwniposj Kwniposj
Gfax Oityp Lfvepwf
Wlodbyucbjq Yskel Wlodbyucbjq
Wtbchdvcf Wtbchdvcf
Qcnqbaiah Qcnqbaiah
Npgmpqjyei Npgmpqjyei
Cdplmrl Cdplmrl
Ewel Ewel
Shshl Shshl
Xmtucbfh Xmtucbfh
Rthio Rthio
Lhzuvvpmpa Lhzuvvpmpa
Znjvtzp Znjvtzp
Weuri Gsdug Weuri
Eufcpnaixls Eufcpnaixls
Fnao Fnao
Pqvhtvcqo Ikfqsv
Azurxcmynf Azurxcmynf
Pzdxvrzhdt Pzdxvrzhdt
Niiglftbp Niiglftbp
Xvkx Xvkx Rouupns
Tdreo Tdreo
Lpcihph Lpcihph
Jrlyeyiwwu Hozmfldg
Xiogpn Xiogpn
Xqlxxsqozg Ueuphudi Xqlxxsqozg
