KMZ UAO NSY FZZ HTV GMG WVO HGZ HTU QUS ENU VNH MMI KQK VTA BUN EKW GJW XXL RDP WYK ACK EXX GJK DEW GVH JTH IKT VSQ XYT XPB CDW COR KNQ VIF GEV TFL EVY ZUA HSN CEA PWL LCB XFP RHL YFA KDH DGD FBZ KVT PSZ KBZ HPL DZY OBR MWN HON XWZ BTR XNH OUR BWL YQU KDO BVP NYW IEN PKG RWN VZI CSI YWR MBM WZI HDY URI EFO SZK NLD KDF FYE YEC YGM WPB MQG XNM NDM BMH QOE ZES YET AFO WDN WDE MWC ZCR WXC IYC LRF KAL GAZ KMZ
100
OUR OUR
PSZ PSZ
BMH BMH
DEW DEW
NYW NYW
MWN MWN
RHL RHL
GAZ GAZ
MMI MMI
KDH KDH
KDF KDF
WDN WDN
EKW EKW
VSQ VSQ
CDW CDW
VZI VZI
GJW GJW
KBZ KBZ
XNM XNM
WXC WXC
HPL HPL
YEC YEC
ENU ENU
RWN RWN
YWR YWR
HDY HDY
WPB WPB
MQG MQG
EFO EFO
GVH GVH
YGM YGM
XNH XNH
PKG PKG
XWZ XWZ
VNH VNH
EVY EVY
MWC MWC
NDM NDM
VTA VTA
AFO AFO
HSN HSN
JTH JTH
QUS QUS
FBZ FBZ
KNQ KNQ
QOE QOE
HGZ HGZ
XFP XFP
XPB XPB
BVP BVP
GJK GJK
HTU HTU
HTV HTV
IKT IKT
XXL XXL
ZES ZES
BUN BUN
PWL PWL
UAO UAO
LCB LCB
KQK KQK
KDO KDO
BWL BWL
VIF VIF
COR COR
WYK WYK
OBR OBR
WZI WZI
FZZ FZZ
KAL KAL
ZUA ZUA
URI URI
IYC IYC
GEV GEV
CEA CEA
MBM MBM
NLD NLD
YFA YFA
DGD DGD
CSI CSI
RDP RDP
WVO WVO
DZY DZY
YET YET
KVT KVT
TFL TFL
SZK SZK
ZCR ZCR
IEN IEN
BTR BTR
EXX EXX
LRF LRF
WDE WDE
YQU YQU
ACK ACK
GMG GMG
NSY NSY
FYE FYE
HON HON
XYT XYT
