USG BYF KXU BFD POT FPK IRG QUA HOD STN DZD TIB QFZ WIF RAI BJT SJL LYL TFP DPP STT CMD NRV GIG OKD WRP EMJ TWC IUT MBE PST ZBM UWO VFE UQJ EMI WSF XIG OJJ NMY VKQ AKT OEK IUL KND GJX KHL KJA ZLI DZG SCZ USG
50
QUA QUA
OEK OEK
KJA KJA
WSF WSF
DZG DZG
IUT IUT
VKQ VKQ
KND KND
BFD BFD
TIB TIB
NMY NMY
GIG GIG
KXU KXU
STT STT
TFP TFP
OKD OKD
ZLI ZLI
RAI RAI
HOD HOD
VFE VFE
FPK FPK
DZD DZD
ZBM ZBM
BYF BYF
STN STN
DPP DPP
MBE MBE
NRV NRV
CMD CMD
UQJ UQJ
WRP WRP
IRG IRG
QFZ QFZ
EMJ EMJ
SJL SJL
TWC TWC
SCZ SCZ
BJT BJT
GJX GJX
LYL LYL
EMI EMI
WIF WIF
KHL KHL
PST PST
OJJ OJJ
XIG XIG
UWO UWO
IUL IUL
AKT AKT
POT POT
