0 168 56 7 117 13 21 13 37 60 49 144 78 55 67 177 16 135 151 75 22 98 87 59 96 6 180 88 83 95 70 1 84 54 157 27 41 94 40 14 133 154 39 29 142 161 120 159 57 12 34 99 5 36 28 61 15 11 121 178 43 187 71 68 4 97 139 53 38 193 111 93 9 134 184 113 137 115 175 110 155 77 69 72 64 26 47 30 91 109 50 90 45 44 65 160 141 105 20 51 73 112 189 62 58 33 25 79 66 0 10 56 196 81 85 89 122 173 13 0
88
13 13
97 97
105 8
87 17 87
95 95
161 86
81 81
44 44
154 19
155 35
29 29
40 92 40
4 4
21 82 21
25 25
16 16
85 85
88 88
6 6
68 68
93 93
173 2
75 75
53 53
50 50
70 70
61 61
58 58
60 60
64 64
33 33
73 73
133 31
14 14
83 83
99 99
49 49
34 34
65 65
27 27
41 41
22 22
79 79
5 5
139 48
1 1
15 15 23
55 52 55
43 43
84 84
20 20
54 54
94 94
37 37
69 69
66 66
0 3 0 18
177 74
62 76 62
10 10
28 28
56 56
193 80
134 24
38 38
71 71
78 78
90 90
47 46 47
12 12
7 7
59 59
98 98
72 72
45 45
9 9
57 57
67 67
36 36
89 89
39 39 63
30 30
26 26
96 96
11 11
77 77 42
51 32 51
91 91
