144 0 93 7 99 95 71 23 39 75 175 188 13 62 22 132 88 112 114 44 65 2 78 21 172 104 148 154 124 84 137 67 181 83 174 53 163 59 70 159 147 167 74 157 52 103 42 131 142 179 45 183 0 117 136 64 63 15 93 128 152 8 79 185 92 10 17 153 32 105 125 123 122 66 165 180 81 46 89 169 107 90 57 12 101 36 59 82 0 144
52
7 7
8 8
13 13
21 21 106 126
22 16
39 39
42 42
44 44
52 87
53 53
62 62
64 49 64 120 127
66 66
67 67 170
70 70
74 74
75 75
78 78
79 79
83 83
84 108
88 88
90 90
92 92
93 93
95 95
99 51 99 119 141 187
104 104 130 156
105 3
107 107
112 112
114 110 114
122 122
124 124
128 128
131 76 131
132 132
136 136
142 142
144 11 18 28 47 133 158
147 147
152 152
154 24 43
157 157
159 159
165 165
169 169
172 14
174 174
179 19
183 183
188 188
