0 150 67 115 97 30 24 49 142 93 2 155 193 108 110 162 14 26 189 31 52 177 175 47 195 50 121 127 44 149 59 186 66 170 136 23 104 85 146 103 141 152 73 101 139 179 120 78 12 79 72 130 13 77 178 5 51 105 68 94 87 99 62 100 82 164 1 71 133 42 22 168 132 140 34 38 27 172 10 194 63 21 64 192 45 35 126 39 46 131 28 11 183 91 143 163 76 56 0
97
1 1
2 2
5 5
10 10
11 11
12 12
13 13
14 14
21 21
22 22
23 23
24 24
26 26
27 27
28 28
30 30
31 31
34 34
35 35
38 38
39 39
42 42
44 44
45 45
46 46
47 47
49 49
50 50
51 51
52 52
56 56
59 59
62 62
63 63
64 64
66 66
67 67
68 68
71 71
72 72
73 73
76 76
77 77
78 78
79 79
82 82
85 85
87 87
91 91
93 93
94 94
97 97
99 99
100 100
101 101
103 103
104 104
105 105
108 108
110 110
115 115
120 120
121 121
126 126
127 127
130 130
131 131
132 132
133 133
136 136
139 139
140 140
141 141
142 142
143 143
146 146
149 149
150 150
152 152
155 155
162 162
163 163
164 164
168 168
170 170
172 172
175 175
177 177
178 178
179 179
183 183
186 186
189 189
192 192 29
193 193
194 194
195 195
