0 155 137 172 120 196 106 147 23 67 94 92 55 57 138 150 186 97 61 188 112 2 140 91 108 48 16 66 169 141 95 65 148 64 81 107 149 10 109 185 35 32 9 187 72 30 142 69 12 182 73 21 77 56 58 19 152 88 102 51 100 145 38 125 195 1 114 39 36 189 167 98 170 124 157 45 43 194 132 74 171 59 135 85 164 86 175 96 143 90 197 24 153 128 123 83 198 0
85
0 13
1 1
2 2
9 139 9
10 176 10
12 12
16 16
19 19
21 21
23 23
24 24
32 50
35 35
36 160
38 38
39 39
43 43
45 45
51 51
55 55
56 56
57 57
58 129
59 59
61 68
64 64
66 66
67 27 67
69 161 69
72 72
73 73
74 74
77 77
81 101
83 83
85 85 49
86 86
90 90
92 92
94 94
95 95
96 105 46
97 97
98 166
100 100
102 102
106 106
107 107
108 108
112 112
114 103
123 123
124 124 26
125 125
128 99 52 3
132 132
137 137
138 138
140 14
141 141
142 142
143 143 11
147 147 104
148 148
149 20
150 150
152 152
153 82 29
157 41 157
164 164
167 167
169 169
170 170
172 172
175 175
182 182
185 185
186 186 89
188 188
189 71 189
194 119
195 195
196 196
197 197
198 198
