0 40 44 29 83 104 58 94 86 2 30 150 174 131 81 69 22 179 178 166 198 124 105 60 194 192 95 161 186 136 82 128 6 39 196 19 62 17 12 119 18 106 154 26 25 67 0
40
0 0 24 132
2 2 114
6 6
12 12
18 4 18 42 74 78 84 90 96 190
19 148
22 22
25 108
26 26 152
29 36 126 146 162 168 182
30 30 80 172
40 14 20 28 40 64 72 76 122 140
44 44
58 58
60 60
62 62
67 98 120
69 38
81 10 16 48 52 54 66 68 112 118 160
82 70 82 116
86 86 102 158 170
94 94
104 100 104 164
105 8 46 56 92 110 144 176 180
106 106
124 124 130
128 32 128
131 184
136 136
150 150
154 154
166 156 166
174 174
178 178
179 188
186 138 186
192 34 50 88 142 192
194 194
196 196
198 134 198
