Soda Giannini Hildebrand Blackwell Wellman Koshland Dwinelle Cheit Stern Bowles Foothill HaasPavilion Haste DoeLibrary Senior Pitzer Jacobs LifeSciences Boalt McCone Stanley Hertz Wheeler Moses Morgan Soda
24
Boalt Boalt
Cheit Cheit
Dwinelle Dwinelle
Giannini Giannini
Haste Haste
LifeSciences LifeSciences
Jacobs Jacobs
Hildebrand Hildebrand
Moses Moses
Senior Senior
Stern Stern
Wheeler Wheeler
Blackwell Blackwell
Bowles Bowles
DoeLibrary DoeLibrary
Foothill Foothill
HaasPavilion HaasPavilion
Hertz Hertz
Koshland Koshland
McCone McCone
Morgan Morgan
Pitzer Pitzer
Stanley Stanley
Wellman Wellman
