Soda WooHonFai1 HearstFieldAnnex Cory1 EastGate Pimentel KrutchTheater1 Latimer Boalt1 Lewis Morgan Zellerbach Stephens1 Haste1 TangCenter WestGate SutardjaDai1 Bowles Davis McCone Giannini1 Moffitt WestGate1 Cheit1 Hargrove Wurster MemorialStadium Kleeberger Foothill Greenhouse McLaughlin1 Kroeber GoldmanPlaza Pitzer Sproul BotanicalGarden Morrison Etcheverry1 Minor Observatory1 Dwinelle1 Durant LowerSproul Bechtel1 Chou Blum HearstMiningCircle1 WooHonFai StadiumRim McEnerney Haviland MLK1 FoxCottage Eshleman Wellman ClarkKerr Moses1 Tan OBrien Hesse BarrowsHall Simon IshiCourt DoeLibrary SutardjaDai Jacobs1 MemorialGlade Bechtel TangCenter1 Hildebrand1 Stephens HearstGymnasium Warren1 Campanile SatherGate Mulford Gilman Sibley Koshland GreekTheatre1 Giauque LeConte EdwardsStadium CaliforniaHall Stanley Zellerbach1 Soda1 Hertz Evans NorthGate HeatingPlant Chvez Cleary Insectary LifeSciences1 CalvinLaboratory1 HaasPavilion Birge Warren Hilgard BancroftLibrary Soda
100
Bechtel Bechtel
Bowles Bowles
ClarkKerr ClarkKerr
DoeLibrary DoeLibrary
EdwardsStadium EdwardsStadium
Foothill Foothill
Gilman Gilman
HaasPavilion HaasPavilion
HearstFieldAnnex HearstFieldAnnex
Hertz Hertz
Insectary Insectary
Koshland Koshland
LeConte LeConte
McCone McCone
MemorialStadium MemorialStadium
Morgan Morgan
NorthGate NorthGate
Pitzer Pitzer
Simon Simon
Stanley Stanley
Tan Tan
Wellman Wellman
Wurster Wurster
Eshleman Eshleman
BarrowsHall BarrowsHall
Evans Evans
Birge Birge
FoxCottage FoxCottage
Blum Blum
BotanicalGarden BotanicalGarden
Giauque Giauque
GoldmanPlaza GoldmanPlaza
CaliforniaHall CaliforniaHall
Greenhouse Greenhouse
Chou Chou
Chvez Chvez
Hargrove Hargrove
Campanile Campanile
Haviland Haviland
HearstGymnasium HearstGymnasium
Cleary Cleary
HeatingPlant HeatingPlant
Davis Davis
BancroftLibrary BancroftLibrary
Hesse Hesse
Durant Durant
Hilgard Hilgard
EastGate EastGate
IshiCourt IshiCourt
Kleeberger Kleeberger
Kroeber Kroeber
Latimer Latimer
Lewis Lewis
LowerSproul LowerSproul
McEnerney McEnerney
MemorialGlade MemorialGlade
Minor Minor
Moffitt Moffitt
Morrison Morrison
Mulford Mulford
OBrien OBrien
Pimentel Pimentel
SatherGate SatherGate
Sibley Sibley
Sproul Sproul
StadiumRim StadiumRim
Stephens Stephens
SutardjaDai SutardjaDai
TangCenter TangCenter
Warren Warren
WestGate WestGate
WooHonFai WooHonFai
Zellerbach Zellerbach
Soda1 Soda1
Bechtel1 Bechtel1
Boalt1 Boalt1
CalvinLaboratory1 CalvinLaboratory1
Cheit1 Cheit1
Cory1 Cory1
Dwinelle1 Dwinelle1
Etcheverry1 Etcheverry1
Giannini1 Giannini1
GreekTheatre1 GreekTheatre1
Haste1 Haste1
HearstMiningCircle1 HearstMiningCircle1
LifeSciences1 LifeSciences1
McLaughlin1 McLaughlin1
Jacobs1 Jacobs1
KrutchTheater1 KrutchTheater1
Hildebrand1 Hildebrand1
MLK1 MLK1
Moses1 Moses1
Observatory1 Observatory1
Stephens1 Stephens1
SutardjaDai1 SutardjaDai1
TangCenter1 TangCenter1
Warren1 Warren1
WestGate1 WestGate1
WooHonFai1 WooHonFai1
Zellerbach1 Zellerbach1
