Soda Bechtel HearstFieldAnnex DoeLibrary BarkerHall Koshland Cory ClarkKerr Blackwell McLaughlin Hertz EdwardsStadium Moses Dwinelle LifeSciences Simon Insectary KrutchTheater Giannini Observatory Jacobs Stanley MemorialStadium LeConte Morgan Gilman McCone NorthGate Haste MLK VLSB Etcheverry SproulPlaza Foothill Wheeler Cheit HearstMiningCircle Bowles HaasPavilion Pitzer Boalt Campbell Senior Hildebrand Stern GreekTheatre Soda
45
Bechtel Bechtel
Boalt Boalt
Cheit Cheit
Cory Cory
Dwinelle Dwinelle
Etcheverry Etcheverry
Giannini Giannini
GreekTheatre GreekTheatre
Haste Haste
HearstMiningCircle HearstMiningCircle
LifeSciences LifeSciences
McLaughlin McLaughlin
Jacobs Jacobs
KrutchTheater KrutchTheater
Hildebrand Hildebrand
MLK MLK
Moses Moses
Observatory Observatory
Senior Senior
SproulPlaza SproulPlaza
Stern Stern
VLSB VLSB
Wheeler Wheeler
BarkerHall BarkerHall
Blackwell Blackwell
Campbell Campbell
Bowles Bowles
ClarkKerr ClarkKerr
DoeLibrary DoeLibrary
EdwardsStadium EdwardsStadium
Foothill Foothill
Gilman Gilman
HaasPavilion HaasPavilion
HearstFieldAnnex HearstFieldAnnex
Hertz Hertz
Insectary Insectary
Koshland Koshland
LeConte LeConte
McCone McCone
MemorialStadium MemorialStadium
Morgan Morgan
NorthGate NorthGate
Pitzer Pitzer
Simon Simon
Stanley Stanley
