2 157 53 193 145 52 56 44 104 166 113 99 165 140 149 171 18 14 22 76 51 176 192 0 186 38 83 73 58 1 50 42 103 172 137 30 15 57 94 28 174 182 189 184 130 55 139 62 90 95 82 178 155 196 121 199 97 183 91 27 98 36 152 162 173 59 5 125 31 10 194 93 101 150 127 12 81 25 37 86 128 198 100 114 126 175 87 8 13 138 164 117 102 45 181 34 23 11 26 63 131 109 161 4 112 158 163 188 35 60 9 85 41 2
79
0 0
1 187
2 2
4 4
8 8
12 12
13 13
14 14
15 15
23 23
25 25
26 26
27 141 27
28 28
30 30
34 34
35 35
36 36
38 38 46
42 42
44 44
50 50
51 51
52 52
53 53
55 55
56 56
58 58
59 59
60 142
62 96
63 63
73 73
76 76
82 82
85 85
86 86
90 177 90
93 93
94 94
95 95
97 106 97
98 98
100 100
103 116 67
104 32 115
112 92 112
113 113
114 6 118 80 54 114
121 79 121 7
125 125
126 126
128 128
130 130
131 131 156
138 138
139 139
145 145
149 3 149
157 49 157
158 110 158
161 161
164 164
165 165
171 179 133 171
172 61
173 173
174 174
175 48
178 178
181 181
182 182
186 119 136
188 188
189 122 189
192 192
193 193
194 194
196 196
