ffffff uuuuuuu ll xxxxx aaaa ii xxx nnn uuu o x a dddd qqqqqq hhhh j dd cccc xxxxxx ssss gggg pppp cccccc ddddddd ggg bbbbbbbb lll oooooooo iiii cccccccc p aa pppppppp vvvvvv k eeeeeee yyyy tttttt eeeee jjjj llllll tt lllll ffffffff ggggg rrrrr nnnnnn fffff ttttttt sssss hh jjj ppppp kkkk m qq hhhhhhhh mmmmm sss yyyyyyy yy qqq bbbbb kkkkkk rrr e rrrrrr ccccccc xxxxxxx uuuuu sssssss oooooo iiiii ffffff
89
pppppppp pppppppp
kkkk kkkk
o o
m eeeeee m
xxxxxxx xxxxxxx
ggggg ggggg
yyyyyyy yyyyyyy
nnnnnn nnnnnn
xxxxx xxxxx
jjjj jjjj
qq qq
pppp pppp
mmmm mmmm
bbbbbbbb mmmmmmmm bbbbbbbb
qqq qqq
fffff fffff
ssssss ssssss
lll lll
mm mm
cccccc cccccc
sss sss
ccccccc ccccccc
kkkkkk kkkkkk
ffff ffff
jjj jjj cc
vvv vvv
yy yy
mmmmmmm kkkkkkkk
b b
eeee eeee
ttttttt ttttttt
x x
ffffff ffffff uu
eeeeeee eeeeeee
aaaaaa aaaaaa
yyyyy iiiiiii lllllll
sssss bbbbbbb sssss
ii ii
eeeee eeeee
nnn nnn
gggggggg gggggggg
dddd dddd
aaaaaaaa aaaaaaaa
aa aa
tt tt
sssssss sssssss
hhh hhh
uuuuuu uuuuuu
aaaa aaaa
a a
llllll llllll
zzz zzz
j j
hhhhhhh hhhhhhh
ssss ssss
bbbbbb bbbbbb
ll ll
xxx xxx
wwwww wwwww ooooo
vvvvvv vvvvvv
tttttt tttttt
s s
qqqqqq qqqqqq
hhhh hhhh
ee ee
p rr
rrrrrr rrrrrr
e e
uuuuuuu uuuuuuu
q q
zzzzz zzzzz
oooooo oooooo
k k
ggggggg aaa ggggggg
dd dd
vvvvv vvvvv
cccc cccc d
rrrrr rrrrr
gggg gggg
ffffffff ffffffff
wwwwww wwwwww
llllllll xxxx wwww llllllll
iiiiiiii iiiiiiii
tttt tttt
jjjjjj jjjjjj
ppppp ppppp
ttttt ttttt
oooooooo oooooooo
uuu uuu
