f ggggg hhh rrrrrr eeeeeeee c w qqqqqq aaa vvvv p uu xxxxxx ttttt hhhh ff jjjj wwww pp aaaaa mmmmmmmm q wwwwwww ggg iii d sssss ccc s v ffffffff ddddddd jjjjjjj qqqqqqq fffff rrr sss bbbbbbbb dddddddd a yyy zzz uuuuu j ss z llllll ssssss qqqq kkk ssss m qq xxx f
46
ssss ssss
d nnnn
aaaaa aaaaa
w w
uu uu
v v
p p eeee
kkk lllll
dddddddd dddddddd
zzz fffffff zzz
mmmmmmmm rrrrrrrr
ttttt ttttt
xxxxxx xxxxxx
f f
iii iii
s vv s
uuuuu uuuuu
ff ff
ggggg ggggg
ss ss
rrrrrr rrrrrr
m m
xxx xxx
z z
qqqqqq qqqqqq
c c
hhhh hhhh
vvvv vvvv
bbbbbbbb bbbbbbbb
j j
sss llllllll sss
qq qq
ggg ggg
ssssss ssssss
wwww wwww
qqqqqqq qqqqqqq
pp pp
ffffffff ffffffff
llllll llllll
hhh hhh
aaa aaa
jjjj jjjj
a a
q q
jjjjjjj jjjjjjj
wwwwwww wwwwwww
