SueJosephGarza NathanKevinCorathers MelindaKennethAzar ThomasAnnieRuiz MariaChristopherCast PaulEvanRichard DarnellAliciaPeters JessicaJohnSpells PamelaPageBullock JohnJoseJudd FranciscoFrancesHarr AnnaKyleChang ChristinaDanaGrant CrystalShermanVida WilliamGeorgeWilliam IraJimmyYang AshleyWilliamClarke BrianRolandAli LauraPhilipWinkler JohnDustinKenny BrianLuzArce DonaldDoloresKelly MaryLindaKirkland LuisHelenHughes AlfredaKirstenMartin JamesJaredGonzalez LeroySandraLewis MarianLuluDiaz PatriciaBernardBrock WilburnDavidMiller LucyBennyHaag SueCourtneyOsgood KennethShannonGardel PaulShaneSoldner KevinHaroldCyr KarenErmaJensen LillieKathleenCervan PhyllisJackWilson ElsieJosephPhelps OllieGeorgeSova SueJosephGarza
39
PamelaPageBullock PamelaPageBullock
LauraPhilipWinkler LauraPhilipWinkler
MaryLindaKirkland MaryLindaKirkland
IraJimmyYang IraJimmyYang
KarenErmaJensen KarenErmaJensen
ElsieJosephPhelps ElsieJosephPhelps
MariaChristopherCast MariaChristopherCast
FranciscoFrancesHarr FranciscoFrancesHarr
KevinHaroldCyr KevinHaroldCyr
BrianRolandAli BrianRolandAli
NathanKevinCorathers NathanKevinCorathers
LillieKathleenCervan LillieKathleenCervan
MelindaKennethAzar MelindaKennethAzar
ChristinaDanaGrant ChristinaDanaGrant
JessicaJohnSpells JessicaJohnSpells
PhyllisJackWilson PhyllisJackWilson
JohnJoseJudd JohnJoseJudd
AlfredaKirstenMartin AlfredaKirstenMartin
LeroySandraLewis LeroySandraLewis
ThomasAnnieRuiz ThomasAnnieRuiz
PaulEvanRichard PaulEvanRichard
WilliamGeorgeWilliam WilliamGeorgeWilliam
LucyBennyHaag LucyBennyHaag
CrystalShermanVida CrystalShermanVida
BrianLuzArce BrianLuzArce
JohnDustinKenny JohnDustinKenny
PatriciaBernardBrock PatriciaBernardBrock
LuisHelenHughes LuisHelenHughes
OllieGeorgeSova OllieGeorgeSova
WilburnDavidMiller WilburnDavidMiller
JamesJaredGonzalez JamesJaredGonzalez
KennethShannonGardel KennethShannonGardel
MarianLuluDiaz MarianLuluDiaz
DarnellAliciaPeters DarnellAliciaPeters
PaulShaneSoldner PaulShaneSoldner
SueCourtneyOsgood SueCourtneyOsgood
AnnaKyleChang AnnaKyleChang
DonaldDoloresKelly DonaldDoloresKelly
AshleyWilliamClarke AshleyWilliamClarke
