qgyqjgwlbh fnlmocuczk wjicfykuhr swhusujfgz hyficezvgi asnktvjywk smlsmfgyxa hqvifzhbmo ozyhcflvre lpopityrof stxmhuffri czgfnbovhq gqulqjeire fwzkdpfinn npffaineub iznialmand bvwklxlwsa hnnlwliezo ajjekwybql wegckoctcp feggaeevcb bnfhxmjqzg tdqzbpmftq somaaudaxm sngqmldfxu zjnjltvixw gdtsmzpvig kmwsevkfov tjcamfqmxd ysndikwwgh xpcqolcpnf sthbsdqlwm culutarzsm sgizgtdhhn ntlhpzyidk lgwqodunqt uyirsvqblu bzcpozsody sqlbmrxpwv wmeeitskjx kgewtltijq hpbkyqcejb yfvfzingng aruweadnpf flqztijwpa vvurcgizpo dzokhkbjld atkqvymdax rzgfaqookt tvrzrioagg fdbzjhgcmh cddppqxsmb qgyqjgwlbh
46
bzcpozsody bzcpozsody
atkqvymdax atkqvymdax
aruweadnpf aruweadnpf
smlsmfgyxa smlsmfgyxa
fwzkdpfinn fwzkdpfinn
feggaeevcb feggaeevcb
hpbkyqcejb hpbkyqcejb
tjcamfqmxd tjcamfqmxd
rzgfaqookt rzgfaqookt
somaaudaxm somaaudaxm
fdbzjhgcmh fdbzjhgcmh
sthbsdqlwm sthbsdqlwm
xpcqolcpnf xpcqolcpnf
wmeeitskjx wmeeitskjx djtmyhmwnn
sgizgtdhhn sgizgtdhhn
kgewtltijq kgewtltijq
czgfnbovhq czgfnbovhq
dzokhkbjld hrbvyznkmd
wegckoctcp wegckoctcp
zjnjltvixw cynraykzum
cddppqxsmb cddppqxsmb qlieaqyzel
ysndikwwgh ysndikwwgh
fnlmocuczk fnlmocuczk
hyficezvgi hyficezvgi
ntlhpzyidk ntlhpzyidk
lgwqodunqt lgwqodunqt
hnnlwliezo hnnlwliezo
yfvfzingng yfvfzingng
kmwsevkfov kmwsevkfov
sngqmldfxu sngqmldfxu
culutarzsm culutarzsm
gqulqjeire gqulqjeire
uyirsvqblu uyirsvqblu
ajjekwybql ajjekwybql
stxmhuffri stxmhuffri
gdtsmzpvig gdtsmzpvig
lpopityrof lpopityrof
sqlbmrxpwv sqlbmrxpwv
bvwklxlwsa bvwklxlwsa
tvrzrioagg tvrzrioagg
hqvifzhbmo hqvifzhbmo
npffaineub npffaineub
tdqzbpmftq tdqzbpmftq
vvurcgizpo vvurcgizpo
iznialmand iznialmand
bnfhxmjqzg bnfhxmjqzg
