Egsmith Barnton Ashbourne Sudwich Pemlow Watchcombe Wenbeck Brackbrough Stainby Wenwold Sudtree Flitgrove Chelmbeck Cookford Wychbourne Egavon Shaftbage Ashdown Farnsmith Wychsmith Wetwick Nortley Stainbrough Egtree Wychnell Burfield Wywick Wychbeck Staplake Penborne Shaftbridge Watchavon Alfchester Wenside Waltditch Egsmith
30
Barnton Barnton
Chelmbeck Chelmbeck
Alfchester Alfchester
Wychsmith Wychsmith Chelmwang
Brackbrough Brackbrough
Nortley Nortley
Wychbourne Wychbourne
Penborne Penborne
Egavon Egavon
Wywick Wywick
Ashdown Ashdown
Shaftbridge Shaftbridge
Stainbrough Stainbrough
Waltditch Waltditch
Wenside Wenside Burbourne
Wenwold Wenwold
Egtree Chelmden Egtree
Stainby Stainby
Shaftbage Edgey Shaftbage
Staplake Staplake
Ashbourne Stapbeck Ashbourne
Wenbeck Wenbeck
Wychbeck Wychbeck
Cookford Cookford
Sudtree Leathermere Sudtree
Farnsmith Farnsmith
Wychnell Wychnell
Flitgrove Flitgrove
Pemlow Pemlow
Wetwick Wetwick
