Chelmbourne Wetborne Casford Alfwell Marlton Stapwold Hornley Barngrove Egborne Cookton Horncester Edgchester Wenwang Sudworth Melborne Egcastle Nortcastle Whitavon Elside Stainfield Wenden Kingsbrook Dartsted Clerethorne Stapthorne Stapmoor Burchester Shrivside Southmere Stainhall Whitover Stainside Enbage Flitham Shrivlow Barnden Rocktree Hurstworth Waltbrook Stafthorne Stapwell Alfby Leatherlow Bracklow Hartbage Maidenden Enlow Sudwich Prestey Brainbridge Sodside Wyhead Cleredon Staflow Elgrove Staintree Edgwich Chelmbourne
49
Chelmbourne Shaftwich
Hornley Hornley
Dartsted Dartsted
Bracklow Pemwood Bracklow
Sudwich Sudwich
Stapmoor Stapmoor
Stapwell Stapwell
Sudworth Sudworth
Alfwell Aldhall Alfwell
Wenden Wenden
Edgchester Edgchester
Enlow Enlow
Southmere Southmere
Waltbrook Waltbrook
Whitover Whitover
Marlton Marlton
Stapthorne Stapthorne
Egborne Barnham Egborne
Cleredon Cleredon
Stainside Stainside
Hartbage Hartbage
Wenwang Wenwang
Prestey Prestey
Casford Casford
Hurstworth Hurstworth
Stainhall Stainhall
Elside Elside
Barnden Durditch
Enbage Enbage
Whitavon Whitavon
Shrivlow Shrivlow
Rocktree Whitborough Horndown Cookbridge Rocktree
Sodside Sodside
Staintree Staintree
Flitham Flitham Kingsley
Clerethorne Barnside
Shrivside Shrivside
Wyhead Wyhead
Edgwich Edgwich
Horncester Horncester
Staflow Bursted Staflow
Brainbridge Brainbridge
Egcastle Egcastle
Barngrove Prestdon
Alfby Alfby Leatherlake
Elgrove Elgrove Wenborough
Melborne Pemwold
Leatherlow Leatherlow
Cookton Cookton
