qtq fsl sfp rju blo gac wuf vsu wpq rwt ahv krg kza thz txk rod zye ooi xax fgo bai egz gak lxt qof cxu fib nhk unf vlt ptq pkx orc ynq jta htv wpo tro viv nhr fne hxp brk ooc art nfy omf kvz mnv qbj dkn unk udq zdf rxi hhe cer tmc rut yiz ili bsz iuz ukh hxo tvy qnn uca llr lah xos ifc pjx pta yqu vaf zbn lbs jxq itg ase mmf qls qlo cpw lfh spp qyi bwq qjm lnv qlc pta thd ahy eku uxr wuc npu zgf cnv qtq
83
pta pta
hhe hhe
htv htv eqm
itg itg
xax xax
nhk nhk
qtq qtq wju
ptq ptq
ase ase
krg krg uoz
ifc ifc plx
kza kza
pkx pkx
qnn qnn
dkn dkn
wuc wuc
sfp sfp
cpw cpw
zgf zgf
ooi ooi
uxr uxr
ynq ynq
fne wiq
tmc tmc
jta jta
bai bai
fgo fgo
blo zgs
zbn zbn
unk pxs
hxo hxo
bsz bsz
qjm qjm
tro tro tmd
art idl
rut rut
lah lah
nfy nfy tnl
egz vub egz cjp
fib gup zqn
uca uca
npu npu
pjx pjx
vlt vlt
zdf qbe qfc
vaf vaf
mnv mnv
hxp hxp
nhr nhr slq
lxt lxt
rxi rxi
wuf wuf
ili ili
fsl fsl
lnv lnv
txk txk
yiz yiz
iuz iuz
cxu nkx cxu
gak gak
udq pwa udq
rju uwp rju
ooc ooc
wpo mbx
lfh lfh
thz thz
ukh ukh
thd jno thd
viv viv
qlo qlo
wpq wpq
rwt rwt
brk brk
ahv ahv
orc hpb orc
xos xos
qls qls
cnv cnv
qbj qbj
rod rod
vsu vsu
ahy xdz ahy
spp spp
