Soda Browning Kenilworth Bret Comstock Spring Mabel Summit Haviland Belrose Menlo Bancroft Cutter Muir Florida Amador High Columbia Byron Addison Shasta Acacia Domingo Blake Buena Lewiston Eunice Solano Allston Heinz Greenwood Marin Madera Forest Ajax Center Fresno Bowditch Haskell Martin Yolo Bristol Keeler Pardee Anne Arch Poppy Soda
39
Addison Addison
Ajax Ajax
Allston Allston
Anne Anne
Arch Arch
Bancroft Bancroft
Belrose Belrose
Bowditch Bataan Bowditch
Bret Bret Vermont
Bristol Bristol Hospital
Browning Browning
Byron Byron
Columbia Columbia
Comstock Comstock
Cutter Cutter
Domingo Domingo
Eunice Eunice
Florida Florida
Forest Forest
Fresno Fresno
Greenwood Greenwood Haste
Haskell Haskell
Haviland Haviland
Heinz Heinz
High High
Keeler Keeler
Kenilworth Kenilworth
Lewiston Edith Lewiston
Mabel Mabel Overlook Terrace
Madera Madera
Marin Marin
Martin Martin
Menlo Burnett Colusa Fulton Menlo
Muir Muir
Pardee Pardee
Poppy Poppy
Shasta Shasta
Spring Poplar Spring
Summit Summit
