FD CU DI BG FU AC BV CK CG CM HH BO DP GK AG DE AW HD HB GO GB CS GD ES HO AM FQ FS AX HJ BZ AK HR EB AD DK BD FX EO AP FB GR ED FT BM AJ DB DQ BK GU CE AV EM GS GX BS HP CI GF CW GG BQ EW GM ET GJ AT GC HF FI HE AA DU FD
61
AD AD EY
AG AG
AJ AJ
AK AK
AM AM
AT DZ AT
AV AV
AW AW
AX AX
BG BG
BK BK
BM BM
BO BO GN
BQ BQ
BV BV
BZ BZ
CG CG
CI CI
CK CK
CM BT
CS CS
CU CU
CW CW
DB DB
DE DE
DI BN GP DF AZ DI
DK DK
DP CC DP BA
DQ DQ
DU DM DU CA
ED GZ DH
EM EM
EO EO
ES ES
ET ET
EW EW
FB CT
FD AU
FI FI
FS FS
FT FT
FU GA FU
GC GC
GD GD
GF GF
GG FR
GK GK AF
GM EL DC CL EJ BC GQ BE FP
GO GO
GR GR
GS GS
GU EZ FO HC BF EG EK FV DA CO DN FY ER EX CB FN CF EN
GX GX
HB HB
HD HD
HF FM HF
HH HH EE
HJ FJ
HO HO
HP HP
HR HR
