186 157 11 198 195 30 156 89 67 104 90 128 17 108 74 29 19 162 136 79 45 70 32 177 97 183 150 71 168 196 172 2 140 174 49 138 134 0 194 61 188 5 190 14 143 22 107 121 35 178 86 33 144 186
51
2 2
5 5
11 11
14 14
17 17
19 19
22 22
29 29
30 30
32 32
33 33
35 35
45 45
49 49
61 61
67 67
70 70
71 71
74 74
79 79
86 86
89 89
90 90
97 97
104 104
107 107
108 108
121 121
128 128
134 134
136 136
138 138
140 140
143 143
144 144
150 150
156 156
157 157
162 162
168 168
172 172
174 174
177 177
178 178
183 183
188 188
190 190
194 194
195 195
196 196
198 198
