Whitgrove Dribblecombe Bursmith Hampingworth Worford Dribberham Wychcompwold Skellenshot Egbeck Cireport Leatherport Alfmere Hamscombe Stainbrough Tippendham Hannersmith Worhall Siey Hamsborough Southbury Emmerley Whitringlake Wychditch Abglewold Sundcompney Horsmere Chipbridge Falderseythorne Durbrook Worberney Whitgrove
31
Horsmere Wethampton Cannerthorne Faldenhall Eley Casbrook Clereennell Rothingcombe Horsnell Wetsmith Elside Waltbeck Chedworth Candleswick Skellingover Abcester Sundlethorne Marlbrook Abgleham Blansbrook
Hampingworth Tipstoke Hampingcastle Nortwell Basditch Hampingworth Sirenshall Wetwick Wolley
Worberney Worrenberwang Todhampton Staplow Ellerbridge Wycastle Bootwick
Alfmere Alfmere
Emmerley Bastlebury Hamwold Southmere Emmerley
Skellenshot Cihead Skellenshot
Worhall Reddendeney Worhall Boothingmanstree
Falderseythorne Penby Falderseythorne
Leatherport Leatherport
Durbrook Enderbeck Toddenmoor Wychchester Sodport Durbrook
Dribblecombe Dribblecombe
Sundcompney Sifield Ketnell Dartden Prestwick
Tippendham Watchlake Tippingbage Ribberrenston Bothenhall Tippendham Farndlesover Marlcester Egsted
Dribberham Dribberham
Whitgrove Bothenton Suddingover Bromstanham Sodberling Whitgrove
Chipbridge Siavon
Whitringlake Falworth Milthorne Whitringlake Botbeck Sundendford
Wychditch Rothendcombe
Hamscombe Skelberden Hampingbascombe
Cireport Horstleover
Abglewold Abglewold Farnditch
Suddenmoor Melwood Egmerhampton Staincombe Suddenmoor Tippenbrook
Worford Rotherlow Endingnell Worford
Egbeck Stapbrough
Southbury Southbury
Stapby Ketchester
Hannersmith Shaftborough Endleberey
Bursmith Bursmith
Siey Redcombe Siey
Stainbrough Wendleringdown
Wychcompwold Wychcompwold
