Warfield Chilbury Brackcompwang Chelmstanwell Hammerringey Skelling Elmansham Sudsmith Burglebrough Chedtree Siringwang Leatherbleside Dribbingworth Worhall Barndberbrough Skellingden Dribblewick Windling Millendon Ashfield Ketport Suddleborne Cammerrensmoor Wyborne Cambingstoke Suddlecombe Horstlescompstoke Pendlewood Falport Faldingney Hamsey Hannenmanswick Hamsling Ashborne Tipwick Cannerthorne Todtree Cicombe Chedderrenswich Ciditch Stainbrough Fulbourne Southbasport Elcompbridge Chiphead Pendingbrook Ketsmith Warfield
42
Ciditch Northall
Barndberbrough Barndberbrough
Chedtree Chedtree Suddleover
Ashfield Ashfield
Suddleborne Suddleborne
Burglebrough Burglebrough
Elmansham Elmansham
Cannerthorne Soddlewick
Warfield Warfield
Chilbury Chilbury
Cambingstoke Cambingstoke
Ketport Ketport
Windling Windling
Leatherbleside Leatherbleside
Cammerrensmoor Cammerrensmoor
Tipwick Tipwick
Chelmstanwell Chelmstanwell
Horstlescompstoke Horstlescompstoke
Pendlewood Pendlewood
Pendingbrook Pendingbrook Suddlecastle
Hannenmanswick Hannenmanswick
Ketsmith Whitchester
Chiphead Chiphead
Cicombe Cicombe
Skellingden Skellingden
Brackcompwang Brackcompwang
Dribbingworth Dribbingworth Bastleseyham
Stainbrough Worberbrook Stainbrough
Todtree Todtree
Chedderrenswich Chedderrenswich
Hammerringey Hammerringey
Ashborne Ashborne
Falport Botherseyworth Falport
Southbasport Southbasport
Wyborne Wyborne
Worhall Worhall
Siringwang Siringwang
Hamsling Hamsling
Millendon Millendon
Sudsmith Sudsmith
Suddlecombe Basringney Suddlecombe Chippingsted Ellingreham
Skelling Skelling
