0 18 185 54 75 32 116 120 108 92 182 77 50 157 139 183 155 28 103 163 161 145 160 85 99 3 175 17 118 64 58 82 151 39 8 26 179 196 86 106 199 186 193 178 180 135 81 78 12 25 109 127 191 134 128 184 73 36 97 104 60 83 14 4 141 156 168 125 133 100 121 20 130 87 159 42 84 173 44 67 96 95 29 119 117 167 9 35 164 79 51 111 126 74 63 91 129 1 170 0
85
0 49
4 4
8 166
9 9
12 12
14 14
17 17
18 18
20 20
25 25
26 26 176
28 28
32 32
35 138
36 36
39 39
42 42
44 44
50 50
51 51
54 98
58 58
63 63
64 64
67 67 47
74 74
75 75
77 77
78 78
79 79
81 81
83 83
84 89 65
85 85 19
87 87
91 91
95 95
96 96
99 99
100 100 10
103 103
104 104
106 106
108 108 102
109 109
111 111 149
116 6 116 38
117 117
118 48 22 31
119 119
120 120
121 121
125 125
126 126
128 128
129 146
130 130
133 133
134 134
135 69
139 139
145 145
151 151
155 155
156 156
157 157 70
159 159
160 160
163 194 163
164 24
168 168
170 170
173 173
175 175
178 178
179 179
180 180
182 182
184 184
185 185 27
186 186 197
191 137
193 193
196 196
199 199
