SantaClarita Miami StPetersburg OklahomaCity LosAngeles Orlando Brownsville Lafayette Newark Bellevue Fontana Scottsdale HuntingtonBeach Irvine Fayetteville Independence OverlandPark Alexandria Glasses RanchoCucamonga Washington WestValleyCity Surprise Sunnyvale Visalia Portland Henderson SanDiego LongBeach Hartford Boston Ontario Omaha Wichita Peoria Allentown Pomona Stockton Indianapolis Austin PembrokePines Reno Concord Lubbock Carrollton GardenGrove Victorville Shreveport Huntsville Thornton Beaumont Escondido SantaClarita
41
Ontario Ontario
Sunnyvale Sunnyvale
Boston Boston
Allentown Allentown
Fayetteville Fayetteville
Bellevue Bellevue
LosAngeles LosAngeles
Indianapolis Indianapolis
Victorville Victorville
Visalia Visalia
StPetersburg StPetersburg
PembrokePines PembrokePines
Omaha Omaha
Stockton Stockton
WestValleyCity WestValleyCity
Austin Austin
Pomona Pomona
Henderson Henderson
LongBeach LongBeach
OverlandPark SiouxFalls
Lafayette Lafayette
Beaumont NewportNews Beaumont
Concord Concord
Huntsville Huntsville
Shreveport Shreveport
Scottsdale Scottsdale
GardenGrove GardenGrove
Orlando Orlando
Newark Newark
Surprise Surprise
Carrollton Carrollton
Thornton Midland Yonkers
Brownsville Brownsville
Hartford Hartford LouisvilleJefferson
Alexandria Worcester Alexandria Garland
Wichita Wichita
Independence Independence
SanDiego LexingtonFa StLouis Stamford Paterson Waco
OklahomaCity OklahomaCity
Washington Washington
RanchoCucamonga RanchoCucamonga
