Plano Honolulu Tallahassee Cincinnati Olathe Irvine LittleRock StPetersburg Surprise Peoria Salem Phoenix Knoxville Madison SanBernardino Fremont Indianapolis SanAntonio Scottsdale Birmingham Salinas Naperville Murfreesboro Lakewood Anchorage Philadelphia CedarRapids GardenGrove Frisco Mesquite Worcester Joliet Miami LasVegas Hampton Cary OklahomaCity Amarillo Irving SantaClara LongBeach Pasadena MorenoValley Montgomery Memphis Mesa OWO Chesapeake Wichita Waco Ontario Omaha Garland KansasCity WestValleyCity Vancouver HuntingtonBeach Plano
38
Vancouver Beaumont Norman Atlanta Oxnard Hayward JerseyCity Denver Sunnyvale Lafayette Huntsville Pikachu Vancouver
LittleRock Riverside Brownsville Davidson Hartford Dallas LittleRock Greensboro Corona NewOrleans Mobile
Lakewood FortCollins Stamford Hollywood StLouis SanJose Glendale Elizabeth Killeen McAllen SantaRosa AnnArbor Lancaster Escondido Tampa Portland Raleigh Torrance Lincoln SiouxFalls Allentown Norfolk Glasses Chicago LouisvilleJefferson Thornton Denton ThousandOaks FortLauderdale Laredo SantaClarita Tulsa Pomona CorpusChristi GrandPrairie Akron NewHaven
Garland Anaheim Garland
Mesquite Mesquite
Irving Warren Irving
Anchorage Anchorage
GardenGrove GardenGrove
Olathe Olathe
Montgomery Montgomery
OklahomaCity SanFrancisco OklahomaCity
Cary Cary
Ontario Ontario
OWO OWO
Plano Rockford
Wichita Wichita
Cincinnati Cincinnati
Waco Waco
Madison Madison
Hampton Hampton
Surprise Surprise
Memphis Charleston Memphis
Irvine Irvine
LasVegas LasVegas
Worcester Worcester
MorenoValley MorenoValley
Omaha Omaha
Knoxville Knoxville
SantaClara SantaClara
Mesa Mesa
Miami Miami
SanBernardino SanBernardino
Pasadena Pasadena
Salinas Salinas
Fremont Fremont
HuntingtonBeach AugustaRichmond SimiValley HuntingtonBeach
SanAntonio Houston SanAntonio
WestValleyCity Vallejo
