0 185 23 153 115 117 175 143 21 129 152 24 151 31 103 9 130 88 172 67 56 39 193 27 3 35 157 19 89 98 2 119 125 50 182 86 133 1 163 154 114 17 94 177 106 59 199 52 78 72 184 14 13 102 30 197 22 74 38 131 140 70 178 107 155 128 28 187 65 11 87 43 159 42 76 113 192 18 196 101 37 108 166 100 12 26 167 69 176 51 164 111 112 135 8 160 5 6 15 16 116 66 0
88
0 0
1 1
2 2
3 3
5 5
6 173
8 8
9 4 9
11 11
12 120
13 13
14 14
15 15
16 16
17 17 96 137
18 18
21 21
22 22
23 23
24 24
26 26 80
27 27
28 28
31 31
35 35
38 38
39 39
42 42
43 43
50 50
51 51
52 52
56 56
59 59
65 65
66 66
67 67
69 69
70 70
72 72
74 74
76 33
78 78
86 86
87 83 190
88 183
89 89
94 94
98 98
100 100
101 68 101
102 102
103 103
107 107 158
108 20
111 111
114 114
115 115
116 116
119 174
125 125
128 81 128
129 47 129
130 130
131 84 93
133 133
140 71
143 143
151 151
152 152
153 153
154 154
157 157
159 141 159
160 160
163 146
164 164
166 166
167 167
172 134 172
177 177
178 138
182 182
184 184
187 187
193 193
197 197
199 199
