13 182 117 140 165 101 139 153 150 137 123 125 102 149 128 161 159 129 105 151 179 180 174 181 170 138 168 124 146 142 177 185 110 175 190 186 107 143 120 193 197 184 134 154 172 156 122 100 178 147 115 0 13
51
13 148 164
100 100
101 101 136 187
102 102 135
105 105
107 107
110 110
115 108 115 167
117 117 130 166
120 120
122 121 122
123 123
124 124
125 125
128 128
129 129 199
134 134
137 137
138 138 198
139 119 139
140 140
142 142
143 143
146 146
147 147
149 113 132 149 192
150 150
151 151 171
153 144 153 195
154 111 133 145 154
156 103 156 162 169
159 104 159
161 161 173
165 165
168 126 127 141 168 191
170 109 157 170
172 172
174 174
175 116 163 175 176
177 155 177
178 152 178
179 112 131 179 196
180 180
181 106 114 181 183 188 194
182 182
184 184
185 185
186 186 189
190 118 190
193 160 193
197 158 197
