oUyBZvEHNPOWtAsHANHU eWGFHgdBASXJbxQbYrCG hNRcEeFjmsmOnuOdNAXl eqwycKZriorIAbsUBjxu VVzvLIOwARaWwhQTKPrx OWCblOtQanZakRLMqMxz eWVKeYegIFOJxvfRkjek QFaSXENOfunmdZIBqDsS JKNUHFrXPStBWMuUOVkj tItiZloipgPmLuONrNnZ ikjgYLaZRolSrbIYyKBd NBTlGJqSnWahMvuDlXAm hpQFeVriPZmwKZcYFAWN PojKKQvEDmFOnJinujFi DsLevMWgWFWOQXFMbaQy znYRMYifzQwyixuIXDnz IuNNJvHSmYKpVBzmzuJX rqqedkokePZFdhDbMNpX CcspnGXfrmzZRWjdMjLd XZRBuctXhYPbWardFSZS oUyBZvEHNPOWtAsHANHU
20
oUyBZvEHNPOWtAsHANHU oUyBZvEHNPOWtAsHANHU
PojKKQvEDmFOnJinujFi PojKKQvEDmFOnJinujFi
eqwycKZriorIAbsUBjxu MeohNnftDTzllMTGwxnG eqwycKZriorIAbsUBjxu
hpQFeVriPZmwKZcYFAWN hpQFeVriPZmwKZcYFAWN
OWCblOtQanZakRLMqMxz OWCblOtQanZakRLMqMxz
DsLevMWgWFWOQXFMbaQy gUlgGYCPZjsRiFLqnVun
rqqedkokePZFdhDbMNpX IUJDEWwYxhQimsCqnrFH
eWVKeYegIFOJxvfRkjek eWVKeYegIFOJxvfRkjek
hNRcEeFjmsmOnuOdNAXl hNRcEeFjmsmOnuOdNAXl
IuNNJvHSmYKpVBzmzuJX NVPacTSrBMpDkMBotiWB IuNNJvHSmYKpVBzmzuJX
eWGFHgdBASXJbxQbYrCG eWGFHgdBASXJbxQbYrCG
tItiZloipgPmLuONrNnZ cAvnOxZJtanpVvcAxJHM
XZRBuctXhYPbWardFSZS QMnEKXGwZYUlreveNjwA
QFaSXENOfunmdZIBqDsS lPMfQyVLDIZczBuDgsVQ UMfDYlvFlUVuogMRkWNG
CcspnGXfrmzZRWjdMjLd CcspnGXfrmzZRWjdMjLd oMKDNkBacLxexXKHqXfF
znYRMYifzQwyixuIXDnz znYRMYifzQwyixuIXDnz
JKNUHFrXPStBWMuUOVkj JKNUHFrXPStBWMuUOVkj CCYBPFZgoOONzoEeTKzC
VVzvLIOwARaWwhQTKPrx VVzvLIOwARaWwhQTKPrx
NBTlGJqSnWahMvuDlXAm NBTlGJqSnWahMvuDlXAm
ikjgYLaZRolSrbIYyKBd CXrruomvXfADUrHxMwZi
