Soda L62 L183 L49 L45 L171 L27 L11 L124 L176 L149 L67 L135 L69 L39 L122 L151 L92 L114 L143 L68 L43 L126 L108 L168 L101 L119 L60 L13 L103 L145 L9 L74 L0 L157 L190 L158 L121 L52 L177 L83 L98 L116 L75 L22 L14 L89 L117 L54 L132 L37 L90 L125 L173 L97 L130 L174 L93 L192 L167 L198 L34 L44 L159 L164 L5 L32 L107 L163 L166 L191 L86 L61 L23 L85 L193 L81 L189 L194 L188 L79 L186 Soda
81
L0 L0 L150
L5 L5
L9 L9
L11 L11
L13 L13
L14 L14
L22 L22
L23 L23
L27 L99 L84 L27
L32 L32
L34 L34
L37 L37
L39 L39
L43 L43
L44 L44
L45 L45
L49 L49
L52 L52
L54 L54
L60 L60
L61 L61
L62 L62
L67 L67
L68 L68
L69 L69
L74 L74
L75 L75
L79 L35 L79
L81 L81
L83 L83
L85 L85
L86 L86
L89 L89
L90 L90
L92 L92
L93 L93
L97 L97
L98 L4 L98
L101 L101
L103 L103
L107 L107
L108 L108
L114 L114
L116 L116
L117 L117
L119 L25 L119
L121 L121 L24
L122 L122
L124 L124
L125 L125
L126 L126
L130 L130
L132 L132
L135 L135
L143 L143
L145 L145 L133
L149 L149
L151 L151
L157 L157 L50
L158 L115 L172 L158
L159 L159 L102
L163 L163
L164 L164
L166 L166
L167 L167
L168 L12 L168
L171 L171
L173 L70 L173
L174 L174
L176 L176
L177 L177
L183 L183 L63 L169
L186 L186
L188 L188
L189 L76 L189
L190 L190 L113
L191 L191 L21
L192 L192
L193 L193
L194 L194
L198 L198
