Soda hanlon ohio nichole william lewke djajadi daniel castro chase george annie zou soman singorahardjo sophia vikram du ritter berkeley ruhi gobears maya connor eshaan charles andrew tyler weaver xin scott bears mack olivia ravi aanika ani ahluwalia devesh brett parham sunny chloe doshi alvin emily maniku wong lebron yip shah ellen sun srinivasan wu singhal saurav angelis vilaythong subbaraj krista kanika umar rob adhikiari logan patagonia rouzbahani gregory berit ashley caroline oscar lindsey Soda
72
Soda wyatt kaur kevin chen li cal srivastava grace massachusetts chung barth greg krishnan mittal jacob king liang evan
lindsey lindsey
rob rob
daniel daniel
chase chase
george george
vikram vikram melissa
krista krista
kanika kanika
umar umar
shah ishaan shah
wong wong
maniku maniku
sun sun
du du
ritter ritter
ruhi ruhi
sophia danyal sophia
subbaraj subbaraj
vilaythong vilaythong
angelis angelis
saurav saurav
singhal singhal
wu wu
scott scott
bears bears
mack mack
srinivasan srinivasan zhifei
annie erika annie
xin xin
weaver weaver
tyler tyler
andrew andrew
lewke lewke
william william
nichole nichole
ohio ohio
hanlon hanlon franco
soman soman
zou zou
oscar oscar celine
charles charles
alvin alvin
doshi doshi
chloe chloe
sunny sunny
parham parham
brett brett
devesh devesh
singorahardjo singorahardjo hari
emily emily
ellen ellen winifred
caroline caroline
ashley ashley
berit berit
gregory gregory
rouzbahani rouzbahani
patagonia patagonia
logan logan
olivia zhou olivia
ravi ravi
aanika aanika
ani ani
ahluwalia ahluwalia
lebron lebron
yip yip
djajadi djajadi amanda
gobears gobears
adhikiari adhikiari
eshaan eshaan
connor connor
maya maya
