Jingzhou Lysva Chegem Khabarovsk Crespo Rembangan SaintMichael Rangae Shively Depok FortLauderdale TanahMerah LondonderryCountyBor Radnor RioFormoso AzZuwaytinah Ronse Bejucal Thamaga Tottori SanJosedeOcoa Ketrzyn Ouarzazat Veenendaal Shizunaifurukawacho Shumen elCampello Carmichael Carouge Colachel Ibri BeneBeraq Gangtok Tabatinga Kabarnet Chittaranjan BurgbeiMagdeburg Sagalo CoonRapids Malnate Kheri Srinagar Entroncamento Jeypore Sarzedo Sanaa Manduria Ghugus Jingzhou
47
Sagalo Sagalo
Ghugus Ghugus
Sarzedo Sarzedo
Khabarovsk Khabarovsk
SanJosedeOcoa SanJosedeOcoa
elCampello elCampello
Chegem Chegem
Manduria Manduria
Tottori Tottori
Sanaa Sanaa JabalosSaraj
SaintMichael SaintMichael
RioFormoso RioFormoso
Ketrzyn Ketrzyn
Crespo Crespo
AzZuwaytinah AzZuwaytinah
Thamaga Thamaga
Srinagar Kirovsk Srinagar
Shively Shively
Rembangan Rembangan
Ronse Ronse
LondonderryCountyBor LondonderryCountyBor
Radnor Radnor
Ouarzazat Ouarzazat
CoonRapids CoonRapids
Lysva Lysva
Entroncamento Entroncamento
Colachel Colachel
Rangae Rangae
Tabatinga Tabatinga
BeneBeraq BeneBeraq
Ibri Ibri
Gangtok Gangtok
Carouge Carouge
Shumen Shumen
Chittaranjan Chittaranjan
Jeypore Jeypore
Malnate Malnate
BurgbeiMagdeburg BurgbeiMagdeburg
Kabarnet Kabarnet
FortLauderdale FortLauderdale
Shizunaifurukawacho Shizunaifurukawacho
Veenendaal Veenendaal
Depok Depok
TanahMerah TanahMerah
Bejucal Bejucal
Kheri Ermelo Kheri
Carmichael Carmichael
