EFLJOTk nhkUU4YlSo 4pWeD5 Tb5qjVS0DSkDKD 8pPHWv UqBa9uqODJzJ2DTn2WH 17Rbu 1p3lWfo8qHHC z3IWTq6FKu1omU3 6GAx1 tZ AUKNFdTo r5x QyWIcdD7GorZtfQJb I0a5SBtiDKckQxXh155L fMV6tQxP ZaguBxortKIVVjm 6bbt262qZFihQO JQX0b S5 4W DIjqmT8LCHy IRUxJNqQHDtKwk Y0i7rqNICc1 7F9H97joVTdU8ZEpeb Xn8chReB4cAIE2gsbLF 6mx6unEnl K6 13GDMZYtkIBDG8SVi5px cPnISetFj7gG8o9K m2oGn6oGt5 eJxYI mQzeU6iv7 SoHxfA EJOi3LI92xJB Q7Ib7B EFLJOTk
25
IRUxJNqQHDtKwk IRUxJNqQHDtKwk q9b8L0oiOJr
tZ tZ
4pWeD5 4pWeD5
cPnISetFj7gG8o9K cPnISetFj7gG8o9K
K6 qKAN35ZxfJxs2n K6
1p3lWfo8qHHC 8I1AatPM 9PHu2NLeEO 1p3lWfo8qHHC
6mx6unEnl 6mx6unEnl
SoHxfA SoHxfA
AUKNFdTo AUKNFdTo
JQX0b JQX0b
r5x r5x
fMV6tQxP fMV6tQxP
7F9H97joVTdU8ZEpeb 7F9H97joVTdU8ZEpeb fgxHyKXvIAKSHtMEoO
EJOi3LI92xJB EJOi3LI92xJB
17Rbu 0e
Tb5qjVS0DSkDKD Tb5qjVS0DSkDKD
Xn8chReB4cAIE2gsbLF Xn8chReB4cAIE2gsbLF
4W 4W
I0a5SBtiDKckQxXh155L I0a5SBtiDKckQxXh155L
mQzeU6iv7 mQzeU6iv7
z3IWTq6FKu1omU3 vngV9R4
QyWIcdD7GorZtfQJb QyWIcdD7GorZtfQJb
S5 S5
13GDMZYtkIBDG8SVi5px 13GDMZYtkIBDG8SVi5px
DIjqmT8LCHy Kpec
