lyenDXSN uVkk2UHlyULVLBr3U Lz2zTm td2wE mQZe PeQXpKEC zR86cxoBR1iHZrBRq IT atG6EA8t O7r2ToU4q2kmCB ZaJkOr3tQhFHqe 4OPV7 7Q L RG2YgH8N22A6BkFVBj fzp 61 zI 5TLmyf LLftB9CiFP0 tPnWG KtvQaJqCJTRpXM8ZI s BR D5kg dOlk 4MdwVqEIlp6vzohvUqY CmV KXiqhMJ VgyX6hB uy3ouNIxumu7jEuoP1 2AR73oQdnbYqnDCGMFS EJDqk Plmj0j Iax35 biohkm KwadrVmn1cVf2X1 tfSU G50hiUpVStHCMrd l f PuHLBR9bv11yLyu hjCFXN9kbqn0UCNsZ CQB6bT3umR8xT9glKpn8 2tgqbRzViyLj2zTX SO QLffPTeZl 51U5ZX excLR25Y6DhCWxI 2FvJIR5cRPGGLqP zzYmU5YFhvp1 C8PRtY0wMczFLQQYxa K6yVeBnomxSBet S8DQEZtWlk6ka46PO hVfqebryM4wN HwQeXpOEZHQ3s DSCiFbOpP1bUCb VqPxGiIZmFgz8XR b4e4 tQCCGXS3bmOeuRG wcmx8dhmsO JyObTOXbOI JkLZO8DirKOG2bdj 7h2PJW8oD2ihKQrfQ6 llx2p rsx24rm V8N vbDYJme 9jv9EQFEfuNtFB4nf luVwbYvIclTUxL5SnKV ktk7W 1ds7sqHhanMKkMy s5vYb4jZWyq9Wl1 akZmiQ7tmX nHG lt1a5E0H E1fUYbO4wVjiEjEuf cYPTdnJWL GPeb ImSpax MBLHuIgjJIXs 55SpzsmtpxRH5 zQBDaS hpRsyMlXH1H 6DVIvuGfPs2BU Mu dygEexsyZY VTwz z Nro8QqD7 ejGARlqqTb wKxe lyenDXSN
39
GPeb GPeb
hjCFXN9kbqn0UCNsZ hjCFXN9kbqn0UCNsZ
BR BR
G50hiUpVStHCMrd G50hiUpVStHCMrd
KtvQaJqCJTRpXM8ZI KtvQaJqCJTRpXM8ZI
wcmx8dhmsO wcmx8dhmsO
2AR73oQdnbYqnDCGMFS 2AR73oQdnbYqnDCGMFS
PuHLBR9bv11yLyu nqeGwct
K6yVeBnomxSBet nWkakNi6Qt9d4g o3refHnx4qioqHztqMYE
KwadrVmn1cVf2X1 frNA534JEvY4f
MBLHuIgjJIXs MBLHuIgjJIXs
l l
llx2p llx2p
Plmj0j Plmj0j
zI zI
EJDqk K0A9bbVLm9atwTf
61 61
Mu Mu
6DVIvuGfPs2BU 6DVIvuGfPs2BU
hVfqebryM4wN hVfqebryM4wN
HwQeXpOEZHQ3s HwQeXpOEZHQ3s
S8DQEZtWlk6ka46PO A67f
ImSpax ImSpax
V8N wBJRoqVxn1t
1ds7sqHhanMKkMy M1PxrOPSNUVpc
2FvJIR5cRPGGLqP VNvsbB7eWJcAK0fU
s5vYb4jZWyq9Wl1 jvdVvQ
zzYmU5YFhvp1 zzYmU5YFhvp1
7Q 7Q
Nro8QqD7 hU
RG2YgH8N22A6BkFVBj vAIBd1Ae
cYPTdnJWL cYPTdnJWL
CmV CmV
luVwbYvIclTUxL5SnKV 6yeW7sat9rvd
z vJxAK1LaHyuu4yFNeul
lt1a5E0H lt1a5E0H
L L
akZmiQ7tmX akZmiQ7tmX
f f
