2 9 179 49 73 66 189 45 121 65 77 23 61 89 137 28 13 78 159 154 155 5 47 3 185 25 79 157 21 83 164 41 15 95 39 10 196 7 151 99 106 87 124 165 181 31 93 53 140 1 147 153 119 34 38 117 163 52 111 42 103 145 85 43 160 94 195 113 135 97 33 55 19 115 110 175 109 75 57 59 36 63 35 27 131 29 161 199 16 11 139 17 2
82
1 1 51 125 127 149
3 3
5 5
7 7
9 9
10 105
11 11
13 13
15 15
17 17
19 19
21 21 167
23 23
25 25 173
27 27
28 177 193
29 29
31 31
33 33 101
34 67
35 35
36 141
39 39
41 41
42 191
43 43
45 45
47 47 107
49 49
53 53 81
55 55
57 57
59 59
61 61
63 63
65 65
73 73
75 75
77 77 187
79 79
83 83
85 85
87 87
89 89
93 93
95 95
97 97
99 99
103 103
109 109
111 111
113 113
115 115 183
117 117
119 119
121 37 121
124 123
131 131
135 69 135
137 137
139 139
140 91
145 145
147 143 147
151 151
153 153
154 129 133
155 155
157 157
159 159
161 161
163 163
164 197
165 165
175 175
179 179
181 169 181
185 185
189 189
195 71 195
196 171
199 199
