0 198 197 196 191 192 186 181 176 171 166 167 161 163 162 156 151 146 141 136 131 126 128 127 121 116 111 112 106 101 96 91 93 92 86 87 81 76 71 66 61 56 58 57 51 46 41 42 36 37 31 33 32 26 21 16 11 6 1 0
52
1 3
6 7
11 14 13 12
16 17 19
21 24 22 25
26 30 27 29
31 35 34
32 32
33 33
36 39
37 38
41 44
42 42
46 48 47
51 53 52
56 60 59
58 58
61 63 65 64 62
66 70 68
71 73 72 75 74
76 78 79 80
81 83 84 82
86 90
87 87
91 95 94
93 93
96 100 99 98 97
101 105 103 102 104
106 109 107 108
111 114 113
112 112
116 118
121 122
126 130 129
127 127
128 128
131 135
136 137 139 140 138
141 144 143 145 142
146 149
151 155 152 153
156 159
161 164 165
162 162
163 163
166 169 170
171 173
176 180 179
181 183 184 185
186 189 187
191 193 195
192 192
