93 0 130 75 102 27 129 169 155 124 172 101 104 132 115 119 86 68 1 153 105 13 38 131 36 95 61 79 73 161 175 81 141 125 171 64 170 108 90 176 121 34 56 122 159 45 72 110 91 47 154 19 26 147 136 177 53 29 16 76 4 24 107 98 126 65 66 11 99 14 87 164 168 89 49 117 165 77 143 174 70 146 46 80 94 18 62 93
73
1 1
4 4
14 14
16 39
18 18 157
19 19
24 24
26 26
27 27
34 34
36 36 109
38 38
45 51
46 46
47 47 52 151
49 49
53 53
56 56
61 61
62 62
64 64 140
65 65
66 66
70 70
72 72
73 2 73
75 75
76 76
77 77
79 79
80 80
81 81
86 86 111 163
87 87
90 90
91 40 63 82 91 116
94 138
95 95
98 98
99 99
101 101
102 102
105 105
108 108
110 84 110
115 115
117 117
119 119
121 121
122 122
124 124
125 125
129 74 129
130 130
131 131
132 57 67
136 136
141 141
143 143
146 146
147 147
154 154
155 155
161 137 161
165 43 165
168 168
169 20 169
170 170
171 171
172 172
174 174
176 176
177 177
