Dannemora Fabius Fonda Fleischmanns Hamburg Flower Oceanside Gasport Falconer Gardiner Fulton Fairport Geneva Fairview Hewlett Harbor Fredonia Depauville Ghent Freeport Forestville Davis Fishkill Galeville Delevan Dansville Franklinville Hermon Dexter Fairmount DeRuyter Frankfort Delmar Germantown Deferiet Fishers Haviland Franklin Delhi Freeville Farnham Florida Deer Delanson Dunkirk Frewsburg Farmingville Highland Firthcliffe Earlville Fire Dannemora
45
Davis Davis
Dansville Dansville
Deer Deer
Deferiet Deferiet
Delanson Delanson
Delevan Delevan
Delhi Delhi
Delmar Delmar
Depauville Depauville
DeRuyter DeRuyter
Dexter Dexter
Dunkirk Dunkirk
Earlville Deposit Earlville
Fabius Fabius
Fairmount Fairmount
Fairport Fairport
Fairview Fairview
Falconer Falconer
Farmingville Farmingville
Farnham Farnham
Fire Fire
Firthcliffe Firthcliffe
Fishers Fishers Forest
Fishkill Fishkill
Fleischmanns Fleischmanns
Florida Florida
Flower Flower
Fonda Fonda
Forestville Forestville
Frankfort Flanders Frankfort
Franklin Franklin
Franklinville Franklinville
Fredonia Fredonia
Freeport Freeport
Freeville Freeville
Frewsburg Frewsburg
Fulton Fulton
Galeville Galeville
Gardiner Friendship Gardiner
Gasport Gasport
Geneva Depew Geneva
Germantown Germantown
Ghent Ghent
Harbor Fayetteville
Oceanside Fair
