Acton Carlsbad Bellflower Bolinas Angwin Atascadero Antioch Carson Calwa Arcadia Belvedere Bonita Carrick Alameda Berkeley Armona Danville Blythe Arbuckle Biola Brentwood Diablo Artesia Bell Alpaugh Escalon Calipatria Crockett Cabazon Amesti Broadmoor Cerritos Downey Blairsden Calexico Anderson Ceres Bloomington Cupertino Duarte Burney Bakersfield Bradbury Adelanto Clayton Arcata Belden Alhambra Brawley Biggs Byron Fruitdale Escondido Albany Bayview Dinuba Banning Alamo Avalon Columbia Alpine Fontana Castroville August Cotati Bodfish Cartago Covelo Caruthers Bradley Arnold Campbell Coachella Calabasas Beaumont Benicia Chowchilla Avery Capitola Barstow Calimesa Burbank Brisbane Belmont Cambria Cayucos Arvin Bishop Brea Azusa Bootjack Aromas Bystrom Anaheim Calistoga Beckwourth Boronda Buttonwillow Bowles Compton Acton
89
Adelanto Adelanto
Alameda Alameda
Alamo Alamo
Albany Albany
Alhambra Alhambra Ashland Burlingame
Alpaugh Alpaugh
Alpine Alpine
Amesti Amesti
Anaheim Anaheim
Anderson Anderson Caribou
Angwin Angwin
Antioch Antioch
Arbuckle Arbuckle
Arcadia Arcadia
Arcata Arcata
Armona Armona
Arnold Arnold
Aromas Aromas
Artesia Artesia
Arvin Arvin
Atascadero Atascadero Bonsall
August August
Avalon Avalon
Avery Avery
Azusa Azusa
Bakersfield Bakersfield Canyondam
Banning Banning
Barstow Barstow
Bayview Bayview
Beaumont Beaumont
Beckwourth Beckwourth
Belden Belden
Bell Bell
Bellflower Bellflower
Belmont Belmont
Belvedere Belvedere
Benicia Benicia
Berkeley Berkeley
Biggs Biggs
Biola Biola
Bishop Bishop
Blairsden Atherton Blairsden
Bloomington Bloomington
Blythe Blythe
Bodfish Bodfish
Bolinas Bolinas
Bonita Bonita
Bootjack Bootjack
Boronda Boronda
Bowles Bowles
Bradbury Bradbury
Bradley Bradley
Brawley Brawley
Brea Brea
Brentwood Brentwood
Brisbane Brisbane
Broadmoor Broadmoor
Burbank Burbank Camarillo
Burney Burney
Buttonwillow Buttonwillow
Byron Byron
Bystrom Bystrom
Cabazon Cabazon
Calabasas Calabasas
Calexico Calexico
Calimesa Calimesa
Calipatria Calipatria
Calistoga Calistoga
Calwa Calwa
Cambria Almanor Cambria
Campbell Campbell
Capitola Capitola
Carlsbad Carlsbad
Carrick Carrick
Carson Carson
Cartago Cartago
Caruthers Caruthers
Castroville Castroville
Cayucos Cayucos
Ceres Auburn Ceres
Cerritos Aptos Bluewater Cerritos
Chowchilla Avenal
Columbia Carpinteria
Cotati Boron
Covelo Altadena
Cupertino Auberry
Dinuba Alturas
Duarte Carmichael
Escondido Atwater
