0 1 160 79 54 55 45 46 56 57 47 19 8 118 107 97 87 77 88 99 112 123 133 143 132 111 90 80 91 92 82 73 64 63 62 52 51 40 31 20 142 152 44 66 76 75 85 84 94 95 104 105 115 114 124 135 126 137 138 139 149 159 158 148 147 156 157 167 168 178 188 196 186 185 175 184 174 173 172 162 171 180 192 24 35 36 26 27 17 6 15 4 3 13 22 12 11 0
90
3 3
4 4
6 6
8 8
11 11
12 12
13 13
15 15
17 17
19 19
20 20 30
22 22
24 24 33
26 26
27 27 28
31 31
35 35
36 36
40 40
44 43
45 45
46 46
47 47 58
51 51
52 52
54 54
55 55
56 56
57 57
62 62
63 63
64 64
66 66
73 73
75 75
76 76
77 77
80 80
82 82
84 84
85 85
87 87
90 90
91 91
92 92
94 94
95 95
99 89
104 104
105 105
107 107
111 111
112 112
114 114
115 115
118 119
123 123
124 124
126 126
132 132
135 135
137 137
138 138
139 139
143 143
147 147
148 148
149 149
152 151
156 155 156
157 157
158 158
159 159
160 150 161
162 162
167 167
168 168
171 171
172 172
173 173
174 174
175 175
178 178
180 180
184 184
185 185
186 186
188 188
192 192 193
196 196
