Loc1 Loc0 Loc193 Loc37 Loc162 Loc17 Loc108 Loc31 Loc89 Loc168 Loc47 Loc176 Loc138 Loc95 Loc23 Loc70 Loc180 Loc66 Loc188 Loc165 Loc177 Loc56 Loc195 Loc121 Loc15 Loc72 Loc46 Loc49 Loc76 Loc131 Loc14 Loc187 Loc62 Loc45 Loc170 Loc112 Loc136 Loc147 Loc178 Loc27 Loc194 Loc91 Loc128 Loc111 Loc166 Loc75 Loc135 Loc50 Loc58 Loc129 Loc186 Loc122 Loc158 Loc197 Loc44 Loc4 Loc171 Loc82 Loc11 Loc126 Loc141 Loc164 Loc133 Loc185 Loc8 Loc53 Loc22 Loc153 Loc93 Loc118 Loc174 Loc84 Loc159 Loc191 Loc6 Loc146 Loc145 Loc157 Loc38 Loc156 Loc42 Loc13 Loc196 Loc143 Loc10 Loc1
71
Loc0 Loc0
Loc1 Loc30
Loc6 Loc6
Loc8 Loc8
Loc10 Loc67 Loc107 Loc137
Loc11 Loc11
Loc13 Loc13
Loc14 Loc14
Loc15 Loc15
Loc17 Loc17
Loc22 Loc3 Loc183
Loc23 Loc23
Loc27 Loc27
Loc31 Loc31
Loc37 Loc37
Loc38 Loc38 Loc151 Loc59 Loc123
Loc42 Loc16 Loc71
Loc44 Loc44
Loc45 Loc167
Loc46 Loc46
Loc47 Loc61 Loc83 Loc163
Loc49 Loc18
Loc50 Loc50
Loc53 Loc53
Loc62 Loc62
Loc66 Loc106
Loc70 Loc32 Loc124
Loc75 Loc75
Loc76 Loc76
Loc84 Loc101
Loc91 Loc91
Loc95 Loc95
Loc108 Loc9 Loc57
Loc111 Loc111
Loc112 Loc160
Loc118 Loc118
Loc121 Loc5 Loc189
Loc122 Loc122
Loc128 Loc128
Loc129 Loc129
Loc131 Loc7 Loc99
Loc133 Loc133
Loc135 Loc85 Loc149
Loc136 Loc65
Loc138 Loc190
Loc141 Loc141
Loc143 Loc143
Loc145 Loc145
Loc146 Loc25 Loc97 Loc175
Loc147 Loc147
Loc153 Loc153
Loc156 Loc39 Loc52 Loc100 Loc192
Loc157 Loc74 Loc77 Loc103
Loc158 Loc20 Loc132 Loc140
Loc159 Loc159
Loc162 Loc54 Loc144 Loc154 Loc172
Loc165 Loc19 Loc110
Loc168 Loc168
Loc170 Loc170
Loc171 Loc171
Loc174 Loc33 Loc60
Loc176 Loc176
Loc177 Loc177
Loc180 Loc180
Loc186 Loc96
Loc187 Loc182
Loc188 Loc188
Loc193 Loc51 Loc109
Loc194 Loc94
Loc195 Loc195
Loc197 Loc197
