pace king guarantee due seize sunrise title shy nationalist dip joint demand cigarette tablet swear other approval mystery gate circulation output autonomy glasses tool dialogue prison solve tolerate forge vegetarian linger dough enhance legislation sign romantic straighten quality headline mature buffet exclusive class disclose skeleton understand paper deposit honor feature interactive throne imposter fortune page lake rob bitter respect financial voice pace
47
disclose injury
prison prison
title title
king king
quality quality
paper paper
output output
circulation circulation
page page
voice voice
honor honor
throne throne
understand figure
guarantee guarantee
tablet tablet
forge winner
headline headline
dough dough
exclusive exclusive
other other
nationalist nationalist
cigarette cigarette
buffet buffet
mystery enter mystery
autonomy autonomy
tolerate tolerate
sign sign
financial financial
legislation legislation
class class
glasses glasses
tool tool
lake lake
dialogue likely
sunrise sunrise
linger linger
rob rob
bitter bitter
seize seize
shy shy
dip dip
imposter imposter
demand pain demand
enhance enhance thumb
swear swear
vegetarian vegetarian
mature brake
