pace other likely viable atmosphere rent swear coast lifestyle election buffet exempt dramatic opposed dip exclusive vegetarian pardon injection financial fortune notebook interactive pier pig straighten identity coincide dive view profound brake bowel joystick guarantee attraction coffin bitter rage deposit page mature native development confrontation forge terminal paper autonomy quality boom winner virgin blonde shiver ignore liver tool railcar assume acceptance nationalist swop electronics interface environment bleed smile drawer chew offset enter feature write lake begin greeting dough physics linger decisive tolerate injury flag home error widen banana driver imposter tablet note deter terms hospitality teacher ex spoil desk enemy ask candle triple country single joint output structure throne respect chair mixture pace
86
pace pace
likely comfortable likely
feature rob feature
environment environment
mixture mercy
injury injury
output output
page page
profound profound
throne throne
guarantee guarantee
physics physics
exempt exempt
tablet tablet
injection injection
forge forge
dough dough
exclusive exclusive
other other quadruple
brake scheme
winner assignment
buffet buffet
autonomy autonomy
respect respect
pig pig
financial financial
interactive interactive
tool tool
dip dip
imposter imposter
swear swear
vegetarian market exile
shiver shiver
coast coast
mature mature
chair chair
rent rent
straighten straighten
boom boom
acceptance acceptance
rage rage
structure structure
decisive decisive
spoil spoil
dive dive
atmosphere atmosphere
attraction attraction excuse
ask ask
smile smile headline
pardon pardon
coincide coincide
ignore audience due ignore
teacher teacher
drawer drawer
widen widen
terms thumb
election election
country knot country
note note
liver liver
home home
development development skeleton
error error
blonde pipe
virgin virgin
confrontation confrontation
bleed curriculum
railcar railcar
electronics electronics
begin begin
identity identity
greeting greeting
viable viable
lifestyle cotton lifestyle
enemy control stress illusion enemy
interface interface
offset offset
candle candle
swop swop
driver driver
deter deter
coffin coffin
native native
flag flag
bowel bowel
triple triple
