pace exclusive output injury mixture market likely king page guarantee thumb enter prison approval tablet gate excuse due audience headline brake nationalist pace
20
likely likely circulation
excuse excuse
prison honor
king king
mixture mixture
injury injury skeleton
output output
due voice
page page
audience audience
enter deposit enter
guarantee guarantee
gate gate
market market
thumb exempt
headline headline
exclusive throne
brake brake opposed
nationalist feature nationalist
approval approval
