C0 C125 C169 C114 C152 C126 C184 C134 C177 C196 C157 C101 C137 C119 C151 C132 C168 C110 C145 C160 C144 C172 C167 C162 C139 C166 C154 C165 C194 C124 C122 C190 C192 C105 C153 C123 C127 C161 C191 C129 C146 C164 C171 C195 C68 C182 C185 C121 C149 C159 C102 C141 C142 C198 C193 C103 C108 C187 C82 C107 C0
60
C0 C0
C68 C18 C68
C82 C8 C25
C101 C101
C102 C11
C103 C103
C105 C45 C105
C107 C107
C108 C66
C110 C110
C114 C114
C119 C119
C121 C121
C122 C122
C123 C123
C124 C124
C125 C54
C126 C49
C127 C127
C129 C129
C132 C132
C134 C134
C137 C137 C55 C32
C139 C139
C141 C4 C56 C141
C142 C10 C7
C144 C144
C145 C145
C146 C146 C84
C149 C149
C151 C47
C152 C152
C153 C153
C154 C154 C30
C157 C78 C77
C159 C35 C16 C63
C160 C160 C88 C59
C161 C161
C162 C52 C3
C164 C120 C164
C165 C165 C100 C57
C166 C166
C167 C167 C97 C26 C27
C168 C168
C169 C169 C93 C50
C171 C171 C28
C172 C172
C177 C58
C182 C182
C184 C179 C70 C24 C2
C185 C185 C48
C187 C87
C190 C190
C191 C95 C31
C192 C5 C192 C51 C1 C181
C193 C193
C194 C194
C195 C19 C20
C196 C196 C104 C43
C198 C74 C198 C86 C71
