9iIwk h2rea 0mah3 rrNj1 Esl6u fS0W8 k64Ok BnAjj ZgtaX pXCjI k6V9L vrNke 5ioW1 Be0ab XZKtP 5ioW1 YH6mk Y7IDR WJNpN 1uRw3 Ri2t4 knY3U vE0Pj WGJpQ aHGHb RhUVQ QVYVG LZomt Ew56P jYfXn MA43U 0GdkR oqPYQ jASvw AQ02H iEXNY ZzWHp Mj2eQ 1xmtC qkJ6b jT5CK 6EWVx 9iIwk
33
5ioW1 5ioW1
Ew56P SgDk6
Mj2eQ Mj2eQ
ZzWHp ZzWHp
iEXNY iEXNY
Be0ab Be0ab
XZKtP bXinH XZKtP dw7aX
LZomt LZomt
1xmtC XYzcU 1xmtC
pXCjI pXCjI
qkJ6b qkJ6b
Ri2t4 Ri2t4 y89SK
jYfXn jYfXn
jT5CK jT5CK 5BDPJ
jASvw jASvw
QVYVG 7G74f
9iIwk 5R5Xa 9iIwk
Y7IDR Y7IDR 4a0W8
ZgtaX veOJ7 JgjFI Vake4 iCgvV ZgtaX
1uRw3 1uRw3 1pxZM
h2rea h2rea
YH6mk YH6mk
RhUVQ RhUVQ
oqPYQ oqPYQ
0GdkR 0GdkR
knY3U jAwQw
BnAjj BnAjj
fS0W8 fS0W8 p9vQm
WJNpN 5VT1H AgYPL tnjfN
vE0Pj vE0Pj
0mah3 1eRkH ChXAd
aHGHb kmzhT aHGHb
WGJpQ WGJpQ
