location1 location4 location7 location34 location31 location32 location33 location60 location75 location74 location73 location43 location42 location45 location47 location50 location11 location12 location15 location166 location163 location160 location161 location158 location155 location152 location149 location148 location151 location49 location52 location51 location177 location176 location173 location170 location169 location71 location68 location25 location24 location21 location18 location17 location16 location19 location20 location137 location140 location139 location136 location133 location130 location2 location1 location101 location100 location103 location106 location107 location108 location105 location102 location99 location98 location95 location92 location89 location90 location87 location84 location83 location55 location116 location119 location122 location125 location67 location66 location179 location180 location1
73
location1 location1
location2 location3
location4 location5 location79
location7 location7
location11 location11
location12 location9
location15 location15
location16 location13
location17 location17
location19 location19
location20 location23
location21 location21
location24 location27
location25 location25
location31 location31
location32 location29 location35
location33 location33
location42 location39 location41
location43 location43
location45 location45
location47 location47
location49 location49
location50 location53
location51 location51
location55 location55
location60 location57 location59 location61 location63
location66 location65
location67 location67
location68 location69
location71 location71
location73 location73
location74 location37 location77
location75 location75
location83 location83
location84 location81 location85
location87 location87
location89 location89
location92 location91 location93
location95 location95
location99 location99
location100 location97
location101 location101
location103 location103
location105 location105
location106 location109
location107 location107
location108 location111
location116 location113 location115 location117
location119 location119
location122 location121 location123
location125 location125
location130 location127 location129 location131
location133 location133
location136 location135
location137 location137
location139 location139
location140 location141 location143
location148 location145 location147
location149 location149
location151 location151
location152 location153
location155 location155
location158 location157
location160 location159
location161 location161
location163 location163
location166 location165 location167
location169 location169
location170 location171
location173 location173
location176 location175
location177 location177
location179 location179
