Abbey Ruth Rebecca Marisol Jordin Avni Nora Liberty Sophia Dana Kiera Helen Jamiya Karma Kimberly Tanya Maeve Carlee Lana Yoselin Tara Rayna Lillie Mckinley Mira Kayley Lilia Presley Shannon Haven Kristina Matilda Ayanna Harley Eden Vivian Lisa Riley Alexia Beatrice Isabella Abbey
40
Alexia Alexia
Avni Avni
Ayanna Ayanna
Beatrice Beatrice
Carlee Carlee
Dana Dana
Eden Eden
Harley Harley
Haven Haven
Helen Helen
Isabella Isabella
Jamiya Jamiya
Jordin Jordin
Karma Karma
Kayley Kayley
Kiera Kiera
Kimberly Kimberly
Kristina Kristina
Lana Lana
Liberty Liberty
Lilia Lilia
Lillie Lillie
Lisa Lisa
Maeve Maeve
Marisol Marisol
Matilda Matilda
Mckinley Mckinley
Mira Mira
Nora Nora
Presley Presley
Rayna Rayna
Rebecca Rebecca
Riley Riley
Ruth Ruth
Shannon Shannon
Sophia Sophia
Tanya Tanya
Tara Tara
Vivian Vivian
Yoselin Yoselin
