Abbey Denisse Mya Parker Zaria Riley Juliette Matilda Myah Alivia Neveah Lilia Mckinley Elianna Kimberly Carlie Brooklyn Sharon Arielle Emilie Kristin Iyana Jimena Jaden Aubree Lucille Kristina Alia Jillian Emma Tara Jamiya Carly Bryanna Kira Sophia Christine Mira Diana Aniya Ciara Lainey Camilla Shyanne Rylee Lilyana Chasity Carleigh Alexus Keyla Taniyah Haven Carlee Maggie Jasmin Laylah Sophie Melina Kayden Avni Dayami Leila Lacey Mckayla Claire Madilynn Kaley Zion Ingrid Jazmyn Natalee Noelle Kenzie Kaydence Dana Janiya Imani Kiana Lindsay Ariel Ashley Kiley Alexia Baylee Gillian Nia Jade Zara Mireya Aryana Abbey
90
Abbey Abbey
Alexia Alexia
Alexus Alexus
Alia Alia
Alivia Alivia
Aniya Aniya
Ariel Ariel
Arielle Arielle
Aryana Aryana
Ashley Ashley
Aubree Aubree
Avni Avni
Baylee Baylee
Brooklyn Brooklyn
Bryanna Bryanna
Camilla Camilla
Carlee Carlee
Carleigh Carleigh
Carlie Carlie
Carly Carly
Chasity Chasity
Christine Christine
Ciara Ciara
Claire Claire
Dana Dana
Dayami Dayami
Denisse Denisse
Diana Diana
Elianna Elianna
Emilie Emilie
Emma Emma
Gillian Gillian
Haven Haven
Imani Imani
Ingrid Ingrid
Iyana Iyana
Jade Jade
Jaden Jaden
Jamiya Jamiya
Janiya Janiya
Jasmin Jasmin
Jazmyn Jazmyn
Jillian Jillian
Jimena Jimena
Juliette Juliette
Kaley Kaley
Kayden Kayden
Kaydence Kaydence
Kenzie Kenzie
Keyla Keyla
Kiana Kiana
Kiley Kiley
Kimberly Kimberly
Kira Kira
Kristin Kristin
Kristina Kristina
Lacey Lacey
Lainey Lainey
Laylah Laylah
Leila Leila
Lilia Lilia
Lilyana Lilyana
Lindsay Lindsay
Lucille Lucille
Madilynn Madilynn
Maggie Maggie
Matilda Matilda
Mckayla Mckayla
Mckinley Mckinley
Melina Melina
Mira Mira
Mireya Mireya
Mya Mya
Myah Myah
Natalee Natalee
Neveah Neveah
Nia Nia
Noelle Noelle
Parker Parker
Riley Riley
Rylee Rylee
Sharon Sharon
Shyanne Shyanne
Sophia Sophia
Sophie Sophie
Taniyah Taniyah
Tara Tara
Zara Zara
Zaria Zaria
Zion Zion
