Taozhuang Chharra Jackson Rosedale Tupelo Esperanza Bang Gudermes Aytos Esmeraldas Bourbonnais Strathfield Waverly Nonsan Villa Cibinong Boo Donggongon Somma Kallio Alatyr Memmingen New Artur Hechingen Azrou Ramla Sarandi Southsea Freetown Ulu Rutherglen Oulmes Fort Uran Jingzhou Vernon Norco Longgang Bhit Taozhuang
40
Uran Jinotepe Pottstown Uran
Bhit Middle Durazno Camayenne
Vernon Severodvinsk Caravaca
Southsea Calauan
Chharra Ilesa Besuki Wesseling Sicklerville
Artur Artur
Boo Boo
Rutherglen Gauting Rutherglen
Villa Villa Rafiganj
Somma Somma
Tupelo Tupelo
Strathfield Strathfield
Memmingen Memmingen
Esmeraldas Esmeraldas
Gudermes Gudermes
Bang Bang
Azrou Azrou
Kallio Kallio
Ramla Ramla
Sarandi Sarandi
Jingzhou Jingzhou
Taozhuang Taozhuang
Fort Fort
Oulmes Oulmes
Cibinong Cibinong
Donggongon Donggongon
Alatyr Alatyr
Rosedale Rosedale
Jackson Jackson
Esperanza Esperanza
New New
Ulu Ulu
Freetown Freetown
Waverly Waverly
Nonsan Nonsan
Aytos Aytos
Hechingen Hechingen
Bourbonnais Bourbonnais
Longgang Longgang
Norco Udumalaippettai
