Ilesa Foshan Aklera Stuttgart Rutland Zaozhuang Belper Brunswick Jiangyan Davis Toledo Meizhou Mexborough Oulmes Azrou Milagro Rhosllanerchrugog Jashpurnagar Magomeni MitryMory Ponta Sirsi Itacoatiara Valletta Sceaux Hermsdorf Oberhausen Palm Marburg Chacabuco Shaowu Perth Brzeg Kyzylorda Bensheim Bang Shagamu Calauan Onex Puerto Milledgeville PortVila Alexandria American Puducherry Tupelo Memmingen WaltonontheNaze Polohy Bavly Gariadhar Minas Alfenas Aleshtar Jagna Stupino Villaquilambre Palafrugell Viewpark Ventimiglia Barracas Sishui Sillanwali Bobigny An Bon Landshut Uran Mouscron Bogovinje Valday Tupiza Malden Ada Great Resplendor Ilesa
76
Bensheim Bensheim Campobasso Ramla PointeClaire
Belper Skalica Guli LonsleSaunier
Perth Perth UlanUde Tak Niort Sorsogon Clermont
MitryMory Claremont Tiruppuvanam Aurora MitryMory Lodwar Copperas
Hermsdorf Hermsdorf GernikaLumo
Minas Talipparamba New Dahlem
Calauan Calauan Tharu Paredes
Ventimiglia Yingkou Ventimiglia DehiwalaMount
Valday Valday
Uran Uran
Malden Malden
Milledgeville Milledgeville
Jagna Jagna
Marburg Lille Marburg
Polohy Polohy
Foshan Foshan
Puducherry Puducherry
Sishui Sishui
Memmingen Memmingen
Davis Davis
Alexandria Alexandria
Meizhou Meizhou
Rhosllanerchrugog Rhosllanerchrugog
Azrou Azrou
Oulmes Oulmes
Mexborough Mexborough
Puerto Puerto
Onex Onex
Brunswick Brunswick
Jiangyan Jiangyan
Milagro Milagro
Great Tyoply Great
Ada Ada
Resplendor Resplendor
Ilesa Ilesa
Alfenas Alfenas
Aleshtar Aleshtar
Bogovinje Bogovinje
Mouscron Mouscron
Barracas Barracas
American American
Gariadhar Gariadhar
Bavly Bavly
Ponta Ponta
Sirsi Sirsi
Itacoatiara Itacoatiara
Sceaux Sceaux
Valletta Valletta
Landshut Landshut
Bon Bon
WaltonontheNaze WaltonontheNaze
Shaowu Shaowu
Chacabuco Chacabuco
Aklera Aklera
Rutland Rutland
Zaozhuang Zaozhuang
Stuttgart Stuttgart
Viewpark Viewpark
Sillanwali Sillanwali
Bobigny Bobigny
An An
Jashpurnagar Jashpurnagar
Kyzylorda Kyzylorda
Brzeg Brzeg
Magomeni Magomeni
Tupelo Tupelo
Bang Bang
Shagamu Shagamu
Toledo Toledo
Oberhausen Oberhausen
Palm Palm
Tupiza Tupiza
Villaquilambre Villaquilambre
Stupino Stupino
PortVila PortVila
Palafrugell Palafrugell
