Lesnoy GatesNorth Beveren Yangambi Zgorzelec Brentwood Hueytown Franceville Rutherglen Sun Winsford Sungurlu Malaut Pingyi Gisborne Meerut Blackpool Hudiksvall Portogruaro Stade Ishim Visitacion Lesnoy
22
Beveren Artur Kundla
Hueytown Hueytown
Gisborne Dharmapuri Gisborne
Hudiksvall Hudiksvall
Visitacion Visitacion Glogovac
Sungurlu Sungurlu
Rutherglen Rutherglen
Winsford Winsford
Sun Sun
Pingyi Pingyi
Malaut Malaut
Meerut Meerut
Blackpool Blackpool
GatesNorth GatesNorth
Lesnoy Lesnoy
Brentwood Brentwood
Portogruaro Portogruaro
Ishim Ishim
Stade Stade
Zgorzelec Zgorzelec
Yangambi Yangambi
Franceville Franceville
