108 30 186 177 134 73 193 39 146 78 178 34 48 6 23 85 68 95 119 77 110 75 150 179 157 59 109 49 170 54 87 190 38 31 133 32 101 51 7 69 13 61 17 112 120 138 36 79 46 163 21 66 62 128 55 64 37 143 151 56 82 154 185 45 127 26 103 0 96 57 90 93 115 188 174 153 35 5 81 132 173 103 184 113 118 176 148 182 99 142 114 24 117 191 181 167 156 187 0 108
81
0 136
5 5
6 140 43
7 7
13 44 13
17 67 17
21 63
23 129 23
24 24
26 26
30 121
31 31
32 32
34 34
35 14 35
36 36
37 37
38 107 38
39 39
45 45
46 46
48 48
49 49
54 54
56 56
57 57
61 61
64 64
66 66
68 68
69 69
73 73
75 75
77 77
78 78
79 79
81 81
82 82 71
85 85
90 53
95 95
96 96
99 99 84
101 101
109 109
110 110
112 126
114 114
117 117
118 137 118 197
119 1
120 120
128 128
132 144
133 133
134 134
138 138
142 142
143 143
146 92 146
148 148
150 150
151 151
153 153
157 157 15
167 167
170 170
174 19 174
176 176 65
177 177
178 83 130
179 179
181 181 28
182 182
184 184
186 186
187 187
188 188
190 190
191 100
193 11
