1 47 96 98 24 95 60 83 36 23 120 11 144 14 72 50 108 2 48 107 12 143 132 35 84 65 6 125 102 41 138 137 42 17 30 32 90 5 126 53 66 77 54 128 114 101 18 89 78 80 58 16 118 100 70 52 142 64 130 124 22 136 106 112 82 88 46 28 94 40 10 4 34 76 1
73
2 2
4 4
5 5
6 6
10 10 20 68 140
11 11
12 12
14 14
16 16
17 17
18 18
22 8 22 104
23 23
24 24
28 28
30 30
32 32
34 34
35 35
36 36
40 40
41 41
42 42
46 46 56
47 47
48 48
50 50
52 52
53 53
54 54
58 58
60 60
64 64
65 65
66 66
70 44 70
72 72
76 76
77 77
78 78
80 80
82 82
83 83
84 84
88 88
89 89
90 90
94 29 94
95 95
96 96
98 98
100 100
101 101
102 102
106 106
107 107
108 108
112 112
114 114
118 118
120 120
124 124
125 125
126 126
128 128
130 113 116 130
132 38 59 74 132
136 136
137 137
138 138
142 92 142
143 143
144 26 62 71 86 110 119 122 131 134 144
