pride feign knit cancel perception accessible bring basketball prove appear homosexual shelter denial celebration loud maze leash predict scrap berry car crew deter dedicate trance snap contract exotic dilemma think inhibition present formation salmon linear minimize fuss company vote transaction belief rabbit creation glide bracket ballot thread tin mind gift line suffer breakin dialect desk valid deck makeup pupil partnership nationalism magnetic adult colon traction mechanism tribe top domestic magnitude hide fortune offensive dose merit direct create concern transmission farewell absorption mosaic integrated childish pastel whole work craftsman battery skip seller steward east community dramatic lobby wrong huge equinox thank pride
100
concern concern
company company
top top
belief belief
hide hide
basketball basketball
battery battery
pastel pastel
crew crew
linear linear
adult adult
minimize minimize
farewell farewell
ballot ballot
scrap scrap
appear appear
creation creation
deck deck
perception perception
childish childish
exotic exotic
think think
skip skip
community community
tin tin
suffer suffer
merit merit
colon colon
bracket bracket
breakin breakin
prove prove
pride pride
nationalism nationalism
magnitude magnitude
transmission transmission
contract contract
mechanism mechanism
cancel cancel
direct direct
line line
absorption absorption
dose dose
predict predict
feign feign
accessible accessible
maze maze
pupil pupil
fuss fuss
celebration celebration
steward steward
snap snap
whole whole
salmon salmon
partnership partnership
present present
dramatic dramatic
traction traction
thread thread
wrong wrong
desk desk
shelter shelter
denial denial
knit knit
glide glide
dialect dialect
lobby lobby
gift gift
east east
leash leash
loud loud
magnetic magnetic
valid valid
formation formation
huge huge
berry berry
bring bring
integrated integrated
equinox equinox
car car
fortune fortune
tribe tribe
create create
seller seller
makeup makeup
homosexual homosexual
deter deter
offensive offensive
mosaic mosaic
trance trance
thank thank
rabbit rabbit
mind mind
inhibition inhibition
work work
craftsman craftsman
domestic domestic
dedicate dedicate
dilemma dilemma
vote vote
transaction transaction
