location4 location0 location20 location37 location10 location13 location56 location24 location34 location33 location6 location64 location22 location47 location58 location16 location84 location23 location62 location80 location88 location4
18
location0 location0
location4 location1 location28 location60 location77 location79 location2 location55 location85 location89 location94 location57 location61 location15 location93 location50 location78 location81 location83 location38 location44 location98 location68 location54 location91 location99 location3 location36 location76 location4 location11 location53 location95
location6 location6
location13 location13
location16 location74 location16
location23 location23
location24 location24
location34 location34
location37 location37
location43 location43
location47 location47
location56 location56
location62 location62
location66 location66
location69 location69
location70 location70
location86 location86
location88 location88
