location4 location22 location37 location173 location83 location159 location122 location187 location27 location48 location17 location60 location138 location65 location113 location197 location84 location79 location171 location199 location75 location29 location54 location193 location116 location119 location183 location80 location179 location19 location28 location63 location66 location158 location175 location147 location125 location117 location155 location188 location0 location51 location58 location157 location144 location85 location0 location68 location1 location169 location71 location44 location136 location128 location126 location21 location74 location107 location92 location90 location40 location57 location163 location20 location4
72
location0 location0
location1 location1
location2 location99 location2 location189
location11 location11
location17 location93
location18 location18
location19 location19
location20 location20
location21 location21
location24 location191 location24
location27 location23 location141
location29 location29
location37 location37
location40 location40
location41 location41 location124
location43 location43
location48 location48
location50 location50
location51 location51
location54 location54
location56 location56
location57 location57
location60 location60
location62 location62
location63 location55 location63
location68 location16 location68 location102 location177
location70 location70
location71 location71
location74 location74
location75 location49 location33 location129 location14
location80 location80 location140 location165
location82 location31 location101 location110 location148 location25
location83 location83
location84 location84
location92 location92
location100 location100 location192
location107 location107
location108 location108
location113 location6 location113
location115 location135 location115
location116 location116
location117 location117
location119 location119
location120 location170 location15 location120
location122 location122
location125 location125
location127 location96 location127
location128 location128
location132 location132
location136 location136
location143 location143
location144 location133 location64 location5 location144
location146 location146
location147 location147
location155 location155
location156 location156
location157 location157 location152
location158 location158
location159 location159
location160 location160
location163 location163
location168 location168
location169 location169
location171 location171
location173 location72
location181 location181
location183 location183
location185 location185
location186 location186
location188 location188
location190 location190
location193 location193
