1 2 1 6 1 10 1 14 1 18 1 22 1 26 1 50 1 56 1 60 1 64 1 68 1 72 1 76 1 100 1 106 1 110 1 114 1 118 1 122 1 126 1 150 1 156 1 160 1 164 1 168 1 172 1 176 1
28
2 3 4 5
6 7 8 9
10 11 12 13
14 15 16 17
18 19 20 21
22 23 24 25
26 28 30
50 53 54 55
56 57 58 59
60 61 62 63
64 65 66 67
68 69 70 71
72 73 74 75
76 78 80
100 103 104 105
106 107 108 109
110 111 112 113
114 115 116 117
118 119 120 121
122 123 124 125
126 128 130
150 153 154 155
156 157 158 159
160 161 162 163
164 165 166 167
168 169 170 171
172 173 174 175
176 178 180
