loc0 loc12 loc62 loc36 loc82 loc78 loc26 loc84 loc88 loc42 loc70 loc51 loc40 loc24 loc46 loc30 loc44 loc87 loc20 loc90 loc6 loc10 loc48 loc4 loc60 loc28 loc63 loc92 loc99 loc58 loc66 loc0
30
loc0 loc0 loc2 loc38
loc4 loc4
loc6 loc6
loc10 loc10
loc12 loc12 loc14 loc18 loc80
loc20 loc20
loc24 loc24 loc56
loc26 loc26
loc28 loc28
loc30 loc30
loc36 loc36 loc68
loc40 loc40
loc42 loc8 loc42
loc44 loc44
loc46 loc46
loc48 loc32 loc48 loc50
loc51 loc76
loc58 loc58
loc60 loc60
loc62 loc62
loc63 loc74 loc98
loc66 loc52 loc66
loc70 loc70
loc78 loc22 loc34 loc64 loc78 loc86 loc94
loc82 loc54 loc72 loc82 loc96
loc84 loc84
loc88 loc88
loc90 loc90
loc92 loc92
loc99 loc16
