start b16 start c3 c5 c6 start d3 d4 d2 d1 start e3 e1 e18 e16 e15 e24 e12 e23 e10 e22 e8 e6 e5 start h4 h25 h17 h6 h16 h12 h11 h10 h9 h8 h2 start g3 g4 g1 g5 g2 g6 g7 g9 g13 g17 g21 g24 g20 g16 g12 g15 g19 g14 g11 g10 g8 start f14 f13 f12 f11 start
45
start a1 a2 a3 a4 a5
b16 b1 b2 b3 b4 b5 b6 b15 b24 b25 b26
c3 c1 c10 c13 c15 c17 c21 c31 c33
c6 c23 c26 c27
e1 e19
e3 e20 e21
e15 e25
h2 h26
h4 h22
h6 h18
h12 h13
h25 h24
g1 g1
g2 g2
g3 g3
g4 g4
g5 g5
g6 g6
g7 g7
g8 g8
g9 g9
g10 g10
g11 g11
g12 g12
g13 g13
g14 g14
g15 g15
g16 g16
g17 g17
g19 g18 g19 g23
g20 g20
g21 g21 g22 g25
g24 g24
f11 f11
f12 f12
f13 f13
f14 f14 f15 f16 f17 f18 f19 f20
c5 c5
d1 d1
d4 d4 d5
e22 e22
e23 e23
e24 e24
h9 h9
h17 h17
