BU AG GP BA DS GT EO FU FL DA EL AE CE CZ DI AP BE HJ DP DX CV FD BH BM HI BW CD EG HC CI CS AD GO DE FY HA FP AR EQ CX GY BG AA CR BN CK AY FB CT DL DV FF DU GH FS EC ET EY HP HM BZ AN AV EK GK AM EH AX CO ES FR BK FI AH BY BF EV HH DQ GG DD AA CY CA HF BU
81
AA CM DM GQ AT DT
AD DK DZ GE
AE AE
AM GA
AN AN
AP AP
AR CQ AR
AV AV
AX AX
AY AY
BA BA
BE BE GM
BF BF
BG BG
BH BH
BK BK
BM BM
BN BN
BU BU
BW BW
BY BY
BZ BZ ER
CA CA
CD CD
CE GN BQ
CI CI
CK CK
CO CO
CR CR
CS CS
CT CT
CV CV
CX CX
CY CY
CZ CZ
DA DJ
DD DD
DE FW AQ DE
DI DI
DL DL
DP DP
DQ DQ
DS DS
DU DU
DV DV
DX DX
EC EC
EG EG
EH EH
EK EK
EL EL
EO EO
EQ EQ
ES ES
ET ET
EV EV
EY DR EY
FB FB
FD FD
FF FF
FI GS FI
FL FL EN
FP AF FP
FR FR
FS FS
FU FU
FY FY
GH GH
GK GK
GO GO
GP GP
GT GT
GY GY CW
HA HA
HC HC
HF HF
HH HH
HI FN HG
HJ HJ
HM FG HM
HP HP
