Qatar Egypt DemofChina Singapore Belgium Morocco Mongolia Tanzania Belarus Estonia Lebanon Malta UAE Danzig SaintLucia Tajikistan Senegal Georgia VaticanCity Liberia Guyana CzechRepublic SanMarino Burundi Australia Angola CostaRica Kosovo Tunisia RussianFederation Uzbekistan UnitedKingdom Kyrgyzstan Tuvalu Peru GuineaBissau Gabon Montenegro Albania Nicaragua Andorra France SierraLeone Mozambique Mali Armenia Macedonia Qatar
47
Qatar Haiti Netherlands America
Mongolia Mongolia
Albania Albania
Kyrgyzstan Kyrgyzstan
VaticanCity VaticanCity
Armenia Armenia
CzechRepublic CzechRepublic
Peru Peru
Tanzania Tanzania
UnitedKingdom UnitedKingdom
Tuvalu Tuvalu
Mali Mali
UAE UAE
France France
Guyana Guyana
Andorra Andorra
Kosovo Kosovo
Australia Australia
Gabon Gabon
RussianFederation RussianFederation
Nicaragua Nicaragua
Tajikistan Tajikistan
Mozambique Mozambique
Burundi Burundi
GuineaBissau GuineaBissau
SierraLeone SierraLeone
Senegal Senegal
Lebanon Lebanon
Montenegro Montenegro
Danzig Danzig
Georgia Georgia
Angola Sweden Angola
Liberia Liberia
Belarus Belarus
Morocco Morocco
Uzbekistan Uzbekistan
SanMarino SanMarino
CostaRica CostaRica
Macedonia Macedonia
Tunisia Tunisia
Belgium Belgium
Egypt Egypt
SaintLucia SaintLucia
Singapore Singapore
Estonia Estonia
Malta Malta
DemofChina DemofChina
