Albania Argentina Burkina Norway Finland CapeVerde Paraguay Lesotho Jamaica NewZealand Romania Maldives UAE Estonia Andorra SierraLeone Slovenia Chile EquatorGuinea Tunisia Nepal Eritrea UnitedKingdom SriLanka Fiji RussianFederation Comoros Serbia Venezuela Yemen Dominica Malaysia Grenada VaticanCity Newfoundland America Switzerland Israel NorthKorea TheGambia Mongolia Mauritius PapuaNewGuinea Bahamas CentralAfricanRep SaoTomPrincipe Niger Cuba Australia Belarus SolomonIslands Brazil Laos Kiribati Cyprus Germany Djibouti Japan Kazakhstan Poland Qatar Greece Danzig SaintLucia Ethiopia Tanzania Liechtenstein BosHerzegovina Italy Philippines Portugal Thailand SaudiArabia Guatemala Peru Hungary Ukraine Seychelles Rome Panama Bhutan Mali Algeria Kosovo Vanuatu IvoryCoast France Pakistan Gabon Bulgaria Togo Cambodia Latvia Luxembourg MountAthos Mauritania Rwanda Burma Lithuania Suriname Albania
99
Paraguay Paraguay
Vanuatu Vanuatu
Ethiopia Ethiopia
Latvia Latvia
Venezuela Venezuela
Burkina Burkina
Gabon Gabon
Comoros Comoros
Pakistan Pakistan
Fiji Fiji
MountAthos MountAthos
Mauritius Mauritius
SaintLucia SaintLucia
Burma Burma
Luxembourg Luxembourg
Finland Finland
Estonia Estonia
Israel Israel
VaticanCity VaticanCity
Romania Romania
Qatar Qatar
Rwanda Rwanda
Mauritania Mauritania
CapeVerde CapeVerde
Liechtenstein Liechtenstein
Germany Germany
Norway Norway
France France
Panama Panama
SaoTomPrincipe SaoTomPrincipe
RussianFederation RussianFederation
Djibouti Djibouti
Bahamas Bahamas
EquatorGuinea EquatorGuinea
Tunisia Tunisia
UAE UAE
Bulgaria Bulgaria
SriLanka SriLanka
NorthKorea NorthKorea
IvoryCoast IvoryCoast
Niger Niger
Cyprus Cyprus
Kiribati Kiribati
Thailand Thailand
Yemen Yemen
America America
Eritrea Eritrea
Newfoundland Newfoundland
SierraLeone SierraLeone
Peru Peru
Kosovo Kosovo
Guatemala SaintKitts Guatemala
BosHerzegovina BosHerzegovina
Chile Chile
Maldives Maldives
Dominica Dominica
SolomonIslands SolomonIslands
Bhutan Bhutan
CentralAfricanRep CentralAfricanRep
Ukraine Ukraine
Suriname Suriname
Danzig Danzig
Togo Togo
Portugal Portugal
Seychelles Seychelles
Algeria Algeria
Rome Rome
PapuaNewGuinea PapuaNewGuinea
Greece Greece
Lithuania Lithuania
Poland Poland
Grenada Grenada
Tanzania Tanzania
Mongolia Mongolia
Serbia Serbia
Argentina Argentina
Cuba Cuba
Italy Italy
Belarus Belarus
Kazakhstan Kazakhstan
Japan Japan
TheGambia TheGambia
Switzerland Switzerland
Jamaica Jamaica
NewZealand NewZealand
Lesotho Lesotho
Andorra Andorra
SaudiArabia SaudiArabia
Hungary Hungary
Brazil Brazil
Mali Mali
Philippines Philippines
Nepal Nepal
Cambodia Cambodia
UnitedKingdom UnitedKingdom
Malaysia Malaysia
Laos Laos
Australia Australia
Slovenia Slovenia
