Nepal Georgia Argentina Belarus UAE Estonia Slovakia NewZealand Tajikistan Suriname TheGambia VaticanCity SaintLucia Vietnam Niger Serbia SouthAfrica Botswana Fiji Afghanistan Tanzania Nepal
20
Vietnam Vietnam
Estonia Estonia
Afghanistan Afghanistan
Georgia Georgia
Fiji Fiji
TheGambia MarshallIslands
NewZealand NewZealand
Suriname Suriname
Argentina Argentina Liechtenstein
SaintLucia SaintLucia
UAE UAE
Belarus Azerbaijan Belarus
Botswana Botswana
Serbia Serbia
VaticanCity VaticanCity
Tajikistan Tajikistan
SouthAfrica Kuwait
Slovakia Slovakia
Tanzania Tanzania
Niger Panama Niger Palau Mauritius
