Zo0umr3KFWOZJQPm M9il2j2XBWeGdURv TEBcdk0AQd6dKevH R43sDxzHzrO5kncN 8vLm5GS8pptr9y8t 6Gt5ffOE5tOJA8A7 1r13Qnmq9ixI97Qj uN0YmlR4YKMmyTVh FzSHaHADmN7Zbhbr 8ae7BICLTSRkgPWv 6GsK7I0daq8OZxaS Uw31N0oW965MP4qr StSocpbFeWB0czP8 LsIlvCjQu9Xqre9U u7i0C02E9nMoZ6Ab xLhGn69fZWxkF2ME YHVvi99ucaU9tYgf LZyPcj0slZv1Vk6U AvHIDL41dbfeNksW 27KMNaF72cTW0PDA ngcwhTcmwXuonGlk quCqGzaCZ5rVk9Gn U5CEflgpFptgqHUL TbM88DujEo9BSxqT 6La4alyyQSzgrmmj 0rKC7Chib5iDGjTC 1ByTcIJH8XabOIWu 0BNdm9hpaqd4q3Tx EuY7nNg1nWHDnCBx pKGVzMiXVo3v1oQu fg0WyZdFGAAZWRqK PDtM7hU3L1QjW9eR Dg4uIWuVD7Xd3FfI EotYPttMvJbBfyaO 2yhNJ9fcTz8hRVDj CvZWFxoaMZYhwHYj drsNw5E8nXGgcxxE HqZKcXPbTIsIN6eT 3PEg9lFbqEimkqjc 0Pfip4BXzoRzyFv2 1yeDQmwUGYi8LEVC LdwRPFzBNqStC5X8 Byr8ftz6Pn4uac3K W4POX5YqpnnI3x1U jVrty3u6KGOjBg80 5TjXpBJuIWCWGZis LI7uFZ34s97AeNpk fBCH5yXHMW5jQJjk uuhviI1p7F0sChqp eRAtRmExinGYKjYs 9dVIdmIqrww8IL0A QSabhET5tNnXgX60 asqla05DvWvndrgH xlWntBwCLfHgHam8 e9DWnoEu0mxMb9VK ZsdU4FLz0FoJAHOC KHBd51v9Lk79JoNu qQzEeIfIOpoI9qKk tZ46uZudk7AfSXt1 9L0zlmq9jRh6nd1I qeVT6FbNKHRizFU8 J5iqQt6wukvg6KLY 9pH9xdreYrmVM1JI WVwd9ExLXa3zphJn RnvIh4TOetAfG82E ziJdi0Y4mj4TIJZ9 bpy0VAq3GZuO2R8U HAZt9xslXTTIQrh6 Zo0umr3KFWOZJQPm
38
HAZt9xslXTTIQrh6 HAZt9xslXTTIQrh6
bpy0VAq3GZuO2R8U bpy0VAq3GZuO2R8U
ziJdi0Y4mj4TIJZ9 ziJdi0Y4mj4TIJZ9 OMjRZA0G6vbBxKd5
RnvIh4TOetAfG82E RnvIh4TOetAfG82E
WVwd9ExLXa3zphJn WVwd9ExLXa3zphJn
9pH9xdreYrmVM1JI 9pH9xdreYrmVM1JI
J5iqQt6wukvg6KLY J5iqQt6wukvg6KLY rvadWwbDVrEOdUmt
qeVT6FbNKHRizFU8 qeVT6FbNKHRizFU8
9L0zlmq9jRh6nd1I 9L0zlmq9jRh6nd1I
tZ46uZudk7AfSXt1 tZ46uZudk7AfSXt1
qQzEeIfIOpoI9qKk qQzEeIfIOpoI9qKk
ZsdU4FLz0FoJAHOC ZsdU4FLz0FoJAHOC
e9DWnoEu0mxMb9VK e9DWnoEu0mxMb9VK
KHBd51v9Lk79JoNu KHBd51v9Lk79JoNu
xlWntBwCLfHgHam8 xlWntBwCLfHgHam8
asqla05DvWvndrgH K5TJWlCDC2GiIJEC asqla05DvWvndrgH
QSabhET5tNnXgX60 QSabhET5tNnXgX60
9dVIdmIqrww8IL0A 9dVIdmIqrww8IL0A z6aHWvfWV1YcOU3s
uuhviI1p7F0sChqp 1bDI0W7o3Pb2zYhB uuhviI1p7F0sChqp
eRAtRmExinGYKjYs eRAtRmExinGYKjYs
fBCH5yXHMW5jQJjk fBCH5yXHMW5jQJjk
LI7uFZ34s97AeNpk LI7uFZ34s97AeNpk
5TjXpBJuIWCWGZis 5TjXpBJuIWCWGZis 8pFqGmxaOhvFeBf4
jVrty3u6KGOjBg80 Gypke7sesv6WDuj9 jVrty3u6KGOjBg80
W4POX5YqpnnI3x1U W4POX5YqpnnI3x1U
Byr8ftz6Pn4uac3K Byr8ftz6Pn4uac3K
LdwRPFzBNqStC5X8 LdwRPFzBNqStC5X8
1yeDQmwUGYi8LEVC 1yeDQmwUGYi8LEVC
0Pfip4BXzoRzyFv2 0Pfip4BXzoRzyFv2
3PEg9lFbqEimkqjc kWAnmn2xV4T8moWO 3SYpu8y7n2lFaEgA 3PEg9lFbqEimkqjc
HqZKcXPbTIsIN6eT HqZKcXPbTIsIN6eT PmJZCdR41rbLgXgi
drsNw5E8nXGgcxxE 2hsCdf5s2NPqItPy drsNw5E8nXGgcxxE
CvZWFxoaMZYhwHYj CvZWFxoaMZYhwHYj
2yhNJ9fcTz8hRVDj 2yhNJ9fcTz8hRVDj
EotYPttMvJbBfyaO EotYPttMvJbBfyaO
Dg4uIWuVD7Xd3FfI Dg4uIWuVD7Xd3FfI
PDtM7hU3L1QjW9eR PDtM7hU3L1QjW9eR uRc2j178KRm3sVAY
fg0WyZdFGAAZWRqK fg0WyZdFGAAZWRqK
