l0 l31 h27 l72 l80 h97 h13 h12 l63 h9 h40 l88 h8 h63 h28 h80 h50 h23 h22 l66 l95 h51 h45 h76 h30 l15 h33 h34 l17 h56 h94 h57 h93 h90 h39 h75 h67 h54 h96 h66 h38 h73 h81 l42 h59 h61 l97 h82 h64 h86 l9 h19 h5 h4 h53 h52 l26 h10 h21 h49 h48 h31 h78 h32 h79 h68 h65 l35 h71 h7 h29 h70 h77 h6 l12 h47 h92 h46 l91 h58 h25 h0 h1 h83 h89 h74 h2 h3 l0
79
l9 h42 h43
l17 h35
l31 h26
l63 h41 h87
l72 h62
l88 h36
l95 h44
l97 h60
h0 h0
h1 h1
h2 h2
h3 h3 h91
h4 h4 h18
h5 h5
h6 h6
h7 h7
h8 h8
h9 h9 h95
h10 h10
h12 h12
h13 h13
h19 h19
h21 h21
h22 h22
h23 h23
h25 h25
h27 h27
h28 h28
h29 h29
h30 h30
h31 h31 h69
h32 h32
h33 h33
h34 h34
h38 h38
h39 h39
h40 h37 h40
h45 h45
h46 h46
h47 h47
h48 h48
h49 h49
h50 h50
h51 h51
h52 h52
h53 h53
h54 h54 h55
h56 h56
h57 h20 h57
h58 h58 h84
h59 h59
h61 h61
h63 h63
h64 h64
h65 h65 h88 h99
h66 h11 h66 h72
h67 h67
h68 h68
h70 h70
h71 h14 h71
h73 h73
h74 h74
h75 h75
h76 h76
h77 h77
h78 h78
h79 h79 h98
h80 h15 h16 h17 h80 h85
h81 h81
h82 h82
h83 h83
h86 h86
h89 h89
h90 h90
h92 h24 h92
h93 h93
h94 h94
h96 h96
h97 h97
