0EzLvznzqSsDTCbR5WWQ TWpWLT2JICvczaB6q8Bo IVZaGmLbfT5MQpxXO2DP 0t5LNxEUvcjoE0cwwEbN 3iRTkaf7suaV2i91D7AI I7VRK3VugXxRlgxCe54Q N0EmviMgt156P2Bd7oet lEZ0YMvUzTvQYxlTiMir tnUjNl6cWuoaXQEfxH4p b69ITlIgTtPRUIpmSw5o YRtAAkfi0YIaAv0XqGni HET4yE4ksHFmFRytJhfu cZGUbNgsLGnuZE3Ot20K 4ZMxz7AKccmgx6JK5gZn wrf0xNKoLGLKfuhe6hpI vgcAaadTbDs3lU9Z1t49 K5LnOJV1Zh18kgMnZsVe LtVuPtXkki7L0rCf1ysG idUlMWK1ZaKWh4awCdHY oFJmSdI9Mubs3awqWY5w LTgssryHh3BZe1w1IMJd pWBi6tyyRZpOm0dbsZfH m5Au4RgVgXhOUKbKSdGW LS3fS52ozGva9KBtcfZZ j7jI3vJM5SWQs3N9YWK4 hk9ECfFhibg7bmIlco5h 75EgdJC8MacBE2zKZlon 0EzLvznzqSsDTCbR5WWQ
25
m5Au4RgVgXhOUKbKSdGW m5Au4RgVgXhOUKbKSdGW
HET4yE4ksHFmFRytJhfu HET4yE4ksHFmFRytJhfu
I7VRK3VugXxRlgxCe54Q I7VRK3VugXxRlgxCe54Q
wrf0xNKoLGLKfuhe6hpI wrf0xNKoLGLKfuhe6hpI
LS3fS52ozGva9KBtcfZZ LS3fS52ozGva9KBtcfZZ
idUlMWK1ZaKWh4awCdHY idUlMWK1ZaKWh4awCdHY
N0EmviMgt156P2Bd7oet N0EmviMgt156P2Bd7oet
TWpWLT2JICvczaB6q8Bo TWpWLT2JICvczaB6q8Bo
b69ITlIgTtPRUIpmSw5o b69ITlIgTtPRUIpmSw5o
pWBi6tyyRZpOm0dbsZfH pWBi6tyyRZpOm0dbsZfH
oFJmSdI9Mubs3awqWY5w oFJmSdI9Mubs3awqWY5w
LtVuPtXkki7L0rCf1ysG LtVuPtXkki7L0rCf1ysG
vgcAaadTbDs3lU9Z1t49 vgcAaadTbDs3lU9Z1t49
YRtAAkfi0YIaAv0XqGni YRtAAkfi0YIaAv0XqGni
hk9ECfFhibg7bmIlco5h hk9ECfFhibg7bmIlco5h
cZGUbNgsLGnuZE3Ot20K cZGUbNgsLGnuZE3Ot20K
lEZ0YMvUzTvQYxlTiMir lEZ0YMvUzTvQYxlTiMir
LTgssryHh3BZe1w1IMJd LTgssryHh3BZe1w1IMJd
tnUjNl6cWuoaXQEfxH4p tnUjNl6cWuoaXQEfxH4p
j7jI3vJM5SWQs3N9YWK4 j7jI3vJM5SWQs3N9YWK4
3iRTkaf7suaV2i91D7AI 3iRTkaf7suaV2i91D7AI
75EgdJC8MacBE2zKZlon 75EgdJC8MacBE2zKZlon
IVZaGmLbfT5MQpxXO2DP IVZaGmLbfT5MQpxXO2DP
K5LnOJV1Zh18kgMnZsVe K5LnOJV1Zh18kgMnZsVe
4ZMxz7AKccmgx6JK5gZn 4ZMxz7AKccmgx6JK5gZn
