loc0 loc104 loc127 loc0 loc128 loc157 loc158 loc159 loc156 loc154 loc130 loc146 loc151 loc147 loc131 loc133 loc132 loc136 loc142 loc140 loc139 loc149 loc150 loc148 loc129 loc169 loc186 loc188 loc189 loc190 loc185 loc193 loc199 loc198 loc197 loc196 loc194 loc0
23
loc0 loc7 loc8 loc10 loc11 loc14 loc15 loc17 loc18 loc22 loc23 loc25 loc26 loc29 loc30 loc32 loc33 loc38 loc39 loc41 loc42 loc45 loc46 loc48 loc49 loc53 loc54 loc56 loc57 loc60 loc61 loc63 loc64 loc70 loc71 loc73 loc74 loc77 loc78 loc80 loc81 loc85 loc86 loc88 loc89 loc92 loc93 loc95 loc96
loc104 loc101 loc102 loc104 loc105 loc108 loc109 loc111 loc112
loc127 loc116 loc117 loc119 loc120 loc123 loc124 loc126 loc127
loc133 loc134 loc135
loc136 loc137 loc138
loc139 loc144 loc145
loc140 loc141
loc142 loc142
loc149 loc149
loc150 loc150
loc151 loc152 loc153
loc154 loc164 loc165 loc167 loc168
loc157 loc157
loc158 loc158
loc159 loc160 loc161
loc169 loc173 loc174 loc176 loc177 loc180 loc181 loc183 loc184
loc188 loc188
loc189 loc189
loc190 loc191 loc192
loc194 loc195
loc196 loc196
loc198 loc198
loc199 loc199
