point0 point46 point50 point65 point75 point51 point47 point27 point24 point30 point25 point32 point28 point60 point61 point59 point55 point84 point85 point86 point80 point89 point90 point56 point76 point45 point44 point42 point12 point3 point5 point9 point8 point22 point14 point15 point7 point6 point37 point68 point72 point67 point49 point0
32
point3 point4
point5 point5
point6 point6
point7 point7 point19
point8 point8
point9 point9 point35
point12 point12
point14 point14
point22 point22
point24 point24
point25 point25
point27 point26 point27
point28 point28
point42 point42
point44 point44
point45 point45
point47 point47
point50 point48 point50
point55 point53 point55
point56 point56
point59 point58
point60 point60
point61 point61
point65 point64 point65 point71
point67 point70
point68 point68
point72 point72
point75 point75
point76 point76 point77
point84 point84 point92
point85 point85
point90 point93
