point0 point52 point64 point66 point35 point26 point44 point37 point33 point31 point34 point36 point88 point94 point92 point93 point86 point135 point132 point120 point140 point122 point125 point129 point121 point126 point127 point179 point189 point183 point137 point83 point75 point73 point78 point76 point79 point67 point68 point72 point115 point116 point113 point111 point110 point100 point107 point102 point112 point124 point123 point81 point89 point87 point95 point46 point40 point39 point43 point30 point25 point24 point15 point20 point18 point14 point21 point22 point3 point16 point32 point17 point63 point69 point0
54
point0 point54
point3 point3
point15 point1 point5 point6 point13 point15
point16 point16
point17 point17
point18 point18
point21 point21
point30 point30
point31 point31
point32 point29
point33 point33
point34 point27 point34
point37 point41
point39 point39 point42
point40 point38 point40
point43 point43
point52 point10 point11 point49 point51 point52 point55 point56
point67 point67 point109
point69 point69
point72 point72
point73 point73
point75 point75
point76 point76
point78 point78
point79 point79
point83 point83
point86 point86
point87 point87
point89 point89 point91
point93 point85
point94 point94
point100 point100 point148 point149 point151 point153
point102 point102 point108
point107 point103 point144
point110 point110
point111 point111
point112 point112
point113 point113
point115 point115 point155 point158 point162 point163
point116 point152
point120 point120
point122 point122
point123 point123
point124 point124
point125 point119 point157
point126 point126
point127 point160
point132 point132 point138
point135 point131 point135 point139 point185 point187
point137 point180 point184
point140 point134
point179 point179
point183 point177 point183
point189 point172
