x61 x5 x46 x54 x21 x50 x31 x88 x12 x1 x20 x3 x49 x59 x13 x32 x7 x57 x40 x23 x69 x4 x90 x87 x9 x39 x95 x91 x28 x8 x71 x18 x0 x76 x81 x43 x99 x55 x73 x94 x48 x66 x68 x58 x85 x79 x44 x61
41
x0 x0
x1 x30 x1
x3 x3 x80 x26
x5 x5
x7 x7
x8 x8
x12 x12 x97
x13 x13
x18 x18
x21 x21
x23 x34 x23
x28 x28
x31 x31
x32 x32
x39 x39
x40 x40
x43 x43
x44 x42
x46 x46
x48 x52
x49 x49
x50 x89 x98
x54 x54
x55 x55
x58 x58
x59 x59
x61 x61
x66 x66
x68 x68
x71 x96 x71
x73 x2
x79 x79
x81 x81
x85 x93
x87 x87 x53
x88 x88
x90 x90
x91 x37 x91
x94 x94
x95 x95
x99 x99
