x182 x187 x79 x127 x186 x59 x117 x82 x4 x48 x64 x137 x125 x170 x72 x147 x169 x104 x98 x42 x3 x86 x87 x174 x0 x109 x116 x89 x131 x155 x198 x139 x71 x61 x7 x20 x166 x77 x14 x94 x56 x176 x45 x119 x151 x8 x99 x100 x101 x95 x9 x146 x69 x194 x144 x179 x80 x31 x191 x133 x55 x172 x21 x76 x158 x165 x38 x113 x102 x53 x92 x2 x185 x74 x93 x50 x90 x141 x138 x26 x184 x107 x15 x106 x192 x11 x182
77
x0 x163
x2 x2
x3 x3
x4 x4
x7 x7
x8 x8
x9 x18 x19 x136
x11 x11
x14 x14
x15 x15
x20 x20
x21 x21 x17 x118 x164
x26 x26
x31 x6 x31
x42 x42
x45 x45
x48 x48
x50 x10 x50
x53 x53
x55 x55
x56 x56
x59 x59 x183 x32
x61 x61
x64 x88 x64 x156
x69 x69
x71 x71
x72 x72
x74 x74
x76 x114 x76
x77 x77
x79 x79 x27
x80 x80
x82 x82
x86 x86 x66
x87 x87
x92 x92 x83
x94 x94
x95 x95
x98 x98
x99 x99
x100 x153 x100
x101 x159
x102 x102
x104 x104
x106 x106
x107 x107
x109 x109
x113 x113
x116 x116
x119 x119 x23
x125 x125
x127 x127 x49 x58
x131 x25
x133 x133
x137 x137
x138 x138
x139 x139
x141 x43 x141
x144 x84
x146 x128 x146
x147 x147
x151 x151
x155 x155 x177
x158 x143
x166 x166
x169 x161
x172 x172
x174 x46
x176 x189
x179 x179
x182 x182
x184 x30 x184
x185 x185
x186 x186
x192 x192
x194 x194
x198 x198
